2018-08-28 08:56:45.2128|Treasury.Web.MvcApplication|INFO|Application_Start
2018-08-28 08:56:52.3717|Treasury.WebControllers.NavigationController|INFO|[NavigationController][MenuByUser]
2018-08-28 08:56:52.3717|Treasury.WebControllers.NavigationController|INFO|[NavigationController][MenuByUser]UserID:
2018-08-28 09:26:07.0403|Treasury.WebControllers.NavigationController|INFO|[NavigationController][MenuByUser]
2018-08-28 09:26:07.0403|Treasury.WebControllers.NavigationController|INFO|[NavigationController][MenuByUser]UserID:
2018-08-28 09:34:02.2187|Treasury.WebControllers.NavigationController|INFO|[NavigationController][MenuByUser]
2018-08-28 09:34:02.2187|Treasury.WebControllers.NavigationController|INFO|[NavigationController][MenuByUser]UserID:
2018-08-28 09:34:56.1068|Treasury.WebControllers.NavigationController|INFO|[NavigationController][MenuByUser]
2018-08-28 09:34:56.1068|Treasury.WebControllers.NavigationController|INFO|[NavigationController][MenuByUser]UserID:
2018-08-28 09:35:39.5699|Treasury.WebControllers.NavigationController|INFO|[NavigationController][MenuByUser]
2018-08-28 09:35:39.5699|Treasury.WebControllers.NavigationController|INFO|[NavigationController][MenuByUser]UserID:
2018-08-28 09:37:15.5680|Treasury.WebControllers.NavigationController|INFO|[NavigationController][MenuByUser]
2018-08-28 09:37:15.5680|Treasury.WebControllers.NavigationController|INFO|[NavigationController][MenuByUser]UserID:
2018-08-28 09:44:07.0480|Treasury.WebControllers.NavigationController|INFO|[NavigationController][MenuByUser]
2018-08-28 09:44:07.0480|Treasury.WebControllers.NavigationController|INFO|[NavigationController][MenuByUser]UserID:
2018-08-28 09:52:34.0081|Treasury.WebControllers.NavigationController|INFO|[NavigationController][MenuByUser]
2018-08-28 09:52:34.0081|Treasury.WebControllers.NavigationController|INFO|[NavigationController][MenuByUser]UserID:
2018-08-28 09:53:17.7973|Treasury.WebControllers.NavigationController|INFO|[NavigationController][MenuByUser]
2018-08-28 09:53:17.7973|Treasury.WebControllers.NavigationController|INFO|[NavigationController][MenuByUser]UserID:
2018-08-28 09:53:32.9999|Treasury.WebControllers.NavigationController|INFO|[NavigationController][MenuByUser]
2018-08-28 09:53:32.9999|Treasury.WebControllers.NavigationController|INFO|[NavigationController][MenuByUser]UserID:
2018-08-28 09:57:44.9340|Treasury.WebControllers.NavigationController|INFO|[NavigationController][MenuByUser]
2018-08-28 09:57:44.9340|Treasury.WebControllers.NavigationController|INFO|[NavigationController][MenuByUser]UserID:
2018-08-28 10:00:07.2622|Treasury.WebControllers.NavigationController|INFO|[NavigationController][MenuByUser]
2018-08-28 10:00:07.2622|Treasury.WebControllers.NavigationController|INFO|[NavigationController][MenuByUser]UserID:
2018-08-28 10:00:44.1352|Treasury.WebControllers.NavigationController|INFO|[NavigationController][MenuByUser]
2018-08-28 10:00:44.1352|Treasury.WebControllers.NavigationController|INFO|[NavigationController][MenuByUser]UserID:
2018-08-28 10:21:32.4402|Treasury.WebControllers.NavigationController|INFO|[NavigationController][MenuByUser]
2018-08-28 10:21:32.4402|Treasury.WebControllers.NavigationController|INFO|[NavigationController][MenuByUser]UserID:
2018-08-28 10:38:12.5285|Treasury.WebControllers.NavigationController|INFO|[NavigationController][MenuByUser]
2018-08-28 10:38:12.5285|Treasury.WebControllers.NavigationController|INFO|[NavigationController][MenuByUser]UserID:
2018-08-28 10:40:00.1557|Treasury.Web.MvcApplication|INFO|Application_Start
2018-08-28 10:40:04.3255|Treasury.WebControllers.NavigationController|INFO|[NavigationController][MenuByUser]
2018-08-28 10:40:04.3255|Treasury.WebControllers.NavigationController|INFO|[NavigationController][MenuByUser]UserID:
2018-08-28 10:58:00.4238|Treasury.WebControllers.NavigationController|INFO|[NavigationController][MenuByUser]
2018-08-28 10:58:00.4238|Treasury.WebControllers.NavigationController|INFO|[NavigationController][MenuByUser]UserID:
2018-08-28 10:58:10.8573|Treasury.WebControllers.NavigationController|INFO|[NavigationController][MenuByUser]
2018-08-28 10:58:10.8573|Treasury.WebControllers.NavigationController|INFO|[NavigationController][MenuByUser]UserID:
2018-08-28 11:08:00.4239|Treasury.WebControllers.NavigationController|INFO|[NavigationController][MenuByUser]
2018-08-28 11:08:00.4239|Treasury.WebControllers.NavigationController|INFO|[NavigationController][MenuByUser]UserID:
2018-08-28 11:10:32.7525|Treasury.Web.MvcApplication|INFO|Application_Start
2018-08-28 11:10:37.6517|Treasury.WebControllers.NavigationController|INFO|[NavigationController][MenuByUser]
2018-08-28 11:10:37.6517|Treasury.WebControllers.NavigationController|INFO|[NavigationController][MenuByUser]UserID:
2018-08-28 11:10:51.9572|Treasury.Web.MvcApplication|INFO|Application_Start
2018-08-28 11:10:56.9782|Treasury.WebControllers.NavigationController|INFO|[NavigationController][MenuByUser]
2018-08-28 11:10:56.9782|Treasury.WebControllers.NavigationController|INFO|[NavigationController][MenuByUser]UserID:
2018-08-28 11:25:09.5272|Treasury.WebControllers.NavigationController|INFO|[NavigationController][MenuByUser]
2018-08-28 11:25:09.5272|Treasury.WebControllers.NavigationController|INFO|[NavigationController][MenuByUser]UserID:
2018-08-28 14:26:04.6985|Treasury.Web.MvcApplication|INFO|Application_Start
2018-08-28 14:26:11.5315|Treasury.WebControllers.NavigationController|INFO|[NavigationController][MenuByUser]
2018-08-28 14:26:11.5315|Treasury.WebControllers.NavigationController|INFO|[NavigationController][MenuByUser]UserID:
2018-08-28 14:26:30.2051|Treasury.Web.MvcApplication|INFO|Application_Start
2018-08-28 14:26:33.4408|Treasury.WebControllers.NavigationController|INFO|[NavigationController][MenuByUser]
2018-08-28 14:26:33.4408|Treasury.WebControllers.NavigationController|INFO|[NavigationController][MenuByUser]UserID:
2018-08-28 14:26:42.4974|Treasury.Web.Controllers.AccountController|INFO|[AccountController][Login]UserId:b0542
2018-08-28 14:26:42.4974|Treasury.Web.Controllers.AccountController|INFO|[AccountController][Login]IsValid
2018-08-28 14:26:45.2828|Treasury.Web.Controllers.AccountController|INFO|[Login]finally：B0542
2018-08-28 14:26:46.3202|Treasury.WebControllers.NavigationController|INFO|[NavigationController][MenuByUser]
2018-08-28 14:26:46.3212|Treasury.WebControllers.NavigationController|INFO|[NavigationController][MenuByUser]UserID:B0542
2018-08-28 14:26:46.3212|Treasury.WebControllers.NavigationController|INFO|[NavigationController][MenuByUser]dr[2].ToString():管理作業
2018-08-28 14:26:46.3212|Treasury.WebControllers.NavigationController|INFO|[NavigationController][MenuByUser]dr[2].ToString():系統功能維護作業
2018-08-28 14:26:46.3212|Treasury.WebControllers.NavigationController|INFO|[NavigationController][MenuByUser]dr[2].ToString():角色維護作業
2018-08-28 14:26:46.3212|Treasury.WebControllers.NavigationController|INFO|[NavigationController][MenuByUser]dr[2].ToString():使用者維護作業
2018-08-28 14:26:46.3212|Treasury.WebControllers.NavigationController|INFO|[NavigationController][MenuByUser]dr[2].ToString():角色權限覆核作業
2018-08-28 14:26:46.3212|Treasury.WebControllers.NavigationController|INFO|[NavigationController][MenuByUser]dr[2].ToString():使用者權限覆核作業
2018-08-28 14:26:46.3212|Treasury.WebControllers.NavigationController|INFO|[NavigationController][MenuByUser]dr[2].ToString():權限報表
2018-08-28 14:26:46.3212|Treasury.WebControllers.NavigationController|INFO|[NavigationController][MenuByUser]dr[2].ToString():金庫物品保管作業
2018-08-28 14:26:46.3212|Treasury.WebControllers.NavigationController|INFO|[NavigationController][MenuByUser]dr[2].ToString():金庫物品存取申請作業
2018-08-28 14:26:46.3212|Treasury.WebControllers.NavigationController|INFO|[NavigationController][MenuByUser]dr[2].ToString():金庫物品存取覆核作業
2018-08-28 14:26:46.3212|Treasury.WebControllers.NavigationController|INFO|[NavigationController][MenuByUser]dr[2].ToString():執行開庫作業
2018-08-28 14:26:46.3212|Treasury.WebControllers.NavigationController|INFO|[NavigationController][MenuByUser]dr[2].ToString():指定時間開庫作業
2018-08-28 14:26:51.4022|Treasury.WebControllers.NavigationController|INFO|[NavigationController][MenuByUser]
2018-08-28 14:26:51.4022|Treasury.WebControllers.NavigationController|INFO|[NavigationController][MenuByUser]UserID:B0542
2018-08-28 14:26:51.4022|Treasury.WebControllers.NavigationController|INFO|[NavigationController][MenuByUser]menuSystem.Collections.Generic.List`1[Treasury.WebViewModels.MenuModel]
2018-08-28 14:29:08.2610|Treasury.Web.MvcApplication|INFO|Application_Start
2018-08-28 14:29:11.0834|Treasury.WebControllers.NavigationController|INFO|[NavigationController][MenuByUser]
2018-08-28 14:29:11.0834|Treasury.WebControllers.NavigationController|INFO|[NavigationController][MenuByUser]UserID:
2018-08-28 14:29:15.7327|Treasury.Web.Controllers.AccountController|INFO|[AccountController][Login]UserId:b0542
2018-08-28 14:29:15.7327|Treasury.Web.Controllers.AccountController|INFO|[AccountController][Login]IsValid
2018-08-28 14:29:18.4251|Treasury.Web.Controllers.AccountController|INFO|[Login]finally：B0542
2018-08-28 14:29:18.4611|Treasury.WebControllers.NavigationController|INFO|[NavigationController][MenuByUser]
2018-08-28 14:29:18.4611|Treasury.WebControllers.NavigationController|INFO|[NavigationController][MenuByUser]UserID:B0542
2018-08-28 14:29:18.4611|Treasury.WebControllers.NavigationController|INFO|[NavigationController][MenuByUser]dr[2].ToString():管理作業
2018-08-28 14:29:18.4611|Treasury.WebControllers.NavigationController|INFO|[NavigationController][MenuByUser]dr[2].ToString():系統功能維護作業
2018-08-28 14:29:18.4611|Treasury.WebControllers.NavigationController|INFO|[NavigationController][MenuByUser]dr[2].ToString():角色維護作業
2018-08-28 14:29:18.4611|Treasury.WebControllers.NavigationController|INFO|[NavigationController][MenuByUser]dr[2].ToString():使用者維護作業
2018-08-28 14:29:18.4611|Treasury.WebControllers.NavigationController|INFO|[NavigationController][MenuByUser]dr[2].ToString():角色權限覆核作業
2018-08-28 14:29:18.4611|Treasury.WebControllers.NavigationController|INFO|[NavigationController][MenuByUser]dr[2].ToString():使用者權限覆核作業
2018-08-28 14:29:18.4611|Treasury.WebControllers.NavigationController|INFO|[NavigationController][MenuByUser]dr[2].ToString():權限報表
2018-08-28 14:29:18.4611|Treasury.WebControllers.NavigationController|INFO|[NavigationController][MenuByUser]dr[2].ToString():金庫物品保管作業
2018-08-28 14:29:18.4611|Treasury.WebControllers.NavigationController|INFO|[NavigationController][MenuByUser]dr[2].ToString():金庫物品存取申請作業
2018-08-28 14:29:18.4611|Treasury.WebControllers.NavigationController|INFO|[NavigationController][MenuByUser]dr[2].ToString():金庫物品存取覆核作業
2018-08-28 14:29:18.4611|Treasury.WebControllers.NavigationController|INFO|[NavigationController][MenuByUser]dr[2].ToString():執行開庫作業
2018-08-28 14:29:18.4611|Treasury.WebControllers.NavigationController|INFO|[NavigationController][MenuByUser]dr[2].ToString():指定時間開庫作業
2018-08-28 14:29:28.8171|Treasury.WebControllers.NavigationController|INFO|[NavigationController][MenuByUser]
2018-08-28 14:29:28.8171|Treasury.WebControllers.NavigationController|INFO|[NavigationController][MenuByUser]UserID:B0542
2018-08-28 14:29:28.8171|Treasury.WebControllers.NavigationController|INFO|[NavigationController][MenuByUser]menuSystem.Collections.Generic.List`1[Treasury.WebViewModels.MenuModel]
2018-08-28 14:30:53.9426|Treasury.Web.MvcApplication|INFO|Application_Start
2018-08-28 14:30:57.2875|Treasury.WebControllers.NavigationController|INFO|[NavigationController][MenuByUser]
2018-08-28 14:30:57.2885|Treasury.WebControllers.NavigationController|INFO|[NavigationController][MenuByUser]UserID:
2018-08-28 14:31:01.7919|Treasury.Web.Controllers.AccountController|INFO|[AccountController][Login]UserId:b0542
2018-08-28 14:31:01.7919|Treasury.Web.Controllers.AccountController|INFO|[AccountController][Login]IsValid
2018-08-28 14:31:04.5299|Treasury.Web.Controllers.AccountController|INFO|[Login]finally：B0542
2018-08-28 14:31:04.5618|Treasury.WebControllers.NavigationController|INFO|[NavigationController][MenuByUser]
2018-08-28 14:31:04.5618|Treasury.WebControllers.NavigationController|INFO|[NavigationController][MenuByUser]UserID:B0542
2018-08-28 14:31:04.5618|Treasury.WebControllers.NavigationController|INFO|[NavigationController][MenuByUser]dr[2].ToString():管理作業
2018-08-28 14:31:04.5618|Treasury.WebControllers.NavigationController|INFO|[NavigationController][MenuByUser]dr[2].ToString():系統功能維護作業
2018-08-28 14:31:04.5618|Treasury.WebControllers.NavigationController|INFO|[NavigationController][MenuByUser]dr[2].ToString():角色維護作業
2018-08-28 14:31:04.5698|Treasury.WebControllers.NavigationController|INFO|[NavigationController][MenuByUser]dr[2].ToString():使用者維護作業
2018-08-28 14:31:04.5698|Treasury.WebControllers.NavigationController|INFO|[NavigationController][MenuByUser]dr[2].ToString():角色權限覆核作業
2018-08-28 14:31:04.5698|Treasury.WebControllers.NavigationController|INFO|[NavigationController][MenuByUser]dr[2].ToString():使用者權限覆核作業
2018-08-28 14:31:04.5698|Treasury.WebControllers.NavigationController|INFO|[NavigationController][MenuByUser]dr[2].ToString():權限報表
2018-08-28 14:31:04.5698|Treasury.WebControllers.NavigationController|INFO|[NavigationController][MenuByUser]dr[2].ToString():金庫物品保管作業
2018-08-28 14:31:04.5698|Treasury.WebControllers.NavigationController|INFO|[NavigationController][MenuByUser]dr[2].ToString():金庫物品存取申請作業
2018-08-28 14:31:04.5698|Treasury.WebControllers.NavigationController|INFO|[NavigationController][MenuByUser]dr[2].ToString():金庫物品存取覆核作業
2018-08-28 14:31:04.5698|Treasury.WebControllers.NavigationController|INFO|[NavigationController][MenuByUser]dr[2].ToString():執行開庫作業
2018-08-28 14:31:04.5698|Treasury.WebControllers.NavigationController|INFO|[NavigationController][MenuByUser]dr[2].ToString():指定時間開庫作業
2018-08-28 14:31:08.4016|Treasury.WebControllers.NavigationController|INFO|[NavigationController][MenuByUser]
2018-08-28 14:31:08.4016|Treasury.WebControllers.NavigationController|INFO|[NavigationController][MenuByUser]UserID:B0542
2018-08-28 14:31:08.4016|Treasury.WebControllers.NavigationController|INFO|[NavigationController][MenuByUser]menuSystem.Collections.Generic.List`1[Treasury.WebViewModels.MenuModel]
2018-08-28 14:34:02.1866|Treasury.WebControllers.NavigationController|INFO|[NavigationController][MenuByUser]
2018-08-28 14:34:02.1866|Treasury.WebControllers.NavigationController|INFO|[NavigationController][MenuByUser]UserID:B0542
2018-08-28 14:34:02.1866|Treasury.WebControllers.NavigationController|INFO|[NavigationController][MenuByUser]menuSystem.Collections.Generic.List`1[Treasury.WebViewModels.MenuModel]
2018-08-28 14:36:30.6283|Treasury.Web.MvcApplication|INFO|Application_Start
2018-08-28 14:36:36.9441|Treasury.WebControllers.NavigationController|INFO|[NavigationController][MenuByUser]
2018-08-28 14:36:36.9441|Treasury.WebControllers.NavigationController|INFO|[NavigationController][MenuByUser]UserID:
2018-08-28 14:36:41.9471|Treasury.Web.Controllers.AccountController|INFO|[AccountController][Login]UserId:b0542
2018-08-28 14:36:41.9471|Treasury.Web.Controllers.AccountController|INFO|[AccountController][Login]IsValid
2018-08-28 14:36:44.1149|Treasury.Web.Controllers.AccountController|INFO|[Login]finally：B0542
2018-08-28 14:36:44.3747|Treasury.WebControllers.NavigationController|INFO|[NavigationController][MenuByUser]
2018-08-28 14:36:44.3747|Treasury.WebControllers.NavigationController|INFO|[NavigationController][MenuByUser]UserID:B0542
2018-08-28 14:36:44.3807|Treasury.WebControllers.NavigationController|INFO|[NavigationController][MenuByUser]dr[2].ToString():管理作業
2018-08-28 14:36:44.3807|Treasury.WebControllers.NavigationController|INFO|[NavigationController][MenuByUser]dr[2].ToString():系統功能維護作業
2018-08-28 14:36:44.3807|Treasury.WebControllers.NavigationController|INFO|[NavigationController][MenuByUser]dr[2].ToString():角色維護作業
2018-08-28 14:36:44.3807|Treasury.WebControllers.NavigationController|INFO|[NavigationController][MenuByUser]dr[2].ToString():使用者維護作業
2018-08-28 14:36:44.3807|Treasury.WebControllers.NavigationController|INFO|[NavigationController][MenuByUser]dr[2].ToString():角色權限覆核作業
2018-08-28 14:36:44.3807|Treasury.WebControllers.NavigationController|INFO|[NavigationController][MenuByUser]dr[2].ToString():使用者權限覆核作業
2018-08-28 14:36:44.3807|Treasury.WebControllers.NavigationController|INFO|[NavigationController][MenuByUser]dr[2].ToString():權限報表
2018-08-28 14:36:44.3807|Treasury.WebControllers.NavigationController|INFO|[NavigationController][MenuByUser]dr[2].ToString():金庫物品保管作業
2018-08-28 14:36:44.3807|Treasury.WebControllers.NavigationController|INFO|[NavigationController][MenuByUser]dr[2].ToString():金庫物品存取申請作業
2018-08-28 14:36:44.3807|Treasury.WebControllers.NavigationController|INFO|[NavigationController][MenuByUser]dr[2].ToString():金庫物品存取覆核作業
2018-08-28 14:36:44.3807|Treasury.WebControllers.NavigationController|INFO|[NavigationController][MenuByUser]dr[2].ToString():執行開庫作業
2018-08-28 14:36:44.3807|Treasury.WebControllers.NavigationController|INFO|[NavigationController][MenuByUser]dr[2].ToString():指定時間開庫作業
2018-08-28 14:36:47.7268|Treasury.WebControllers.NavigationController|INFO|[NavigationController][MenuByUser]
2018-08-28 14:36:47.7268|Treasury.WebControllers.NavigationController|INFO|[NavigationController][MenuByUser]UserID:B0542
2018-08-28 14:36:47.7268|Treasury.WebControllers.NavigationController|INFO|[NavigationController][MenuByUser]menuSystem.Collections.Generic.List`1[Treasury.WebViewModels.MenuModel]
2018-08-28 15:58:39.8477|Treasury.Web.MvcApplication|INFO|Application_Start
2018-08-28 15:58:46.3000|Treasury.WebControllers.NavigationController|INFO|[NavigationController][MenuByUser]
2018-08-28 15:58:46.3000|Treasury.WebControllers.NavigationController|INFO|[NavigationController][MenuByUser]UserID:
2018-08-28 15:59:09.1733|Treasury.Web.Controllers.AccountController|INFO|[AccountController][Login]UserId:b0542
2018-08-28 15:59:09.1733|Treasury.Web.Controllers.AccountController|INFO|[AccountController][Login]IsValid
2018-08-28 15:59:11.4530|Treasury.Web.Controllers.AccountController|INFO|[Login]finally：B0542
2018-08-28 15:59:12.2426|Treasury.WebControllers.NavigationController|INFO|[NavigationController][MenuByUser]
2018-08-28 15:59:12.2426|Treasury.WebControllers.NavigationController|INFO|[NavigationController][MenuByUser]UserID:B0542
2018-08-28 15:59:12.2426|Treasury.WebControllers.NavigationController|INFO|[NavigationController][MenuByUser]dr[2].ToString():管理作業
2018-08-28 15:59:12.2426|Treasury.WebControllers.NavigationController|INFO|[NavigationController][MenuByUser]dr[2].ToString():系統功能維護作業
2018-08-28 15:59:12.2426|Treasury.WebControllers.NavigationController|INFO|[NavigationController][MenuByUser]dr[2].ToString():角色維護作業
2018-08-28 15:59:12.2426|Treasury.WebControllers.NavigationController|INFO|[NavigationController][MenuByUser]dr[2].ToString():使用者維護作業
2018-08-28 15:59:12.2426|Treasury.WebControllers.NavigationController|INFO|[NavigationController][MenuByUser]dr[2].ToString():角色權限覆核作業
2018-08-28 15:59:12.2426|Treasury.WebControllers.NavigationController|INFO|[NavigationController][MenuByUser]dr[2].ToString():使用者權限覆核作業
2018-08-28 15:59:12.2426|Treasury.WebControllers.NavigationController|INFO|[NavigationController][MenuByUser]dr[2].ToString():權限報表
2018-08-28 15:59:12.2426|Treasury.WebControllers.NavigationController|INFO|[NavigationController][MenuByUser]dr[2].ToString():金庫物品保管作業
2018-08-28 15:59:12.2426|Treasury.WebControllers.NavigationController|INFO|[NavigationController][MenuByUser]dr[2].ToString():金庫物品存取申請作業
2018-08-28 15:59:12.2426|Treasury.WebControllers.NavigationController|INFO|[NavigationController][MenuByUser]dr[2].ToString():金庫物品存取覆核作業
2018-08-28 15:59:12.2426|Treasury.WebControllers.NavigationController|INFO|[NavigationController][MenuByUser]dr[2].ToString():執行開庫作業
2018-08-28 15:59:12.2426|Treasury.WebControllers.NavigationController|INFO|[NavigationController][MenuByUser]dr[2].ToString():指定時間開庫作業
2018-08-28 15:59:16.9619|Treasury.WebControllers.NavigationController|INFO|[NavigationController][MenuByUser]
2018-08-28 15:59:16.9619|Treasury.WebControllers.NavigationController|INFO|[NavigationController][MenuByUser]UserID:B0542
2018-08-28 15:59:16.9619|Treasury.WebControllers.NavigationController|INFO|[NavigationController][MenuByUser]menuSystem.Collections.Generic.List`1[Treasury.WebViewModels.MenuModel]
2018-08-28 16:05:32.7291|Treasury.WebControllers.NavigationController|INFO|[NavigationController][MenuByUser]
2018-08-28 16:05:32.7291|Treasury.WebControllers.NavigationController|INFO|[NavigationController][MenuByUser]UserID:B0542
2018-08-28 16:05:32.7291|Treasury.WebControllers.NavigationController|INFO|[NavigationController][MenuByUser]menuSystem.Collections.Generic.List`1[Treasury.WebViewModels.MenuModel]
2018-08-28 16:11:14.3566|Treasury.Web.MvcApplication|INFO|Application_Start
2018-08-28 16:11:20.5420|Treasury.WebControllers.NavigationController|INFO|[NavigationController][MenuByUser]
2018-08-28 16:11:20.5420|Treasury.WebControllers.NavigationController|INFO|[NavigationController][MenuByUser]UserID:
2018-08-28 16:11:23.7658|Treasury.Web.Controllers.AccountController|INFO|[AccountController][Login]UserId:b0542
2018-08-28 16:11:23.7658|Treasury.Web.Controllers.AccountController|INFO|[AccountController][Login]IsValid
2018-08-28 16:11:25.9648|Treasury.Web.Controllers.AccountController|INFO|[Login]finally：B0542
2018-08-28 16:11:26.1967|Treasury.WebControllers.NavigationController|INFO|[NavigationController][MenuByUser]
2018-08-28 16:11:26.1967|Treasury.WebControllers.NavigationController|INFO|[NavigationController][MenuByUser]UserID:B0542
2018-08-28 16:11:26.1967|Treasury.WebControllers.NavigationController|INFO|[NavigationController][MenuByUser]dr[2].ToString():管理作業
2018-08-28 16:11:26.1967|Treasury.WebControllers.NavigationController|INFO|[NavigationController][MenuByUser]dr[2].ToString():系統功能維護作業
2018-08-28 16:11:26.1967|Treasury.WebControllers.NavigationController|INFO|[NavigationController][MenuByUser]dr[2].ToString():角色維護作業
2018-08-28 16:11:26.1967|Treasury.WebControllers.NavigationController|INFO|[NavigationController][MenuByUser]dr[2].ToString():使用者維護作業
2018-08-28 16:11:26.1967|Treasury.WebControllers.NavigationController|INFO|[NavigationController][MenuByUser]dr[2].ToString():角色權限覆核作業
2018-08-28 16:11:26.1967|Treasury.WebControllers.NavigationController|INFO|[NavigationController][MenuByUser]dr[2].ToString():使用者權限覆核作業
2018-08-28 16:11:26.2077|Treasury.WebControllers.NavigationController|INFO|[NavigationController][MenuByUser]dr[2].ToString():權限報表
2018-08-28 16:11:26.2077|Treasury.WebControllers.NavigationController|INFO|[NavigationController][MenuByUser]dr[2].ToString():金庫物品保管作業
2018-08-28 16:11:26.2077|Treasury.WebControllers.NavigationController|INFO|[NavigationController][MenuByUser]dr[2].ToString():金庫物品存取申請作業
2018-08-28 16:11:26.2077|Treasury.WebControllers.NavigationController|INFO|[NavigationController][MenuByUser]dr[2].ToString():金庫物品存取覆核作業
2018-08-28 16:11:26.2077|Treasury.WebControllers.NavigationController|INFO|[NavigationController][MenuByUser]dr[2].ToString():執行開庫作業
2018-08-28 16:11:26.2077|Treasury.WebControllers.NavigationController|INFO|[NavigationController][MenuByUser]dr[2].ToString():指定時間開庫作業
2018-08-28 16:11:29.1497|Treasury.WebControllers.NavigationController|INFO|[NavigationController][MenuByUser]
2018-08-28 16:11:29.1497|Treasury.WebControllers.NavigationController|INFO|[NavigationController][MenuByUser]UserID:B0542
2018-08-28 16:11:29.1497|Treasury.WebControllers.NavigationController|INFO|[NavigationController][MenuByUser]menuSystem.Collections.Generic.List`1[Treasury.WebViewModels.MenuModel]
2018-08-28 16:16:34.3310|Treasury.Web.MvcApplication|INFO|Application_Start
2018-08-28 16:16:39.2772|Treasury.WebControllers.NavigationController|INFO|[NavigationController][MenuByUser]
2018-08-28 16:16:39.2772|Treasury.WebControllers.NavigationController|INFO|[NavigationController][MenuByUser]UserID:
2018-08-28 16:18:19.7370|Treasury.WebControllers.NavigationController|INFO|[NavigationController][MenuByUser]
2018-08-28 16:18:19.7370|Treasury.WebControllers.NavigationController|INFO|[NavigationController][MenuByUser]UserID:
2018-08-28 16:18:47.2692|Treasury.WebControllers.NavigationController|INFO|[NavigationController][MenuByUser]
2018-08-28 16:18:47.2702|Treasury.WebControllers.NavigationController|INFO|[NavigationController][MenuByUser]UserID:
2018-08-28 16:19:48.9879|Treasury.WebControllers.NavigationController|INFO|[NavigationController][MenuByUser]
2018-08-28 16:19:48.9879|Treasury.WebControllers.NavigationController|INFO|[NavigationController][MenuByUser]UserID:
2018-08-28 16:19:51.4157|Treasury.WebControllers.NavigationController|INFO|[NavigationController][MenuByUser]
2018-08-28 16:19:51.4157|Treasury.WebControllers.NavigationController|INFO|[NavigationController][MenuByUser]UserID:
2018-08-28 16:22:17.4869|Treasury.Web.MvcApplication|INFO|Application_Start
2018-08-28 16:22:21.0912|Treasury.WebControllers.NavigationController|INFO|[NavigationController][MenuByUser]
2018-08-28 16:22:21.0912|Treasury.WebControllers.NavigationController|INFO|[NavigationController][MenuByUser]UserID:
2018-08-28 16:23:44.8530|Treasury.WebControllers.NavigationController|INFO|[NavigationController][MenuByUser]
2018-08-28 16:23:44.8530|Treasury.WebControllers.NavigationController|INFO|[NavigationController][MenuByUser]UserID:
2018-08-28 16:25:59.4860|Treasury.Web.MvcApplication|INFO|Application_Start
2018-08-28 16:26:02.5780|Treasury.WebControllers.NavigationController|INFO|[NavigationController][MenuByUser]
2018-08-28 16:26:02.5780|Treasury.WebControllers.NavigationController|INFO|[NavigationController][MenuByUser]UserID:
2018-08-28 16:26:43.9034|Treasury.WebControllers.NavigationController|INFO|[NavigationController][MenuByUser]
2018-08-28 16:26:43.9034|Treasury.WebControllers.NavigationController|INFO|[NavigationController][MenuByUser]UserID:
2018-08-28 16:26:47.9643|Treasury.WebControllers.NavigationController|INFO|[NavigationController][MenuByUser]
2018-08-28 16:26:47.9643|Treasury.WebControllers.NavigationController|INFO|[NavigationController][MenuByUser]UserID:
2018-08-28 16:28:44.6755|Treasury.Web.MvcApplication|INFO|Application_Start
2018-08-28 16:28:52.1173|Treasury.WebControllers.NavigationController|INFO|[NavigationController][MenuByUser]
2018-08-28 16:28:52.1173|Treasury.WebControllers.NavigationController|INFO|[NavigationController][MenuByUser]UserID:
2018-08-28 16:29:01.5573|Treasury.WebControllers.NavigationController|INFO|[NavigationController][MenuByUser]
2018-08-28 16:29:01.5573|Treasury.WebControllers.NavigationController|INFO|[NavigationController][MenuByUser]UserID:
2018-08-28 16:29:28.8808|Treasury.WebControllers.NavigationController|INFO|[NavigationController][MenuByUser]
2018-08-28 16:29:28.8808|Treasury.WebControllers.NavigationController|INFO|[NavigationController][MenuByUser]UserID:
2018-08-28 16:32:36.5031|Treasury.Web.MvcApplication|INFO|Application_Start
2018-08-28 16:32:39.4127|Treasury.WebControllers.NavigationController|INFO|[NavigationController][MenuByUser]
2018-08-28 16:32:39.4127|Treasury.WebControllers.NavigationController|INFO|[NavigationController][MenuByUser]UserID:
2018-08-28 16:32:52.1025|Treasury.Web.MvcApplication|INFO|Application_Start
2018-08-28 16:32:55.4162|Treasury.WebControllers.NavigationController|INFO|[NavigationController][MenuByUser]
2018-08-28 16:32:55.4162|Treasury.WebControllers.NavigationController|INFO|[NavigationController][MenuByUser]UserID:
2018-08-28 16:32:59.2822|Treasury.Web.Controllers.AccountController|INFO|[AccountController][Login]UserId:b0542
2018-08-28 16:32:59.2822|Treasury.Web.Controllers.AccountController|INFO|[Login](ModelState.IsValid=false)：b0542
2018-08-28 16:32:59.2882|Treasury.WebControllers.NavigationController|INFO|[NavigationController][MenuByUser]
2018-08-28 16:32:59.2882|Treasury.WebControllers.NavigationController|INFO|[NavigationController][MenuByUser]UserID:
2018-08-28 16:33:01.0381|Treasury.Web.Controllers.AccountController|INFO|[AccountController][Login]UserId:b0542
2018-08-28 16:33:01.0381|Treasury.Web.Controllers.AccountController|INFO|[AccountController][Login]IsValid
2018-08-28 16:33:03.8876|Treasury.Web.Controllers.AccountController|INFO|[Login]finally：B0542
2018-08-28 16:33:04.9829|Treasury.WebControllers.NavigationController|INFO|[NavigationController][MenuByUser]
2018-08-28 16:33:04.9829|Treasury.WebControllers.NavigationController|INFO|[NavigationController][MenuByUser]UserID:B0542
2018-08-28 16:33:04.9829|Treasury.WebControllers.NavigationController|INFO|[NavigationController][MenuByUser]dr[2].ToString():管理作業
2018-08-28 16:33:04.9889|Treasury.WebControllers.NavigationController|INFO|[NavigationController][MenuByUser]dr[2].ToString():系統功能維護作業
2018-08-28 16:33:04.9889|Treasury.WebControllers.NavigationController|INFO|[NavigationController][MenuByUser]dr[2].ToString():角色維護作業
2018-08-28 16:33:04.9889|Treasury.WebControllers.NavigationController|INFO|[NavigationController][MenuByUser]dr[2].ToString():使用者維護作業
2018-08-28 16:33:04.9889|Treasury.WebControllers.NavigationController|INFO|[NavigationController][MenuByUser]dr[2].ToString():角色權限覆核作業
2018-08-28 16:33:04.9889|Treasury.WebControllers.NavigationController|INFO|[NavigationController][MenuByUser]dr[2].ToString():使用者權限覆核作業
2018-08-28 16:33:04.9889|Treasury.WebControllers.NavigationController|INFO|[NavigationController][MenuByUser]dr[2].ToString():權限報表
2018-08-28 16:33:04.9889|Treasury.WebControllers.NavigationController|INFO|[NavigationController][MenuByUser]dr[2].ToString():金庫物品保管作業
2018-08-28 16:33:04.9889|Treasury.WebControllers.NavigationController|INFO|[NavigationController][MenuByUser]dr[2].ToString():金庫物品存取申請作業
2018-08-28 16:33:04.9889|Treasury.WebControllers.NavigationController|INFO|[NavigationController][MenuByUser]dr[2].ToString():金庫物品存取覆核作業
2018-08-28 16:33:04.9889|Treasury.WebControllers.NavigationController|INFO|[NavigationController][MenuByUser]dr[2].ToString():執行開庫作業
2018-08-28 16:33:04.9889|Treasury.WebControllers.NavigationController|INFO|[NavigationController][MenuByUser]dr[2].ToString():指定時間開庫作業
2018-08-28 16:33:11.1847|Treasury.WebControllers.NavigationController|INFO|[NavigationController][MenuByUser]
2018-08-28 16:33:11.1847|Treasury.WebControllers.NavigationController|INFO|[NavigationController][MenuByUser]UserID:B0542
2018-08-28 16:33:11.1847|Treasury.WebControllers.NavigationController|INFO|[NavigationController][MenuByUser]menuSystem.Collections.Generic.List`1[Treasury.WebViewModels.MenuModel]
2018-08-28 16:36:17.5197|Treasury.Web.MvcApplication|INFO|Application_Start
2018-08-28 16:36:20.6918|Treasury.WebControllers.NavigationController|INFO|[NavigationController][MenuByUser]
2018-08-28 16:36:20.6918|Treasury.WebControllers.NavigationController|INFO|[NavigationController][MenuByUser]UserID:
2018-08-28 16:36:24.5077|Treasury.Web.Controllers.AccountController|INFO|[AccountController][Login]UserId:b0542
2018-08-28 16:36:24.5077|Treasury.Web.Controllers.AccountController|INFO|[AccountController][Login]IsValid
2018-08-28 16:36:27.2174|Treasury.Web.Controllers.AccountController|INFO|[Login]finally：B0542
2018-08-28 16:36:27.2564|Treasury.WebControllers.NavigationController|INFO|[NavigationController][MenuByUser]
2018-08-28 16:36:27.2564|Treasury.WebControllers.NavigationController|INFO|[NavigationController][MenuByUser]UserID:B0542
2018-08-28 16:36:27.2564|Treasury.WebControllers.NavigationController|INFO|[NavigationController][MenuByUser]dr[2].ToString():管理作業
2018-08-28 16:36:27.2564|Treasury.WebControllers.NavigationController|INFO|[NavigationController][MenuByUser]dr[2].ToString():系統功能維護作業
2018-08-28 16:36:27.2564|Treasury.WebControllers.NavigationController|INFO|[NavigationController][MenuByUser]dr[2].ToString():角色維護作業
2018-08-28 16:36:27.2564|Treasury.WebControllers.NavigationController|INFO|[NavigationController][MenuByUser]dr[2].ToString():使用者維護作業
2018-08-28 16:36:27.2564|Treasury.WebControllers.NavigationController|INFO|[NavigationController][MenuByUser]dr[2].ToString():角色權限覆核作業
2018-08-28 16:36:27.2564|Treasury.WebControllers.NavigationController|INFO|[NavigationController][MenuByUser]dr[2].ToString():使用者權限覆核作業
2018-08-28 16:36:27.2564|Treasury.WebControllers.NavigationController|INFO|[NavigationController][MenuByUser]dr[2].ToString():權限報表
2018-08-28 16:36:27.2564|Treasury.WebControllers.NavigationController|INFO|[NavigationController][MenuByUser]dr[2].ToString():金庫物品保管作業
2018-08-28 16:36:27.2564|Treasury.WebControllers.NavigationController|INFO|[NavigationController][MenuByUser]dr[2].ToString():金庫物品存取申請作業
2018-08-28 16:36:27.2564|Treasury.WebControllers.NavigationController|INFO|[NavigationController][MenuByUser]dr[2].ToString():金庫物品存取覆核作業
2018-08-28 16:36:27.2564|Treasury.WebControllers.NavigationController|INFO|[NavigationController][MenuByUser]dr[2].ToString():執行開庫作業
2018-08-28 16:36:27.2704|Treasury.WebControllers.NavigationController|INFO|[NavigationController][MenuByUser]dr[2].ToString():指定時間開庫作業
2018-08-28 16:36:30.8174|Treasury.WebControllers.NavigationController|INFO|[NavigationController][MenuByUser]
2018-08-28 16:36:30.8174|Treasury.WebControllers.NavigationController|INFO|[NavigationController][MenuByUser]UserID:B0542
2018-08-28 16:36:30.8174|Treasury.WebControllers.NavigationController|INFO|[NavigationController][MenuByUser]menuSystem.Collections.Generic.List`1[Treasury.WebViewModels.MenuModel]
2018-08-28 16:39:23.4613|Treasury.Web.MvcApplication|INFO|Application_Start
2018-08-28 16:39:30.3560|Treasury.WebControllers.NavigationController|INFO|[NavigationController][MenuByUser]
2018-08-28 16:39:30.3560|Treasury.WebControllers.NavigationController|INFO|[NavigationController][MenuByUser]UserID:
2018-08-28 16:40:32.0385|Treasury.Web.MvcApplication|INFO|Application_Start
2018-08-28 16:40:35.0928|Treasury.WebControllers.NavigationController|INFO|[NavigationController][MenuByUser]
2018-08-28 16:40:35.0928|Treasury.WebControllers.NavigationController|INFO|[NavigationController][MenuByUser]UserID:
2018-08-28 16:40:39.3352|Treasury.Web.Controllers.AccountController|INFO|[AccountController][Login]UserId:b0542
2018-08-28 16:40:39.3352|Treasury.Web.Controllers.AccountController|INFO|[AccountController][Login]IsValid
2018-08-28 16:40:42.2225|Treasury.Web.Controllers.AccountController|INFO|[Login]finally：B0542
2018-08-28 16:40:42.2655|Treasury.WebControllers.NavigationController|INFO|[NavigationController][MenuByUser]
2018-08-28 16:40:42.2655|Treasury.WebControllers.NavigationController|INFO|[NavigationController][MenuByUser]UserID:B0542
2018-08-28 16:40:42.2715|Treasury.WebControllers.NavigationController|INFO|[NavigationController][MenuByUser]dr[2].ToString():管理作業
2018-08-28 16:40:42.2715|Treasury.WebControllers.NavigationController|INFO|[NavigationController][MenuByUser]dr[2].ToString():系統功能維護作業
2018-08-28 16:40:42.2715|Treasury.WebControllers.NavigationController|INFO|[NavigationController][MenuByUser]dr[2].ToString():角色維護作業
2018-08-28 16:40:42.2715|Treasury.WebControllers.NavigationController|INFO|[NavigationController][MenuByUser]dr[2].ToString():使用者維護作業
2018-08-28 16:40:42.2715|Treasury.WebControllers.NavigationController|INFO|[NavigationController][MenuByUser]dr[2].ToString():角色權限覆核作業
2018-08-28 16:40:42.2715|Treasury.WebControllers.NavigationController|INFO|[NavigationController][MenuByUser]dr[2].ToString():使用者權限覆核作業
2018-08-28 16:40:42.2715|Treasury.WebControllers.NavigationController|INFO|[NavigationController][MenuByUser]dr[2].ToString():權限報表
2018-08-28 16:40:42.2715|Treasury.WebControllers.NavigationController|INFO|[NavigationController][MenuByUser]dr[2].ToString():金庫物品保管作業
2018-08-28 16:40:42.2715|Treasury.WebControllers.NavigationController|INFO|[NavigationController][MenuByUser]dr[2].ToString():金庫物品存取申請作業
2018-08-28 16:40:42.2715|Treasury.WebControllers.NavigationController|INFO|[NavigationController][MenuByUser]dr[2].ToString():金庫物品存取覆核作業
2018-08-28 16:40:42.2715|Treasury.WebControllers.NavigationController|INFO|[NavigationController][MenuByUser]dr[2].ToString():執行開庫作業
2018-08-28 16:40:42.2715|Treasury.WebControllers.NavigationController|INFO|[NavigationController][MenuByUser]dr[2].ToString():指定時間開庫作業
2018-08-28 16:40:45.1960|Treasury.WebControllers.NavigationController|INFO|[NavigationController][MenuByUser]
2018-08-28 16:40:45.1960|Treasury.WebControllers.NavigationController|INFO|[NavigationController][MenuByUser]UserID:B0542
2018-08-28 16:40:45.1960|Treasury.WebControllers.NavigationController|INFO|[NavigationController][MenuByUser]menuSystem.Collections.Generic.List`1[Treasury.WebViewModels.MenuModel]
