2018-08-24 13:54:09.6705|Treasury.Web.MvcApplication|INFO|Application_Start
2018-08-24 13:54:15.7802|Treasury.WebControllers.NavigationController|INFO|[NavigationController][MenuByUser]
2018-08-24 13:54:15.7802|Treasury.WebControllers.NavigationController|INFO|[NavigationController][MenuByUser]UserID:
2018-08-24 14:22:14.5780|Treasury.Web.MvcApplication|INFO|Application_Start
2018-08-24 14:22:20.3441|Treasury.WebControllers.NavigationController|INFO|[NavigationController][MenuByUser]
2018-08-24 14:22:20.3441|Treasury.WebControllers.NavigationController|INFO|[NavigationController][MenuByUser]UserID:
2018-08-24 14:33:10.1632|Treasury.Web.Controllers.AccountController|INFO|[AccountController][Login]UserId:B0542
2018-08-24 14:33:10.1642|Treasury.Web.Controllers.AccountController|INFO|[AccountController][Login]IsValid
2018-08-24 14:33:10.4741|Treasury.Web.Controllers.AccountController|INFO|[Login]finally：B0542
2018-08-24 14:33:11.2066|Treasury.WebControllers.NavigationController|INFO|[NavigationController][MenuByUser]
2018-08-24 14:33:11.2066|Treasury.WebControllers.NavigationController|INFO|[NavigationController][MenuByUser]UserID:B0542
2018-08-24 14:33:11.2296|Treasury.WebControllers.NavigationController|INFO|[NavigationController][MenuByUser]dr[2].ToString():管理作業
2018-08-24 14:33:11.2296|Treasury.WebControllers.NavigationController|INFO|[NavigationController][MenuByUser]dr[2].ToString():系統功能維護作業
2018-08-24 14:33:11.2296|Treasury.WebControllers.NavigationController|INFO|[NavigationController][MenuByUser]dr[2].ToString():角色維護作業
2018-08-24 14:33:11.2296|Treasury.WebControllers.NavigationController|INFO|[NavigationController][MenuByUser]dr[2].ToString():使用者維護作業
2018-08-24 14:33:11.2296|Treasury.WebControllers.NavigationController|INFO|[NavigationController][MenuByUser]dr[2].ToString():角色權限覆核作業
2018-08-24 14:33:11.2296|Treasury.WebControllers.NavigationController|INFO|[NavigationController][MenuByUser]dr[2].ToString():使用者權限覆核作業
2018-08-24 14:33:11.2296|Treasury.WebControllers.NavigationController|INFO|[NavigationController][MenuByUser]dr[2].ToString():權限報表
2018-08-24 14:33:11.2296|Treasury.WebControllers.NavigationController|INFO|[NavigationController][MenuByUser]dr[2].ToString():金庫物品保管作業
2018-08-24 14:33:11.2296|Treasury.WebControllers.NavigationController|INFO|[NavigationController][MenuByUser]dr[2].ToString():金庫物品存取申請作業
2018-08-24 14:33:11.2296|Treasury.WebControllers.NavigationController|INFO|[NavigationController][MenuByUser]dr[2].ToString():金庫物品存取覆核作業
2018-08-24 14:34:08.3865|Treasury.WebActionFilter.CheckSessionFilterAttribute|INFO|[OnActionExecuting]user:B0542
2018-08-24 14:34:08.3865|Treasury.WebActionFilter.CheckSessionFilterAttribute|INFO|[OnActionExecuting]session.IsNewSession:False
2018-08-24 14:34:09.3579|Treasury.WebControllers.NavigationController|INFO|[NavigationController][MenuByUser]
2018-08-24 14:34:09.3579|Treasury.WebControllers.NavigationController|INFO|[NavigationController][MenuByUser]UserID:B0542
2018-08-24 14:34:09.3579|Treasury.WebControllers.NavigationController|INFO|[NavigationController][MenuByUser]menuSystem.Collections.Generic.List`1[Treasury.WebViewModels.MenuModel]
2018-08-24 14:34:09.5678|Treasury.WebActionFilter.CheckSessionFilterAttribute|INFO|[OnActionExecuting]user:B0542
2018-08-24 14:34:09.5678|Treasury.WebActionFilter.CheckSessionFilterAttribute|INFO|[OnActionExecuting]session.IsNewSession:False
2018-08-24 14:34:10.7701|Treasury.WebActionFilter.CheckSessionFilterAttribute|INFO|[OnActionExecuting]user:B0542
2018-08-24 14:34:10.7701|Treasury.WebActionFilter.CheckSessionFilterAttribute|INFO|[OnActionExecuting]session.IsNewSession:False
2018-08-24 14:34:13.7700|Treasury.WebActionFilter.CheckSessionFilterAttribute|INFO|[OnActionExecuting]user:B0542
2018-08-24 14:34:13.7700|Treasury.WebActionFilter.CheckSessionFilterAttribute|INFO|[OnActionExecuting]session.IsNewSession:False
2018-08-24 14:34:16.4775|Treasury.WebActionFilter.CheckSessionFilterAttribute|INFO|[OnActionExecuting]user:B0542
2018-08-24 14:34:16.4775|Treasury.WebActionFilter.CheckSessionFilterAttribute|INFO|[OnActionExecuting]session.IsNewSession:False
2018-08-24 14:34:19.6051|Treasury.WebActionFilter.CheckSessionFilterAttribute|INFO|[OnActionExecuting]user:B0542
2018-08-24 14:34:19.6051|Treasury.WebActionFilter.CheckSessionFilterAttribute|INFO|[OnActionExecuting]session.IsNewSession:False
2018-08-24 14:34:20.8606|Treasury.WebActionFilter.CheckSessionFilterAttribute|INFO|[OnActionExecuting]user:B0542
2018-08-24 14:34:20.8606|Treasury.WebActionFilter.CheckSessionFilterAttribute|INFO|[OnActionExecuting]session.IsNewSession:False
2018-08-24 14:34:21.7600|Treasury.WebActionFilter.CheckSessionFilterAttribute|INFO|[OnActionExecuting]user:B0542
2018-08-24 14:34:21.7600|Treasury.WebActionFilter.CheckSessionFilterAttribute|INFO|[OnActionExecuting]session.IsNewSession:False
2018-08-24 14:34:22.2897|Treasury.WebActionFilter.CheckSessionFilterAttribute|INFO|[OnActionExecuting]user:B0542
2018-08-24 14:34:22.2897|Treasury.WebActionFilter.CheckSessionFilterAttribute|INFO|[OnActionExecuting]session.IsNewSession:False
2018-08-24 14:34:27.2340|Treasury.WebActionFilter.CheckSessionFilterAttribute|INFO|[OnActionExecuting]user:B0542
2018-08-24 14:34:27.2340|Treasury.WebActionFilter.CheckSessionFilterAttribute|INFO|[OnActionExecuting]session.IsNewSession:False
2018-08-24 14:37:00.8197|Treasury.WebActionFilter.CheckSessionFilterAttribute|INFO|[OnActionExecuting]user:B0542
2018-08-24 14:37:00.8207|Treasury.WebActionFilter.CheckSessionFilterAttribute|INFO|[OnActionExecuting]session.IsNewSession:False
2018-08-24 14:44:28.3658|Treasury.WebActionFilter.CheckSessionFilterAttribute|INFO|[OnActionExecuting]user:B0542
2018-08-24 14:44:28.3658|Treasury.WebActionFilter.CheckSessionFilterAttribute|INFO|[OnActionExecuting]session.IsNewSession:False
2018-08-24 14:44:32.0970|Treasury.WebActionFilter.CheckSessionFilterAttribute|INFO|[OnActionExecuting]user:B0542
2018-08-24 14:44:32.0970|Treasury.WebActionFilter.CheckSessionFilterAttribute|INFO|[OnActionExecuting]session.IsNewSession:False
2018-08-24 14:51:51.0293|Treasury.WebActionFilter.CheckSessionFilterAttribute|INFO|[OnActionExecuting]user:B0542
2018-08-24 14:51:51.0293|Treasury.WebActionFilter.CheckSessionFilterAttribute|INFO|[OnActionExecuting]session.IsNewSession:False
2018-08-24 14:51:51.0393|Treasury.WebControllers.NavigationController|INFO|[NavigationController][MenuByUser]
2018-08-24 14:51:51.0393|Treasury.WebControllers.NavigationController|INFO|[NavigationController][MenuByUser]UserID:B0542
2018-08-24 14:51:51.0393|Treasury.WebControllers.NavigationController|INFO|[NavigationController][MenuByUser]menuSystem.Collections.Generic.List`1[Treasury.WebViewModels.MenuModel]
2018-08-24 14:51:51.3661|Treasury.WebActionFilter.CheckSessionFilterAttribute|INFO|[OnActionExecuting]user:B0542
2018-08-24 14:51:51.3671|Treasury.WebActionFilter.CheckSessionFilterAttribute|INFO|[OnActionExecuting]session.IsNewSession:False
2018-08-24 14:51:56.3432|Treasury.WebActionFilter.CheckSessionFilterAttribute|INFO|[OnActionExecuting]user:B0542
2018-08-24 14:51:56.3432|Treasury.WebActionFilter.CheckSessionFilterAttribute|INFO|[OnActionExecuting]session.IsNewSession:False
2018-08-24 14:51:56.3432|Treasury.WebControllers.NavigationController|INFO|[NavigationController][MenuByUser]
2018-08-24 14:51:56.3522|Treasury.WebControllers.NavigationController|INFO|[NavigationController][MenuByUser]UserID:B0542
2018-08-24 14:51:56.3522|Treasury.WebControllers.NavigationController|INFO|[NavigationController][MenuByUser]menuSystem.Collections.Generic.List`1[Treasury.WebViewModels.MenuModel]
2018-08-24 14:51:56.5731|Treasury.WebActionFilter.CheckSessionFilterAttribute|INFO|[OnActionExecuting]user:B0542
2018-08-24 14:51:56.5731|Treasury.WebActionFilter.CheckSessionFilterAttribute|INFO|[OnActionExecuting]session.IsNewSession:False
2018-08-24 14:51:57.5876|Treasury.Web.Controllers.AccountController|INFO|[AccountController][Logout]Session[UserID]:B0542
2018-08-24 14:51:57.6295|Treasury.WebControllers.NavigationController|INFO|[NavigationController][MenuByUser]
2018-08-24 14:51:57.6295|Treasury.WebControllers.NavigationController|INFO|[NavigationController][MenuByUser]UserID:
2018-08-24 14:52:01.7037|Treasury.Web.Controllers.AccountController|INFO|[AccountController][Login]UserId:B0542
2018-08-24 14:52:01.7037|Treasury.Web.Controllers.AccountController|INFO|[AccountController][Login]IsValid
2018-08-24 14:52:01.7107|Treasury.Web.Controllers.AccountController|INFO|[Login]finally：B0542
2018-08-24 14:52:01.7107|Treasury.WebControllers.NavigationController|INFO|[NavigationController][MenuByUser]
2018-08-24 14:52:01.7107|Treasury.WebControllers.NavigationController|INFO|[NavigationController][MenuByUser]UserID:B0542
2018-08-24 14:52:01.7107|Treasury.WebControllers.NavigationController|INFO|[NavigationController][MenuByUser]dr[2].ToString():管理作業
2018-08-24 14:52:01.7107|Treasury.WebControllers.NavigationController|INFO|[NavigationController][MenuByUser]dr[2].ToString():系統功能維護作業
2018-08-24 14:52:01.7107|Treasury.WebControllers.NavigationController|INFO|[NavigationController][MenuByUser]dr[2].ToString():角色維護作業
2018-08-24 14:52:01.7107|Treasury.WebControllers.NavigationController|INFO|[NavigationController][MenuByUser]dr[2].ToString():使用者維護作業
2018-08-24 14:52:01.7107|Treasury.WebControllers.NavigationController|INFO|[NavigationController][MenuByUser]dr[2].ToString():角色權限覆核作業
2018-08-24 14:52:01.7267|Treasury.WebControllers.NavigationController|INFO|[NavigationController][MenuByUser]dr[2].ToString():使用者權限覆核作業
2018-08-24 14:52:01.7267|Treasury.WebControllers.NavigationController|INFO|[NavigationController][MenuByUser]dr[2].ToString():權限報表
2018-08-24 14:52:01.7267|Treasury.WebControllers.NavigationController|INFO|[NavigationController][MenuByUser]dr[2].ToString():金庫物品保管作業
2018-08-24 14:52:01.7267|Treasury.WebControllers.NavigationController|INFO|[NavigationController][MenuByUser]dr[2].ToString():金庫物品存取申請作業
2018-08-24 14:52:01.7267|Treasury.WebControllers.NavigationController|INFO|[NavigationController][MenuByUser]dr[2].ToString():金庫物品存取覆核作業
2018-08-24 14:52:01.7267|Treasury.WebControllers.NavigationController|INFO|[NavigationController][MenuByUser]dr[2].ToString():執行開庫作業
2018-08-24 14:52:01.7267|Treasury.WebControllers.NavigationController|INFO|[NavigationController][MenuByUser]dr[2].ToString():指定時間開庫作業
2018-08-24 14:52:04.8560|Treasury.WebControllers.NavigationController|INFO|[NavigationController][MenuByUser]
2018-08-24 14:52:04.8560|Treasury.WebControllers.NavigationController|INFO|[NavigationController][MenuByUser]UserID:B0542
2018-08-24 14:52:04.8560|Treasury.WebControllers.NavigationController|INFO|[NavigationController][MenuByUser]menuSystem.Collections.Generic.List`1[Treasury.WebViewModels.MenuModel]
2018-08-24 17:05:27.4967|Treasury.Web.MvcApplication|INFO|Application_Start
2018-08-24 17:05:33.2860|Treasury.WebControllers.NavigationController|INFO|[NavigationController][MenuByUser]
2018-08-24 17:05:33.2860|Treasury.WebControllers.NavigationController|INFO|[NavigationController][MenuByUser]UserID:
2018-08-24 17:06:57.6092|Treasury.Web.MvcApplication|INFO|Application_Start
2018-08-24 17:07:03.5048|Treasury.WebControllers.NavigationController|INFO|[NavigationController][MenuByUser]
2018-08-24 17:07:03.5048|Treasury.WebControllers.NavigationController|INFO|[NavigationController][MenuByUser]UserID:
2018-08-24 17:08:00.7665|Treasury.Web.MvcApplication|INFO|Application_Start
2018-08-24 17:08:06.7918|Treasury.WebControllers.NavigationController|INFO|[NavigationController][MenuByUser]
2018-08-24 17:08:06.7918|Treasury.WebControllers.NavigationController|INFO|[NavigationController][MenuByUser]UserID:
2018-08-24 17:10:02.0664|Treasury.Web.MvcApplication|INFO|Application_Start
2018-08-24 17:10:06.8935|Treasury.WebControllers.NavigationController|INFO|[NavigationController][MenuByUser]
2018-08-24 17:10:06.8935|Treasury.WebControllers.NavigationController|INFO|[NavigationController][MenuByUser]UserID:
