2018-07-09 13:15:08.7864|Treasury.Web.MvcApplication|INFO|Application_Start
2018-07-09 13:16:26.7881|Treasury.WebControllers.NavigationController|INFO|[NavigationController][MenuByUser]
2018-07-09 13:16:26.7881|Treasury.WebControllers.NavigationController|INFO|[NavigationController][MenuByUser]
2018-07-09 13:16:26.8372|Treasury.WebControllers.NavigationController|INFO|[NavigationController][MenuByUser]UserID:
2018-07-09 13:16:26.8372|Treasury.WebControllers.NavigationController|INFO|[NavigationController][MenuByUser]UserID:
2018-07-09 13:17:03.0259|Treasury.Web.Controllers.AccountController|INFO|[AccountController][Login]UserId:B0077
2018-07-09 13:17:03.0349|Treasury.Web.Controllers.AccountController|INFO|[AccountController][Login]IsValid
2018-07-09 13:17:10.2634|Treasury.Web.Controllers.AccountController|INFO|[Login]finally：B0077
2018-07-09 13:17:15.9937|Treasury.WebControllers.NavigationController|INFO|[NavigationController][MenuByUser]
2018-07-09 13:17:15.9937|Treasury.WebControllers.NavigationController|INFO|[NavigationController][MenuByUser]UserID:B0077
2018-07-09 13:17:16.0288|Treasury.WebControllers.NavigationController|INFO|[NavigationController][MenuByUser]dr[2].ToString():管理作業
2018-07-09 13:17:16.0529|Treasury.WebControllers.NavigationController|INFO|[NavigationController][MenuByUser]dr[2].ToString():系統功能維護作業
2018-07-09 13:17:16.0529|Treasury.WebControllers.NavigationController|INFO|[NavigationController][MenuByUser]dr[2].ToString():角色維護作業
2018-07-09 13:17:16.0529|Treasury.WebControllers.NavigationController|INFO|[NavigationController][MenuByUser]dr[2].ToString():使用者維護作業
2018-07-09 13:17:16.0529|Treasury.WebControllers.NavigationController|INFO|[NavigationController][MenuByUser]dr[2].ToString():角色權限覆核作業
2018-07-09 13:17:16.0669|Treasury.WebControllers.NavigationController|INFO|[NavigationController][MenuByUser]dr[2].ToString():使用者權限覆核作業
2018-07-09 13:17:16.0669|Treasury.WebControllers.NavigationController|INFO|[NavigationController][MenuByUser]dr[2].ToString():權限報表
2018-07-09 13:17:16.0669|Treasury.WebControllers.NavigationController|INFO|[NavigationController][MenuByUser]dr[2].ToString():金庫物品存取申作業
2018-07-09 13:17:16.0669|Treasury.WebControllers.NavigationController|INFO|[NavigationController][MenuByUser]dr[2].ToString():初始畫面
2018-07-09 13:17:36.3618|Treasury.WebActionFilter.CheckSessionFilterAttribute|INFO|[OnActionExecuting]user:B0077
2018-07-09 13:17:36.3668|Treasury.WebActionFilter.CheckSessionFilterAttribute|INFO|[OnActionExecuting]session.IsNewSession:False
2018-07-09 13:17:42.7387|Treasury.WebControllers.NavigationController|INFO|[NavigationController][MenuByUser]
2018-07-09 13:17:42.7437|Treasury.WebControllers.NavigationController|INFO|[NavigationController][MenuByUser]UserID:B0077
2018-07-09 13:17:42.7437|Treasury.WebControllers.NavigationController|INFO|[NavigationController][MenuByUser]menuSystem.Collections.Generic.List`1[Treasury.WebViewModels.MenuModel]
2018-07-09 13:41:05.1699|Treasury.Web.MvcApplication|INFO|Application_Start
2018-07-09 13:41:29.7269|Treasury.WebActionFilter.CheckSessionFilterAttribute|INFO|[OnActionExecuting]user:
2018-07-09 13:41:29.7511|Treasury.WebActionFilter.CheckSessionFilterAttribute|INFO|[OnActionExecuting]session.IsNewSession:True
2018-07-09 13:41:56.1501|Treasury.WebControllers.NavigationController|INFO|[NavigationController][MenuByUser]
2018-07-09 13:41:56.1712|Treasury.WebControllers.NavigationController|INFO|[NavigationController][MenuByUser]UserID:
2018-07-09 13:42:19.8699|Treasury.Web.Controllers.AccountController|INFO|[AccountController][Login]UserId:B0077
2018-07-09 13:42:19.8779|Treasury.Web.Controllers.AccountController|INFO|[AccountController][Login]IsValid
2018-07-09 13:42:25.8760|Treasury.Web.Controllers.AccountController|INFO|[Login]finally：B0077
2018-07-09 13:42:27.6108|Treasury.WebControllers.NavigationController|INFO|[NavigationController][MenuByUser]
2018-07-09 13:42:27.6108|Treasury.WebControllers.NavigationController|INFO|[NavigationController][MenuByUser]UserID:B0077
2018-07-09 13:42:27.6739|Treasury.WebControllers.NavigationController|INFO|[NavigationController][MenuByUser]dr[2].ToString():管理作業
2018-07-09 13:42:27.6739|Treasury.WebControllers.NavigationController|INFO|[NavigationController][MenuByUser]dr[2].ToString():系統功能維護作業
2018-07-09 13:42:27.6739|Treasury.WebControllers.NavigationController|INFO|[NavigationController][MenuByUser]dr[2].ToString():角色維護作業
2018-07-09 13:42:27.6739|Treasury.WebControllers.NavigationController|INFO|[NavigationController][MenuByUser]dr[2].ToString():使用者維護作業
2018-07-09 13:42:27.6900|Treasury.WebControllers.NavigationController|INFO|[NavigationController][MenuByUser]dr[2].ToString():角色權限覆核作業
2018-07-09 13:42:27.6900|Treasury.WebControllers.NavigationController|INFO|[NavigationController][MenuByUser]dr[2].ToString():使用者權限覆核作業
2018-07-09 13:42:27.6900|Treasury.WebControllers.NavigationController|INFO|[NavigationController][MenuByUser]dr[2].ToString():權限報表
2018-07-09 13:42:27.6900|Treasury.WebControllers.NavigationController|INFO|[NavigationController][MenuByUser]dr[2].ToString():金庫物品存取申作業
2018-07-09 13:42:27.7070|Treasury.WebControllers.NavigationController|INFO|[NavigationController][MenuByUser]dr[2].ToString():初始畫面
2018-07-09 13:42:30.9974|Treasury.WebActionFilter.CheckSessionFilterAttribute|INFO|[OnActionExecuting]user:B0077
2018-07-09 13:42:31.0115|Treasury.WebActionFilter.CheckSessionFilterAttribute|INFO|[OnActionExecuting]session.IsNewSession:False
2018-07-09 13:42:37.6459|Treasury.WebControllers.NavigationController|INFO|[NavigationController][MenuByUser]
2018-07-09 13:42:37.6459|Treasury.WebControllers.NavigationController|INFO|[NavigationController][MenuByUser]UserID:B0077
2018-07-09 13:42:37.6579|Treasury.WebControllers.NavigationController|INFO|[NavigationController][MenuByUser]menuSystem.Collections.Generic.List`1[Treasury.WebViewModels.MenuModel]
2018-07-09 13:42:54.0450|Treasury.WebActionFilter.CheckSessionFilterAttribute|INFO|[OnActionExecuting]user:B0077
2018-07-09 13:42:54.0520|Treasury.WebActionFilter.CheckSessionFilterAttribute|INFO|[OnActionExecuting]session.IsNewSession:False
2018-07-09 13:42:58.0135|Treasury.WebActionFilter.CheckSessionFilterAttribute|INFO|[OnActionExecuting]user:B0077
2018-07-09 13:42:58.0185|Treasury.WebActionFilter.CheckSessionFilterAttribute|INFO|[OnActionExecuting]session.IsNewSession:False
2018-07-09 13:42:58.0586|Treasury.WebActionFilter.CheckSessionFilterAttribute|INFO|[OnActionExecuting]user:B0077
2018-07-09 13:42:58.0586|Treasury.WebActionFilter.CheckSessionFilterAttribute|INFO|[OnActionExecuting]session.IsNewSession:False
2018-07-09 13:43:02.2770|Treasury.WebActionFilter.CheckSessionFilterAttribute|INFO|[OnActionExecuting]user:B0077
2018-07-09 13:43:02.2880|Treasury.WebActionFilter.CheckSessionFilterAttribute|INFO|[OnActionExecuting]session.IsNewSession:False
2018-07-09 13:43:03.3356|Treasury.WebActionFilter.CheckSessionFilterAttribute|INFO|[OnActionExecuting]user:B0077
2018-07-09 13:43:03.3566|Treasury.WebActionFilter.CheckSessionFilterAttribute|INFO|[OnActionExecuting]session.IsNewSession:False
2018-07-09 13:43:03.8535|Treasury.WebActionFilter.CheckSessionFilterAttribute|INFO|[OnActionExecuting]user:B0077
2018-07-09 13:43:03.8535|Treasury.WebActionFilter.CheckSessionFilterAttribute|INFO|[OnActionExecuting]session.IsNewSession:False
2018-07-09 13:43:03.8796|Treasury.WebActionFilter.CheckSessionFilterAttribute|INFO|[OnActionExecuting]user:B0077
2018-07-09 13:43:03.8796|Treasury.WebActionFilter.CheckSessionFilterAttribute|INFO|[OnActionExecuting]session.IsNewSession:False
2018-07-09 13:43:07.4438|Treasury.WebActionFilter.CheckSessionFilterAttribute|INFO|[OnActionExecuting]user:B0077
2018-07-09 13:43:07.4438|Treasury.WebActionFilter.CheckSessionFilterAttribute|INFO|[OnActionExecuting]session.IsNewSession:False
2018-07-09 13:43:07.8814|Treasury.WebActionFilter.CheckSessionFilterAttribute|INFO|[OnActionExecuting]user:B0077
2018-07-09 13:43:07.8814|Treasury.WebActionFilter.CheckSessionFilterAttribute|INFO|[OnActionExecuting]session.IsNewSession:False
2018-07-09 13:43:07.9105|Treasury.WebActionFilter.CheckSessionFilterAttribute|INFO|[OnActionExecuting]user:B0077
2018-07-09 13:43:07.9105|Treasury.WebActionFilter.CheckSessionFilterAttribute|INFO|[OnActionExecuting]session.IsNewSession:False
2018-07-09 13:43:11.9203|Treasury.WebActionFilter.CheckSessionFilterAttribute|INFO|[OnActionExecuting]user:B0077
2018-07-09 13:43:11.9273|Treasury.WebActionFilter.CheckSessionFilterAttribute|INFO|[OnActionExecuting]session.IsNewSession:False
2018-07-09 13:43:12.8733|Treasury.WebActionFilter.CheckSessionFilterAttribute|INFO|[OnActionExecuting]user:B0077
2018-07-09 13:43:12.8783|Treasury.WebActionFilter.CheckSessionFilterAttribute|INFO|[OnActionExecuting]session.IsNewSession:False
2018-07-09 13:43:12.9445|Treasury.WebActionFilter.CheckSessionFilterAttribute|INFO|[OnActionExecuting]user:B0077
2018-07-09 13:43:12.9445|Treasury.WebActionFilter.CheckSessionFilterAttribute|INFO|[OnActionExecuting]session.IsNewSession:False
2018-07-09 13:43:14.7244|Treasury.WebActionFilter.CheckSessionFilterAttribute|INFO|[OnActionExecuting]user:B0077
2018-07-09 13:43:14.7354|Treasury.WebActionFilter.CheckSessionFilterAttribute|INFO|[OnActionExecuting]session.IsNewSession:False
2018-07-09 13:43:15.3255|Treasury.WebActionFilter.CheckSessionFilterAttribute|INFO|[OnActionExecuting]user:B0077
2018-07-09 13:43:15.3309|Treasury.WebActionFilter.CheckSessionFilterAttribute|INFO|[OnActionExecuting]session.IsNewSession:False
2018-07-09 13:43:16.7979|Treasury.WebActionFilter.CheckSessionFilterAttribute|INFO|[OnActionExecuting]user:B0077
2018-07-09 13:43:16.7979|Treasury.WebActionFilter.CheckSessionFilterAttribute|INFO|[OnActionExecuting]session.IsNewSession:False
2018-07-09 13:43:16.8289|Treasury.WebActionFilter.CheckSessionFilterAttribute|INFO|[OnActionExecuting]user:B0077
2018-07-09 13:43:16.8289|Treasury.WebActionFilter.CheckSessionFilterAttribute|INFO|[OnActionExecuting]session.IsNewSession:False
2018-07-09 13:43:29.1505|Treasury.WebActionFilter.CheckSessionFilterAttribute|INFO|[OnActionExecuting]user:B0077
2018-07-09 13:43:29.1625|Treasury.WebActionFilter.CheckSessionFilterAttribute|INFO|[OnActionExecuting]session.IsNewSession:False
2018-07-09 13:43:29.6712|Treasury.WebActionFilter.CheckSessionFilterAttribute|INFO|[OnActionExecuting]user:B0077
2018-07-09 13:43:29.6775|Treasury.WebActionFilter.CheckSessionFilterAttribute|INFO|[OnActionExecuting]session.IsNewSession:False
2018-07-09 13:43:30.5538|Treasury.WebActionFilter.CheckSessionFilterAttribute|INFO|[OnActionExecuting]user:B0077
2018-07-09 13:43:30.5538|Treasury.WebActionFilter.CheckSessionFilterAttribute|INFO|[OnActionExecuting]session.IsNewSession:False
2018-07-09 13:43:30.5859|Treasury.WebActionFilter.CheckSessionFilterAttribute|INFO|[OnActionExecuting]user:B0077
2018-07-09 13:43:30.5859|Treasury.WebActionFilter.CheckSessionFilterAttribute|INFO|[OnActionExecuting]session.IsNewSession:False
2018-07-09 13:43:34.5457|Treasury.WebActionFilter.CheckSessionFilterAttribute|INFO|[OnActionExecuting]user:B0077
2018-07-09 13:43:34.5496|Treasury.WebActionFilter.CheckSessionFilterAttribute|INFO|[OnActionExecuting]session.IsNewSession:False
2018-07-09 13:43:34.9690|Treasury.WebActionFilter.CheckSessionFilterAttribute|INFO|[OnActionExecuting]user:B0077
2018-07-09 13:43:34.9690|Treasury.WebActionFilter.CheckSessionFilterAttribute|INFO|[OnActionExecuting]session.IsNewSession:False
2018-07-09 13:43:35.5846|Treasury.WebActionFilter.CheckSessionFilterAttribute|INFO|[OnActionExecuting]user:B0077
2018-07-09 13:43:35.5976|Treasury.WebActionFilter.CheckSessionFilterAttribute|INFO|[OnActionExecuting]session.IsNewSession:False
2018-07-09 13:43:35.6116|Treasury.WebActionFilter.CheckSessionFilterAttribute|INFO|[OnActionExecuting]user:B0077
2018-07-09 13:43:35.6527|Treasury.WebActionFilter.CheckSessionFilterAttribute|INFO|[OnActionExecuting]session.IsNewSession:False
2018-07-09 13:43:42.7592|Treasury.WebActionFilter.CheckSessionFilterAttribute|INFO|[OnActionExecuting]user:B0077
2018-07-09 13:43:42.7683|Treasury.WebActionFilter.CheckSessionFilterAttribute|INFO|[OnActionExecuting]session.IsNewSession:False
2018-07-09 13:43:43.0510|Treasury.WebActionFilter.CheckSessionFilterAttribute|INFO|[OnActionExecuting]user:B0077
2018-07-09 13:43:43.0510|Treasury.WebActionFilter.CheckSessionFilterAttribute|INFO|[OnActionExecuting]session.IsNewSession:False
2018-07-09 13:43:43.0851|Treasury.WebActionFilter.CheckSessionFilterAttribute|INFO|[OnActionExecuting]user:B0077
2018-07-09 13:43:43.0851|Treasury.WebActionFilter.CheckSessionFilterAttribute|INFO|[OnActionExecuting]session.IsNewSession:False
2018-07-09 13:43:46.3477|Treasury.WebActionFilter.CheckSessionFilterAttribute|INFO|[OnActionExecuting]user:B0077
2018-07-09 13:43:46.3477|Treasury.WebActionFilter.CheckSessionFilterAttribute|INFO|[OnActionExecuting]session.IsNewSession:False
2018-07-09 13:43:46.6205|Treasury.WebActionFilter.CheckSessionFilterAttribute|INFO|[OnActionExecuting]user:B0077
2018-07-09 13:43:46.6265|Treasury.WebActionFilter.CheckSessionFilterAttribute|INFO|[OnActionExecuting]session.IsNewSession:False
2018-07-09 13:43:46.6495|Treasury.WebActionFilter.CheckSessionFilterAttribute|INFO|[OnActionExecuting]user:B0077
2018-07-09 13:43:46.6495|Treasury.WebActionFilter.CheckSessionFilterAttribute|INFO|[OnActionExecuting]session.IsNewSession:False
2018-07-09 13:43:49.8583|Treasury.WebActionFilter.CheckSessionFilterAttribute|INFO|[OnActionExecuting]user:B0077
2018-07-09 13:43:49.8643|Treasury.WebActionFilter.CheckSessionFilterAttribute|INFO|[OnActionExecuting]session.IsNewSession:False
2018-07-09 13:43:50.1420|Treasury.WebActionFilter.CheckSessionFilterAttribute|INFO|[OnActionExecuting]user:B0077
2018-07-09 13:43:50.1420|Treasury.WebActionFilter.CheckSessionFilterAttribute|INFO|[OnActionExecuting]session.IsNewSession:False
2018-07-09 13:43:50.1891|Treasury.WebActionFilter.CheckSessionFilterAttribute|INFO|[OnActionExecuting]user:B0077
2018-07-09 13:43:50.1891|Treasury.WebActionFilter.CheckSessionFilterAttribute|INFO|[OnActionExecuting]session.IsNewSession:False
2018-07-09 13:43:57.1171|Treasury.WebActionFilter.CheckSessionFilterAttribute|INFO|[OnActionExecuting]user:B0077
2018-07-09 13:43:57.1171|Treasury.WebActionFilter.CheckSessionFilterAttribute|INFO|[OnActionExecuting]session.IsNewSession:False
2018-07-09 13:43:57.6702|Treasury.WebActionFilter.CheckSessionFilterAttribute|INFO|[OnActionExecuting]user:B0077
2018-07-09 13:43:57.6752|Treasury.WebActionFilter.CheckSessionFilterAttribute|INFO|[OnActionExecuting]session.IsNewSession:False
2018-07-09 13:43:57.7053|Treasury.WebActionFilter.CheckSessionFilterAttribute|INFO|[OnActionExecuting]user:B0077
2018-07-09 13:43:57.7053|Treasury.WebActionFilter.CheckSessionFilterAttribute|INFO|[OnActionExecuting]session.IsNewSession:False
2018-07-09 13:43:59.0591|Treasury.WebActionFilter.CheckSessionFilterAttribute|INFO|[OnActionExecuting]user:B0077
2018-07-09 13:43:59.0651|Treasury.WebActionFilter.CheckSessionFilterAttribute|INFO|[OnActionExecuting]session.IsNewSession:False
2018-07-09 13:43:59.5258|Treasury.WebActionFilter.CheckSessionFilterAttribute|INFO|[OnActionExecuting]user:B0077
2018-07-09 13:43:59.5318|Treasury.WebActionFilter.CheckSessionFilterAttribute|INFO|[OnActionExecuting]session.IsNewSession:False
2018-07-09 13:44:00.2571|Treasury.WebActionFilter.CheckSessionFilterAttribute|INFO|[OnActionExecuting]user:B0077
2018-07-09 13:44:00.2662|Treasury.WebActionFilter.CheckSessionFilterAttribute|INFO|[OnActionExecuting]session.IsNewSession:False
2018-07-09 13:44:00.2872|Treasury.WebActionFilter.CheckSessionFilterAttribute|INFO|[OnActionExecuting]user:B0077
2018-07-09 13:44:00.3123|Treasury.WebActionFilter.CheckSessionFilterAttribute|INFO|[OnActionExecuting]session.IsNewSession:False
2018-07-09 14:56:15.4576|Treasury.Web.MvcApplication|INFO|Application_Start
2018-07-09 14:57:20.7207|Treasury.WebControllers.NavigationController|INFO|[NavigationController][MenuByUser]
2018-07-09 14:57:20.7447|Treasury.WebControllers.NavigationController|INFO|[NavigationController][MenuByUser]UserID:
2018-07-09 14:57:21.5607|Treasury.WebControllers.NavigationController|INFO|[NavigationController][MenuByUser]
2018-07-09 14:57:21.5687|Treasury.WebControllers.NavigationController|INFO|[NavigationController][MenuByUser]UserID:
2018-07-09 14:57:38.9891|Treasury.Web.Controllers.AccountController|INFO|[AccountController][Login]UserId:B0077
2018-07-09 14:57:38.9891|Treasury.Web.Controllers.AccountController|INFO|[AccountController][Login]IsValid
2018-07-09 14:57:50.3177|Treasury.Web.Controllers.AccountController|INFO|[Login]finally：B0077
2018-07-09 14:57:57.8222|Treasury.WebControllers.NavigationController|INFO|[NavigationController][MenuByUser]
2018-07-09 14:57:57.8222|Treasury.WebControllers.NavigationController|INFO|[NavigationController][MenuByUser]UserID:B0077
2018-07-09 14:57:57.8582|Treasury.WebControllers.NavigationController|INFO|[NavigationController][MenuByUser]dr[2].ToString():管理作業
2018-07-09 14:57:57.8782|Treasury.WebControllers.NavigationController|INFO|[NavigationController][MenuByUser]dr[2].ToString():系統功能維護作業
2018-07-09 14:57:57.8782|Treasury.WebControllers.NavigationController|INFO|[NavigationController][MenuByUser]dr[2].ToString():角色維護作業
2018-07-09 14:57:57.8782|Treasury.WebControllers.NavigationController|INFO|[NavigationController][MenuByUser]dr[2].ToString():使用者維護作業
2018-07-09 14:57:57.8902|Treasury.WebControllers.NavigationController|INFO|[NavigationController][MenuByUser]dr[2].ToString():角色權限覆核作業
2018-07-09 14:57:57.8902|Treasury.WebControllers.NavigationController|INFO|[NavigationController][MenuByUser]dr[2].ToString():使用者權限覆核作業
2018-07-09 14:57:57.8902|Treasury.WebControllers.NavigationController|INFO|[NavigationController][MenuByUser]dr[2].ToString():權限報表
2018-07-09 14:57:57.9062|Treasury.WebControllers.NavigationController|INFO|[NavigationController][MenuByUser]dr[2].ToString():金庫物品保管作業
2018-07-09 14:57:57.9062|Treasury.WebControllers.NavigationController|INFO|[NavigationController][MenuByUser]dr[2].ToString():金庫物品存取申請作業
2018-07-09 14:58:27.8915|Treasury.WebActionFilter.CheckSessionFilterAttribute|INFO|[OnActionExecuting]user:B0077
2018-07-09 14:58:27.8915|Treasury.WebActionFilter.CheckSessionFilterAttribute|INFO|[OnActionExecuting]session.IsNewSession:False
2018-07-09 15:25:17.5557|Treasury.Web.MvcApplication|INFO|Application_Start
2018-07-09 15:28:45.1425|Treasury.WebControllers.NavigationController|INFO|[NavigationController][MenuByUser]
2018-07-09 15:28:45.1867|Treasury.WebControllers.NavigationController|INFO|[NavigationController][MenuByUser]UserID:
2018-07-09 15:30:38.7345|Treasury.WebControllers.NavigationController|INFO|[NavigationController][MenuByUser]
2018-07-09 15:30:38.7505|Treasury.WebControllers.NavigationController|INFO|[NavigationController][MenuByUser]UserID:
2018-07-09 15:31:16.8290|Treasury.Web.Controllers.AccountController|INFO|[AccountController][Login]UserId:B0077
2018-07-09 15:31:16.8290|Treasury.Web.Controllers.AccountController|INFO|[AccountController][Login]IsValid
2018-07-09 15:31:36.3723|Treasury.Web.Controllers.AccountController|INFO|[Login]finally：B0077
2018-07-09 15:32:05.5667|Treasury.WebControllers.NavigationController|INFO|[NavigationController][MenuByUser]
2018-07-09 15:32:05.5667|Treasury.WebControllers.NavigationController|INFO|[NavigationController][MenuByUser]UserID:B0077
2018-07-09 15:32:05.5978|Treasury.WebControllers.NavigationController|INFO|[NavigationController][MenuByUser]dr[2].ToString():管理作業
2018-07-09 15:32:05.6259|Treasury.WebControllers.NavigationController|INFO|[NavigationController][MenuByUser]dr[2].ToString():系統功能維護作業
2018-07-09 15:32:05.6259|Treasury.WebControllers.NavigationController|INFO|[NavigationController][MenuByUser]dr[2].ToString():角色維護作業
2018-07-09 15:32:05.6259|Treasury.WebControllers.NavigationController|INFO|[NavigationController][MenuByUser]dr[2].ToString():使用者維護作業
2018-07-09 15:32:05.6259|Treasury.WebControllers.NavigationController|INFO|[NavigationController][MenuByUser]dr[2].ToString():角色權限覆核作業
2018-07-09 15:32:05.6259|Treasury.WebControllers.NavigationController|INFO|[NavigationController][MenuByUser]dr[2].ToString():使用者權限覆核作業
2018-07-09 15:32:05.6389|Treasury.WebControllers.NavigationController|INFO|[NavigationController][MenuByUser]dr[2].ToString():權限報表
2018-07-09 15:32:05.6389|Treasury.WebControllers.NavigationController|INFO|[NavigationController][MenuByUser]dr[2].ToString():金庫物品保管作業
2018-07-09 15:32:05.6389|Treasury.WebControllers.NavigationController|INFO|[NavigationController][MenuByUser]dr[2].ToString():金庫物品存取申請作業
2018-07-09 15:32:18.0884|Treasury.WebActionFilter.CheckSessionFilterAttribute|INFO|[OnActionExecuting]user:B0077
2018-07-09 15:32:18.0914|Treasury.WebActionFilter.CheckSessionFilterAttribute|INFO|[OnActionExecuting]session.IsNewSession:False
2018-07-09 15:32:22.7114|Treasury.WebControllers.NavigationController|INFO|[NavigationController][MenuByUser]
2018-07-09 15:32:22.7144|Treasury.WebControllers.NavigationController|INFO|[NavigationController][MenuByUser]UserID:B0077
2018-07-09 15:32:22.7144|Treasury.WebControllers.NavigationController|INFO|[NavigationController][MenuByUser]menuSystem.Collections.Generic.List`1[Treasury.WebViewModels.MenuModel]
2018-07-09 15:32:23.1405|Treasury.WebActionFilter.CheckSessionFilterAttribute|INFO|[OnActionExecuting]user:B0077
2018-07-09 15:32:23.1405|Treasury.WebActionFilter.CheckSessionFilterAttribute|INFO|[OnActionExecuting]session.IsNewSession:False
2018-07-09 15:32:29.4248|Treasury.WebActionFilter.CheckSessionFilterAttribute|INFO|[OnActionExecuting]user:B0077
2018-07-09 15:32:29.4248|Treasury.WebActionFilter.CheckSessionFilterAttribute|INFO|[OnActionExecuting]session.IsNewSession:False
2018-07-09 15:32:35.0485|Treasury.WebControllers.NavigationController|INFO|[NavigationController][MenuByUser]
2018-07-09 15:32:35.0485|Treasury.WebControllers.NavigationController|INFO|[NavigationController][MenuByUser]UserID:B0077
2018-07-09 15:32:35.0485|Treasury.WebControllers.NavigationController|INFO|[NavigationController][MenuByUser]menuSystem.Collections.Generic.List`1[Treasury.WebViewModels.MenuModel]
2018-07-09 15:32:40.2496|Treasury.Web.Controllers.AccountController|INFO|[AccountController][Logout]Session[UserID]:B0077
2018-07-09 15:32:40.6513|Treasury.WebControllers.NavigationController|INFO|[NavigationController][MenuByUser]
2018-07-09 15:32:40.6513|Treasury.WebControllers.NavigationController|INFO|[NavigationController][MenuByUser]UserID:
2018-07-09 15:32:49.6300|Treasury.Web.Controllers.AccountController|INFO|[AccountController][Login]UserId:B0077
2018-07-09 15:32:49.6300|Treasury.Web.Controllers.AccountController|INFO|[AccountController][Login]IsValid
2018-07-09 15:32:50.3605|Treasury.Web.Controllers.AccountController|INFO|[Login]finally：B0077
2018-07-09 15:32:50.3796|Treasury.WebControllers.NavigationController|INFO|[NavigationController][MenuByUser]
2018-07-09 15:32:50.3796|Treasury.WebControllers.NavigationController|INFO|[NavigationController][MenuByUser]UserID:B0077
2018-07-09 15:32:50.4117|Treasury.WebControllers.NavigationController|INFO|[NavigationController][MenuByUser]dr[2].ToString():管理作業
2018-07-09 15:32:50.4117|Treasury.WebControllers.NavigationController|INFO|[NavigationController][MenuByUser]dr[2].ToString():系統功能維護作業
2018-07-09 15:32:50.4177|Treasury.WebControllers.NavigationController|INFO|[NavigationController][MenuByUser]dr[2].ToString():角色維護作業
2018-07-09 15:32:50.4177|Treasury.WebControllers.NavigationController|INFO|[NavigationController][MenuByUser]dr[2].ToString():使用者維護作業
2018-07-09 15:32:50.4177|Treasury.WebControllers.NavigationController|INFO|[NavigationController][MenuByUser]dr[2].ToString():角色權限覆核作業
2018-07-09 15:32:50.4177|Treasury.WebControllers.NavigationController|INFO|[NavigationController][MenuByUser]dr[2].ToString():使用者權限覆核作業
2018-07-09 15:32:50.4438|Treasury.WebControllers.NavigationController|INFO|[NavigationController][MenuByUser]dr[2].ToString():權限報表
2018-07-09 15:32:50.4438|Treasury.WebControllers.NavigationController|INFO|[NavigationController][MenuByUser]dr[2].ToString():金庫物品保管作業
2018-07-09 15:32:50.4518|Treasury.WebControllers.NavigationController|INFO|[NavigationController][MenuByUser]dr[2].ToString():金庫物品存取申請作業
2018-07-09 15:32:52.4345|Treasury.WebActionFilter.CheckSessionFilterAttribute|INFO|[OnActionExecuting]user:B0077
2018-07-09 15:32:52.4345|Treasury.WebActionFilter.CheckSessionFilterAttribute|INFO|[OnActionExecuting]session.IsNewSession:False
2018-07-09 15:32:57.9848|Treasury.WebControllers.NavigationController|INFO|[NavigationController][MenuByUser]
2018-07-09 15:32:57.9848|Treasury.WebControllers.NavigationController|INFO|[NavigationController][MenuByUser]UserID:B0077
2018-07-09 15:32:57.9848|Treasury.WebControllers.NavigationController|INFO|[NavigationController][MenuByUser]menuSystem.Collections.Generic.List`1[Treasury.WebViewModels.MenuModel]
2018-07-09 15:33:12.3463|Treasury.WebActionFilter.CheckSessionFilterAttribute|INFO|[OnActionExecuting]user:B0077
2018-07-09 15:33:12.3834|Treasury.WebActionFilter.CheckSessionFilterAttribute|INFO|[OnActionExecuting]session.IsNewSession:False
2018-07-09 15:33:20.7815|Treasury.WebActionFilter.CheckSessionFilterAttribute|INFO|[OnActionExecuting]user:B0077
2018-07-09 15:33:20.7815|Treasury.WebActionFilter.CheckSessionFilterAttribute|INFO|[OnActionExecuting]session.IsNewSession:False
2018-07-09 15:33:20.8233|Treasury.WebActionFilter.CheckSessionFilterAttribute|INFO|[OnActionExecuting]user:B0077
2018-07-09 15:33:20.8233|Treasury.WebActionFilter.CheckSessionFilterAttribute|INFO|[OnActionExecuting]session.IsNewSession:False
2018-07-09 15:49:45.6429|Treasury.WebActionFilter.CheckSessionFilterAttribute|INFO|[OnActionExecuting]user:B0077
2018-07-09 15:49:45.7305|Treasury.WebActionFilter.CheckSessionFilterAttribute|INFO|[OnActionExecuting]session.IsNewSession:False
2018-07-09 15:49:47.5298|Treasury.WebActionFilter.CheckSessionFilterAttribute|INFO|[OnActionExecuting]user:B0077
2018-07-09 15:49:47.5338|Treasury.WebActionFilter.CheckSessionFilterAttribute|INFO|[OnActionExecuting]session.IsNewSession:False
2018-07-09 15:49:47.6150|Treasury.WebActionFilter.CheckSessionFilterAttribute|INFO|[OnActionExecuting]user:B0077
2018-07-09 15:49:47.6150|Treasury.WebActionFilter.CheckSessionFilterAttribute|INFO|[OnActionExecuting]session.IsNewSession:False
2018-07-09 16:00:13.2658|Treasury.WebActionFilter.CheckSessionFilterAttribute|INFO|[OnActionExecuting]user:B0077
2018-07-09 16:00:13.3448|Treasury.WebActionFilter.CheckSessionFilterAttribute|INFO|[OnActionExecuting]session.IsNewSession:False
2018-07-09 16:00:15.3424|Treasury.WebControllers.NavigationController|INFO|[NavigationController][MenuByUser]
2018-07-09 16:00:15.3424|Treasury.WebControllers.NavigationController|INFO|[NavigationController][MenuByUser]UserID:B0077
2018-07-09 16:00:15.3424|Treasury.WebControllers.NavigationController|INFO|[NavigationController][MenuByUser]menuSystem.Collections.Generic.List`1[Treasury.WebViewModels.MenuModel]
2018-07-09 16:02:58.8093|Treasury.WebActionFilter.CheckSessionFilterAttribute|INFO|[OnActionExecuting]user:B0077
2018-07-09 16:02:58.8494|Treasury.WebActionFilter.CheckSessionFilterAttribute|INFO|[OnActionExecuting]session.IsNewSession:False
2018-07-09 16:02:59.4899|Treasury.WebActionFilter.CheckSessionFilterAttribute|INFO|[OnActionExecuting]user:B0077
2018-07-09 16:02:59.4899|Treasury.WebActionFilter.CheckSessionFilterAttribute|INFO|[OnActionExecuting]session.IsNewSession:False
2018-07-09 16:02:59.6073|Treasury.WebActionFilter.CheckSessionFilterAttribute|INFO|[OnActionExecuting]user:B0077
2018-07-09 16:02:59.6351|Treasury.WebActionFilter.CheckSessionFilterAttribute|INFO|[OnActionExecuting]session.IsNewSession:False
