2018-08-21 10:25:31.7641|Treasury.Web.MvcApplication|INFO|Application_Start
2018-08-21 10:25:37.5109|Treasury.WebControllers.NavigationController|INFO|[NavigationController][MenuByUser]
2018-08-21 10:25:37.5129|Treasury.WebControllers.NavigationController|INFO|[NavigationController][MenuByUser]UserID:
2018-08-21 10:28:44.5424|Treasury.WebControllers.NavigationController|INFO|[NavigationController][MenuByUser]
2018-08-21 10:28:44.5424|Treasury.WebControllers.NavigationController|INFO|[NavigationController][MenuByUser]UserID:
2018-08-21 10:29:21.1063|Treasury.WebControllers.NavigationController|INFO|[NavigationController][MenuByUser]
2018-08-21 10:29:21.1063|Treasury.WebControllers.NavigationController|INFO|[NavigationController][MenuByUser]UserID:
2018-08-21 10:30:38.0358|Treasury.WebControllers.NavigationController|INFO|[NavigationController][MenuByUser]
2018-08-21 10:30:38.0358|Treasury.WebControllers.NavigationController|INFO|[NavigationController][MenuByUser]UserID:
2018-08-21 10:31:27.5957|Treasury.WebControllers.NavigationController|INFO|[NavigationController][MenuByUser]
2018-08-21 10:31:27.5957|Treasury.WebControllers.NavigationController|INFO|[NavigationController][MenuByUser]UserID:
2018-08-21 10:32:27.5199|Treasury.WebControllers.NavigationController|INFO|[NavigationController][MenuByUser]
2018-08-21 10:32:27.5199|Treasury.WebControllers.NavigationController|INFO|[NavigationController][MenuByUser]UserID:
2018-08-21 10:33:07.0675|Treasury.WebControllers.NavigationController|INFO|[NavigationController][MenuByUser]
2018-08-21 10:33:07.0675|Treasury.WebControllers.NavigationController|INFO|[NavigationController][MenuByUser]UserID:
2018-08-21 10:34:26.8888|Treasury.WebControllers.NavigationController|INFO|[NavigationController][MenuByUser]
2018-08-21 10:34:26.8888|Treasury.WebControllers.NavigationController|INFO|[NavigationController][MenuByUser]UserID:
2018-08-21 10:35:34.5255|Treasury.WebControllers.NavigationController|INFO|[NavigationController][MenuByUser]
2018-08-21 10:35:34.5255|Treasury.WebControllers.NavigationController|INFO|[NavigationController][MenuByUser]UserID:
2018-08-21 10:37:17.9519|Treasury.WebControllers.NavigationController|INFO|[NavigationController][MenuByUser]
2018-08-21 10:37:17.9519|Treasury.WebControllers.NavigationController|INFO|[NavigationController][MenuByUser]UserID:
2018-08-21 10:38:08.0826|Treasury.WebControllers.NavigationController|INFO|[NavigationController][MenuByUser]
2018-08-21 10:38:08.0826|Treasury.WebControllers.NavigationController|INFO|[NavigationController][MenuByUser]UserID:
2018-08-21 10:39:48.4564|Treasury.WebControllers.NavigationController|INFO|[NavigationController][MenuByUser]
2018-08-21 10:39:48.4564|Treasury.WebControllers.NavigationController|INFO|[NavigationController][MenuByUser]UserID:
2018-08-21 10:44:43.5832|Treasury.WebControllers.NavigationController|INFO|[NavigationController][MenuByUser]
2018-08-21 10:44:43.5832|Treasury.WebControllers.NavigationController|INFO|[NavigationController][MenuByUser]UserID:
2018-08-21 10:47:26.5750|Treasury.WebControllers.NavigationController|INFO|[NavigationController][MenuByUser]
2018-08-21 10:47:26.5750|Treasury.WebControllers.NavigationController|INFO|[NavigationController][MenuByUser]UserID:
2018-08-21 10:47:59.4849|Treasury.WebControllers.NavigationController|INFO|[NavigationController][MenuByUser]
2018-08-21 10:47:59.4849|Treasury.WebControllers.NavigationController|INFO|[NavigationController][MenuByUser]UserID:
2018-08-21 10:48:50.0677|Treasury.Web.MvcApplication|INFO|Application_Start
2018-08-21 10:48:52.8187|Treasury.WebControllers.NavigationController|INFO|[NavigationController][MenuByUser]
2018-08-21 10:48:52.8187|Treasury.WebControllers.NavigationController|INFO|[NavigationController][MenuByUser]UserID:
2018-08-21 10:48:53.0766|Treasury.WebControllers.NavigationController|INFO|[NavigationController][MenuByUser]
2018-08-21 10:48:53.0766|Treasury.WebControllers.NavigationController|INFO|[NavigationController][MenuByUser]UserID:
2018-08-21 10:48:53.0766|Treasury.WebControllers.NavigationController|INFO|[NavigationController][MenuByUser]
2018-08-21 10:48:53.0766|Treasury.WebControllers.NavigationController|INFO|[NavigationController][MenuByUser]UserID:
2018-08-21 10:49:18.7083|Treasury.WebControllers.NavigationController|INFO|[NavigationController][MenuByUser]
2018-08-21 10:49:18.7083|Treasury.WebControllers.NavigationController|INFO|[NavigationController][MenuByUser]UserID:
2018-08-21 10:49:55.2922|Treasury.WebControllers.NavigationController|INFO|[NavigationController][MenuByUser]
2018-08-21 10:49:55.2922|Treasury.WebControllers.NavigationController|INFO|[NavigationController][MenuByUser]UserID:
2018-08-21 10:50:48.3064|Treasury.WebControllers.NavigationController|INFO|[NavigationController][MenuByUser]
2018-08-21 10:50:48.3064|Treasury.WebControllers.NavigationController|INFO|[NavigationController][MenuByUser]UserID:
2018-08-21 10:50:49.7159|Treasury.WebControllers.NavigationController|INFO|[NavigationController][MenuByUser]
2018-08-21 10:50:49.7159|Treasury.WebControllers.NavigationController|INFO|[NavigationController][MenuByUser]UserID:
2018-08-21 10:53:46.7039|Treasury.WebControllers.NavigationController|INFO|[NavigationController][MenuByUser]
2018-08-21 10:53:46.7039|Treasury.WebControllers.NavigationController|INFO|[NavigationController][MenuByUser]UserID:
2018-08-21 10:53:59.3434|Treasury.WebControllers.NavigationController|INFO|[NavigationController][MenuByUser]
2018-08-21 10:53:59.3434|Treasury.WebControllers.NavigationController|INFO|[NavigationController][MenuByUser]UserID:
2018-08-21 10:56:28.6154|Treasury.WebControllers.NavigationController|INFO|[NavigationController][MenuByUser]
2018-08-21 10:56:28.6154|Treasury.WebControllers.NavigationController|INFO|[NavigationController][MenuByUser]UserID:
2018-08-21 10:56:42.2946|Treasury.WebControllers.NavigationController|INFO|[NavigationController][MenuByUser]
2018-08-21 10:56:42.2946|Treasury.WebControllers.NavigationController|INFO|[NavigationController][MenuByUser]UserID:
2018-08-21 10:56:50.0078|Treasury.WebControllers.NavigationController|INFO|[NavigationController][MenuByUser]
2018-08-21 10:56:50.0078|Treasury.WebControllers.NavigationController|INFO|[NavigationController][MenuByUser]UserID:
2018-08-21 10:57:34.8869|Treasury.WebControllers.NavigationController|INFO|[NavigationController][MenuByUser]
2018-08-21 10:57:34.8869|Treasury.WebControllers.NavigationController|INFO|[NavigationController][MenuByUser]UserID:
2018-08-21 10:58:12.9508|Treasury.WebControllers.NavigationController|INFO|[NavigationController][MenuByUser]
2018-08-21 10:58:12.9508|Treasury.WebControllers.NavigationController|INFO|[NavigationController][MenuByUser]UserID:
2018-08-21 10:58:35.5627|Treasury.WebControllers.NavigationController|INFO|[NavigationController][MenuByUser]
2018-08-21 10:58:35.5627|Treasury.WebControllers.NavigationController|INFO|[NavigationController][MenuByUser]UserID:
2018-08-21 10:59:26.2729|Treasury.WebControllers.NavigationController|INFO|[NavigationController][MenuByUser]
2018-08-21 10:59:26.2739|Treasury.WebControllers.NavigationController|INFO|[NavigationController][MenuByUser]UserID:
2018-08-21 10:59:44.8373|Treasury.WebControllers.NavigationController|INFO|[NavigationController][MenuByUser]
2018-08-21 10:59:44.8373|Treasury.WebControllers.NavigationController|INFO|[NavigationController][MenuByUser]UserID:
2018-08-21 11:00:48.3643|Treasury.WebControllers.NavigationController|INFO|[NavigationController][MenuByUser]
2018-08-21 11:00:48.3643|Treasury.WebControllers.NavigationController|INFO|[NavigationController][MenuByUser]UserID:
2018-08-21 11:00:56.5974|Treasury.Web.MvcApplication|INFO|Application_Start
2018-08-21 11:00:58.3312|Treasury.WebControllers.NavigationController|INFO|[NavigationController][MenuByUser]
2018-08-21 11:00:58.3312|Treasury.WebControllers.NavigationController|INFO|[NavigationController][MenuByUser]UserID:
2018-08-21 11:01:06.6113|Treasury.WebControllers.NavigationController|INFO|[NavigationController][MenuByUser]
2018-08-21 11:01:06.6113|Treasury.WebControllers.NavigationController|INFO|[NavigationController][MenuByUser]UserID:
2018-08-21 11:01:18.6429|Treasury.WebControllers.NavigationController|INFO|[NavigationController][MenuByUser]
2018-08-21 11:01:18.6429|Treasury.WebControllers.NavigationController|INFO|[NavigationController][MenuByUser]UserID:
2018-08-21 11:01:24.1000|Treasury.WebControllers.NavigationController|INFO|[NavigationController][MenuByUser]
2018-08-21 11:01:24.1000|Treasury.WebControllers.NavigationController|INFO|[NavigationController][MenuByUser]UserID:
2018-08-21 11:01:26.5591|Treasury.WebControllers.NavigationController|INFO|[NavigationController][MenuByUser]
2018-08-21 11:01:26.5591|Treasury.WebControllers.NavigationController|INFO|[NavigationController][MenuByUser]UserID:
2018-08-21 11:01:33.4267|Treasury.WebControllers.NavigationController|INFO|[NavigationController][MenuByUser]
2018-08-21 11:01:33.4267|Treasury.WebControllers.NavigationController|INFO|[NavigationController][MenuByUser]UserID:
2018-08-21 11:03:00.4891|Treasury.WebControllers.NavigationController|INFO|[NavigationController][MenuByUser]
2018-08-21 11:03:00.4891|Treasury.WebControllers.NavigationController|INFO|[NavigationController][MenuByUser]UserID:
2018-08-21 11:03:02.0886|Treasury.WebControllers.NavigationController|INFO|[NavigationController][MenuByUser]
2018-08-21 11:03:02.0886|Treasury.WebControllers.NavigationController|INFO|[NavigationController][MenuByUser]UserID:
2018-08-21 11:03:17.8440|Treasury.WebControllers.NavigationController|INFO|[NavigationController][MenuByUser]
2018-08-21 11:03:17.8440|Treasury.WebControllers.NavigationController|INFO|[NavigationController][MenuByUser]UserID:
2018-08-21 11:04:35.6089|Treasury.WebControllers.NavigationController|INFO|[NavigationController][MenuByUser]
2018-08-21 11:04:35.6089|Treasury.WebControllers.NavigationController|INFO|[NavigationController][MenuByUser]UserID:
2018-08-21 11:04:54.9425|Treasury.WebControllers.NavigationController|INFO|[NavigationController][MenuByUser]
2018-08-21 11:04:54.9425|Treasury.WebControllers.NavigationController|INFO|[NavigationController][MenuByUser]UserID:
2018-08-21 11:08:55.7035|Treasury.WebControllers.NavigationController|INFO|[NavigationController][MenuByUser]
2018-08-21 11:08:55.7035|Treasury.WebControllers.NavigationController|INFO|[NavigationController][MenuByUser]UserID:
2018-08-21 11:09:48.8150|Treasury.WebControllers.NavigationController|INFO|[NavigationController][MenuByUser]
2018-08-21 11:09:48.8150|Treasury.WebControllers.NavigationController|INFO|[NavigationController][MenuByUser]UserID:
2018-08-21 11:11:47.5505|Treasury.Web.MvcApplication|INFO|Application_Start
2018-08-21 11:11:51.0144|Treasury.WebControllers.NavigationController|INFO|[NavigationController][MenuByUser]
2018-08-21 11:11:51.0144|Treasury.WebControllers.NavigationController|INFO|[NavigationController][MenuByUser]UserID:
2018-08-21 11:12:04.4822|Treasury.WebControllers.NavigationController|INFO|[NavigationController][MenuByUser]
2018-08-21 11:12:04.4822|Treasury.WebControllers.NavigationController|INFO|[NavigationController][MenuByUser]UserID:
2018-08-21 11:12:17.2009|Treasury.WebControllers.NavigationController|INFO|[NavigationController][MenuByUser]
2018-08-21 11:12:17.2009|Treasury.WebControllers.NavigationController|INFO|[NavigationController][MenuByUser]UserID:
2018-08-21 11:12:53.4570|Treasury.WebControllers.NavigationController|INFO|[NavigationController][MenuByUser]
2018-08-21 11:12:53.4570|Treasury.WebControllers.NavigationController|INFO|[NavigationController][MenuByUser]UserID:
2018-08-21 11:13:04.6673|Treasury.WebControllers.NavigationController|INFO|[NavigationController][MenuByUser]
2018-08-21 11:13:04.6673|Treasury.WebControllers.NavigationController|INFO|[NavigationController][MenuByUser]UserID:
2018-08-21 11:13:32.4268|Treasury.WebControllers.NavigationController|INFO|[NavigationController][MenuByUser]
2018-08-21 11:13:32.4268|Treasury.WebControllers.NavigationController|INFO|[NavigationController][MenuByUser]UserID:
2018-08-21 11:14:34.8404|Treasury.WebControllers.NavigationController|INFO|[NavigationController][MenuByUser]
2018-08-21 11:14:34.8414|Treasury.WebControllers.NavigationController|INFO|[NavigationController][MenuByUser]UserID:
2018-08-21 11:21:20.2481|Treasury.WebControllers.NavigationController|INFO|[NavigationController][MenuByUser]
2018-08-21 11:21:20.2491|Treasury.WebControllers.NavigationController|INFO|[NavigationController][MenuByUser]UserID:
2018-08-21 11:21:41.8891|Treasury.WebControllers.NavigationController|INFO|[NavigationController][MenuByUser]
2018-08-21 11:21:41.8891|Treasury.WebControllers.NavigationController|INFO|[NavigationController][MenuByUser]UserID:
2018-08-21 11:21:42.9566|Treasury.WebControllers.NavigationController|INFO|[NavigationController][MenuByUser]
2018-08-21 11:21:42.9566|Treasury.WebControllers.NavigationController|INFO|[NavigationController][MenuByUser]UserID:
2018-08-21 11:22:35.6136|Treasury.WebControllers.NavigationController|INFO|[NavigationController][MenuByUser]
2018-08-21 11:22:35.6136|Treasury.WebControllers.NavigationController|INFO|[NavigationController][MenuByUser]UserID:
2018-08-21 11:28:22.8136|Treasury.WebControllers.NavigationController|INFO|[NavigationController][MenuByUser]
2018-08-21 11:28:22.8136|Treasury.WebControllers.NavigationController|INFO|[NavigationController][MenuByUser]UserID:
2018-08-21 11:28:56.4001|Treasury.WebControllers.NavigationController|INFO|[NavigationController][MenuByUser]
2018-08-21 11:28:56.4001|Treasury.WebControllers.NavigationController|INFO|[NavigationController][MenuByUser]UserID:
2018-08-21 11:29:19.7044|Treasury.WebControllers.NavigationController|INFO|[NavigationController][MenuByUser]
2018-08-21 11:29:19.7044|Treasury.WebControllers.NavigationController|INFO|[NavigationController][MenuByUser]UserID:
2018-08-21 11:29:36.5794|Treasury.WebControllers.NavigationController|INFO|[NavigationController][MenuByUser]
2018-08-21 11:29:36.5794|Treasury.WebControllers.NavigationController|INFO|[NavigationController][MenuByUser]UserID:
2018-08-21 11:29:48.2055|Treasury.WebControllers.NavigationController|INFO|[NavigationController][MenuByUser]
2018-08-21 11:29:48.2055|Treasury.WebControllers.NavigationController|INFO|[NavigationController][MenuByUser]UserID:
2018-08-21 11:29:54.9877|Treasury.Web.MvcApplication|INFO|Application_Start
2018-08-21 11:29:56.8089|Treasury.WebControllers.NavigationController|INFO|[NavigationController][MenuByUser]
2018-08-21 11:29:56.8089|Treasury.WebControllers.NavigationController|INFO|[NavigationController][MenuByUser]UserID:
2018-08-21 11:30:13.7918|Treasury.WebControllers.NavigationController|INFO|[NavigationController][MenuByUser]
2018-08-21 11:30:13.7918|Treasury.WebControllers.NavigationController|INFO|[NavigationController][MenuByUser]UserID:
2018-08-21 11:30:48.8762|Treasury.WebControllers.NavigationController|INFO|[NavigationController][MenuByUser]
2018-08-21 11:30:48.8762|Treasury.WebControllers.NavigationController|INFO|[NavigationController][MenuByUser]UserID:
2018-08-21 11:32:19.7472|Treasury.WebControllers.NavigationController|INFO|[NavigationController][MenuByUser]
2018-08-21 11:32:19.7472|Treasury.WebControllers.NavigationController|INFO|[NavigationController][MenuByUser]UserID:
2018-08-21 11:32:37.0649|Treasury.WebControllers.NavigationController|INFO|[NavigationController][MenuByUser]
2018-08-21 11:32:37.0649|Treasury.WebControllers.NavigationController|INFO|[NavigationController][MenuByUser]UserID:
2018-08-21 11:33:13.9728|Treasury.WebControllers.NavigationController|INFO|[NavigationController][MenuByUser]
2018-08-21 11:33:13.9728|Treasury.WebControllers.NavigationController|INFO|[NavigationController][MenuByUser]UserID:
2018-08-21 11:34:36.2115|Treasury.WebControllers.NavigationController|INFO|[NavigationController][MenuByUser]
2018-08-21 11:34:36.2115|Treasury.WebControllers.NavigationController|INFO|[NavigationController][MenuByUser]UserID:
2018-08-21 11:35:03.0223|Treasury.WebControllers.NavigationController|INFO|[NavigationController][MenuByUser]
2018-08-21 11:35:03.0223|Treasury.WebControllers.NavigationController|INFO|[NavigationController][MenuByUser]UserID:
2018-08-21 11:35:21.1628|Treasury.WebControllers.NavigationController|INFO|[NavigationController][MenuByUser]
2018-08-21 11:35:21.1628|Treasury.WebControllers.NavigationController|INFO|[NavigationController][MenuByUser]UserID:
2018-08-21 11:35:27.3413|Treasury.WebControllers.NavigationController|INFO|[NavigationController][MenuByUser]
2018-08-21 11:35:27.3413|Treasury.WebControllers.NavigationController|INFO|[NavigationController][MenuByUser]UserID:
2018-08-21 11:35:51.2633|Treasury.WebControllers.NavigationController|INFO|[NavigationController][MenuByUser]
2018-08-21 11:35:51.2633|Treasury.WebControllers.NavigationController|INFO|[NavigationController][MenuByUser]UserID:
2018-08-21 11:36:11.7678|Treasury.WebControllers.NavigationController|INFO|[NavigationController][MenuByUser]
2018-08-21 11:36:11.7678|Treasury.WebControllers.NavigationController|INFO|[NavigationController][MenuByUser]UserID:
2018-08-21 11:36:18.4999|Treasury.WebControllers.NavigationController|INFO|[NavigationController][MenuByUser]
2018-08-21 11:36:18.4999|Treasury.WebControllers.NavigationController|INFO|[NavigationController][MenuByUser]UserID:
2018-08-21 11:36:25.2671|Treasury.WebControllers.NavigationController|INFO|[NavigationController][MenuByUser]
2018-08-21 11:36:25.2671|Treasury.WebControllers.NavigationController|INFO|[NavigationController][MenuByUser]UserID:
2018-08-21 11:37:02.1781|Treasury.WebControllers.NavigationController|INFO|[NavigationController][MenuByUser]
2018-08-21 11:37:02.1781|Treasury.WebControllers.NavigationController|INFO|[NavigationController][MenuByUser]UserID:
2018-08-21 11:37:19.2930|Treasury.Web.MvcApplication|INFO|Application_Start
2018-08-21 11:37:21.4152|Treasury.WebControllers.NavigationController|INFO|[NavigationController][MenuByUser]
2018-08-21 11:37:21.4162|Treasury.WebControllers.NavigationController|INFO|[NavigationController][MenuByUser]UserID:
2018-08-21 11:38:01.7293|Treasury.WebControllers.NavigationController|INFO|[NavigationController][MenuByUser]
2018-08-21 11:38:01.7293|Treasury.WebControllers.NavigationController|INFO|[NavigationController][MenuByUser]UserID:
2018-08-21 11:38:24.6771|Treasury.WebControllers.NavigationController|INFO|[NavigationController][MenuByUser]
2018-08-21 11:38:24.6771|Treasury.WebControllers.NavigationController|INFO|[NavigationController][MenuByUser]UserID:
2018-08-21 11:38:29.8345|Treasury.WebControllers.NavigationController|INFO|[NavigationController][MenuByUser]
2018-08-21 11:38:29.8345|Treasury.WebControllers.NavigationController|INFO|[NavigationController][MenuByUser]UserID:
2018-08-21 11:38:37.5036|Treasury.WebControllers.NavigationController|INFO|[NavigationController][MenuByUser]
2018-08-21 11:38:37.5046|Treasury.WebControllers.NavigationController|INFO|[NavigationController][MenuByUser]UserID:
2018-08-21 11:39:45.0525|Treasury.WebControllers.NavigationController|INFO|[NavigationController][MenuByUser]
2018-08-21 11:39:45.0525|Treasury.WebControllers.NavigationController|INFO|[NavigationController][MenuByUser]UserID:
2018-08-21 11:40:21.5010|Treasury.WebControllers.NavigationController|INFO|[NavigationController][MenuByUser]
2018-08-21 11:40:21.5010|Treasury.WebControllers.NavigationController|INFO|[NavigationController][MenuByUser]UserID:
2018-08-21 11:40:45.8791|Treasury.WebControllers.NavigationController|INFO|[NavigationController][MenuByUser]
2018-08-21 11:40:45.8791|Treasury.WebControllers.NavigationController|INFO|[NavigationController][MenuByUser]UserID:
2018-08-21 13:15:35.2354|Treasury.WebControllers.NavigationController|INFO|[NavigationController][MenuByUser]
2018-08-21 13:15:35.2714|Treasury.WebControllers.NavigationController|INFO|[NavigationController][MenuByUser]UserID:
2018-08-21 14:28:14.4929|Treasury.Web.MvcApplication|INFO|Application_Start
2018-08-21 14:28:20.0377|Treasury.WebControllers.NavigationController|INFO|[NavigationController][MenuByUser]
2018-08-21 14:28:20.0377|Treasury.WebControllers.NavigationController|INFO|[NavigationController][MenuByUser]UserID:
2018-08-21 16:39:58.6303|Treasury.Web.MvcApplication|INFO|Application_Start
2018-08-21 16:40:02.2542|Treasury.WebControllers.NavigationController|INFO|[NavigationController][MenuByUser]
2018-08-21 16:40:02.2542|Treasury.WebControllers.NavigationController|INFO|[NavigationController][MenuByUser]UserID:
2018-08-21 16:40:17.2476|Treasury.WebControllers.NavigationController|INFO|[NavigationController][MenuByUser]
2018-08-21 16:40:17.2476|Treasury.WebControllers.NavigationController|INFO|[NavigationController][MenuByUser]UserID:
2018-08-21 16:41:43.3449|Treasury.Web.MvcApplication|INFO|Application_Start
2018-08-21 16:41:49.5263|Treasury.WebControllers.NavigationController|INFO|[NavigationController][MenuByUser]
2018-08-21 16:41:49.5263|Treasury.WebControllers.NavigationController|INFO|[NavigationController][MenuByUser]UserID:
2018-08-21 16:42:16.7337|Treasury.Web.Controllers.AccountController|INFO|[AccountController][Login]UserId:VLX01
2018-08-21 16:42:16.7337|Treasury.Web.Controllers.AccountController|INFO|[AccountController][Login]IsValid
2018-08-21 16:42:37.8894|Treasury.Web.Controllers.AccountController|ERROR|[Login]其它錯誤：System.Runtime.InteropServices.COMException (0x8007203A): 無法操作伺服器。

   於 System.DirectoryServices.DirectoryEntry.Bind(Boolean throwIfFail)
   於 System.DirectoryServices.DirectoryEntry.Bind()
   於 System.DirectoryServices.DirectoryEntry.get_AdsObject()
   於 System.DirectoryServices.PropertyValueCollection.PopulateList()
   於 System.DirectoryServices.PropertyValueCollection..ctor(DirectoryEntry entry, String propertyName)
   於 System.DirectoryServices.PropertyCollection.get_Item(String propertyName)
   於 Treasury.Web.Controllers.AccountController.Login(LoginModel loginModel) 於 D:\Work\Fubon\Financial Actuarial System\Treasury\Treasury\Treasury.Web\Controllers\AccountController.cs: 行 87
2018-08-21 16:52:28.8237|Treasury.Web.MvcApplication|INFO|Application_Start
2018-08-21 16:52:34.8752|Treasury.WebControllers.NavigationController|INFO|[NavigationController][MenuByUser]
2018-08-21 16:52:34.8752|Treasury.WebControllers.NavigationController|INFO|[NavigationController][MenuByUser]UserID:
2018-08-21 16:52:40.6579|Treasury.Web.Controllers.AccountController|INFO|[AccountController][Login]UserId:VLX01
2018-08-21 16:52:40.6579|Treasury.Web.Controllers.AccountController|INFO|[AccountController][Login]IsValid
2018-08-21 16:53:01.7107|Treasury.Web.Controllers.AccountController|ERROR|[Login]其它錯誤：System.Runtime.InteropServices.COMException (0x8007203A): 無法操作伺服器。

   於 System.DirectoryServices.DirectoryEntry.Bind(Boolean throwIfFail)
   於 System.DirectoryServices.DirectoryEntry.Bind()
   於 System.DirectoryServices.DirectoryEntry.get_AdsObject()
   於 System.DirectoryServices.PropertyValueCollection.PopulateList()
   於 System.DirectoryServices.PropertyValueCollection..ctor(DirectoryEntry entry, String propertyName)
   於 System.DirectoryServices.PropertyCollection.get_Item(String propertyName)
   於 Treasury.Web.Controllers.AccountController.Login(LoginModel loginModel) 於 D:\Work\Fubon\Financial Actuarial System\Treasury\Treasury\Treasury.Web\Controllers\AccountController.cs: 行 87
2018-08-21 16:57:06.8334|Treasury.Web.MvcApplication|INFO|Application_Start
2018-08-21 16:57:12.8929|Treasury.WebControllers.NavigationController|INFO|[NavigationController][MenuByUser]
2018-08-21 16:57:12.8929|Treasury.WebControllers.NavigationController|INFO|[NavigationController][MenuByUser]UserID:
2018-08-21 16:57:16.6398|Treasury.Web.Controllers.AccountController|INFO|[AccountController][Login]UserId:VLX01
2018-08-21 16:57:16.6398|Treasury.Web.Controllers.AccountController|INFO|[AccountController][Login]IsValid
2018-08-21 16:57:37.6926|Treasury.Web.Controllers.AccountController|ERROR|[Login]其它錯誤：System.Runtime.InteropServices.COMException (0x8007203A): 無法操作伺服器。

   於 System.DirectoryServices.DirectoryEntry.Bind(Boolean throwIfFail)
   於 System.DirectoryServices.DirectoryEntry.Bind()
   於 System.DirectoryServices.DirectoryEntry.get_AdsObject()
   於 System.DirectoryServices.PropertyValueCollection.PopulateList()
   於 System.DirectoryServices.PropertyValueCollection..ctor(DirectoryEntry entry, String propertyName)
   於 System.DirectoryServices.PropertyCollection.get_Item(String propertyName)
   於 Treasury.Web.Controllers.AccountController.Login(LoginModel loginModel) 於 D:\Work\Fubon\Financial Actuarial System\Treasury\Treasury\Treasury.Web\Controllers\AccountController.cs: 行 87
2018-08-21 17:02:25.6416|Treasury.Web.MvcApplication|INFO|Application_Start
2018-08-21 17:02:31.7670|Treasury.WebControllers.NavigationController|INFO|[NavigationController][MenuByUser]
2018-08-21 17:02:31.7670|Treasury.WebControllers.NavigationController|INFO|[NavigationController][MenuByUser]UserID:
2018-08-21 17:02:35.4859|Treasury.Web.Controllers.AccountController|INFO|[AccountController][Login]UserId:VLX01
2018-08-21 17:02:35.4859|Treasury.Web.Controllers.AccountController|INFO|[AccountController][Login]IsValid
2018-08-21 17:02:56.5428|Treasury.Web.Controllers.AccountController|ERROR|[Login]其它錯誤：System.Runtime.InteropServices.COMException (0x8007203A): 無法操作伺服器。

   於 System.DirectoryServices.DirectoryEntry.Bind(Boolean throwIfFail)
   於 System.DirectoryServices.DirectoryEntry.Bind()
   於 System.DirectoryServices.DirectoryEntry.get_AdsObject()
   於 System.DirectoryServices.PropertyValueCollection.PopulateList()
   於 System.DirectoryServices.PropertyValueCollection..ctor(DirectoryEntry entry, String propertyName)
   於 System.DirectoryServices.PropertyCollection.get_Item(String propertyName)
   於 Treasury.Web.Controllers.AccountController.Login(LoginModel loginModel) 於 D:\Work\Fubon\Financial Actuarial System\Treasury\Treasury\Treasury.Web\Controllers\AccountController.cs: 行 87
2018-08-21 17:09:54.2639|Treasury.Web.MvcApplication|INFO|Application_Start
2018-08-21 17:09:57.7428|Treasury.WebControllers.NavigationController|INFO|[NavigationController][MenuByUser]
2018-08-21 17:09:57.7428|Treasury.WebControllers.NavigationController|INFO|[NavigationController][MenuByUser]UserID:
2018-08-21 17:10:00.4892|Treasury.Web.Controllers.AccountController|INFO|[AccountController][Login]UserId:VLX01
2018-08-21 17:10:00.4892|Treasury.Web.Controllers.AccountController|INFO|[AccountController][Login]IsValid
2018-08-21 17:10:21.5441|Treasury.Web.Controllers.AccountController|ERROR|[Login]其它錯誤：System.Runtime.InteropServices.COMException (0x8007203A): 無法操作伺服器。

   於 System.DirectoryServices.DirectoryEntry.Bind(Boolean throwIfFail)
   於 System.DirectoryServices.DirectoryEntry.Bind()
   於 System.DirectoryServices.DirectoryEntry.get_AdsObject()
   於 System.DirectoryServices.PropertyValueCollection.PopulateList()
   於 System.DirectoryServices.PropertyValueCollection..ctor(DirectoryEntry entry, String propertyName)
   於 System.DirectoryServices.PropertyCollection.get_Item(String propertyName)
   於 Treasury.Web.Controllers.AccountController.Login(LoginModel loginModel) 於 D:\Work\Fubon\Financial Actuarial System\Treasury\Treasury\Treasury.Web\Controllers\AccountController.cs: 行 87
2018-08-21 17:13:26.4265|Treasury.Web.MvcApplication|INFO|Application_Start
2018-08-21 17:13:32.8378|Treasury.WebControllers.NavigationController|INFO|[NavigationController][MenuByUser]
2018-08-21 17:13:32.8378|Treasury.WebControllers.NavigationController|INFO|[NavigationController][MenuByUser]UserID:
2018-08-21 17:13:40.6073|Treasury.Web.Controllers.AccountController|INFO|[AccountController][Login]UserId:VLX01
2018-08-21 17:13:40.6073|Treasury.Web.Controllers.AccountController|INFO|[AccountController][Login]IsValid
2018-08-21 17:14:01.6652|Treasury.Web.Controllers.AccountController|ERROR|[Login]其它錯誤：System.Runtime.InteropServices.COMException (0x8007203A): 無法操作伺服器。

   於 System.DirectoryServices.DirectoryEntry.Bind(Boolean throwIfFail)
   於 System.DirectoryServices.DirectoryEntry.Bind()
   於 System.DirectoryServices.DirectoryEntry.get_AdsObject()
   於 System.DirectoryServices.PropertyValueCollection.PopulateList()
   於 System.DirectoryServices.PropertyValueCollection..ctor(DirectoryEntry entry, String propertyName)
   於 System.DirectoryServices.PropertyCollection.get_Item(String propertyName)
   於 Treasury.Web.Controllers.AccountController.Login(LoginModel loginModel) 於 D:\Work\Fubon\Financial Actuarial System\Treasury\Treasury\Treasury.Web\Controllers\AccountController.cs: 行 87
2018-08-21 17:15:36.8913|Treasury.Web.MvcApplication|INFO|Application_Start
2018-08-21 17:15:43.5424|Treasury.WebControllers.NavigationController|INFO|[NavigationController][MenuByUser]
2018-08-21 17:15:43.5424|Treasury.WebControllers.NavigationController|INFO|[NavigationController][MenuByUser]UserID:
2018-08-21 17:15:46.9665|Treasury.Web.Controllers.AccountController|INFO|[AccountController][Login]UserId:VLX01
2018-08-21 17:15:46.9665|Treasury.Web.Controllers.AccountController|INFO|[AccountController][Login]IsValid
2018-08-21 17:16:08.0193|Treasury.Web.Controllers.AccountController|ERROR|[Login]其它錯誤：System.Runtime.InteropServices.COMException (0x8007203A): 無法操作伺服器。

   於 System.DirectoryServices.DirectoryEntry.Bind(Boolean throwIfFail)
   於 System.DirectoryServices.DirectoryEntry.Bind()
   於 System.DirectoryServices.DirectoryEntry.get_AdsObject()
   於 System.DirectoryServices.PropertyValueCollection.PopulateList()
   於 System.DirectoryServices.PropertyValueCollection..ctor(DirectoryEntry entry, String propertyName)
   於 System.DirectoryServices.PropertyCollection.get_Item(String propertyName)
   於 Treasury.Web.Controllers.AccountController.Login(LoginModel loginModel) 於 D:\Work\Fubon\Financial Actuarial System\Treasury\Treasury\Treasury.Web\Controllers\AccountController.cs: 行 87
2018-08-21 17:16:08.2652|Treasury.Web.Controllers.AccountController|INFO|[Login]finally：VLX01
2018-08-21 17:16:08.2652|Treasury.WebControllers.NavigationController|INFO|[NavigationController][MenuByUser]
2018-08-21 17:16:08.2652|Treasury.WebControllers.NavigationController|INFO|[NavigationController][MenuByUser]UserID:
2018-08-21 17:17:01.6164|Treasury.Web.MvcApplication|INFO|Application_Start
2018-08-21 17:17:07.8298|Treasury.WebControllers.NavigationController|INFO|[NavigationController][MenuByUser]
2018-08-21 17:17:07.8298|Treasury.WebControllers.NavigationController|INFO|[NavigationController][MenuByUser]UserID:
2018-08-21 17:17:12.1094|Treasury.Web.Controllers.AccountController|INFO|[AccountController][Login]UserId:VLX01
2018-08-21 17:17:12.1094|Treasury.Web.Controllers.AccountController|INFO|[AccountController][Login]IsValid
2018-08-21 17:17:33.1612|Treasury.Web.Controllers.AccountController|ERROR|[Login]其它錯誤：System.Runtime.InteropServices.COMException (0x8007203A): 無法操作伺服器。

   於 System.DirectoryServices.DirectoryEntry.Bind(Boolean throwIfFail)
   於 System.DirectoryServices.DirectoryEntry.Bind()
   於 System.DirectoryServices.DirectoryEntry.get_AdsObject()
   於 System.DirectoryServices.PropertyValueCollection.PopulateList()
   於 System.DirectoryServices.PropertyValueCollection..ctor(DirectoryEntry entry, String propertyName)
   於 System.DirectoryServices.PropertyCollection.get_Item(String propertyName)
   於 Treasury.Web.Controllers.AccountController.Login(LoginModel loginModel) 於 D:\Work\Fubon\Financial Actuarial System\Treasury\Treasury\Treasury.Web\Controllers\AccountController.cs: 行 87
2018-08-21 17:17:33.4011|Treasury.Web.Controllers.AccountController|INFO|[Login]finally：VLX01
2018-08-21 17:17:33.4071|Treasury.WebControllers.NavigationController|INFO|[NavigationController][MenuByUser]
2018-08-21 17:17:33.4071|Treasury.WebControllers.NavigationController|INFO|[NavigationController][MenuByUser]UserID:
2018-08-21 17:21:22.8270|Treasury.Web.MvcApplication|INFO|Application_Start
2018-08-21 17:21:25.9092|Treasury.WebControllers.NavigationController|INFO|[NavigationController][MenuByUser]
2018-08-21 17:21:25.9092|Treasury.WebControllers.NavigationController|INFO|[NavigationController][MenuByUser]UserID:
2018-08-21 17:21:29.5951|Treasury.Web.Controllers.AccountController|INFO|[AccountController][Login]UserId:VLX01
2018-08-21 17:21:29.5951|Treasury.Web.Controllers.AccountController|INFO|[AccountController][Login]IsValid
2018-08-21 17:21:50.6540|Treasury.Web.Controllers.AccountController|ERROR|[Login]其它錯誤：System.Runtime.InteropServices.COMException (0x8007203A): 無法操作伺服器。

   於 System.DirectoryServices.DirectoryEntry.Bind(Boolean throwIfFail)
   於 System.DirectoryServices.DirectoryEntry.Bind()
   於 System.DirectoryServices.DirectoryEntry.get_AdsObject()
   於 System.DirectoryServices.PropertyValueCollection.PopulateList()
   於 System.DirectoryServices.PropertyValueCollection..ctor(DirectoryEntry entry, String propertyName)
   於 System.DirectoryServices.PropertyCollection.get_Item(String propertyName)
   於 Treasury.Web.Controllers.AccountController.Login(LoginModel loginModel) 於 D:\Work\Fubon\Financial Actuarial System\Treasury\Treasury\Treasury.Web\Controllers\AccountController.cs: 行 87
2018-08-21 17:21:50.9578|Treasury.Web.Controllers.AccountController|INFO|[Login]finally：VLX01
2018-08-21 17:21:50.9578|Treasury.WebControllers.NavigationController|INFO|[NavigationController][MenuByUser]
2018-08-21 17:21:50.9578|Treasury.WebControllers.NavigationController|INFO|[NavigationController][MenuByUser]UserID:
2018-08-21 17:23:07.4537|Treasury.Web.MvcApplication|INFO|Application_Start
2018-08-21 17:23:10.6158|Treasury.WebControllers.NavigationController|INFO|[NavigationController][MenuByUser]
2018-08-21 17:23:10.6158|Treasury.WebControllers.NavigationController|INFO|[NavigationController][MenuByUser]UserID:
2018-08-21 17:23:16.6174|Treasury.Web.Controllers.AccountController|INFO|[AccountController][Login]UserId:VLX01
2018-08-21 17:23:16.6174|Treasury.Web.Controllers.AccountController|INFO|[AccountController][Login]IsValid
2018-08-21 17:23:37.6733|Treasury.Web.Controllers.AccountController|ERROR|[Login]其它錯誤：System.Runtime.InteropServices.COMException (0x8007203A): 無法操作伺服器。

   於 System.DirectoryServices.DirectoryEntry.Bind(Boolean throwIfFail)
   於 System.DirectoryServices.DirectoryEntry.Bind()
   於 System.DirectoryServices.DirectoryEntry.get_AdsObject()
   於 System.DirectoryServices.PropertyValueCollection.PopulateList()
   於 System.DirectoryServices.PropertyValueCollection..ctor(DirectoryEntry entry, String propertyName)
   於 System.DirectoryServices.PropertyCollection.get_Item(String propertyName)
   於 Treasury.Web.Controllers.AccountController.Login(LoginModel loginModel) 於 D:\Work\Fubon\Financial Actuarial System\Treasury\Treasury\Treasury.Web\Controllers\AccountController.cs: 行 87
2018-08-21 17:23:37.9791|Treasury.Web.Controllers.AccountController|INFO|[Login]finally：VLX01
2018-08-21 17:23:37.9871|Treasury.WebControllers.NavigationController|INFO|[NavigationController][MenuByUser]
2018-08-21 17:23:37.9871|Treasury.WebControllers.NavigationController|INFO|[NavigationController][MenuByUser]UserID:
2018-08-21 17:25:35.6152|Treasury.Web.MvcApplication|INFO|Application_Start
2018-08-21 17:25:41.9866|Treasury.WebControllers.NavigationController|INFO|[NavigationController][MenuByUser]
2018-08-21 17:25:41.9866|Treasury.WebControllers.NavigationController|INFO|[NavigationController][MenuByUser]UserID:
2018-08-21 17:25:45.3376|Treasury.Web.Controllers.AccountController|INFO|[AccountController][Login]UserId:VLX01
2018-08-21 17:25:45.3376|Treasury.Web.Controllers.AccountController|INFO|[AccountController][Login]IsValid
2018-08-21 17:26:06.3915|Treasury.Web.Controllers.AccountController|ERROR|[Login]其它錯誤：System.Runtime.InteropServices.COMException (0x8007203A): 無法操作伺服器。

   於 System.DirectoryServices.DirectoryEntry.Bind(Boolean throwIfFail)
   於 System.DirectoryServices.DirectoryEntry.Bind()
   於 System.DirectoryServices.DirectoryEntry.get_AdsObject()
   於 System.DirectoryServices.PropertyValueCollection.PopulateList()
   於 System.DirectoryServices.PropertyValueCollection..ctor(DirectoryEntry entry, String propertyName)
   於 System.DirectoryServices.PropertyCollection.get_Item(String propertyName)
   於 Treasury.Web.Controllers.AccountController.Login(LoginModel loginModel) 於 D:\Work\Fubon\Financial Actuarial System\Treasury\Treasury\Treasury.Web\Controllers\AccountController.cs: 行 87
2018-08-21 17:26:06.6344|Treasury.Web.Controllers.AccountController|INFO|[Login]finally：VLX01
2018-08-21 17:26:06.6403|Treasury.WebControllers.NavigationController|INFO|[NavigationController][MenuByUser]
2018-08-21 17:26:06.6403|Treasury.WebControllers.NavigationController|INFO|[NavigationController][MenuByUser]UserID:
2018-08-21 17:26:48.6132|Treasury.Web.Controllers.AccountController|INFO|[AccountController][Login]UserId:VLX01
2018-08-21 17:26:51.0108|Treasury.Web.Controllers.AccountController|INFO|[AccountController][Login]IsValid
2018-08-21 17:27:55.6055|Treasury.Web.MvcApplication|INFO|Application_Start
2018-08-21 17:28:01.9519|Treasury.WebControllers.NavigationController|INFO|[NavigationController][MenuByUser]
2018-08-21 17:28:01.9519|Treasury.WebControllers.NavigationController|INFO|[NavigationController][MenuByUser]UserID:
2018-08-21 17:28:05.5458|Treasury.Web.Controllers.AccountController|INFO|[AccountController][Login]UserId:VLX01
2018-08-21 17:28:05.5458|Treasury.Web.Controllers.AccountController|INFO|[AccountController][Login]IsValid
2018-08-21 17:28:18.7642|Treasury.Web.Controllers.AccountController|INFO|[Login]finally：VLX01
2018-08-21 17:28:19.5147|Treasury.WebControllers.NavigationController|INFO|[NavigationController][MenuByUser]
2018-08-21 17:28:19.5147|Treasury.WebControllers.NavigationController|INFO|[NavigationController][MenuByUser]UserID:VLX01
2018-08-21 17:28:41.9068|Treasury.Web.Controllers.AccountController|INFO|[AccountController][Logout]Session[UserID]:VLX01
2018-08-21 17:28:43.7408|Treasury.WebControllers.NavigationController|INFO|[NavigationController][MenuByUser]
2018-08-21 17:28:43.7408|Treasury.WebControllers.NavigationController|INFO|[NavigationController][MenuByUser]UserID:VLX01
2018-08-21 17:28:43.7408|Treasury.WebControllers.NavigationController|INFO|[NavigationController][MenuByUser]menuSystem.Collections.Generic.List`1[Treasury.WebViewModels.MenuModel]
2018-08-21 17:29:25.4417|Treasury.Web.MvcApplication|INFO|Application_Start
2018-08-21 17:29:31.7551|Treasury.WebControllers.NavigationController|INFO|[NavigationController][MenuByUser]
2018-08-21 17:29:31.7551|Treasury.WebControllers.NavigationController|INFO|[NavigationController][MenuByUser]UserID:
2018-08-21 17:29:38.4762|Treasury.Web.Controllers.AccountController|INFO|[AccountController][Login]UserId:B0542
2018-08-21 17:29:38.4762|Treasury.Web.Controllers.AccountController|INFO|[AccountController][Login]IsValid
2018-08-21 17:29:40.6560|Treasury.Web.Controllers.AccountController|INFO|[Login]finally：B0542
2018-08-21 17:29:41.4045|Treasury.WebControllers.NavigationController|INFO|[NavigationController][MenuByUser]
2018-08-21 17:29:41.4045|Treasury.WebControllers.NavigationController|INFO|[NavigationController][MenuByUser]UserID:B0542
2018-08-21 17:29:41.6254|Treasury.WebControllers.NavigationController|INFO|[NavigationController][MenuByUser]dr[2].ToString():管理作業
2018-08-21 17:29:41.6254|Treasury.WebControllers.NavigationController|INFO|[NavigationController][MenuByUser]dr[2].ToString():系統功能維護作業
2018-08-21 17:29:41.6254|Treasury.WebControllers.NavigationController|INFO|[NavigationController][MenuByUser]dr[2].ToString():角色維護作業
2018-08-21 17:29:41.6254|Treasury.WebControllers.NavigationController|INFO|[NavigationController][MenuByUser]dr[2].ToString():使用者維護作業
2018-08-21 17:29:41.6254|Treasury.WebControllers.NavigationController|INFO|[NavigationController][MenuByUser]dr[2].ToString():角色權限覆核作業
2018-08-21 17:29:41.6394|Treasury.WebControllers.NavigationController|INFO|[NavigationController][MenuByUser]dr[2].ToString():使用者權限覆核作業
2018-08-21 17:29:41.6394|Treasury.WebControllers.NavigationController|INFO|[NavigationController][MenuByUser]dr[2].ToString():權限報表
2018-08-21 17:29:41.6394|Treasury.WebControllers.NavigationController|INFO|[NavigationController][MenuByUser]dr[2].ToString():金庫物品保管作業
2018-08-21 17:29:41.6394|Treasury.WebControllers.NavigationController|INFO|[NavigationController][MenuByUser]dr[2].ToString():金庫物品存取申請作業
2018-08-21 17:29:41.6394|Treasury.WebControllers.NavigationController|INFO|[NavigationController][MenuByUser]dr[2].ToString():金庫物品存取覆核作業
2018-08-21 17:32:51.1551|Treasury.Web.MvcApplication|INFO|Application_Start
2018-08-21 17:32:53.7646|Treasury.WebControllers.NavigationController|INFO|[NavigationController][MenuByUser]
2018-08-21 17:32:53.7646|Treasury.WebControllers.NavigationController|INFO|[NavigationController][MenuByUser]UserID:
2018-08-21 17:33:18.4963|Treasury.Web.MvcApplication|INFO|Application_Start
2018-08-21 17:33:20.8969|Treasury.WebControllers.NavigationController|INFO|[NavigationController][MenuByUser]
2018-08-21 17:33:20.8969|Treasury.WebControllers.NavigationController|INFO|[NavigationController][MenuByUser]UserID:
2018-08-21 17:36:26.9632|Treasury.Web.MvcApplication|INFO|Application_Start
2018-08-21 17:36:28.5973|Treasury.WebControllers.NavigationController|INFO|[NavigationController][MenuByUser]
2018-08-21 17:36:28.5973|Treasury.WebControllers.NavigationController|INFO|[NavigationController][MenuByUser]UserID:
2018-08-21 17:37:50.2822|Treasury.WebControllers.NavigationController|INFO|[NavigationController][MenuByUser]
2018-08-21 17:37:50.2822|Treasury.WebControllers.NavigationController|INFO|[NavigationController][MenuByUser]UserID:
2018-08-21 17:39:50.8426|Treasury.WebControllers.NavigationController|INFO|[NavigationController][MenuByUser]
2018-08-21 17:39:50.8426|Treasury.WebControllers.NavigationController|INFO|[NavigationController][MenuByUser]UserID:
2018-08-21 17:40:26.3282|Treasury.WebControllers.NavigationController|INFO|[NavigationController][MenuByUser]
2018-08-21 17:40:26.3282|Treasury.WebControllers.NavigationController|INFO|[NavigationController][MenuByUser]UserID:
2018-08-21 17:40:27.9592|Treasury.WebControllers.NavigationController|INFO|[NavigationController][MenuByUser]
2018-08-21 17:40:27.9592|Treasury.WebControllers.NavigationController|INFO|[NavigationController][MenuByUser]UserID:
2018-08-21 17:45:34.4555|Treasury.Web.MvcApplication|INFO|Application_Start
2018-08-21 17:45:37.3828|Treasury.WebControllers.NavigationController|INFO|[NavigationController][MenuByUser]
2018-08-21 17:45:37.3828|Treasury.WebControllers.NavigationController|INFO|[NavigationController][MenuByUser]UserID:
2018-08-21 17:46:11.1274|Treasury.Web.MvcApplication|INFO|Application_Start
2018-08-21 17:46:12.9493|Treasury.WebControllers.NavigationController|INFO|[NavigationController][MenuByUser]
2018-08-21 17:46:12.9493|Treasury.WebControllers.NavigationController|INFO|[NavigationController][MenuByUser]UserID:
