2018-08-29 09:34:43.5568|Treasury.Web.MvcApplication|INFO|Application_Start
2018-08-29 09:34:51.2040|Treasury.WebControllers.NavigationController|INFO|[NavigationController][MenuByUser]
2018-08-29 09:34:51.2040|Treasury.WebControllers.NavigationController|INFO|[NavigationController][MenuByUser]UserID:
2018-08-29 09:40:26.4695|Treasury.WebControllers.NavigationController|INFO|[NavigationController][MenuByUser]
2018-08-29 09:40:26.4695|Treasury.WebControllers.NavigationController|INFO|[NavigationController][MenuByUser]UserID:
2018-08-29 09:42:47.1371|Treasury.WebControllers.NavigationController|INFO|[NavigationController][MenuByUser]
2018-08-29 09:42:47.1371|Treasury.WebControllers.NavigationController|INFO|[NavigationController][MenuByUser]UserID:
2018-08-29 09:49:29.6534|Treasury.WebControllers.NavigationController|INFO|[NavigationController][MenuByUser]
2018-08-29 09:49:29.6534|Treasury.WebControllers.NavigationController|INFO|[NavigationController][MenuByUser]UserID:
2018-08-29 09:51:56.6986|Treasury.WebControllers.NavigationController|INFO|[NavigationController][MenuByUser]
2018-08-29 09:51:56.6986|Treasury.WebControllers.NavigationController|INFO|[NavigationController][MenuByUser]UserID:
2018-08-29 09:53:43.4354|Treasury.WebControllers.NavigationController|INFO|[NavigationController][MenuByUser]
2018-08-29 09:53:43.4354|Treasury.WebControllers.NavigationController|INFO|[NavigationController][MenuByUser]UserID:
2018-08-29 09:54:01.0337|Treasury.WebControllers.NavigationController|INFO|[NavigationController][MenuByUser]
2018-08-29 09:54:01.0337|Treasury.WebControllers.NavigationController|INFO|[NavigationController][MenuByUser]UserID:
2018-08-29 10:02:05.5185|Treasury.WebControllers.NavigationController|INFO|[NavigationController][MenuByUser]
2018-08-29 10:02:05.5185|Treasury.WebControllers.NavigationController|INFO|[NavigationController][MenuByUser]UserID:
2018-08-29 10:04:54.2336|Treasury.WebControllers.NavigationController|INFO|[NavigationController][MenuByUser]
2018-08-29 10:04:54.2336|Treasury.WebControllers.NavigationController|INFO|[NavigationController][MenuByUser]UserID:
2018-08-29 10:05:22.5673|Treasury.WebControllers.NavigationController|INFO|[NavigationController][MenuByUser]
2018-08-29 10:05:22.5673|Treasury.WebControllers.NavigationController|INFO|[NavigationController][MenuByUser]UserID:
2018-08-29 10:07:02.0508|Treasury.WebControllers.NavigationController|INFO|[NavigationController][MenuByUser]
2018-08-29 10:07:02.0508|Treasury.WebControllers.NavigationController|INFO|[NavigationController][MenuByUser]UserID:
2018-08-29 10:12:05.2005|Treasury.WebControllers.NavigationController|INFO|[NavigationController][MenuByUser]
2018-08-29 10:12:05.2005|Treasury.WebControllers.NavigationController|INFO|[NavigationController][MenuByUser]UserID:
2018-08-29 10:21:08.3596|Treasury.WebControllers.NavigationController|INFO|[NavigationController][MenuByUser]
2018-08-29 10:21:08.3596|Treasury.WebControllers.NavigationController|INFO|[NavigationController][MenuByUser]UserID:
2018-08-29 10:21:45.6835|Treasury.WebControllers.NavigationController|INFO|[NavigationController][MenuByUser]
2018-08-29 10:21:45.6835|Treasury.WebControllers.NavigationController|INFO|[NavigationController][MenuByUser]UserID:
2018-08-29 10:23:17.1151|Treasury.WebControllers.NavigationController|INFO|[NavigationController][MenuByUser]
2018-08-29 10:23:17.1151|Treasury.WebControllers.NavigationController|INFO|[NavigationController][MenuByUser]UserID:
2018-08-29 10:24:20.9786|Treasury.WebControllers.NavigationController|INFO|[NavigationController][MenuByUser]
2018-08-29 10:24:20.9786|Treasury.WebControllers.NavigationController|INFO|[NavigationController][MenuByUser]UserID:
2018-08-29 10:24:40.8395|Treasury.WebControllers.NavigationController|INFO|[NavigationController][MenuByUser]
2018-08-29 10:24:40.8395|Treasury.WebControllers.NavigationController|INFO|[NavigationController][MenuByUser]UserID:
2018-08-29 10:25:01.7450|Treasury.Web.MvcApplication|INFO|Application_Start
2018-08-29 10:25:05.9808|Treasury.WebControllers.NavigationController|INFO|[NavigationController][MenuByUser]
2018-08-29 10:25:05.9808|Treasury.WebControllers.NavigationController|INFO|[NavigationController][MenuByUser]UserID:
2018-08-29 10:28:36.2004|Treasury.WebControllers.NavigationController|INFO|[NavigationController][MenuByUser]
2018-08-29 10:28:36.2004|Treasury.WebControllers.NavigationController|INFO|[NavigationController][MenuByUser]UserID:
2018-08-29 10:29:14.9248|Treasury.WebControllers.NavigationController|INFO|[NavigationController][MenuByUser]
2018-08-29 10:29:14.9248|Treasury.WebControllers.NavigationController|INFO|[NavigationController][MenuByUser]UserID:
2018-08-29 10:32:49.2077|Treasury.WebControllers.NavigationController|INFO|[NavigationController][MenuByUser]
2018-08-29 10:32:49.2077|Treasury.WebControllers.NavigationController|INFO|[NavigationController][MenuByUser]UserID:
2018-08-29 10:35:27.4550|Treasury.WebControllers.NavigationController|INFO|[NavigationController][MenuByUser]
2018-08-29 10:35:27.4550|Treasury.WebControllers.NavigationController|INFO|[NavigationController][MenuByUser]UserID:
2018-08-29 10:35:57.5913|Treasury.WebControllers.NavigationController|INFO|[NavigationController][MenuByUser]
2018-08-29 10:35:57.5913|Treasury.WebControllers.NavigationController|INFO|[NavigationController][MenuByUser]UserID:
2018-08-29 10:37:02.4705|Treasury.WebControllers.NavigationController|INFO|[NavigationController][MenuByUser]
2018-08-29 10:37:02.4705|Treasury.WebControllers.NavigationController|INFO|[NavigationController][MenuByUser]UserID:
2018-08-29 11:06:53.1499|Treasury.WebControllers.NavigationController|INFO|[NavigationController][MenuByUser]
2018-08-29 11:06:53.1509|Treasury.WebControllers.NavigationController|INFO|[NavigationController][MenuByUser]UserID:
2018-08-29 11:07:11.9372|Treasury.WebControllers.NavigationController|INFO|[NavigationController][MenuByUser]
2018-08-29 11:07:11.9372|Treasury.WebControllers.NavigationController|INFO|[NavigationController][MenuByUser]UserID:
2018-08-29 11:07:31.2211|Treasury.WebControllers.NavigationController|INFO|[NavigationController][MenuByUser]
2018-08-29 11:07:31.2211|Treasury.WebControllers.NavigationController|INFO|[NavigationController][MenuByUser]UserID:
2018-08-29 11:07:52.6268|Treasury.WebControllers.NavigationController|INFO|[NavigationController][MenuByUser]
2018-08-29 11:07:52.6268|Treasury.WebControllers.NavigationController|INFO|[NavigationController][MenuByUser]UserID:
2018-08-29 11:08:17.3919|Treasury.WebControllers.NavigationController|INFO|[NavigationController][MenuByUser]
2018-08-29 11:08:17.3919|Treasury.WebControllers.NavigationController|INFO|[NavigationController][MenuByUser]UserID:
2018-08-29 11:08:32.1535|Treasury.WebControllers.NavigationController|INFO|[NavigationController][MenuByUser]
2018-08-29 11:08:32.1535|Treasury.WebControllers.NavigationController|INFO|[NavigationController][MenuByUser]UserID:
2018-08-29 11:12:57.3947|Treasury.WebControllers.NavigationController|INFO|[NavigationController][MenuByUser]
2018-08-29 11:12:57.3947|Treasury.WebControllers.NavigationController|INFO|[NavigationController][MenuByUser]UserID:
2018-08-29 11:14:07.9007|Treasury.WebControllers.NavigationController|INFO|[NavigationController][MenuByUser]
2018-08-29 11:14:07.9007|Treasury.WebControllers.NavigationController|INFO|[NavigationController][MenuByUser]UserID:
2018-08-29 11:15:19.0027|Treasury.WebControllers.NavigationController|INFO|[NavigationController][MenuByUser]
2018-08-29 11:15:19.0027|Treasury.WebControllers.NavigationController|INFO|[NavigationController][MenuByUser]UserID:
2018-08-29 11:15:52.4788|Treasury.Web.MvcApplication|INFO|Application_Start
2018-08-29 11:23:16.2603|Treasury.WebControllers.NavigationController|INFO|[NavigationController][MenuByUser]
2018-08-29 11:23:16.2603|Treasury.WebControllers.NavigationController|INFO|[NavigationController][MenuByUser]UserID:
2018-08-29 11:24:36.8799|Treasury.WebControllers.NavigationController|INFO|[NavigationController][MenuByUser]
2018-08-29 11:24:36.8799|Treasury.WebControllers.NavigationController|INFO|[NavigationController][MenuByUser]UserID:
2018-08-29 11:24:37.9324|Treasury.WebControllers.NavigationController|INFO|[NavigationController][MenuByUser]
2018-08-29 11:24:37.9324|Treasury.WebControllers.NavigationController|INFO|[NavigationController][MenuByUser]UserID:
2018-08-29 11:24:38.2176|Treasury.WebControllers.NavigationController|INFO|[NavigationController][MenuByUser]
2018-08-29 11:24:38.2176|Treasury.WebControllers.NavigationController|INFO|[NavigationController][MenuByUser]UserID:
2018-08-29 11:24:38.4326|Treasury.WebControllers.NavigationController|INFO|[NavigationController][MenuByUser]
2018-08-29 11:24:38.4326|Treasury.WebControllers.NavigationController|INFO|[NavigationController][MenuByUser]UserID:
2018-08-29 11:24:39.0092|Treasury.WebControllers.NavigationController|INFO|[NavigationController][MenuByUser]
2018-08-29 11:24:39.0102|Treasury.WebControllers.NavigationController|INFO|[NavigationController][MenuByUser]UserID:
2018-08-29 11:24:39.4150|Treasury.WebControllers.NavigationController|INFO|[NavigationController][MenuByUser]
2018-08-29 11:24:39.4160|Treasury.WebControllers.NavigationController|INFO|[NavigationController][MenuByUser]UserID:
2018-08-29 11:24:39.6608|Treasury.WebControllers.NavigationController|INFO|[NavigationController][MenuByUser]
2018-08-29 11:24:39.6608|Treasury.WebControllers.NavigationController|INFO|[NavigationController][MenuByUser]UserID:
2018-08-29 11:24:51.7789|Treasury.Web.MvcApplication|INFO|Application_Start
2018-08-29 11:24:55.0541|Treasury.WebControllers.NavigationController|INFO|[NavigationController][MenuByUser]
2018-08-29 11:24:55.0541|Treasury.WebControllers.NavigationController|INFO|[NavigationController][MenuByUser]UserID:
2018-08-29 11:25:33.2088|Treasury.WebControllers.NavigationController|INFO|[NavigationController][MenuByUser]
2018-08-29 11:25:33.2088|Treasury.WebControllers.NavigationController|INFO|[NavigationController][MenuByUser]UserID:
2018-08-29 11:26:47.9067|Treasury.WebControllers.NavigationController|INFO|[NavigationController][MenuByUser]
2018-08-29 11:26:47.9067|Treasury.WebControllers.NavigationController|INFO|[NavigationController][MenuByUser]UserID:
2018-08-29 11:50:02.3475|Treasury.WebControllers.NavigationController|INFO|[NavigationController][MenuByUser]
2018-08-29 11:50:02.3475|Treasury.WebControllers.NavigationController|INFO|[NavigationController][MenuByUser]UserID:
2018-08-29 11:58:37.1259|Treasury.WebControllers.NavigationController|INFO|[NavigationController][MenuByUser]
2018-08-29 11:58:37.1259|Treasury.WebControllers.NavigationController|INFO|[NavigationController][MenuByUser]UserID:
2018-08-29 11:58:56.6364|Treasury.WebControllers.NavigationController|INFO|[NavigationController][MenuByUser]
2018-08-29 11:58:56.6364|Treasury.WebControllers.NavigationController|INFO|[NavigationController][MenuByUser]UserID:
2018-08-29 12:00:11.5353|Treasury.WebControllers.NavigationController|INFO|[NavigationController][MenuByUser]
2018-08-29 12:00:11.5353|Treasury.WebControllers.NavigationController|INFO|[NavigationController][MenuByUser]UserID:
2018-08-29 12:00:48.5446|Treasury.WebControllers.NavigationController|INFO|[NavigationController][MenuByUser]
2018-08-29 12:00:48.5446|Treasury.WebControllers.NavigationController|INFO|[NavigationController][MenuByUser]UserID:
2018-08-29 12:02:28.0645|Treasury.WebControllers.NavigationController|INFO|[NavigationController][MenuByUser]
2018-08-29 12:02:28.0645|Treasury.WebControllers.NavigationController|INFO|[NavigationController][MenuByUser]UserID:
2018-08-29 12:07:22.9311|Treasury.WebControllers.NavigationController|INFO|[NavigationController][MenuByUser]
2018-08-29 12:07:22.9321|Treasury.WebControllers.NavigationController|INFO|[NavigationController][MenuByUser]UserID:
2018-08-29 13:26:47.5652|Treasury.WebControllers.NavigationController|INFO|[NavigationController][MenuByUser]
2018-08-29 13:26:47.5652|Treasury.WebControllers.NavigationController|INFO|[NavigationController][MenuByUser]UserID:
2018-08-29 13:29:01.3161|Treasury.WebControllers.NavigationController|INFO|[NavigationController][MenuByUser]
2018-08-29 13:29:01.3161|Treasury.WebControllers.NavigationController|INFO|[NavigationController][MenuByUser]UserID:
2018-08-29 13:33:25.9187|Treasury.WebControllers.NavigationController|INFO|[NavigationController][MenuByUser]
2018-08-29 13:33:25.9187|Treasury.WebControllers.NavigationController|INFO|[NavigationController][MenuByUser]UserID:
2018-08-29 13:36:12.2328|Treasury.WebControllers.NavigationController|INFO|[NavigationController][MenuByUser]
2018-08-29 13:36:12.2328|Treasury.WebControllers.NavigationController|INFO|[NavigationController][MenuByUser]UserID:
2018-08-29 13:39:35.2418|Treasury.Web.MvcApplication|INFO|Application_Start
2018-08-29 13:39:40.3749|Treasury.WebControllers.NavigationController|INFO|[NavigationController][MenuByUser]
2018-08-29 13:39:40.3749|Treasury.WebControllers.NavigationController|INFO|[NavigationController][MenuByUser]UserID:
2018-08-29 13:42:10.6233|Treasury.WebControllers.NavigationController|INFO|[NavigationController][MenuByUser]
2018-08-29 13:42:10.6233|Treasury.WebControllers.NavigationController|INFO|[NavigationController][MenuByUser]UserID:
2018-08-29 13:42:44.8976|Treasury.WebControllers.NavigationController|INFO|[NavigationController][MenuByUser]
2018-08-29 13:42:44.8976|Treasury.WebControllers.NavigationController|INFO|[NavigationController][MenuByUser]UserID:
2018-08-29 13:43:39.2852|Treasury.WebControllers.NavigationController|INFO|[NavigationController][MenuByUser]
2018-08-29 13:43:39.2852|Treasury.WebControllers.NavigationController|INFO|[NavigationController][MenuByUser]UserID:
2018-08-29 13:48:45.3269|Treasury.WebControllers.NavigationController|INFO|[NavigationController][MenuByUser]
2018-08-29 13:48:45.3269|Treasury.WebControllers.NavigationController|INFO|[NavigationController][MenuByUser]UserID:
2018-08-29 13:49:17.8641|Treasury.WebControllers.NavigationController|INFO|[NavigationController][MenuByUser]
2018-08-29 13:49:17.8641|Treasury.WebControllers.NavigationController|INFO|[NavigationController][MenuByUser]UserID:
2018-08-29 13:51:03.2934|Treasury.WebControllers.NavigationController|INFO|[NavigationController][MenuByUser]
2018-08-29 13:51:03.2934|Treasury.WebControllers.NavigationController|INFO|[NavigationController][MenuByUser]UserID:
2018-08-29 13:54:59.1804|Treasury.WebControllers.NavigationController|INFO|[NavigationController][MenuByUser]
2018-08-29 13:54:59.1814|Treasury.WebControllers.NavigationController|INFO|[NavigationController][MenuByUser]UserID:
2018-08-29 13:57:02.7163|Treasury.WebControllers.NavigationController|INFO|[NavigationController][MenuByUser]
2018-08-29 13:57:02.7163|Treasury.WebControllers.NavigationController|INFO|[NavigationController][MenuByUser]UserID:
2018-08-29 13:58:24.6660|Treasury.WebControllers.NavigationController|INFO|[NavigationController][MenuByUser]
2018-08-29 13:58:24.6660|Treasury.WebControllers.NavigationController|INFO|[NavigationController][MenuByUser]UserID:
2018-08-29 13:59:30.5711|Treasury.WebControllers.NavigationController|INFO|[NavigationController][MenuByUser]
2018-08-29 13:59:30.5720|Treasury.WebControllers.NavigationController|INFO|[NavigationController][MenuByUser]UserID:
2018-08-29 13:59:52.3865|Treasury.WebControllers.NavigationController|INFO|[NavigationController][MenuByUser]
2018-08-29 13:59:52.3865|Treasury.WebControllers.NavigationController|INFO|[NavigationController][MenuByUser]UserID:
2018-08-29 14:00:30.9713|Treasury.WebControllers.NavigationController|INFO|[NavigationController][MenuByUser]
2018-08-29 14:00:30.9713|Treasury.WebControllers.NavigationController|INFO|[NavigationController][MenuByUser]UserID:
2018-08-29 14:00:45.7457|Treasury.WebControllers.NavigationController|INFO|[NavigationController][MenuByUser]
2018-08-29 14:00:45.7457|Treasury.WebControllers.NavigationController|INFO|[NavigationController][MenuByUser]UserID:
2018-08-29 14:04:11.7998|Treasury.WebControllers.NavigationController|INFO|[NavigationController][MenuByUser]
2018-08-29 14:04:11.7998|Treasury.WebControllers.NavigationController|INFO|[NavigationController][MenuByUser]UserID:
2018-08-29 14:05:06.0675|Treasury.Web.MvcApplication|INFO|Application_Start
2018-08-29 14:05:10.0732|Treasury.WebControllers.NavigationController|INFO|[NavigationController][MenuByUser]
2018-08-29 14:05:10.0732|Treasury.WebControllers.NavigationController|INFO|[NavigationController][MenuByUser]UserID:
2018-08-29 14:07:28.5195|Treasury.WebControllers.NavigationController|INFO|[NavigationController][MenuByUser]
2018-08-29 14:07:28.5195|Treasury.WebControllers.NavigationController|INFO|[NavigationController][MenuByUser]UserID:
2018-08-29 14:08:56.0820|Treasury.WebControllers.NavigationController|INFO|[NavigationController][MenuByUser]
2018-08-29 14:08:56.0820|Treasury.WebControllers.NavigationController|INFO|[NavigationController][MenuByUser]UserID:
2018-08-29 14:10:06.3575|Treasury.WebControllers.NavigationController|INFO|[NavigationController][MenuByUser]
2018-08-29 14:10:06.3575|Treasury.WebControllers.NavigationController|INFO|[NavigationController][MenuByUser]UserID:
2018-08-29 14:10:06.3765|Treasury.WebControllers.NavigationController|INFO|[NavigationController][MenuByUser]
2018-08-29 14:10:06.3765|Treasury.WebControllers.NavigationController|INFO|[NavigationController][MenuByUser]UserID:
2018-08-29 14:13:06.3208|Treasury.WebControllers.NavigationController|INFO|[NavigationController][MenuByUser]
2018-08-29 14:13:06.3208|Treasury.WebControllers.NavigationController|INFO|[NavigationController][MenuByUser]UserID:
2018-08-29 14:15:44.0189|Treasury.WebControllers.NavigationController|INFO|[NavigationController][MenuByUser]
2018-08-29 14:15:44.0189|Treasury.WebControllers.NavigationController|INFO|[NavigationController][MenuByUser]UserID:
2018-08-29 14:19:11.3645|Treasury.Web.MvcApplication|INFO|Application_Start
2018-08-29 14:19:17.7728|Treasury.WebControllers.NavigationController|INFO|[NavigationController][MenuByUser]
2018-08-29 14:19:17.7728|Treasury.WebControllers.NavigationController|INFO|[NavigationController][MenuByUser]UserID:
2018-08-29 14:19:21.5236|Treasury.Web.Controllers.AccountController|INFO|[AccountController][Login]UserId:b0542
2018-08-29 14:19:21.5236|Treasury.Web.Controllers.AccountController|INFO|[AccountController][Login]IsValid
2018-08-29 14:19:23.7013|Treasury.Web.Controllers.AccountController|INFO|[Login]finally：B0542
2018-08-29 14:19:23.9282|Treasury.WebControllers.NavigationController|INFO|[NavigationController][MenuByUser]
2018-08-29 14:19:23.9282|Treasury.WebControllers.NavigationController|INFO|[NavigationController][MenuByUser]UserID:B0542
2018-08-29 14:19:23.9562|Treasury.WebControllers.NavigationController|INFO|[NavigationController][MenuByUser]dr[2].ToString():管理作業
2018-08-29 14:19:23.9562|Treasury.WebControllers.NavigationController|INFO|[NavigationController][MenuByUser]dr[2].ToString():系統功能維護作業
2018-08-29 14:19:23.9562|Treasury.WebControllers.NavigationController|INFO|[NavigationController][MenuByUser]dr[2].ToString():角色維護作業
2018-08-29 14:19:23.9562|Treasury.WebControllers.NavigationController|INFO|[NavigationController][MenuByUser]dr[2].ToString():使用者維護作業
2018-08-29 14:19:23.9562|Treasury.WebControllers.NavigationController|INFO|[NavigationController][MenuByUser]dr[2].ToString():角色權限覆核作業
2018-08-29 14:19:23.9562|Treasury.WebControllers.NavigationController|INFO|[NavigationController][MenuByUser]dr[2].ToString():使用者權限覆核作業
2018-08-29 14:19:23.9562|Treasury.WebControllers.NavigationController|INFO|[NavigationController][MenuByUser]dr[2].ToString():權限報表
2018-08-29 14:19:23.9562|Treasury.WebControllers.NavigationController|INFO|[NavigationController][MenuByUser]dr[2].ToString():金庫物品保管作業
2018-08-29 14:19:23.9562|Treasury.WebControllers.NavigationController|INFO|[NavigationController][MenuByUser]dr[2].ToString():金庫物品存取申請作業
2018-08-29 14:19:23.9562|Treasury.WebControllers.NavigationController|INFO|[NavigationController][MenuByUser]dr[2].ToString():金庫物品存取覆核作業
2018-08-29 14:19:23.9562|Treasury.WebControllers.NavigationController|INFO|[NavigationController][MenuByUser]dr[2].ToString():執行開庫作業
2018-08-29 14:19:23.9632|Treasury.WebControllers.NavigationController|INFO|[NavigationController][MenuByUser]dr[2].ToString():指定時間開庫作業
2018-08-29 14:19:33.2808|Treasury.WebControllers.NavigationController|INFO|[NavigationController][MenuByUser]
2018-08-29 14:19:33.2808|Treasury.WebControllers.NavigationController|INFO|[NavigationController][MenuByUser]UserID:B0542
2018-08-29 14:19:33.2808|Treasury.WebControllers.NavigationController|INFO|[NavigationController][MenuByUser]menuSystem.Collections.Generic.List`1[Treasury.WebViewModels.MenuModel]
2018-08-29 14:25:03.9753|Treasury.Web.MvcApplication|INFO|Application_Start
2018-08-29 14:25:09.7919|Treasury.WebControllers.NavigationController|INFO|[NavigationController][MenuByUser]
2018-08-29 14:25:09.7919|Treasury.WebControllers.NavigationController|INFO|[NavigationController][MenuByUser]UserID:
2018-08-29 14:25:12.7982|Treasury.Web.Controllers.AccountController|INFO|[AccountController][Login]UserId:B0542
2018-08-29 14:25:12.7982|Treasury.Web.Controllers.AccountController|INFO|[AccountController][Login]IsValid
2018-08-29 14:25:14.8230|Treasury.Web.Controllers.AccountController|INFO|[Login]finally：B0542
2018-08-29 14:25:15.0429|Treasury.WebControllers.NavigationController|INFO|[NavigationController][MenuByUser]
2018-08-29 14:25:15.0429|Treasury.WebControllers.NavigationController|INFO|[NavigationController][MenuByUser]UserID:B0542
2018-08-29 14:25:15.0429|Treasury.WebControllers.NavigationController|INFO|[NavigationController][MenuByUser]dr[2].ToString():管理作業
2018-08-29 14:25:15.0429|Treasury.WebControllers.NavigationController|INFO|[NavigationController][MenuByUser]dr[2].ToString():系統功能維護作業
2018-08-29 14:25:15.0429|Treasury.WebControllers.NavigationController|INFO|[NavigationController][MenuByUser]dr[2].ToString():角色維護作業
2018-08-29 14:25:15.0429|Treasury.WebControllers.NavigationController|INFO|[NavigationController][MenuByUser]dr[2].ToString():使用者維護作業
2018-08-29 14:25:15.0429|Treasury.WebControllers.NavigationController|INFO|[NavigationController][MenuByUser]dr[2].ToString():角色權限覆核作業
2018-08-29 14:25:15.0429|Treasury.WebControllers.NavigationController|INFO|[NavigationController][MenuByUser]dr[2].ToString():使用者權限覆核作業
2018-08-29 14:25:15.0429|Treasury.WebControllers.NavigationController|INFO|[NavigationController][MenuByUser]dr[2].ToString():權限報表
2018-08-29 14:25:15.0429|Treasury.WebControllers.NavigationController|INFO|[NavigationController][MenuByUser]dr[2].ToString():金庫物品保管作業
2018-08-29 14:25:15.0429|Treasury.WebControllers.NavigationController|INFO|[NavigationController][MenuByUser]dr[2].ToString():金庫物品存取申請作業
2018-08-29 14:25:15.0429|Treasury.WebControllers.NavigationController|INFO|[NavigationController][MenuByUser]dr[2].ToString():金庫物品存取覆核作業
2018-08-29 14:25:15.0429|Treasury.WebControllers.NavigationController|INFO|[NavigationController][MenuByUser]dr[2].ToString():執行開庫作業
2018-08-29 14:25:15.0429|Treasury.WebControllers.NavigationController|INFO|[NavigationController][MenuByUser]dr[2].ToString():指定時間開庫作業
2018-08-29 14:25:17.0927|Treasury.WebControllers.NavigationController|INFO|[NavigationController][MenuByUser]
2018-08-29 14:25:17.0927|Treasury.WebControllers.NavigationController|INFO|[NavigationController][MenuByUser]UserID:B0542
2018-08-29 14:25:17.0927|Treasury.WebControllers.NavigationController|INFO|[NavigationController][MenuByUser]menuSystem.Collections.Generic.List`1[Treasury.WebViewModels.MenuModel]
2018-08-29 14:26:04.7812|Treasury.Web.MvcApplication|INFO|Application_Start
2018-08-29 14:26:08.3572|Treasury.WebControllers.NavigationController|INFO|[NavigationController][MenuByUser]
2018-08-29 14:26:08.3572|Treasury.WebControllers.NavigationController|INFO|[NavigationController][MenuByUser]UserID:
2018-08-29 14:26:10.9827|Treasury.Web.Controllers.AccountController|INFO|[AccountController][Login]UserId:b0542
2018-08-29 14:26:10.9827|Treasury.Web.Controllers.AccountController|INFO|[AccountController][Login]IsValid
2018-08-29 14:26:13.6681|Treasury.Web.Controllers.AccountController|INFO|[Login]finally：B0542
2018-08-29 14:26:13.6971|Treasury.WebControllers.NavigationController|INFO|[NavigationController][MenuByUser]
2018-08-29 14:26:13.6971|Treasury.WebControllers.NavigationController|INFO|[NavigationController][MenuByUser]UserID:B0542
2018-08-29 14:26:13.6971|Treasury.WebControllers.NavigationController|INFO|[NavigationController][MenuByUser]dr[2].ToString():管理作業
2018-08-29 14:26:13.6971|Treasury.WebControllers.NavigationController|INFO|[NavigationController][MenuByUser]dr[2].ToString():系統功能維護作業
2018-08-29 14:26:13.6971|Treasury.WebControllers.NavigationController|INFO|[NavigationController][MenuByUser]dr[2].ToString():角色維護作業
2018-08-29 14:26:13.6971|Treasury.WebControllers.NavigationController|INFO|[NavigationController][MenuByUser]dr[2].ToString():使用者維護作業
2018-08-29 14:26:13.6971|Treasury.WebControllers.NavigationController|INFO|[NavigationController][MenuByUser]dr[2].ToString():角色權限覆核作業
2018-08-29 14:26:13.6971|Treasury.WebControllers.NavigationController|INFO|[NavigationController][MenuByUser]dr[2].ToString():使用者權限覆核作業
2018-08-29 14:26:13.6971|Treasury.WebControllers.NavigationController|INFO|[NavigationController][MenuByUser]dr[2].ToString():權限報表
2018-08-29 14:26:13.6971|Treasury.WebControllers.NavigationController|INFO|[NavigationController][MenuByUser]dr[2].ToString():金庫物品保管作業
2018-08-29 14:26:13.6971|Treasury.WebControllers.NavigationController|INFO|[NavigationController][MenuByUser]dr[2].ToString():金庫物品存取申請作業
2018-08-29 14:26:13.6971|Treasury.WebControllers.NavigationController|INFO|[NavigationController][MenuByUser]dr[2].ToString():金庫物品存取覆核作業
2018-08-29 14:26:13.6971|Treasury.WebControllers.NavigationController|INFO|[NavigationController][MenuByUser]dr[2].ToString():執行開庫作業
2018-08-29 14:26:13.6971|Treasury.WebControllers.NavigationController|INFO|[NavigationController][MenuByUser]dr[2].ToString():指定時間開庫作業
2018-08-29 14:26:16.0737|Treasury.WebControllers.NavigationController|INFO|[NavigationController][MenuByUser]
2018-08-29 14:26:16.0737|Treasury.WebControllers.NavigationController|INFO|[NavigationController][MenuByUser]UserID:B0542
2018-08-29 14:26:16.0737|Treasury.WebControllers.NavigationController|INFO|[NavigationController][MenuByUser]menuSystem.Collections.Generic.List`1[Treasury.WebViewModels.MenuModel]
2018-08-29 14:31:46.5598|Treasury.Web.MvcApplication|INFO|Application_Start
2018-08-29 14:31:52.6903|Treasury.WebControllers.NavigationController|INFO|[NavigationController][MenuByUser]
2018-08-29 14:31:52.6903|Treasury.WebControllers.NavigationController|INFO|[NavigationController][MenuByUser]UserID:
2018-08-29 14:31:56.7410|Treasury.Web.Controllers.AccountController|INFO|[AccountController][Login]UserId:b0542
2018-08-29 14:31:56.7410|Treasury.Web.Controllers.AccountController|INFO|[AccountController][Login]IsValid
2018-08-29 14:31:58.9227|Treasury.Web.Controllers.AccountController|INFO|[Login]finally：B0542
2018-08-29 14:31:59.1775|Treasury.WebControllers.NavigationController|INFO|[NavigationController][MenuByUser]
2018-08-29 14:31:59.1775|Treasury.WebControllers.NavigationController|INFO|[NavigationController][MenuByUser]UserID:B0542
2018-08-29 14:31:59.1845|Treasury.WebControllers.NavigationController|INFO|[NavigationController][MenuByUser]dr[2].ToString():管理作業
2018-08-29 14:31:59.1845|Treasury.WebControllers.NavigationController|INFO|[NavigationController][MenuByUser]dr[2].ToString():系統功能維護作業
2018-08-29 14:31:59.1845|Treasury.WebControllers.NavigationController|INFO|[NavigationController][MenuByUser]dr[2].ToString():角色維護作業
2018-08-29 14:31:59.1845|Treasury.WebControllers.NavigationController|INFO|[NavigationController][MenuByUser]dr[2].ToString():使用者維護作業
2018-08-29 14:31:59.1845|Treasury.WebControllers.NavigationController|INFO|[NavigationController][MenuByUser]dr[2].ToString():角色權限覆核作業
2018-08-29 14:31:59.1845|Treasury.WebControllers.NavigationController|INFO|[NavigationController][MenuByUser]dr[2].ToString():使用者權限覆核作業
2018-08-29 14:31:59.1845|Treasury.WebControllers.NavigationController|INFO|[NavigationController][MenuByUser]dr[2].ToString():權限報表
2018-08-29 14:31:59.1845|Treasury.WebControllers.NavigationController|INFO|[NavigationController][MenuByUser]dr[2].ToString():金庫物品保管作業
2018-08-29 14:31:59.1845|Treasury.WebControllers.NavigationController|INFO|[NavigationController][MenuByUser]dr[2].ToString():金庫物品存取申請作業
2018-08-29 14:31:59.1845|Treasury.WebControllers.NavigationController|INFO|[NavigationController][MenuByUser]dr[2].ToString():金庫物品存取覆核作業
2018-08-29 14:31:59.1845|Treasury.WebControllers.NavigationController|INFO|[NavigationController][MenuByUser]dr[2].ToString():執行開庫作業
2018-08-29 14:31:59.1845|Treasury.WebControllers.NavigationController|INFO|[NavigationController][MenuByUser]dr[2].ToString():指定時間開庫作業
2018-08-29 14:32:01.7571|Treasury.WebControllers.NavigationController|INFO|[NavigationController][MenuByUser]
2018-08-29 14:32:01.7571|Treasury.WebControllers.NavigationController|INFO|[NavigationController][MenuByUser]UserID:B0542
2018-08-29 14:32:01.7571|Treasury.WebControllers.NavigationController|INFO|[NavigationController][MenuByUser]menuSystem.Collections.Generic.List`1[Treasury.WebViewModels.MenuModel]
2018-08-29 14:34:37.8264|Treasury.Web.MvcApplication|INFO|Application_Start
2018-08-29 14:34:43.8020|Treasury.WebControllers.NavigationController|INFO|[NavigationController][MenuByUser]
2018-08-29 14:34:43.8020|Treasury.WebControllers.NavigationController|INFO|[NavigationController][MenuByUser]UserID:
2018-08-29 14:35:42.4551|Treasury.Web.MvcApplication|INFO|Application_Start
2018-08-29 14:35:46.1150|Treasury.WebControllers.NavigationController|INFO|[NavigationController][MenuByUser]
2018-08-29 14:35:46.1150|Treasury.WebControllers.NavigationController|INFO|[NavigationController][MenuByUser]UserID:
2018-08-29 14:36:53.6837|Treasury.Web.MvcApplication|INFO|Application_Start
2018-08-29 14:36:57.6814|Treasury.WebControllers.NavigationController|INFO|[NavigationController][MenuByUser]
2018-08-29 14:36:57.6814|Treasury.WebControllers.NavigationController|INFO|[NavigationController][MenuByUser]UserID:
2018-08-29 14:39:05.5387|Treasury.WebControllers.NavigationController|INFO|[NavigationController][MenuByUser]
2018-08-29 14:39:05.5387|Treasury.WebControllers.NavigationController|INFO|[NavigationController][MenuByUser]UserID:
2018-08-29 14:42:03.7520|Treasury.WebControllers.NavigationController|INFO|[NavigationController][MenuByUser]
2018-08-29 14:42:03.7520|Treasury.WebControllers.NavigationController|INFO|[NavigationController][MenuByUser]UserID:
2018-08-29 14:44:38.3429|Treasury.WebControllers.NavigationController|INFO|[NavigationController][MenuByUser]
2018-08-29 14:44:38.3429|Treasury.WebControllers.NavigationController|INFO|[NavigationController][MenuByUser]UserID:
2018-08-29 14:47:55.3684|Treasury.WebControllers.NavigationController|INFO|[NavigationController][MenuByUser]
2018-08-29 14:47:55.3694|Treasury.WebControllers.NavigationController|INFO|[NavigationController][MenuByUser]UserID:
2018-08-29 14:48:35.3253|Treasury.WebControllers.NavigationController|INFO|[NavigationController][MenuByUser]
2018-08-29 14:48:35.3253|Treasury.WebControllers.NavigationController|INFO|[NavigationController][MenuByUser]UserID:
2018-08-29 14:49:52.1181|Treasury.WebControllers.NavigationController|INFO|[NavigationController][MenuByUser]
2018-08-29 14:49:52.1191|Treasury.WebControllers.NavigationController|INFO|[NavigationController][MenuByUser]UserID:
2018-08-29 14:52:42.0632|Treasury.Web.MvcApplication|INFO|Application_Start
2018-08-29 14:52:47.2422|Treasury.WebControllers.NavigationController|INFO|[NavigationController][MenuByUser]
2018-08-29 14:52:47.2422|Treasury.WebControllers.NavigationController|INFO|[NavigationController][MenuByUser]UserID:
2018-08-29 14:56:25.4635|Treasury.Web.MvcApplication|INFO|Application_Start
2018-08-29 14:56:28.2798|Treasury.WebControllers.NavigationController|INFO|[NavigationController][MenuByUser]
2018-08-29 14:56:28.2798|Treasury.WebControllers.NavigationController|INFO|[NavigationController][MenuByUser]UserID:
2018-08-29 14:56:34.5033|Treasury.Web.Controllers.AccountController|INFO|[AccountController][Login]UserId:b0542
2018-08-29 14:56:34.5033|Treasury.Web.Controllers.AccountController|INFO|[AccountController][Login]IsValid
2018-08-29 14:56:36.3132|Treasury.Web.Controllers.AccountController|INFO|[Login]finally：B0542
2018-08-29 14:56:36.3462|Treasury.WebControllers.NavigationController|INFO|[NavigationController][MenuByUser]
2018-08-29 14:56:36.3462|Treasury.WebControllers.NavigationController|INFO|[NavigationController][MenuByUser]UserID:B0542
2018-08-29 14:56:36.3462|Treasury.WebControllers.NavigationController|INFO|[NavigationController][MenuByUser]dr[2].ToString():管理作業
2018-08-29 14:56:36.3462|Treasury.WebControllers.NavigationController|INFO|[NavigationController][MenuByUser]dr[2].ToString():系統功能維護作業
2018-08-29 14:56:36.3532|Treasury.WebControllers.NavigationController|INFO|[NavigationController][MenuByUser]dr[2].ToString():角色維護作業
2018-08-29 14:56:36.3532|Treasury.WebControllers.NavigationController|INFO|[NavigationController][MenuByUser]dr[2].ToString():使用者維護作業
2018-08-29 14:56:36.3532|Treasury.WebControllers.NavigationController|INFO|[NavigationController][MenuByUser]dr[2].ToString():角色權限覆核作業
2018-08-29 14:56:36.3532|Treasury.WebControllers.NavigationController|INFO|[NavigationController][MenuByUser]dr[2].ToString():使用者權限覆核作業
2018-08-29 14:56:36.3532|Treasury.WebControllers.NavigationController|INFO|[NavigationController][MenuByUser]dr[2].ToString():權限報表
2018-08-29 14:56:36.3532|Treasury.WebControllers.NavigationController|INFO|[NavigationController][MenuByUser]dr[2].ToString():金庫物品保管作業
2018-08-29 14:56:36.3532|Treasury.WebControllers.NavigationController|INFO|[NavigationController][MenuByUser]dr[2].ToString():金庫物品存取申請作業
2018-08-29 14:56:36.3532|Treasury.WebControllers.NavigationController|INFO|[NavigationController][MenuByUser]dr[2].ToString():金庫物品存取覆核作業
2018-08-29 14:56:36.3532|Treasury.WebControllers.NavigationController|INFO|[NavigationController][MenuByUser]dr[2].ToString():執行開庫作業
2018-08-29 14:56:36.3532|Treasury.WebControllers.NavigationController|INFO|[NavigationController][MenuByUser]dr[2].ToString():指定時間開庫作業
2018-08-29 14:56:38.8348|Treasury.WebControllers.NavigationController|INFO|[NavigationController][MenuByUser]
2018-08-29 14:56:38.8348|Treasury.WebControllers.NavigationController|INFO|[NavigationController][MenuByUser]UserID:B0542
2018-08-29 14:56:38.8348|Treasury.WebControllers.NavigationController|INFO|[NavigationController][MenuByUser]menuSystem.Collections.Generic.List`1[Treasury.WebViewModels.MenuModel]
2018-08-29 15:00:32.1739|Treasury.Web.MvcApplication|INFO|Application_Start
2018-08-29 15:00:37.5917|Treasury.WebControllers.NavigationController|INFO|[NavigationController][MenuByUser]
2018-08-29 15:00:37.5917|Treasury.WebControllers.NavigationController|INFO|[NavigationController][MenuByUser]UserID:
2018-08-29 16:39:16.4305|Treasury.Web.MvcApplication|INFO|Application_Start
2018-08-29 16:39:22.7589|Treasury.WebControllers.NavigationController|INFO|[NavigationController][MenuByUser]
2018-08-29 16:39:22.7609|Treasury.WebControllers.NavigationController|INFO|[NavigationController][MenuByUser]UserID:
2018-08-29 16:41:16.9116|Treasury.Web.MvcApplication|INFO|Application_Start
2018-08-29 16:41:19.4822|Treasury.WebControllers.NavigationController|INFO|[NavigationController][MenuByUser]
2018-08-29 16:41:19.4822|Treasury.WebControllers.NavigationController|INFO|[NavigationController][MenuByUser]UserID:
2018-08-29 16:41:23.7597|Treasury.Web.Controllers.AccountController|INFO|[AccountController][Login]UserId:b0542
2018-08-29 16:41:23.7597|Treasury.Web.Controllers.AccountController|INFO|[AccountController][Login]IsValid
2018-08-29 16:41:25.5986|Treasury.Web.Controllers.AccountController|INFO|[Login]finally：B0542
2018-08-29 16:41:25.6346|Treasury.WebControllers.NavigationController|INFO|[NavigationController][MenuByUser]
2018-08-29 16:41:25.6346|Treasury.WebControllers.NavigationController|INFO|[NavigationController][MenuByUser]UserID:B0542
2018-08-29 16:41:25.6346|Treasury.WebControllers.NavigationController|INFO|[NavigationController][MenuByUser]dr[2].ToString():管理作業
2018-08-29 16:41:25.6346|Treasury.WebControllers.NavigationController|INFO|[NavigationController][MenuByUser]dr[2].ToString():系統功能維護作業
2018-08-29 16:41:25.6346|Treasury.WebControllers.NavigationController|INFO|[NavigationController][MenuByUser]dr[2].ToString():角色維護作業
2018-08-29 16:41:25.6346|Treasury.WebControllers.NavigationController|INFO|[NavigationController][MenuByUser]dr[2].ToString():使用者維護作業
2018-08-29 16:41:25.6346|Treasury.WebControllers.NavigationController|INFO|[NavigationController][MenuByUser]dr[2].ToString():角色權限覆核作業
2018-08-29 16:41:25.6346|Treasury.WebControllers.NavigationController|INFO|[NavigationController][MenuByUser]dr[2].ToString():使用者權限覆核作業
2018-08-29 16:41:25.6346|Treasury.WebControllers.NavigationController|INFO|[NavigationController][MenuByUser]dr[2].ToString():權限報表
2018-08-29 16:41:25.6346|Treasury.WebControllers.NavigationController|INFO|[NavigationController][MenuByUser]dr[2].ToString():金庫物品保管作業
2018-08-29 16:41:25.6346|Treasury.WebControllers.NavigationController|INFO|[NavigationController][MenuByUser]dr[2].ToString():金庫物品存取申請作業
2018-08-29 16:41:25.6346|Treasury.WebControllers.NavigationController|INFO|[NavigationController][MenuByUser]dr[2].ToString():金庫物品存取覆核作業
2018-08-29 16:41:25.6346|Treasury.WebControllers.NavigationController|INFO|[NavigationController][MenuByUser]dr[2].ToString():執行開庫作業
2018-08-29 16:41:25.6346|Treasury.WebControllers.NavigationController|INFO|[NavigationController][MenuByUser]dr[2].ToString():指定時間開庫作業
2018-08-29 16:41:28.1156|Treasury.WebControllers.NavigationController|INFO|[NavigationController][MenuByUser]
2018-08-29 16:41:28.1156|Treasury.WebControllers.NavigationController|INFO|[NavigationController][MenuByUser]UserID:B0542
2018-08-29 16:41:28.1156|Treasury.WebControllers.NavigationController|INFO|[NavigationController][MenuByUser]menuSystem.Collections.Generic.List`1[Treasury.WebViewModels.MenuModel]
2018-08-29 16:44:23.8486|Treasury.WebControllers.NavigationController|INFO|[NavigationController][MenuByUser]
2018-08-29 16:44:23.8486|Treasury.WebControllers.NavigationController|INFO|[NavigationController][MenuByUser]UserID:B0542
2018-08-29 16:44:23.8486|Treasury.WebControllers.NavigationController|INFO|[NavigationController][MenuByUser]menuSystem.Collections.Generic.List`1[Treasury.WebViewModels.MenuModel]
2018-08-29 16:45:05.9004|Treasury.Web.MvcApplication|INFO|Application_Start
2018-08-29 16:45:10.4178|Treasury.WebControllers.NavigationController|INFO|[NavigationController][MenuByUser]
2018-08-29 16:45:10.4178|Treasury.WebControllers.NavigationController|INFO|[NavigationController][MenuByUser]UserID:
2018-08-29 16:47:19.0926|Treasury.Web.MvcApplication|INFO|Application_Start
2018-08-29 16:47:21.8670|Treasury.WebControllers.NavigationController|INFO|[NavigationController][MenuByUser]
2018-08-29 16:47:21.8670|Treasury.WebControllers.NavigationController|INFO|[NavigationController][MenuByUser]UserID:
2018-08-29 16:47:25.1781|Treasury.Web.Controllers.AccountController|INFO|[AccountController][Login]UserId:b0542
2018-08-29 16:47:25.1781|Treasury.Web.Controllers.AccountController|INFO|[AccountController][Login]IsValid
2018-08-29 16:47:27.0640|Treasury.Web.Controllers.AccountController|INFO|[Login]finally：B0542
2018-08-29 16:47:27.0960|Treasury.WebControllers.NavigationController|INFO|[NavigationController][MenuByUser]
2018-08-29 16:47:27.0960|Treasury.WebControllers.NavigationController|INFO|[NavigationController][MenuByUser]UserID:B0542
2018-08-29 16:47:27.0960|Treasury.WebControllers.NavigationController|INFO|[NavigationController][MenuByUser]dr[2].ToString():管理作業
2018-08-29 16:47:27.0960|Treasury.WebControllers.NavigationController|INFO|[NavigationController][MenuByUser]dr[2].ToString():系統功能維護作業
2018-08-29 16:47:27.1040|Treasury.WebControllers.NavigationController|INFO|[NavigationController][MenuByUser]dr[2].ToString():角色維護作業
2018-08-29 16:47:27.1040|Treasury.WebControllers.NavigationController|INFO|[NavigationController][MenuByUser]dr[2].ToString():使用者維護作業
2018-08-29 16:47:27.1040|Treasury.WebControllers.NavigationController|INFO|[NavigationController][MenuByUser]dr[2].ToString():角色權限覆核作業
2018-08-29 16:47:27.1040|Treasury.WebControllers.NavigationController|INFO|[NavigationController][MenuByUser]dr[2].ToString():使用者權限覆核作業
2018-08-29 16:47:27.1040|Treasury.WebControllers.NavigationController|INFO|[NavigationController][MenuByUser]dr[2].ToString():權限報表
2018-08-29 16:47:27.1040|Treasury.WebControllers.NavigationController|INFO|[NavigationController][MenuByUser]dr[2].ToString():金庫物品保管作業
2018-08-29 16:47:27.1040|Treasury.WebControllers.NavigationController|INFO|[NavigationController][MenuByUser]dr[2].ToString():金庫物品存取申請作業
2018-08-29 16:47:27.1040|Treasury.WebControllers.NavigationController|INFO|[NavigationController][MenuByUser]dr[2].ToString():金庫物品存取覆核作業
2018-08-29 16:47:27.1040|Treasury.WebControllers.NavigationController|INFO|[NavigationController][MenuByUser]dr[2].ToString():執行開庫作業
2018-08-29 16:47:27.1040|Treasury.WebControllers.NavigationController|INFO|[NavigationController][MenuByUser]dr[2].ToString():指定時間開庫作業
2018-08-29 16:47:30.0233|Treasury.WebControllers.NavigationController|INFO|[NavigationController][MenuByUser]
2018-08-29 16:47:30.0233|Treasury.WebControllers.NavigationController|INFO|[NavigationController][MenuByUser]UserID:B0542
2018-08-29 16:47:30.0253|Treasury.WebControllers.NavigationController|INFO|[NavigationController][MenuByUser]menuSystem.Collections.Generic.List`1[Treasury.WebViewModels.MenuModel]
2018-08-29 16:59:00.7069|Treasury.Web.MvcApplication|INFO|Application_Start
2018-08-29 16:59:05.6275|Treasury.WebControllers.NavigationController|INFO|[NavigationController][MenuByUser]
2018-08-29 16:59:05.6275|Treasury.WebControllers.NavigationController|INFO|[NavigationController][MenuByUser]UserID:
2018-08-29 16:59:32.1146|Treasury.WebControllers.NavigationController|INFO|[NavigationController][MenuByUser]
2018-08-29 16:59:32.1146|Treasury.WebControllers.NavigationController|INFO|[NavigationController][MenuByUser]UserID:
2018-08-29 17:02:42.3268|Treasury.WebControllers.NavigationController|INFO|[NavigationController][MenuByUser]
2018-08-29 17:02:42.3268|Treasury.WebControllers.NavigationController|INFO|[NavigationController][MenuByUser]UserID:
2018-08-29 17:29:47.9731|Treasury.WebControllers.NavigationController|INFO|[NavigationController][MenuByUser]
2018-08-29 17:29:47.9731|Treasury.WebControllers.NavigationController|INFO|[NavigationController][MenuByUser]UserID:
2018-08-29 17:32:43.3623|Treasury.Web.MvcApplication|INFO|Application_Start
2018-08-29 17:32:49.3917|Treasury.WebControllers.NavigationController|INFO|[NavigationController][MenuByUser]
2018-08-29 17:32:49.3927|Treasury.WebControllers.NavigationController|INFO|[NavigationController][MenuByUser]UserID:
2018-08-29 17:33:34.5202|Treasury.Web.MvcApplication|INFO|Application_Start
2018-08-29 17:33:37.7747|Treasury.WebControllers.NavigationController|INFO|[NavigationController][MenuByUser]
2018-08-29 17:33:37.7747|Treasury.WebControllers.NavigationController|INFO|[NavigationController][MenuByUser]UserID:
2018-08-29 17:33:42.8535|Treasury.Web.Controllers.AccountController|INFO|[AccountController][Login]UserId:b0542
2018-08-29 17:33:42.8535|Treasury.Web.Controllers.AccountController|INFO|[AccountController][Login]IsValid
2018-08-29 17:33:45.7902|Treasury.Web.Controllers.AccountController|INFO|[Login]finally：B0542
2018-08-29 17:33:46.8077|Treasury.WebControllers.NavigationController|INFO|[NavigationController][MenuByUser]
2018-08-29 17:33:46.8077|Treasury.WebControllers.NavigationController|INFO|[NavigationController][MenuByUser]UserID:B0542
2018-08-29 17:33:46.8077|Treasury.WebControllers.NavigationController|INFO|[NavigationController][MenuByUser]dr[2].ToString():管理作業
2018-08-29 17:33:46.8077|Treasury.WebControllers.NavigationController|INFO|[NavigationController][MenuByUser]dr[2].ToString():系統功能維護作業
2018-08-29 17:33:46.8077|Treasury.WebControllers.NavigationController|INFO|[NavigationController][MenuByUser]dr[2].ToString():角色維護作業
2018-08-29 17:33:46.8077|Treasury.WebControllers.NavigationController|INFO|[NavigationController][MenuByUser]dr[2].ToString():使用者維護作業
2018-08-29 17:33:46.8077|Treasury.WebControllers.NavigationController|INFO|[NavigationController][MenuByUser]dr[2].ToString():角色權限覆核作業
2018-08-29 17:33:46.8077|Treasury.WebControllers.NavigationController|INFO|[NavigationController][MenuByUser]dr[2].ToString():使用者權限覆核作業
2018-08-29 17:33:46.8077|Treasury.WebControllers.NavigationController|INFO|[NavigationController][MenuByUser]dr[2].ToString():權限報表
2018-08-29 17:33:46.8077|Treasury.WebControllers.NavigationController|INFO|[NavigationController][MenuByUser]dr[2].ToString():金庫物品保管作業
2018-08-29 17:33:46.8077|Treasury.WebControllers.NavigationController|INFO|[NavigationController][MenuByUser]dr[2].ToString():金庫物品存取申請作業
2018-08-29 17:33:46.8077|Treasury.WebControllers.NavigationController|INFO|[NavigationController][MenuByUser]dr[2].ToString():金庫物品存取覆核作業
2018-08-29 17:33:46.8077|Treasury.WebControllers.NavigationController|INFO|[NavigationController][MenuByUser]dr[2].ToString():執行開庫作業
2018-08-29 17:33:46.8077|Treasury.WebControllers.NavigationController|INFO|[NavigationController][MenuByUser]dr[2].ToString():指定時間開庫作業
2018-08-29 17:33:49.0188|Treasury.WebControllers.NavigationController|INFO|[NavigationController][MenuByUser]
2018-08-29 17:33:49.0188|Treasury.WebControllers.NavigationController|INFO|[NavigationController][MenuByUser]UserID:B0542
2018-08-29 17:33:49.0188|Treasury.WebControllers.NavigationController|INFO|[NavigationController][MenuByUser]menuSystem.Collections.Generic.List`1[Treasury.WebViewModels.MenuModel]
2018-08-29 17:35:50.7977|Treasury.WebControllers.NavigationController|INFO|[NavigationController][MenuByUser]
2018-08-29 17:35:50.7977|Treasury.WebControllers.NavigationController|INFO|[NavigationController][MenuByUser]UserID:B0542
2018-08-29 17:35:50.7977|Treasury.WebControllers.NavigationController|INFO|[NavigationController][MenuByUser]menuSystem.Collections.Generic.List`1[Treasury.WebViewModels.MenuModel]
2018-08-29 17:36:31.8644|Treasury.WebControllers.NavigationController|INFO|[NavigationController][MenuByUser]
2018-08-29 17:36:31.8644|Treasury.WebControllers.NavigationController|INFO|[NavigationController][MenuByUser]UserID:B0542
2018-08-29 17:36:31.8644|Treasury.WebControllers.NavigationController|INFO|[NavigationController][MenuByUser]menuSystem.Collections.Generic.List`1[Treasury.WebViewModels.MenuModel]
2018-08-29 17:45:00.9153|Treasury.Web.MvcApplication|INFO|Application_Start
2018-08-29 17:45:07.3384|Treasury.WebControllers.NavigationController|INFO|[NavigationController][MenuByUser]
2018-08-29 17:45:07.3384|Treasury.WebControllers.NavigationController|INFO|[NavigationController][MenuByUser]UserID:
2018-08-29 17:45:12.5729|Treasury.Web.Controllers.AccountController|INFO|[AccountController][Login]UserId:b0542
2018-08-29 17:45:12.5729|Treasury.Web.Controllers.AccountController|INFO|[AccountController][Login]IsValid
2018-08-29 17:45:14.7209|Treasury.Web.Controllers.AccountController|INFO|[Login]finally：B0542
2018-08-29 17:45:14.9418|Treasury.WebControllers.NavigationController|INFO|[NavigationController][MenuByUser]
2018-08-29 17:45:14.9418|Treasury.WebControllers.NavigationController|INFO|[NavigationController][MenuByUser]UserID:B0542
2018-08-29 17:45:14.9518|Treasury.WebControllers.NavigationController|INFO|[NavigationController][MenuByUser]dr[2].ToString():管理作業
2018-08-29 17:45:14.9518|Treasury.WebControllers.NavigationController|INFO|[NavigationController][MenuByUser]dr[2].ToString():系統功能維護作業
2018-08-29 17:45:14.9518|Treasury.WebControllers.NavigationController|INFO|[NavigationController][MenuByUser]dr[2].ToString():角色維護作業
2018-08-29 17:45:14.9518|Treasury.WebControllers.NavigationController|INFO|[NavigationController][MenuByUser]dr[2].ToString():使用者維護作業
2018-08-29 17:45:14.9518|Treasury.WebControllers.NavigationController|INFO|[NavigationController][MenuByUser]dr[2].ToString():角色權限覆核作業
2018-08-29 17:45:14.9518|Treasury.WebControllers.NavigationController|INFO|[NavigationController][MenuByUser]dr[2].ToString():使用者權限覆核作業
2018-08-29 17:45:14.9518|Treasury.WebControllers.NavigationController|INFO|[NavigationController][MenuByUser]dr[2].ToString():權限報表
2018-08-29 17:45:14.9518|Treasury.WebControllers.NavigationController|INFO|[NavigationController][MenuByUser]dr[2].ToString():金庫物品保管作業
2018-08-29 17:45:14.9598|Treasury.WebControllers.NavigationController|INFO|[NavigationController][MenuByUser]dr[2].ToString():金庫物品存取申請作業
2018-08-29 17:45:14.9598|Treasury.WebControllers.NavigationController|INFO|[NavigationController][MenuByUser]dr[2].ToString():金庫物品存取覆核作業
2018-08-29 17:45:14.9598|Treasury.WebControllers.NavigationController|INFO|[NavigationController][MenuByUser]dr[2].ToString():執行開庫作業
2018-08-29 17:45:14.9598|Treasury.WebControllers.NavigationController|INFO|[NavigationController][MenuByUser]dr[2].ToString():指定時間開庫作業
2018-08-29 17:45:17.7544|Treasury.WebControllers.NavigationController|INFO|[NavigationController][MenuByUser]
2018-08-29 17:45:17.7544|Treasury.WebControllers.NavigationController|INFO|[NavigationController][MenuByUser]UserID:B0542
2018-08-29 17:45:17.7544|Treasury.WebControllers.NavigationController|INFO|[NavigationController][MenuByUser]menuSystem.Collections.Generic.List`1[Treasury.WebViewModels.MenuModel]
2018-08-29 17:51:04.1945|Treasury.Web.MvcApplication|INFO|Application_Start
2018-08-29 17:51:06.9241|Treasury.WebControllers.NavigationController|INFO|[NavigationController][MenuByUser]
2018-08-29 17:51:06.9241|Treasury.WebControllers.NavigationController|INFO|[NavigationController][MenuByUser]UserID:
2018-08-29 17:51:27.6072|Treasury.Web.Controllers.AccountController|INFO|[AccountController][Login]UserId:b0542
2018-08-29 17:51:27.6072|Treasury.Web.Controllers.AccountController|INFO|[AccountController][Login]IsValid
2018-08-29 17:51:30.3548|Treasury.Web.Controllers.AccountController|INFO|[Login]finally：B0542
2018-08-29 17:51:30.3928|Treasury.WebControllers.NavigationController|INFO|[NavigationController][MenuByUser]
2018-08-29 17:51:30.3928|Treasury.WebControllers.NavigationController|INFO|[NavigationController][MenuByUser]UserID:B0542
2018-08-29 17:51:30.3928|Treasury.WebControllers.NavigationController|INFO|[NavigationController][MenuByUser]dr[2].ToString():管理作業
2018-08-29 17:51:30.3928|Treasury.WebControllers.NavigationController|INFO|[NavigationController][MenuByUser]dr[2].ToString():系統功能維護作業
2018-08-29 17:51:30.4008|Treasury.WebControllers.NavigationController|INFO|[NavigationController][MenuByUser]dr[2].ToString():角色維護作業
2018-08-29 17:51:30.4008|Treasury.WebControllers.NavigationController|INFO|[NavigationController][MenuByUser]dr[2].ToString():使用者維護作業
2018-08-29 17:51:30.4008|Treasury.WebControllers.NavigationController|INFO|[NavigationController][MenuByUser]dr[2].ToString():角色權限覆核作業
2018-08-29 17:51:30.4008|Treasury.WebControllers.NavigationController|INFO|[NavigationController][MenuByUser]dr[2].ToString():使用者權限覆核作業
2018-08-29 17:51:30.4008|Treasury.WebControllers.NavigationController|INFO|[NavigationController][MenuByUser]dr[2].ToString():權限報表
2018-08-29 17:51:30.4008|Treasury.WebControllers.NavigationController|INFO|[NavigationController][MenuByUser]dr[2].ToString():金庫物品保管作業
2018-08-29 17:51:30.4008|Treasury.WebControllers.NavigationController|INFO|[NavigationController][MenuByUser]dr[2].ToString():金庫物品存取申請作業
2018-08-29 17:51:30.4008|Treasury.WebControllers.NavigationController|INFO|[NavigationController][MenuByUser]dr[2].ToString():金庫物品存取覆核作業
2018-08-29 17:51:30.4008|Treasury.WebControllers.NavigationController|INFO|[NavigationController][MenuByUser]dr[2].ToString():執行開庫作業
2018-08-29 17:51:30.4008|Treasury.WebControllers.NavigationController|INFO|[NavigationController][MenuByUser]dr[2].ToString():指定時間開庫作業
2018-08-29 17:51:33.1385|Treasury.WebControllers.NavigationController|INFO|[NavigationController][MenuByUser]
2018-08-29 17:51:33.1385|Treasury.WebControllers.NavigationController|INFO|[NavigationController][MenuByUser]UserID:B0542
2018-08-29 17:51:33.1385|Treasury.WebControllers.NavigationController|INFO|[NavigationController][MenuByUser]menuSystem.Collections.Generic.List`1[Treasury.WebViewModels.MenuModel]
