2018-08-27 09:09:26.5980|Treasury.Web.MvcApplication|INFO|Application_Start
2018-08-27 09:09:33.6480|Treasury.WebControllers.NavigationController|INFO|[NavigationController][MenuByUser]
2018-08-27 09:09:33.6480|Treasury.WebControllers.NavigationController|INFO|[NavigationController][MenuByUser]UserID:
2018-08-27 09:09:40.8798|Treasury.Web.Controllers.AccountController|INFO|[AccountController][Login]UserId:B0542
2018-08-27 09:09:40.8798|Treasury.Web.Controllers.AccountController|INFO|[AccountController][Login]IsValid
2018-08-27 09:09:43.1715|Treasury.Web.Controllers.AccountController|INFO|[Login]finally：B0542
2018-08-27 09:09:43.9233|Treasury.WebControllers.NavigationController|INFO|[NavigationController][MenuByUser]
2018-08-27 09:09:43.9233|Treasury.WebControllers.NavigationController|INFO|[NavigationController][MenuByUser]UserID:B0542
2018-08-27 09:09:43.9662|Treasury.WebControllers.NavigationController|INFO|[NavigationController][MenuByUser]dr[2].ToString():管理作業
2018-08-27 09:09:43.9662|Treasury.WebControllers.NavigationController|INFO|[NavigationController][MenuByUser]dr[2].ToString():系統功能維護作業
2018-08-27 09:09:43.9662|Treasury.WebControllers.NavigationController|INFO|[NavigationController][MenuByUser]dr[2].ToString():角色維護作業
2018-08-27 09:09:43.9662|Treasury.WebControllers.NavigationController|INFO|[NavigationController][MenuByUser]dr[2].ToString():使用者維護作業
2018-08-27 09:09:43.9662|Treasury.WebControllers.NavigationController|INFO|[NavigationController][MenuByUser]dr[2].ToString():角色權限覆核作業
2018-08-27 09:09:43.9662|Treasury.WebControllers.NavigationController|INFO|[NavigationController][MenuByUser]dr[2].ToString():使用者權限覆核作業
2018-08-27 09:09:43.9662|Treasury.WebControllers.NavigationController|INFO|[NavigationController][MenuByUser]dr[2].ToString():權限報表
2018-08-27 09:09:43.9662|Treasury.WebControllers.NavigationController|INFO|[NavigationController][MenuByUser]dr[2].ToString():金庫物品保管作業
2018-08-27 09:09:43.9662|Treasury.WebControllers.NavigationController|INFO|[NavigationController][MenuByUser]dr[2].ToString():金庫物品存取申請作業
2018-08-27 09:09:43.9662|Treasury.WebControllers.NavigationController|INFO|[NavigationController][MenuByUser]dr[2].ToString():金庫物品存取覆核作業
2018-08-27 09:09:43.9662|Treasury.WebControllers.NavigationController|INFO|[NavigationController][MenuByUser]dr[2].ToString():執行開庫作業
2018-08-27 09:09:43.9662|Treasury.WebControllers.NavigationController|INFO|[NavigationController][MenuByUser]dr[2].ToString():指定時間開庫作業
2018-08-27 09:09:57.7426|Treasury.WebControllers.NavigationController|INFO|[NavigationController][MenuByUser]
2018-08-27 09:09:57.7426|Treasury.WebControllers.NavigationController|INFO|[NavigationController][MenuByUser]UserID:B0542
2018-08-27 09:09:57.7426|Treasury.WebControllers.NavigationController|INFO|[NavigationController][MenuByUser]menuSystem.Collections.Generic.List`1[Treasury.WebViewModels.MenuModel]
2018-08-27 09:20:34.9853|Treasury.Web.MvcApplication|INFO|Application_Start
2018-08-27 09:20:42.3787|Treasury.WebControllers.NavigationController|INFO|[NavigationController][MenuByUser]
2018-08-27 09:20:42.3787|Treasury.WebControllers.NavigationController|INFO|[NavigationController][MenuByUser]UserID:
2018-08-27 09:22:34.0437|Treasury.Web.MvcApplication|INFO|Application_Start
2018-08-27 09:22:36.9350|Treasury.WebControllers.NavigationController|INFO|[NavigationController][MenuByUser]
2018-08-27 09:22:36.9350|Treasury.WebControllers.NavigationController|INFO|[NavigationController][MenuByUser]UserID:
2018-08-27 09:22:54.6031|Treasury.Web.Controllers.AccountController|INFO|[AccountController][Login]UserId:B0542
2018-08-27 09:22:54.6031|Treasury.Web.Controllers.AccountController|INFO|[AccountController][Login]IsValid
2018-08-27 09:22:57.3189|Treasury.Web.Controllers.AccountController|INFO|[Login]finally：B0542
2018-08-27 09:22:57.3578|Treasury.WebControllers.NavigationController|INFO|[NavigationController][MenuByUser]
2018-08-27 09:22:57.3578|Treasury.WebControllers.NavigationController|INFO|[NavigationController][MenuByUser]UserID:B0542
2018-08-27 09:22:57.3578|Treasury.WebControllers.NavigationController|INFO|[NavigationController][MenuByUser]dr[2].ToString():管理作業
2018-08-27 09:22:57.3578|Treasury.WebControllers.NavigationController|INFO|[NavigationController][MenuByUser]dr[2].ToString():系統功能維護作業
2018-08-27 09:22:57.3578|Treasury.WebControllers.NavigationController|INFO|[NavigationController][MenuByUser]dr[2].ToString():角色維護作業
2018-08-27 09:22:57.3578|Treasury.WebControllers.NavigationController|INFO|[NavigationController][MenuByUser]dr[2].ToString():使用者維護作業
2018-08-27 09:22:57.3578|Treasury.WebControllers.NavigationController|INFO|[NavigationController][MenuByUser]dr[2].ToString():角色權限覆核作業
2018-08-27 09:22:57.3578|Treasury.WebControllers.NavigationController|INFO|[NavigationController][MenuByUser]dr[2].ToString():使用者權限覆核作業
2018-08-27 09:22:57.3578|Treasury.WebControllers.NavigationController|INFO|[NavigationController][MenuByUser]dr[2].ToString():權限報表
2018-08-27 09:22:57.3578|Treasury.WebControllers.NavigationController|INFO|[NavigationController][MenuByUser]dr[2].ToString():金庫物品保管作業
2018-08-27 09:22:57.3578|Treasury.WebControllers.NavigationController|INFO|[NavigationController][MenuByUser]dr[2].ToString():金庫物品存取申請作業
2018-08-27 09:22:57.3578|Treasury.WebControllers.NavigationController|INFO|[NavigationController][MenuByUser]dr[2].ToString():金庫物品存取覆核作業
2018-08-27 09:22:57.3578|Treasury.WebControllers.NavigationController|INFO|[NavigationController][MenuByUser]dr[2].ToString():執行開庫作業
2018-08-27 09:22:57.3578|Treasury.WebControllers.NavigationController|INFO|[NavigationController][MenuByUser]dr[2].ToString():指定時間開庫作業
2018-08-27 09:23:00.6825|Treasury.WebControllers.NavigationController|INFO|[NavigationController][MenuByUser]
2018-08-27 09:23:00.6825|Treasury.WebControllers.NavigationController|INFO|[NavigationController][MenuByUser]UserID:B0542
2018-08-27 09:23:00.6825|Treasury.WebControllers.NavigationController|INFO|[NavigationController][MenuByUser]menuSystem.Collections.Generic.List`1[Treasury.WebViewModels.MenuModel]
2018-08-27 09:28:35.6981|Treasury.Web.MvcApplication|INFO|Application_Start
2018-08-27 09:28:38.5076|Treasury.WebControllers.NavigationController|INFO|[NavigationController][MenuByUser]
2018-08-27 09:28:38.5076|Treasury.WebControllers.NavigationController|INFO|[NavigationController][MenuByUser]UserID:
2018-08-27 09:28:46.6080|Treasury.Web.Controllers.AccountController|INFO|[AccountController][Login]UserId:B0542
2018-08-27 09:28:46.6080|Treasury.Web.Controllers.AccountController|INFO|[AccountController][Login]IsValid
2018-08-27 09:28:49.3114|Treasury.Web.Controllers.AccountController|INFO|[Login]finally：B0542
2018-08-27 09:28:49.3514|Treasury.WebControllers.NavigationController|INFO|[NavigationController][MenuByUser]
2018-08-27 09:28:49.3514|Treasury.WebControllers.NavigationController|INFO|[NavigationController][MenuByUser]UserID:B0542
2018-08-27 09:28:49.3514|Treasury.WebControllers.NavigationController|INFO|[NavigationController][MenuByUser]dr[2].ToString():管理作業
2018-08-27 09:28:49.3574|Treasury.WebControllers.NavigationController|INFO|[NavigationController][MenuByUser]dr[2].ToString():系統功能維護作業
2018-08-27 09:28:49.3574|Treasury.WebControllers.NavigationController|INFO|[NavigationController][MenuByUser]dr[2].ToString():角色維護作業
2018-08-27 09:28:49.3574|Treasury.WebControllers.NavigationController|INFO|[NavigationController][MenuByUser]dr[2].ToString():使用者維護作業
2018-08-27 09:28:49.3574|Treasury.WebControllers.NavigationController|INFO|[NavigationController][MenuByUser]dr[2].ToString():角色權限覆核作業
2018-08-27 09:28:49.3574|Treasury.WebControllers.NavigationController|INFO|[NavigationController][MenuByUser]dr[2].ToString():使用者權限覆核作業
2018-08-27 09:28:49.3574|Treasury.WebControllers.NavigationController|INFO|[NavigationController][MenuByUser]dr[2].ToString():權限報表
2018-08-27 09:28:49.3574|Treasury.WebControllers.NavigationController|INFO|[NavigationController][MenuByUser]dr[2].ToString():金庫物品保管作業
2018-08-27 09:28:49.3574|Treasury.WebControllers.NavigationController|INFO|[NavigationController][MenuByUser]dr[2].ToString():金庫物品存取申請作業
2018-08-27 09:28:49.3574|Treasury.WebControllers.NavigationController|INFO|[NavigationController][MenuByUser]dr[2].ToString():金庫物品存取覆核作業
2018-08-27 09:28:49.3574|Treasury.WebControllers.NavigationController|INFO|[NavigationController][MenuByUser]dr[2].ToString():執行開庫作業
2018-08-27 09:28:49.3574|Treasury.WebControllers.NavigationController|INFO|[NavigationController][MenuByUser]dr[2].ToString():指定時間開庫作業
2018-08-27 09:28:51.8340|Treasury.WebControllers.NavigationController|INFO|[NavigationController][MenuByUser]
2018-08-27 09:28:51.8340|Treasury.WebControllers.NavigationController|INFO|[NavigationController][MenuByUser]UserID:B0542
2018-08-27 09:28:51.8340|Treasury.WebControllers.NavigationController|INFO|[NavigationController][MenuByUser]menuSystem.Collections.Generic.List`1[Treasury.WebViewModels.MenuModel]
2018-08-27 09:39:38.8490|Treasury.Web.MvcApplication|INFO|Application_Start
2018-08-27 09:39:45.1779|Treasury.WebControllers.NavigationController|INFO|[NavigationController][MenuByUser]
2018-08-27 09:39:45.1779|Treasury.WebControllers.NavigationController|INFO|[NavigationController][MenuByUser]UserID:
2018-08-27 09:39:50.3498|Treasury.Web.Controllers.AccountController|INFO|[AccountController][Login]UserId:B0542
2018-08-27 09:39:50.3498|Treasury.Web.Controllers.AccountController|INFO|[AccountController][Login]IsValid
2018-08-27 09:39:52.5586|Treasury.Web.Controllers.AccountController|INFO|[Login]finally：B0542
2018-08-27 09:39:52.7935|Treasury.WebControllers.NavigationController|INFO|[NavigationController][MenuByUser]
2018-08-27 09:39:52.7945|Treasury.WebControllers.NavigationController|INFO|[NavigationController][MenuByUser]UserID:B0542
2018-08-27 09:39:52.7945|Treasury.WebControllers.NavigationController|INFO|[NavigationController][MenuByUser]dr[2].ToString():管理作業
2018-08-27 09:39:52.7945|Treasury.WebControllers.NavigationController|INFO|[NavigationController][MenuByUser]dr[2].ToString():系統功能維護作業
2018-08-27 09:39:52.7945|Treasury.WebControllers.NavigationController|INFO|[NavigationController][MenuByUser]dr[2].ToString():角色維護作業
2018-08-27 09:39:52.7945|Treasury.WebControllers.NavigationController|INFO|[NavigationController][MenuByUser]dr[2].ToString():使用者維護作業
2018-08-27 09:39:52.7945|Treasury.WebControllers.NavigationController|INFO|[NavigationController][MenuByUser]dr[2].ToString():角色權限覆核作業
2018-08-27 09:39:52.7945|Treasury.WebControllers.NavigationController|INFO|[NavigationController][MenuByUser]dr[2].ToString():使用者權限覆核作業
2018-08-27 09:39:52.7945|Treasury.WebControllers.NavigationController|INFO|[NavigationController][MenuByUser]dr[2].ToString():權限報表
2018-08-27 09:39:52.7945|Treasury.WebControllers.NavigationController|INFO|[NavigationController][MenuByUser]dr[2].ToString():金庫物品保管作業
2018-08-27 09:39:52.7945|Treasury.WebControllers.NavigationController|INFO|[NavigationController][MenuByUser]dr[2].ToString():金庫物品存取申請作業
2018-08-27 09:39:52.7945|Treasury.WebControllers.NavigationController|INFO|[NavigationController][MenuByUser]dr[2].ToString():金庫物品存取覆核作業
2018-08-27 09:39:52.7945|Treasury.WebControllers.NavigationController|INFO|[NavigationController][MenuByUser]dr[2].ToString():執行開庫作業
2018-08-27 09:39:52.7945|Treasury.WebControllers.NavigationController|INFO|[NavigationController][MenuByUser]dr[2].ToString():指定時間開庫作業
2018-08-27 09:39:55.5942|Treasury.WebControllers.NavigationController|INFO|[NavigationController][MenuByUser]
2018-08-27 09:39:55.5942|Treasury.WebControllers.NavigationController|INFO|[NavigationController][MenuByUser]UserID:B0542
2018-08-27 09:39:55.5942|Treasury.WebControllers.NavigationController|INFO|[NavigationController][MenuByUser]menuSystem.Collections.Generic.List`1[Treasury.WebViewModels.MenuModel]
2018-08-27 09:43:31.6259|Treasury.Web.MvcApplication|INFO|Application_Start
2018-08-27 09:43:32.5683|Treasury.WebActionFilter.CheckSessionFilterAttribute|INFO|[OnActionExecuting]user:
2018-08-27 09:43:32.5683|Treasury.WebActionFilter.CheckSessionFilterAttribute|INFO|[OnActionExecuting]session.IsNewSession:True
2018-08-27 09:43:55.1991|Treasury.Web.MvcApplication|INFO|Application_Start
2018-08-27 09:43:58.1564|Treasury.WebControllers.NavigationController|INFO|[NavigationController][MenuByUser]
2018-08-27 09:43:58.1564|Treasury.WebControllers.NavigationController|INFO|[NavigationController][MenuByUser]UserID:
2018-08-27 09:44:04.8727|Treasury.Web.Controllers.AccountController|INFO|[AccountController][Login]UserId:B0542
2018-08-27 09:44:04.8727|Treasury.Web.Controllers.AccountController|INFO|[AccountController][Login]IsValid
2018-08-27 09:44:07.5913|Treasury.Web.Controllers.AccountController|INFO|[Login]finally：B0542
2018-08-27 09:44:07.6302|Treasury.WebControllers.NavigationController|INFO|[NavigationController][MenuByUser]
2018-08-27 09:44:07.6302|Treasury.WebControllers.NavigationController|INFO|[NavigationController][MenuByUser]UserID:B0542
2018-08-27 09:44:07.6302|Treasury.WebControllers.NavigationController|INFO|[NavigationController][MenuByUser]dr[2].ToString():管理作業
2018-08-27 09:44:07.6302|Treasury.WebControllers.NavigationController|INFO|[NavigationController][MenuByUser]dr[2].ToString():系統功能維護作業
2018-08-27 09:44:07.6382|Treasury.WebControllers.NavigationController|INFO|[NavigationController][MenuByUser]dr[2].ToString():角色維護作業
2018-08-27 09:44:07.6382|Treasury.WebControllers.NavigationController|INFO|[NavigationController][MenuByUser]dr[2].ToString():使用者維護作業
2018-08-27 09:44:07.6382|Treasury.WebControllers.NavigationController|INFO|[NavigationController][MenuByUser]dr[2].ToString():角色權限覆核作業
2018-08-27 09:44:07.6382|Treasury.WebControllers.NavigationController|INFO|[NavigationController][MenuByUser]dr[2].ToString():使用者權限覆核作業
2018-08-27 09:44:07.6382|Treasury.WebControllers.NavigationController|INFO|[NavigationController][MenuByUser]dr[2].ToString():權限報表
2018-08-27 09:44:07.6382|Treasury.WebControllers.NavigationController|INFO|[NavigationController][MenuByUser]dr[2].ToString():金庫物品保管作業
2018-08-27 09:44:07.6382|Treasury.WebControllers.NavigationController|INFO|[NavigationController][MenuByUser]dr[2].ToString():金庫物品存取申請作業
2018-08-27 09:44:07.6382|Treasury.WebControllers.NavigationController|INFO|[NavigationController][MenuByUser]dr[2].ToString():金庫物品存取覆核作業
2018-08-27 09:44:07.6382|Treasury.WebControllers.NavigationController|INFO|[NavigationController][MenuByUser]dr[2].ToString():執行開庫作業
2018-08-27 09:44:07.6382|Treasury.WebControllers.NavigationController|INFO|[NavigationController][MenuByUser]dr[2].ToString():指定時間開庫作業
2018-08-27 09:44:10.7968|Treasury.WebControllers.NavigationController|INFO|[NavigationController][MenuByUser]
2018-08-27 09:44:10.7968|Treasury.WebControllers.NavigationController|INFO|[NavigationController][MenuByUser]UserID:B0542
2018-08-27 09:44:10.7968|Treasury.WebControllers.NavigationController|INFO|[NavigationController][MenuByUser]menuSystem.Collections.Generic.List`1[Treasury.WebViewModels.MenuModel]
2018-08-27 09:47:26.9870|Treasury.Web.MvcApplication|INFO|Application_Start
2018-08-27 09:47:32.4657|Treasury.WebControllers.NavigationController|INFO|[NavigationController][MenuByUser]
2018-08-27 09:47:32.4667|Treasury.WebControllers.NavigationController|INFO|[NavigationController][MenuByUser]UserID:
2018-08-27 09:50:45.1606|Treasury.WebControllers.NavigationController|INFO|[NavigationController][MenuByUser]
2018-08-27 09:50:45.1606|Treasury.WebControllers.NavigationController|INFO|[NavigationController][MenuByUser]UserID:
2018-08-27 09:58:42.5186|Treasury.Web.MvcApplication|INFO|Application_Start
2018-08-27 09:58:45.4687|Treasury.WebControllers.NavigationController|INFO|[NavigationController][MenuByUser]
2018-08-27 09:58:45.4687|Treasury.WebControllers.NavigationController|INFO|[NavigationController][MenuByUser]UserID:
2018-08-27 09:58:51.0970|Treasury.Web.Controllers.AccountController|INFO|[AccountController][Login]UserId:B0542
2018-08-27 09:58:51.0970|Treasury.Web.Controllers.AccountController|INFO|[AccountController][Login]IsValid
2018-08-27 09:58:53.8395|Treasury.Web.Controllers.AccountController|INFO|[Login]finally：B0542
2018-08-27 09:58:53.8814|Treasury.WebControllers.NavigationController|INFO|[NavigationController][MenuByUser]
2018-08-27 09:58:53.8814|Treasury.WebControllers.NavigationController|INFO|[NavigationController][MenuByUser]UserID:B0542
2018-08-27 09:58:53.8814|Treasury.WebControllers.NavigationController|INFO|[NavigationController][MenuByUser]dr[2].ToString():管理作業
2018-08-27 09:58:53.8814|Treasury.WebControllers.NavigationController|INFO|[NavigationController][MenuByUser]dr[2].ToString():系統功能維護作業
2018-08-27 09:58:53.8884|Treasury.WebControllers.NavigationController|INFO|[NavigationController][MenuByUser]dr[2].ToString():角色維護作業
2018-08-27 09:58:53.8884|Treasury.WebControllers.NavigationController|INFO|[NavigationController][MenuByUser]dr[2].ToString():使用者維護作業
2018-08-27 09:58:53.8884|Treasury.WebControllers.NavigationController|INFO|[NavigationController][MenuByUser]dr[2].ToString():角色權限覆核作業
2018-08-27 09:58:53.8884|Treasury.WebControllers.NavigationController|INFO|[NavigationController][MenuByUser]dr[2].ToString():使用者權限覆核作業
2018-08-27 09:58:53.8884|Treasury.WebControllers.NavigationController|INFO|[NavigationController][MenuByUser]dr[2].ToString():權限報表
2018-08-27 09:58:53.8884|Treasury.WebControllers.NavigationController|INFO|[NavigationController][MenuByUser]dr[2].ToString():金庫物品保管作業
2018-08-27 09:58:53.8884|Treasury.WebControllers.NavigationController|INFO|[NavigationController][MenuByUser]dr[2].ToString():金庫物品存取申請作業
2018-08-27 09:58:53.8884|Treasury.WebControllers.NavigationController|INFO|[NavigationController][MenuByUser]dr[2].ToString():金庫物品存取覆核作業
2018-08-27 09:58:53.8884|Treasury.WebControllers.NavigationController|INFO|[NavigationController][MenuByUser]dr[2].ToString():執行開庫作業
2018-08-27 09:58:53.8884|Treasury.WebControllers.NavigationController|INFO|[NavigationController][MenuByUser]dr[2].ToString():指定時間開庫作業
2018-08-27 09:58:56.9629|Treasury.WebControllers.NavigationController|INFO|[NavigationController][MenuByUser]
2018-08-27 09:58:56.9629|Treasury.WebControllers.NavigationController|INFO|[NavigationController][MenuByUser]UserID:B0542
2018-08-27 09:58:56.9629|Treasury.WebControllers.NavigationController|INFO|[NavigationController][MenuByUser]menuSystem.Collections.Generic.List`1[Treasury.WebViewModels.MenuModel]
2018-08-27 10:00:51.8139|Treasury.Web.MvcApplication|INFO|Application_Start
2018-08-27 10:00:54.7762|Treasury.WebControllers.NavigationController|INFO|[NavigationController][MenuByUser]
2018-08-27 10:00:54.7762|Treasury.WebControllers.NavigationController|INFO|[NavigationController][MenuByUser]UserID:
2018-08-27 10:01:08.4674|Treasury.Web.Controllers.AccountController|INFO|[AccountController][Login]UserId:B0542
2018-08-27 10:01:08.4674|Treasury.Web.Controllers.AccountController|INFO|[AccountController][Login]IsValid
2018-08-27 10:01:11.1671|Treasury.Web.Controllers.AccountController|INFO|[Login]finally：B0542
2018-08-27 10:01:11.2070|Treasury.WebControllers.NavigationController|INFO|[NavigationController][MenuByUser]
2018-08-27 10:01:11.2070|Treasury.WebControllers.NavigationController|INFO|[NavigationController][MenuByUser]UserID:B0542
2018-08-27 10:01:11.2070|Treasury.WebControllers.NavigationController|INFO|[NavigationController][MenuByUser]dr[2].ToString():管理作業
2018-08-27 10:01:11.2070|Treasury.WebControllers.NavigationController|INFO|[NavigationController][MenuByUser]dr[2].ToString():系統功能維護作業
2018-08-27 10:01:11.2070|Treasury.WebControllers.NavigationController|INFO|[NavigationController][MenuByUser]dr[2].ToString():角色維護作業
2018-08-27 10:01:11.2070|Treasury.WebControllers.NavigationController|INFO|[NavigationController][MenuByUser]dr[2].ToString():使用者維護作業
2018-08-27 10:01:11.2070|Treasury.WebControllers.NavigationController|INFO|[NavigationController][MenuByUser]dr[2].ToString():角色權限覆核作業
2018-08-27 10:01:11.2160|Treasury.WebControllers.NavigationController|INFO|[NavigationController][MenuByUser]dr[2].ToString():使用者權限覆核作業
2018-08-27 10:01:11.2160|Treasury.WebControllers.NavigationController|INFO|[NavigationController][MenuByUser]dr[2].ToString():權限報表
2018-08-27 10:01:11.2160|Treasury.WebControllers.NavigationController|INFO|[NavigationController][MenuByUser]dr[2].ToString():金庫物品保管作業
2018-08-27 10:01:11.2160|Treasury.WebControllers.NavigationController|INFO|[NavigationController][MenuByUser]dr[2].ToString():金庫物品存取申請作業
2018-08-27 10:01:11.2160|Treasury.WebControllers.NavigationController|INFO|[NavigationController][MenuByUser]dr[2].ToString():金庫物品存取覆核作業
2018-08-27 10:01:11.2160|Treasury.WebControllers.NavigationController|INFO|[NavigationController][MenuByUser]dr[2].ToString():執行開庫作業
2018-08-27 10:01:11.2160|Treasury.WebControllers.NavigationController|INFO|[NavigationController][MenuByUser]dr[2].ToString():指定時間開庫作業
2018-08-27 10:01:13.7632|Treasury.WebControllers.NavigationController|INFO|[NavigationController][MenuByUser]
2018-08-27 10:01:13.7632|Treasury.WebControllers.NavigationController|INFO|[NavigationController][MenuByUser]UserID:B0542
2018-08-27 10:01:13.7632|Treasury.WebControllers.NavigationController|INFO|[NavigationController][MenuByUser]menuSystem.Collections.Generic.List`1[Treasury.WebViewModels.MenuModel]
2018-08-27 11:06:46.8364|Treasury.Web.MvcApplication|INFO|Application_Start
2018-08-27 11:06:53.0681|Treasury.WebControllers.NavigationController|INFO|[NavigationController][MenuByUser]
2018-08-27 11:06:53.0681|Treasury.WebControllers.NavigationController|INFO|[NavigationController][MenuByUser]UserID:
2018-08-27 11:07:02.4429|Treasury.Web.Controllers.AccountController|INFO|[AccountController][Login]UserId:B0542
2018-08-27 11:07:02.4429|Treasury.Web.Controllers.AccountController|INFO|[AccountController][Login]IsValid
2018-08-27 11:07:04.6409|Treasury.Web.Controllers.AccountController|INFO|[Login]finally：B0542
2018-08-27 11:07:05.4025|Treasury.WebControllers.NavigationController|INFO|[NavigationController][MenuByUser]
2018-08-27 11:07:05.4025|Treasury.WebControllers.NavigationController|INFO|[NavigationController][MenuByUser]UserID:B0542
2018-08-27 11:07:05.4075|Treasury.WebControllers.NavigationController|INFO|[NavigationController][MenuByUser]dr[2].ToString():管理作業
2018-08-27 11:07:05.4075|Treasury.WebControllers.NavigationController|INFO|[NavigationController][MenuByUser]dr[2].ToString():系統功能維護作業
2018-08-27 11:07:05.4075|Treasury.WebControllers.NavigationController|INFO|[NavigationController][MenuByUser]dr[2].ToString():角色維護作業
2018-08-27 11:07:05.4075|Treasury.WebControllers.NavigationController|INFO|[NavigationController][MenuByUser]dr[2].ToString():使用者維護作業
2018-08-27 11:07:05.4075|Treasury.WebControllers.NavigationController|INFO|[NavigationController][MenuByUser]dr[2].ToString():角色權限覆核作業
2018-08-27 11:07:05.4075|Treasury.WebControllers.NavigationController|INFO|[NavigationController][MenuByUser]dr[2].ToString():使用者權限覆核作業
2018-08-27 11:07:05.4075|Treasury.WebControllers.NavigationController|INFO|[NavigationController][MenuByUser]dr[2].ToString():權限報表
2018-08-27 11:07:05.4075|Treasury.WebControllers.NavigationController|INFO|[NavigationController][MenuByUser]dr[2].ToString():金庫物品保管作業
2018-08-27 11:07:05.4075|Treasury.WebControllers.NavigationController|INFO|[NavigationController][MenuByUser]dr[2].ToString():金庫物品存取申請作業
2018-08-27 11:07:05.4075|Treasury.WebControllers.NavigationController|INFO|[NavigationController][MenuByUser]dr[2].ToString():金庫物品存取覆核作業
2018-08-27 11:07:05.4075|Treasury.WebControllers.NavigationController|INFO|[NavigationController][MenuByUser]dr[2].ToString():執行開庫作業
2018-08-27 11:07:05.4075|Treasury.WebControllers.NavigationController|INFO|[NavigationController][MenuByUser]dr[2].ToString():指定時間開庫作業
2018-08-27 11:07:07.7996|Treasury.WebControllers.NavigationController|INFO|[NavigationController][MenuByUser]
2018-08-27 11:07:07.7996|Treasury.WebControllers.NavigationController|INFO|[NavigationController][MenuByUser]UserID:B0542
2018-08-27 11:07:07.7996|Treasury.WebControllers.NavigationController|INFO|[NavigationController][MenuByUser]menuSystem.Collections.Generic.List`1[Treasury.WebViewModels.MenuModel]
2018-08-27 11:20:13.3107|Treasury.Web.MvcApplication|INFO|Application_Start
2018-08-27 11:20:19.9088|Treasury.WebControllers.NavigationController|INFO|[NavigationController][MenuByUser]
2018-08-27 11:20:19.9088|Treasury.WebControllers.NavigationController|INFO|[NavigationController][MenuByUser]UserID:
2018-08-27 11:20:26.2072|Treasury.Web.Controllers.AccountController|INFO|[AccountController][Login]UserId:B0542
2018-08-27 11:20:26.2072|Treasury.Web.Controllers.AccountController|INFO|[AccountController][Login]IsValid
2018-08-27 11:20:28.3711|Treasury.Web.Controllers.AccountController|INFO|[Login]finally：B0542
2018-08-27 11:20:28.6070|Treasury.WebControllers.NavigationController|INFO|[NavigationController][MenuByUser]
2018-08-27 11:20:28.6070|Treasury.WebControllers.NavigationController|INFO|[NavigationController][MenuByUser]UserID:B0542
2018-08-27 11:20:28.6070|Treasury.WebControllers.NavigationController|INFO|[NavigationController][MenuByUser]dr[2].ToString():管理作業
2018-08-27 11:20:28.6070|Treasury.WebControllers.NavigationController|INFO|[NavigationController][MenuByUser]dr[2].ToString():系統功能維護作業
2018-08-27 11:20:28.6070|Treasury.WebControllers.NavigationController|INFO|[NavigationController][MenuByUser]dr[2].ToString():角色維護作業
2018-08-27 11:20:28.6070|Treasury.WebControllers.NavigationController|INFO|[NavigationController][MenuByUser]dr[2].ToString():使用者維護作業
2018-08-27 11:20:28.6070|Treasury.WebControllers.NavigationController|INFO|[NavigationController][MenuByUser]dr[2].ToString():角色權限覆核作業
2018-08-27 11:20:28.6070|Treasury.WebControllers.NavigationController|INFO|[NavigationController][MenuByUser]dr[2].ToString():使用者權限覆核作業
2018-08-27 11:20:28.6070|Treasury.WebControllers.NavigationController|INFO|[NavigationController][MenuByUser]dr[2].ToString():權限報表
2018-08-27 11:20:28.6070|Treasury.WebControllers.NavigationController|INFO|[NavigationController][MenuByUser]dr[2].ToString():金庫物品保管作業
2018-08-27 11:20:28.6070|Treasury.WebControllers.NavigationController|INFO|[NavigationController][MenuByUser]dr[2].ToString():金庫物品存取申請作業
2018-08-27 11:20:28.6070|Treasury.WebControllers.NavigationController|INFO|[NavigationController][MenuByUser]dr[2].ToString():金庫物品存取覆核作業
2018-08-27 11:20:28.6070|Treasury.WebControllers.NavigationController|INFO|[NavigationController][MenuByUser]dr[2].ToString():執行開庫作業
2018-08-27 11:20:28.6070|Treasury.WebControllers.NavigationController|INFO|[NavigationController][MenuByUser]dr[2].ToString():指定時間開庫作業
2018-08-27 11:26:43.2870|Treasury.Web.MvcApplication|INFO|Application_Start
2018-08-27 11:26:49.5926|Treasury.WebControllers.NavigationController|INFO|[NavigationController][MenuByUser]
2018-08-27 11:26:49.5926|Treasury.WebControllers.NavigationController|INFO|[NavigationController][MenuByUser]UserID:
2018-08-27 11:26:54.0213|Treasury.Web.Controllers.AccountController|INFO|[AccountController][Login]UserId:B0542
2018-08-27 11:26:54.0213|Treasury.Web.Controllers.AccountController|INFO|[AccountController][Login]IsValid
2018-08-27 11:26:56.2340|Treasury.Web.Controllers.AccountController|INFO|[Login]finally：B0542
2018-08-27 11:26:56.4599|Treasury.WebControllers.NavigationController|INFO|[NavigationController][MenuByUser]
2018-08-27 11:26:56.4599|Treasury.WebControllers.NavigationController|INFO|[NavigationController][MenuByUser]UserID:B0542
2018-08-27 11:26:56.4599|Treasury.WebControllers.NavigationController|INFO|[NavigationController][MenuByUser]dr[2].ToString():管理作業
2018-08-27 11:26:56.4669|Treasury.WebControllers.NavigationController|INFO|[NavigationController][MenuByUser]dr[2].ToString():系統功能維護作業
2018-08-27 11:26:56.4669|Treasury.WebControllers.NavigationController|INFO|[NavigationController][MenuByUser]dr[2].ToString():角色維護作業
2018-08-27 11:26:56.4669|Treasury.WebControllers.NavigationController|INFO|[NavigationController][MenuByUser]dr[2].ToString():使用者維護作業
2018-08-27 11:26:56.4669|Treasury.WebControllers.NavigationController|INFO|[NavigationController][MenuByUser]dr[2].ToString():角色權限覆核作業
2018-08-27 11:26:56.4669|Treasury.WebControllers.NavigationController|INFO|[NavigationController][MenuByUser]dr[2].ToString():使用者權限覆核作業
2018-08-27 11:26:56.4669|Treasury.WebControllers.NavigationController|INFO|[NavigationController][MenuByUser]dr[2].ToString():權限報表
2018-08-27 11:26:56.4669|Treasury.WebControllers.NavigationController|INFO|[NavigationController][MenuByUser]dr[2].ToString():金庫物品保管作業
2018-08-27 11:26:56.4669|Treasury.WebControllers.NavigationController|INFO|[NavigationController][MenuByUser]dr[2].ToString():金庫物品存取申請作業
2018-08-27 11:26:56.4669|Treasury.WebControllers.NavigationController|INFO|[NavigationController][MenuByUser]dr[2].ToString():金庫物品存取覆核作業
2018-08-27 11:26:56.4669|Treasury.WebControllers.NavigationController|INFO|[NavigationController][MenuByUser]dr[2].ToString():執行開庫作業
2018-08-27 11:26:56.4669|Treasury.WebControllers.NavigationController|INFO|[NavigationController][MenuByUser]dr[2].ToString():指定時間開庫作業
2018-08-27 11:27:39.0194|Treasury.WebControllers.NavigationController|INFO|[NavigationController][MenuByUser]
2018-08-27 11:27:39.0194|Treasury.WebControllers.NavigationController|INFO|[NavigationController][MenuByUser]UserID:B0542
2018-08-27 11:27:39.0194|Treasury.WebControllers.NavigationController|INFO|[NavigationController][MenuByUser]menuSystem.Collections.Generic.List`1[Treasury.WebViewModels.MenuModel]
2018-08-27 11:49:23.5832|Treasury.Web.MvcApplication|INFO|Application_Start
2018-08-27 11:49:29.9835|Treasury.WebControllers.NavigationController|INFO|[NavigationController][MenuByUser]
2018-08-27 11:49:29.9835|Treasury.WebControllers.NavigationController|INFO|[NavigationController][MenuByUser]UserID:
2018-08-27 11:49:52.4747|Treasury.Web.Controllers.AccountController|INFO|[AccountController][Login]UserId:B0542
2018-08-27 11:49:52.4747|Treasury.Web.Controllers.AccountController|INFO|[AccountController][Login]IsValid
2018-08-27 11:49:54.7185|Treasury.Web.Controllers.AccountController|INFO|[Login]finally：B0542
2018-08-27 11:49:55.4983|Treasury.WebControllers.NavigationController|INFO|[NavigationController][MenuByUser]
2018-08-27 11:49:55.4983|Treasury.WebControllers.NavigationController|INFO|[NavigationController][MenuByUser]UserID:B0542
2018-08-27 11:49:55.4983|Treasury.WebControllers.NavigationController|INFO|[NavigationController][MenuByUser]dr[2].ToString():管理作業
2018-08-27 11:49:55.4983|Treasury.WebControllers.NavigationController|INFO|[NavigationController][MenuByUser]dr[2].ToString():系統功能維護作業
2018-08-27 11:49:55.4983|Treasury.WebControllers.NavigationController|INFO|[NavigationController][MenuByUser]dr[2].ToString():角色維護作業
2018-08-27 11:49:55.4983|Treasury.WebControllers.NavigationController|INFO|[NavigationController][MenuByUser]dr[2].ToString():使用者維護作業
2018-08-27 11:49:55.4983|Treasury.WebControllers.NavigationController|INFO|[NavigationController][MenuByUser]dr[2].ToString():角色權限覆核作業
2018-08-27 11:49:55.4983|Treasury.WebControllers.NavigationController|INFO|[NavigationController][MenuByUser]dr[2].ToString():使用者權限覆核作業
2018-08-27 11:49:55.4983|Treasury.WebControllers.NavigationController|INFO|[NavigationController][MenuByUser]dr[2].ToString():權限報表
2018-08-27 11:49:55.4983|Treasury.WebControllers.NavigationController|INFO|[NavigationController][MenuByUser]dr[2].ToString():金庫物品保管作業
2018-08-27 11:49:55.4983|Treasury.WebControllers.NavigationController|INFO|[NavigationController][MenuByUser]dr[2].ToString():金庫物品存取申請作業
2018-08-27 11:49:55.4983|Treasury.WebControllers.NavigationController|INFO|[NavigationController][MenuByUser]dr[2].ToString():金庫物品存取覆核作業
2018-08-27 11:49:55.4983|Treasury.WebControllers.NavigationController|INFO|[NavigationController][MenuByUser]dr[2].ToString():執行開庫作業
2018-08-27 11:49:55.4983|Treasury.WebControllers.NavigationController|INFO|[NavigationController][MenuByUser]dr[2].ToString():指定時間開庫作業
2018-08-27 11:51:32.7156|Treasury.WebControllers.NavigationController|INFO|[NavigationController][MenuByUser]
2018-08-27 11:51:32.7156|Treasury.WebControllers.NavigationController|INFO|[NavigationController][MenuByUser]UserID:B0542
2018-08-27 11:51:32.7166|Treasury.WebControllers.NavigationController|INFO|[NavigationController][MenuByUser]menuSystem.Collections.Generic.List`1[Treasury.WebViewModels.MenuModel]
2018-08-27 11:56:16.4616|Treasury.Web.MvcApplication|INFO|Application_Start
2018-08-27 11:56:22.6450|Treasury.WebControllers.NavigationController|INFO|[NavigationController][MenuByUser]
2018-08-27 11:56:22.6450|Treasury.WebControllers.NavigationController|INFO|[NavigationController][MenuByUser]UserID:
2018-08-27 11:56:26.3029|Treasury.Web.Controllers.AccountController|INFO|[AccountController][Login]UserId:B0542
2018-08-27 11:56:26.3029|Treasury.Web.Controllers.AccountController|INFO|[AccountController][Login]IsValid
2018-08-27 11:56:28.4957|Treasury.Web.Controllers.AccountController|INFO|[Login]finally：B0542
2018-08-27 11:56:28.7765|Treasury.WebControllers.NavigationController|INFO|[NavigationController][MenuByUser]
2018-08-27 11:56:28.7765|Treasury.WebControllers.NavigationController|INFO|[NavigationController][MenuByUser]UserID:B0542
2018-08-27 11:56:28.7825|Treasury.WebControllers.NavigationController|INFO|[NavigationController][MenuByUser]dr[2].ToString():管理作業
2018-08-27 11:56:28.7825|Treasury.WebControllers.NavigationController|INFO|[NavigationController][MenuByUser]dr[2].ToString():系統功能維護作業
2018-08-27 11:56:28.7825|Treasury.WebControllers.NavigationController|INFO|[NavigationController][MenuByUser]dr[2].ToString():角色維護作業
2018-08-27 11:56:28.7825|Treasury.WebControllers.NavigationController|INFO|[NavigationController][MenuByUser]dr[2].ToString():使用者維護作業
2018-08-27 11:56:28.7825|Treasury.WebControllers.NavigationController|INFO|[NavigationController][MenuByUser]dr[2].ToString():角色權限覆核作業
2018-08-27 11:56:28.7825|Treasury.WebControllers.NavigationController|INFO|[NavigationController][MenuByUser]dr[2].ToString():使用者權限覆核作業
2018-08-27 11:56:28.7825|Treasury.WebControllers.NavigationController|INFO|[NavigationController][MenuByUser]dr[2].ToString():權限報表
2018-08-27 11:56:28.7825|Treasury.WebControllers.NavigationController|INFO|[NavigationController][MenuByUser]dr[2].ToString():金庫物品保管作業
2018-08-27 11:56:28.7825|Treasury.WebControllers.NavigationController|INFO|[NavigationController][MenuByUser]dr[2].ToString():金庫物品存取申請作業
2018-08-27 11:56:28.7825|Treasury.WebControllers.NavigationController|INFO|[NavigationController][MenuByUser]dr[2].ToString():金庫物品存取覆核作業
2018-08-27 11:56:28.7825|Treasury.WebControllers.NavigationController|INFO|[NavigationController][MenuByUser]dr[2].ToString():執行開庫作業
2018-08-27 11:56:28.7825|Treasury.WebControllers.NavigationController|INFO|[NavigationController][MenuByUser]dr[2].ToString():指定時間開庫作業
2018-08-27 11:56:32.9161|Treasury.WebControllers.NavigationController|INFO|[NavigationController][MenuByUser]
2018-08-27 11:56:32.9161|Treasury.WebControllers.NavigationController|INFO|[NavigationController][MenuByUser]UserID:B0542
2018-08-27 11:56:32.9161|Treasury.WebControllers.NavigationController|INFO|[NavigationController][MenuByUser]menuSystem.Collections.Generic.List`1[Treasury.WebViewModels.MenuModel]
2018-08-27 11:57:38.3804|Treasury.Web.MvcApplication|INFO|Application_Start
2018-08-27 11:57:44.9036|Treasury.WebControllers.NavigationController|INFO|[NavigationController][MenuByUser]
2018-08-27 11:57:44.9036|Treasury.WebControllers.NavigationController|INFO|[NavigationController][MenuByUser]UserID:
2018-08-27 11:58:28.3356|Treasury.Web.Controllers.AccountController|INFO|[AccountController][Login]UserId:B0542
2018-08-27 11:58:28.3356|Treasury.Web.Controllers.AccountController|INFO|[AccountController][Login]IsValid
2018-08-27 11:58:30.6018|Treasury.Web.Controllers.AccountController|INFO|[Login]finally：B0542
2018-08-27 11:58:31.4253|Treasury.WebControllers.NavigationController|INFO|[NavigationController][MenuByUser]
2018-08-27 11:58:31.4253|Treasury.WebControllers.NavigationController|INFO|[NavigationController][MenuByUser]UserID:B0542
2018-08-27 11:58:31.4253|Treasury.WebControllers.NavigationController|INFO|[NavigationController][MenuByUser]dr[2].ToString():管理作業
2018-08-27 11:58:31.4253|Treasury.WebControllers.NavigationController|INFO|[NavigationController][MenuByUser]dr[2].ToString():系統功能維護作業
2018-08-27 11:58:31.4253|Treasury.WebControllers.NavigationController|INFO|[NavigationController][MenuByUser]dr[2].ToString():角色維護作業
2018-08-27 11:58:31.4253|Treasury.WebControllers.NavigationController|INFO|[NavigationController][MenuByUser]dr[2].ToString():使用者維護作業
2018-08-27 11:58:31.4253|Treasury.WebControllers.NavigationController|INFO|[NavigationController][MenuByUser]dr[2].ToString():角色權限覆核作業
2018-08-27 11:58:31.4253|Treasury.WebControllers.NavigationController|INFO|[NavigationController][MenuByUser]dr[2].ToString():使用者權限覆核作業
2018-08-27 11:58:31.4253|Treasury.WebControllers.NavigationController|INFO|[NavigationController][MenuByUser]dr[2].ToString():權限報表
2018-08-27 11:58:31.4253|Treasury.WebControllers.NavigationController|INFO|[NavigationController][MenuByUser]dr[2].ToString():金庫物品保管作業
2018-08-27 11:58:31.4253|Treasury.WebControllers.NavigationController|INFO|[NavigationController][MenuByUser]dr[2].ToString():金庫物品存取申請作業
2018-08-27 11:58:31.4353|Treasury.WebControllers.NavigationController|INFO|[NavigationController][MenuByUser]dr[2].ToString():金庫物品存取覆核作業
2018-08-27 11:58:31.4353|Treasury.WebControllers.NavigationController|INFO|[NavigationController][MenuByUser]dr[2].ToString():執行開庫作業
2018-08-27 11:58:31.4353|Treasury.WebControllers.NavigationController|INFO|[NavigationController][MenuByUser]dr[2].ToString():指定時間開庫作業
2018-08-27 11:58:37.5812|Treasury.WebControllers.NavigationController|INFO|[NavigationController][MenuByUser]
2018-08-27 11:58:37.5812|Treasury.WebControllers.NavigationController|INFO|[NavigationController][MenuByUser]UserID:B0542
2018-08-27 11:58:37.5812|Treasury.WebControllers.NavigationController|INFO|[NavigationController][MenuByUser]menuSystem.Collections.Generic.List`1[Treasury.WebViewModels.MenuModel]
2018-08-27 13:19:02.3859|Treasury.Web.MvcApplication|INFO|Application_Start
2018-08-27 13:19:08.4661|Treasury.WebControllers.NavigationController|INFO|[NavigationController][MenuByUser]
2018-08-27 13:19:08.4661|Treasury.WebControllers.NavigationController|INFO|[NavigationController][MenuByUser]UserID:
2018-08-27 13:19:11.8609|Treasury.Web.Controllers.AccountController|INFO|[AccountController][Login]UserId:B0542
2018-08-27 13:19:11.8609|Treasury.Web.Controllers.AccountController|INFO|[AccountController][Login]IsValid
2018-08-27 13:19:14.0627|Treasury.Web.Controllers.AccountController|INFO|[Login]finally：B0542
2018-08-27 13:19:14.2945|Treasury.WebControllers.NavigationController|INFO|[NavigationController][MenuByUser]
2018-08-27 13:19:14.2945|Treasury.WebControllers.NavigationController|INFO|[NavigationController][MenuByUser]UserID:B0542
2018-08-27 13:19:14.2945|Treasury.WebControllers.NavigationController|INFO|[NavigationController][MenuByUser]dr[2].ToString():管理作業
2018-08-27 13:19:14.2945|Treasury.WebControllers.NavigationController|INFO|[NavigationController][MenuByUser]dr[2].ToString():系統功能維護作業
2018-08-27 13:19:14.2945|Treasury.WebControllers.NavigationController|INFO|[NavigationController][MenuByUser]dr[2].ToString():角色維護作業
2018-08-27 13:19:14.2945|Treasury.WebControllers.NavigationController|INFO|[NavigationController][MenuByUser]dr[2].ToString():使用者維護作業
2018-08-27 13:19:14.2945|Treasury.WebControllers.NavigationController|INFO|[NavigationController][MenuByUser]dr[2].ToString():角色權限覆核作業
2018-08-27 13:19:14.2945|Treasury.WebControllers.NavigationController|INFO|[NavigationController][MenuByUser]dr[2].ToString():使用者權限覆核作業
2018-08-27 13:19:14.2945|Treasury.WebControllers.NavigationController|INFO|[NavigationController][MenuByUser]dr[2].ToString():權限報表
2018-08-27 13:19:14.2945|Treasury.WebControllers.NavigationController|INFO|[NavigationController][MenuByUser]dr[2].ToString():金庫物品保管作業
2018-08-27 13:19:14.2945|Treasury.WebControllers.NavigationController|INFO|[NavigationController][MenuByUser]dr[2].ToString():金庫物品存取申請作業
2018-08-27 13:19:14.2945|Treasury.WebControllers.NavigationController|INFO|[NavigationController][MenuByUser]dr[2].ToString():金庫物品存取覆核作業
2018-08-27 13:19:14.2945|Treasury.WebControllers.NavigationController|INFO|[NavigationController][MenuByUser]dr[2].ToString():執行開庫作業
2018-08-27 13:19:14.2945|Treasury.WebControllers.NavigationController|INFO|[NavigationController][MenuByUser]dr[2].ToString():指定時間開庫作業
2018-08-27 13:19:23.1032|Treasury.WebControllers.NavigationController|INFO|[NavigationController][MenuByUser]
2018-08-27 13:19:23.1032|Treasury.WebControllers.NavigationController|INFO|[NavigationController][MenuByUser]UserID:B0542
2018-08-27 13:19:23.1032|Treasury.WebControllers.NavigationController|INFO|[NavigationController][MenuByUser]menuSystem.Collections.Generic.List`1[Treasury.WebViewModels.MenuModel]
2018-08-27 13:24:31.1139|Treasury.Web.MvcApplication|INFO|Application_Start
2018-08-27 13:25:01.8136|Treasury.WebControllers.NavigationController|INFO|[NavigationController][MenuByUser]
2018-08-27 13:25:01.8136|Treasury.WebControllers.NavigationController|INFO|[NavigationController][MenuByUser]UserID:
2018-08-27 13:37:08.4944|Treasury.WebControllers.NavigationController|INFO|[NavigationController][MenuByUser]
2018-08-27 13:37:08.4944|Treasury.WebControllers.NavigationController|INFO|[NavigationController][MenuByUser]UserID:
2018-08-27 13:38:46.4107|Treasury.WebControllers.NavigationController|INFO|[NavigationController][MenuByUser]
2018-08-27 13:38:46.4107|Treasury.WebControllers.NavigationController|INFO|[NavigationController][MenuByUser]UserID:
2018-08-27 13:39:41.2861|Treasury.WebControllers.NavigationController|INFO|[NavigationController][MenuByUser]
2018-08-27 13:39:41.2861|Treasury.WebControllers.NavigationController|INFO|[NavigationController][MenuByUser]UserID:
2018-08-27 13:40:34.9447|Treasury.WebControllers.NavigationController|INFO|[NavigationController][MenuByUser]
2018-08-27 13:40:34.9447|Treasury.WebControllers.NavigationController|INFO|[NavigationController][MenuByUser]UserID:
2018-08-27 13:40:53.3990|Treasury.WebControllers.NavigationController|INFO|[NavigationController][MenuByUser]
2018-08-27 13:40:53.3990|Treasury.WebControllers.NavigationController|INFO|[NavigationController][MenuByUser]UserID:
2018-08-27 13:42:32.9688|Treasury.WebControllers.NavigationController|INFO|[NavigationController][MenuByUser]
2018-08-27 13:42:32.9688|Treasury.WebControllers.NavigationController|INFO|[NavigationController][MenuByUser]UserID:
2018-08-27 13:43:20.7358|Treasury.WebControllers.NavigationController|INFO|[NavigationController][MenuByUser]
2018-08-27 13:43:20.7358|Treasury.WebControllers.NavigationController|INFO|[NavigationController][MenuByUser]UserID:
2018-08-27 13:43:47.3965|Treasury.WebControllers.NavigationController|INFO|[NavigationController][MenuByUser]
2018-08-27 13:43:47.3965|Treasury.WebControllers.NavigationController|INFO|[NavigationController][MenuByUser]UserID:
2018-08-27 15:52:47.7658|Treasury.Web.MvcApplication|INFO|Application_Start
2018-08-27 15:52:53.9953|Treasury.WebControllers.NavigationController|INFO|[NavigationController][MenuByUser]
2018-08-27 15:52:53.9953|Treasury.WebControllers.NavigationController|INFO|[NavigationController][MenuByUser]UserID:
2018-08-27 15:52:57.2653|Treasury.Web.Controllers.AccountController|INFO|[AccountController][Login]UserId:B0542
2018-08-27 15:52:57.2653|Treasury.Web.Controllers.AccountController|INFO|[AccountController][Login]IsValid
2018-08-27 15:52:59.4811|Treasury.Web.Controllers.AccountController|INFO|[Login]finally：B0542
2018-08-27 15:52:59.7000|Treasury.WebControllers.NavigationController|INFO|[NavigationController][MenuByUser]
2018-08-27 15:52:59.7000|Treasury.WebControllers.NavigationController|INFO|[NavigationController][MenuByUser]UserID:B0542
2018-08-27 15:52:59.7049|Treasury.WebControllers.NavigationController|INFO|[NavigationController][MenuByUser]dr[2].ToString():管理作業
2018-08-27 15:52:59.7049|Treasury.WebControllers.NavigationController|INFO|[NavigationController][MenuByUser]dr[2].ToString():系統功能維護作業
2018-08-27 15:52:59.7049|Treasury.WebControllers.NavigationController|INFO|[NavigationController][MenuByUser]dr[2].ToString():角色維護作業
2018-08-27 15:52:59.7049|Treasury.WebControllers.NavigationController|INFO|[NavigationController][MenuByUser]dr[2].ToString():使用者維護作業
2018-08-27 15:52:59.7049|Treasury.WebControllers.NavigationController|INFO|[NavigationController][MenuByUser]dr[2].ToString():角色權限覆核作業
2018-08-27 15:52:59.7049|Treasury.WebControllers.NavigationController|INFO|[NavigationController][MenuByUser]dr[2].ToString():使用者權限覆核作業
2018-08-27 15:52:59.7049|Treasury.WebControllers.NavigationController|INFO|[NavigationController][MenuByUser]dr[2].ToString():權限報表
2018-08-27 15:52:59.7049|Treasury.WebControllers.NavigationController|INFO|[NavigationController][MenuByUser]dr[2].ToString():金庫物品保管作業
2018-08-27 15:52:59.7049|Treasury.WebControllers.NavigationController|INFO|[NavigationController][MenuByUser]dr[2].ToString():金庫物品存取申請作業
2018-08-27 15:52:59.7049|Treasury.WebControllers.NavigationController|INFO|[NavigationController][MenuByUser]dr[2].ToString():金庫物品存取覆核作業
2018-08-27 15:52:59.7049|Treasury.WebControllers.NavigationController|INFO|[NavigationController][MenuByUser]dr[2].ToString():執行開庫作業
2018-08-27 15:52:59.7049|Treasury.WebControllers.NavigationController|INFO|[NavigationController][MenuByUser]dr[2].ToString():指定時間開庫作業
2018-08-27 15:53:04.5508|Treasury.WebControllers.NavigationController|INFO|[NavigationController][MenuByUser]
2018-08-27 15:53:04.5508|Treasury.WebControllers.NavigationController|INFO|[NavigationController][MenuByUser]UserID:B0542
2018-08-27 15:53:04.5508|Treasury.WebControllers.NavigationController|INFO|[NavigationController][MenuByUser]menuSystem.Collections.Generic.List`1[Treasury.WebViewModels.MenuModel]
2018-08-27 15:58:03.8470|Treasury.Web.MvcApplication|INFO|Application_Start
2018-08-27 15:58:10.1252|Treasury.WebControllers.NavigationController|INFO|[NavigationController][MenuByUser]
2018-08-27 15:58:10.1252|Treasury.WebControllers.NavigationController|INFO|[NavigationController][MenuByUser]UserID:
2018-08-27 15:58:13.7535|Treasury.Web.Controllers.AccountController|INFO|[AccountController][Login]UserId:B0542
2018-08-27 15:58:13.7535|Treasury.Web.Controllers.AccountController|INFO|[AccountController][Login]IsValid
2018-08-27 15:58:15.9587|Treasury.Web.Controllers.AccountController|INFO|[Login]finally：B0542
2018-08-27 15:58:16.1915|Treasury.WebControllers.NavigationController|INFO|[NavigationController][MenuByUser]
2018-08-27 15:58:16.1915|Treasury.WebControllers.NavigationController|INFO|[NavigationController][MenuByUser]UserID:B0542
2018-08-27 15:58:16.1915|Treasury.WebControllers.NavigationController|INFO|[NavigationController][MenuByUser]dr[2].ToString():管理作業
2018-08-27 15:58:16.1915|Treasury.WebControllers.NavigationController|INFO|[NavigationController][MenuByUser]dr[2].ToString():系統功能維護作業
2018-08-27 15:58:16.1915|Treasury.WebControllers.NavigationController|INFO|[NavigationController][MenuByUser]dr[2].ToString():角色維護作業
2018-08-27 15:58:16.2005|Treasury.WebControllers.NavigationController|INFO|[NavigationController][MenuByUser]dr[2].ToString():使用者維護作業
2018-08-27 15:58:16.2005|Treasury.WebControllers.NavigationController|INFO|[NavigationController][MenuByUser]dr[2].ToString():角色權限覆核作業
2018-08-27 15:58:16.2005|Treasury.WebControllers.NavigationController|INFO|[NavigationController][MenuByUser]dr[2].ToString():使用者權限覆核作業
2018-08-27 15:58:16.2005|Treasury.WebControllers.NavigationController|INFO|[NavigationController][MenuByUser]dr[2].ToString():權限報表
2018-08-27 15:58:16.2005|Treasury.WebControllers.NavigationController|INFO|[NavigationController][MenuByUser]dr[2].ToString():金庫物品保管作業
2018-08-27 15:58:16.2005|Treasury.WebControllers.NavigationController|INFO|[NavigationController][MenuByUser]dr[2].ToString():金庫物品存取申請作業
2018-08-27 15:58:16.2005|Treasury.WebControllers.NavigationController|INFO|[NavigationController][MenuByUser]dr[2].ToString():金庫物品存取覆核作業
2018-08-27 15:58:16.2005|Treasury.WebControllers.NavigationController|INFO|[NavigationController][MenuByUser]dr[2].ToString():執行開庫作業
2018-08-27 15:58:16.2005|Treasury.WebControllers.NavigationController|INFO|[NavigationController][MenuByUser]dr[2].ToString():指定時間開庫作業
2018-08-27 15:58:18.8090|Treasury.WebControllers.NavigationController|INFO|[NavigationController][MenuByUser]
2018-08-27 15:58:18.8090|Treasury.WebControllers.NavigationController|INFO|[NavigationController][MenuByUser]UserID:B0542
2018-08-27 15:58:18.8100|Treasury.WebControllers.NavigationController|INFO|[NavigationController][MenuByUser]menuSystem.Collections.Generic.List`1[Treasury.WebViewModels.MenuModel]
2018-08-27 16:00:46.8841|Treasury.Web.MvcApplication|INFO|Application_Start
2018-08-27 16:00:53.1829|Treasury.WebControllers.NavigationController|INFO|[NavigationController][MenuByUser]
2018-08-27 16:00:53.1829|Treasury.WebControllers.NavigationController|INFO|[NavigationController][MenuByUser]UserID:
2018-08-27 16:00:59.1218|Treasury.Web.Controllers.AccountController|INFO|[AccountController][Login]UserId:B0542
2018-08-27 16:00:59.1238|Treasury.Web.Controllers.AccountController|INFO|[AccountController][Login]IsValid
2018-08-27 16:01:01.3676|Treasury.Web.Controllers.AccountController|INFO|[Login]finally：B0542
2018-08-27 16:01:01.6224|Treasury.WebControllers.NavigationController|INFO|[NavigationController][MenuByUser]
2018-08-27 16:01:01.6224|Treasury.WebControllers.NavigationController|INFO|[NavigationController][MenuByUser]UserID:B0542
2018-08-27 16:01:01.6224|Treasury.WebControllers.NavigationController|INFO|[NavigationController][MenuByUser]dr[2].ToString():管理作業
2018-08-27 16:01:01.6224|Treasury.WebControllers.NavigationController|INFO|[NavigationController][MenuByUser]dr[2].ToString():系統功能維護作業
2018-08-27 16:01:01.6224|Treasury.WebControllers.NavigationController|INFO|[NavigationController][MenuByUser]dr[2].ToString():角色維護作業
2018-08-27 16:01:01.6224|Treasury.WebControllers.NavigationController|INFO|[NavigationController][MenuByUser]dr[2].ToString():使用者維護作業
2018-08-27 16:01:01.6224|Treasury.WebControllers.NavigationController|INFO|[NavigationController][MenuByUser]dr[2].ToString():角色權限覆核作業
2018-08-27 16:01:01.6224|Treasury.WebControllers.NavigationController|INFO|[NavigationController][MenuByUser]dr[2].ToString():使用者權限覆核作業
2018-08-27 16:01:01.6224|Treasury.WebControllers.NavigationController|INFO|[NavigationController][MenuByUser]dr[2].ToString():權限報表
2018-08-27 16:01:01.6224|Treasury.WebControllers.NavigationController|INFO|[NavigationController][MenuByUser]dr[2].ToString():金庫物品保管作業
2018-08-27 16:01:01.6224|Treasury.WebControllers.NavigationController|INFO|[NavigationController][MenuByUser]dr[2].ToString():金庫物品存取申請作業
2018-08-27 16:01:01.6224|Treasury.WebControllers.NavigationController|INFO|[NavigationController][MenuByUser]dr[2].ToString():金庫物品存取覆核作業
2018-08-27 16:01:01.6224|Treasury.WebControllers.NavigationController|INFO|[NavigationController][MenuByUser]dr[2].ToString():執行開庫作業
2018-08-27 16:01:01.6224|Treasury.WebControllers.NavigationController|INFO|[NavigationController][MenuByUser]dr[2].ToString():指定時間開庫作業
2018-08-27 16:01:04.2271|Treasury.WebControllers.NavigationController|INFO|[NavigationController][MenuByUser]
2018-08-27 16:01:04.2271|Treasury.WebControllers.NavigationController|INFO|[NavigationController][MenuByUser]UserID:B0542
2018-08-27 16:01:04.2271|Treasury.WebControllers.NavigationController|INFO|[NavigationController][MenuByUser]menuSystem.Collections.Generic.List`1[Treasury.WebViewModels.MenuModel]
2018-08-27 16:02:37.4183|Treasury.Web.MvcApplication|INFO|Application_Start
2018-08-27 16:02:43.8207|Treasury.WebControllers.NavigationController|INFO|[NavigationController][MenuByUser]
2018-08-27 16:02:43.8207|Treasury.WebControllers.NavigationController|INFO|[NavigationController][MenuByUser]UserID:
2018-08-27 16:02:46.5386|Treasury.Web.Controllers.AccountController|INFO|[AccountController][Login]UserId:B0542
2018-08-27 16:02:46.5386|Treasury.Web.Controllers.AccountController|INFO|[AccountController][Login]IsValid
2018-08-27 16:02:48.7155|Treasury.Web.Controllers.AccountController|INFO|[Login]finally：B0542
2018-08-27 16:02:48.9593|Treasury.WebControllers.NavigationController|INFO|[NavigationController][MenuByUser]
2018-08-27 16:02:48.9593|Treasury.WebControllers.NavigationController|INFO|[NavigationController][MenuByUser]UserID:B0542
2018-08-27 16:02:48.9593|Treasury.WebControllers.NavigationController|INFO|[NavigationController][MenuByUser]dr[2].ToString():管理作業
2018-08-27 16:02:48.9593|Treasury.WebControllers.NavigationController|INFO|[NavigationController][MenuByUser]dr[2].ToString():系統功能維護作業
2018-08-27 16:02:48.9593|Treasury.WebControllers.NavigationController|INFO|[NavigationController][MenuByUser]dr[2].ToString():角色維護作業
2018-08-27 16:02:48.9663|Treasury.WebControllers.NavigationController|INFO|[NavigationController][MenuByUser]dr[2].ToString():使用者維護作業
2018-08-27 16:02:48.9663|Treasury.WebControllers.NavigationController|INFO|[NavigationController][MenuByUser]dr[2].ToString():角色權限覆核作業
2018-08-27 16:02:48.9663|Treasury.WebControllers.NavigationController|INFO|[NavigationController][MenuByUser]dr[2].ToString():使用者權限覆核作業
2018-08-27 16:02:48.9663|Treasury.WebControllers.NavigationController|INFO|[NavigationController][MenuByUser]dr[2].ToString():權限報表
2018-08-27 16:02:48.9663|Treasury.WebControllers.NavigationController|INFO|[NavigationController][MenuByUser]dr[2].ToString():金庫物品保管作業
2018-08-27 16:02:48.9663|Treasury.WebControllers.NavigationController|INFO|[NavigationController][MenuByUser]dr[2].ToString():金庫物品存取申請作業
2018-08-27 16:02:48.9663|Treasury.WebControllers.NavigationController|INFO|[NavigationController][MenuByUser]dr[2].ToString():金庫物品存取覆核作業
2018-08-27 16:02:48.9663|Treasury.WebControllers.NavigationController|INFO|[NavigationController][MenuByUser]dr[2].ToString():執行開庫作業
2018-08-27 16:02:48.9663|Treasury.WebControllers.NavigationController|INFO|[NavigationController][MenuByUser]dr[2].ToString():指定時間開庫作業
2018-08-27 16:02:51.5135|Treasury.WebControllers.NavigationController|INFO|[NavigationController][MenuByUser]
2018-08-27 16:02:51.5135|Treasury.WebControllers.NavigationController|INFO|[NavigationController][MenuByUser]UserID:B0542
2018-08-27 16:02:51.5135|Treasury.WebControllers.NavigationController|INFO|[NavigationController][MenuByUser]menuSystem.Collections.Generic.List`1[Treasury.WebViewModels.MenuModel]
2018-08-27 16:06:14.4160|Treasury.Web.MvcApplication|INFO|Application_Start
2018-08-27 16:06:20.8164|Treasury.WebControllers.NavigationController|INFO|[NavigationController][MenuByUser]
2018-08-27 16:06:20.8164|Treasury.WebControllers.NavigationController|INFO|[NavigationController][MenuByUser]UserID:
2018-08-27 16:06:26.8551|Treasury.Web.Controllers.AccountController|INFO|[AccountController][Login]UserId:B0542
2018-08-27 16:06:26.8551|Treasury.Web.Controllers.AccountController|INFO|[AccountController][Login]IsValid
2018-08-27 16:06:29.1081|Treasury.Web.Controllers.AccountController|INFO|[Login]finally：B0542
2018-08-27 16:06:29.3999|Treasury.WebControllers.NavigationController|INFO|[NavigationController][MenuByUser]
2018-08-27 16:06:29.3999|Treasury.WebControllers.NavigationController|INFO|[NavigationController][MenuByUser]UserID:B0542
2018-08-27 16:06:29.4049|Treasury.WebControllers.NavigationController|INFO|[NavigationController][MenuByUser]dr[2].ToString():管理作業
2018-08-27 16:06:29.4049|Treasury.WebControllers.NavigationController|INFO|[NavigationController][MenuByUser]dr[2].ToString():系統功能維護作業
2018-08-27 16:06:29.4049|Treasury.WebControllers.NavigationController|INFO|[NavigationController][MenuByUser]dr[2].ToString():角色維護作業
2018-08-27 16:06:29.4049|Treasury.WebControllers.NavigationController|INFO|[NavigationController][MenuByUser]dr[2].ToString():使用者維護作業
2018-08-27 16:06:29.4049|Treasury.WebControllers.NavigationController|INFO|[NavigationController][MenuByUser]dr[2].ToString():角色權限覆核作業
2018-08-27 16:06:29.4049|Treasury.WebControllers.NavigationController|INFO|[NavigationController][MenuByUser]dr[2].ToString():使用者權限覆核作業
2018-08-27 16:06:29.4049|Treasury.WebControllers.NavigationController|INFO|[NavigationController][MenuByUser]dr[2].ToString():權限報表
2018-08-27 16:06:29.4049|Treasury.WebControllers.NavigationController|INFO|[NavigationController][MenuByUser]dr[2].ToString():金庫物品保管作業
2018-08-27 16:06:29.4049|Treasury.WebControllers.NavigationController|INFO|[NavigationController][MenuByUser]dr[2].ToString():金庫物品存取申請作業
2018-08-27 16:06:29.4049|Treasury.WebControllers.NavigationController|INFO|[NavigationController][MenuByUser]dr[2].ToString():金庫物品存取覆核作業
2018-08-27 16:06:29.4049|Treasury.WebControllers.NavigationController|INFO|[NavigationController][MenuByUser]dr[2].ToString():執行開庫作業
2018-08-27 16:06:29.4049|Treasury.WebControllers.NavigationController|INFO|[NavigationController][MenuByUser]dr[2].ToString():指定時間開庫作業
2018-08-27 16:06:31.9176|Treasury.WebControllers.NavigationController|INFO|[NavigationController][MenuByUser]
2018-08-27 16:06:31.9176|Treasury.WebControllers.NavigationController|INFO|[NavigationController][MenuByUser]UserID:B0542
2018-08-27 16:06:31.9176|Treasury.WebControllers.NavigationController|INFO|[NavigationController][MenuByUser]menuSystem.Collections.Generic.List`1[Treasury.WebViewModels.MenuModel]
2018-08-27 16:18:33.9227|Treasury.Web.MvcApplication|INFO|Application_Start
2018-08-27 16:18:40.4039|Treasury.WebControllers.NavigationController|INFO|[NavigationController][MenuByUser]
2018-08-27 16:18:40.4039|Treasury.WebControllers.NavigationController|INFO|[NavigationController][MenuByUser]UserID:
2018-08-27 16:18:45.4559|Treasury.Web.Controllers.AccountController|INFO|[AccountController][Login]UserId:B0561
2018-08-27 16:18:45.4559|Treasury.Web.Controllers.AccountController|INFO|[AccountController][Login]IsValid
2018-08-27 16:18:47.7429|Treasury.Web.Controllers.AccountController|INFO|[Login]finally：B0561
2018-08-27 16:18:48.0067|Treasury.WebControllers.NavigationController|INFO|[NavigationController][MenuByUser]
2018-08-27 16:18:48.0067|Treasury.WebControllers.NavigationController|INFO|[NavigationController][MenuByUser]UserID:B0561
2018-08-27 16:18:48.0067|Treasury.WebControllers.NavigationController|INFO|[NavigationController][MenuByUser]dr[2].ToString():管理作業
2018-08-27 16:18:48.0067|Treasury.WebControllers.NavigationController|INFO|[NavigationController][MenuByUser]dr[2].ToString():系統功能維護作業
2018-08-27 16:18:48.0137|Treasury.WebControllers.NavigationController|INFO|[NavigationController][MenuByUser]dr[2].ToString():角色維護作業
2018-08-27 16:18:48.0137|Treasury.WebControllers.NavigationController|INFO|[NavigationController][MenuByUser]dr[2].ToString():使用者維護作業
2018-08-27 16:18:48.0137|Treasury.WebControllers.NavigationController|INFO|[NavigationController][MenuByUser]dr[2].ToString():角色權限覆核作業
2018-08-27 16:18:48.0137|Treasury.WebControllers.NavigationController|INFO|[NavigationController][MenuByUser]dr[2].ToString():使用者權限覆核作業
2018-08-27 16:18:48.0137|Treasury.WebControllers.NavigationController|INFO|[NavigationController][MenuByUser]dr[2].ToString():權限報表
2018-08-27 16:18:48.0137|Treasury.WebControllers.NavigationController|INFO|[NavigationController][MenuByUser]dr[2].ToString():金庫物品保管作業
2018-08-27 16:18:48.0137|Treasury.WebControllers.NavigationController|INFO|[NavigationController][MenuByUser]dr[2].ToString():金庫物品存取申請作業
2018-08-27 16:18:48.0137|Treasury.WebControllers.NavigationController|INFO|[NavigationController][MenuByUser]dr[2].ToString():金庫物品存取覆核作業
2018-08-27 16:18:48.0137|Treasury.WebControllers.NavigationController|INFO|[NavigationController][MenuByUser]dr[2].ToString():執行開庫作業
2018-08-27 16:18:48.0137|Treasury.WebControllers.NavigationController|INFO|[NavigationController][MenuByUser]dr[2].ToString():指定時間開庫作業
2018-08-27 16:18:48.6713|Treasury.WebControllers.NavigationController|INFO|[NavigationController][MenuByUser]
2018-08-27 16:18:48.6713|Treasury.WebControllers.NavigationController|INFO|[NavigationController][MenuByUser]UserID:B0561
2018-08-27 16:18:48.6713|Treasury.WebControllers.NavigationController|INFO|[NavigationController][MenuByUser]menuSystem.Collections.Generic.List`1[Treasury.WebViewModels.MenuModel]
2018-08-27 16:18:53.1278|Treasury.Web.Controllers.AccountController|INFO|[AccountController][Login]UserId:B0542
2018-08-27 16:18:53.1278|Treasury.Web.Controllers.AccountController|INFO|[AccountController][Login]IsValid
2018-08-27 16:18:53.1408|Treasury.Web.Controllers.AccountController|INFO|[Login]finally：B0542
2018-08-27 16:18:53.1408|Treasury.WebControllers.NavigationController|INFO|[NavigationController][MenuByUser]
2018-08-27 16:18:53.1408|Treasury.WebControllers.NavigationController|INFO|[NavigationController][MenuByUser]UserID:B0542
2018-08-27 16:18:53.1408|Treasury.WebControllers.NavigationController|INFO|[NavigationController][MenuByUser]menuSystem.Collections.Generic.List`1[Treasury.WebViewModels.MenuModel]
2018-08-27 16:18:55.6893|Treasury.WebControllers.NavigationController|INFO|[NavigationController][MenuByUser]
2018-08-27 16:18:55.6893|Treasury.WebControllers.NavigationController|INFO|[NavigationController][MenuByUser]UserID:B0542
2018-08-27 16:18:55.6893|Treasury.WebControllers.NavigationController|INFO|[NavigationController][MenuByUser]menuSystem.Collections.Generic.List`1[Treasury.WebViewModels.MenuModel]
2018-08-27 16:19:55.7887|Treasury.Web.MvcApplication|INFO|Application_Start
2018-08-27 16:20:02.2982|Treasury.WebControllers.NavigationController|INFO|[NavigationController][MenuByUser]
2018-08-27 16:20:02.2982|Treasury.WebControllers.NavigationController|INFO|[NavigationController][MenuByUser]UserID:
2018-08-27 16:20:05.1137|Treasury.Web.Controllers.AccountController|INFO|[AccountController][Login]UserId:B0542
2018-08-27 16:20:05.1137|Treasury.Web.Controllers.AccountController|INFO|[AccountController][Login]IsValid
2018-08-27 16:20:07.3910|Treasury.Web.Controllers.AccountController|INFO|[Login]finally：B0542
2018-08-27 16:20:07.6209|Treasury.WebControllers.NavigationController|INFO|[NavigationController][MenuByUser]
2018-08-27 16:20:07.6209|Treasury.WebControllers.NavigationController|INFO|[NavigationController][MenuByUser]UserID:B0542
2018-08-27 16:20:07.6269|Treasury.WebControllers.NavigationController|INFO|[NavigationController][MenuByUser]dr[2].ToString():管理作業
2018-08-27 16:20:07.6269|Treasury.WebControllers.NavigationController|INFO|[NavigationController][MenuByUser]dr[2].ToString():系統功能維護作業
2018-08-27 16:20:07.6269|Treasury.WebControllers.NavigationController|INFO|[NavigationController][MenuByUser]dr[2].ToString():角色維護作業
2018-08-27 16:20:07.6269|Treasury.WebControllers.NavigationController|INFO|[NavigationController][MenuByUser]dr[2].ToString():使用者維護作業
2018-08-27 16:20:07.6269|Treasury.WebControllers.NavigationController|INFO|[NavigationController][MenuByUser]dr[2].ToString():角色權限覆核作業
2018-08-27 16:20:07.6269|Treasury.WebControllers.NavigationController|INFO|[NavigationController][MenuByUser]dr[2].ToString():使用者權限覆核作業
2018-08-27 16:20:07.6269|Treasury.WebControllers.NavigationController|INFO|[NavigationController][MenuByUser]dr[2].ToString():權限報表
2018-08-27 16:20:07.6269|Treasury.WebControllers.NavigationController|INFO|[NavigationController][MenuByUser]dr[2].ToString():金庫物品保管作業
2018-08-27 16:20:07.6269|Treasury.WebControllers.NavigationController|INFO|[NavigationController][MenuByUser]dr[2].ToString():金庫物品存取申請作業
2018-08-27 16:20:07.6269|Treasury.WebControllers.NavigationController|INFO|[NavigationController][MenuByUser]dr[2].ToString():金庫物品存取覆核作業
2018-08-27 16:20:07.6269|Treasury.WebControllers.NavigationController|INFO|[NavigationController][MenuByUser]dr[2].ToString():執行開庫作業
2018-08-27 16:20:07.6269|Treasury.WebControllers.NavigationController|INFO|[NavigationController][MenuByUser]dr[2].ToString():指定時間開庫作業
2018-08-27 16:20:10.1743|Treasury.WebControllers.NavigationController|INFO|[NavigationController][MenuByUser]
2018-08-27 16:20:10.1743|Treasury.WebControllers.NavigationController|INFO|[NavigationController][MenuByUser]UserID:B0542
2018-08-27 16:20:10.1743|Treasury.WebControllers.NavigationController|INFO|[NavigationController][MenuByUser]menuSystem.Collections.Generic.List`1[Treasury.WebViewModels.MenuModel]
2018-08-27 17:39:13.5012|Treasury.Web.MvcApplication|INFO|Application_Start
2018-08-27 17:39:19.9568|Treasury.WebControllers.NavigationController|INFO|[NavigationController][MenuByUser]
2018-08-27 17:39:19.9568|Treasury.WebControllers.NavigationController|INFO|[NavigationController][MenuByUser]UserID:
2018-08-27 17:39:25.0133|Treasury.Web.Controllers.AccountController|INFO|[AccountController][Login]UserId:B0542
2018-08-27 17:39:25.0133|Treasury.Web.Controllers.AccountController|INFO|[AccountController][Login]IsValid
2018-08-27 17:39:27.2159|Treasury.Web.Controllers.AccountController|INFO|[Login]finally：B0542
2018-08-27 17:39:27.4598|Treasury.WebControllers.NavigationController|INFO|[NavigationController][MenuByUser]
2018-08-27 17:39:27.4598|Treasury.WebControllers.NavigationController|INFO|[NavigationController][MenuByUser]UserID:B0542
2018-08-27 17:39:27.4598|Treasury.WebControllers.NavigationController|INFO|[NavigationController][MenuByUser]dr[2].ToString():管理作業
2018-08-27 17:39:27.4598|Treasury.WebControllers.NavigationController|INFO|[NavigationController][MenuByUser]dr[2].ToString():系統功能維護作業
2018-08-27 17:39:27.4598|Treasury.WebControllers.NavigationController|INFO|[NavigationController][MenuByUser]dr[2].ToString():角色維護作業
2018-08-27 17:39:27.4598|Treasury.WebControllers.NavigationController|INFO|[NavigationController][MenuByUser]dr[2].ToString():使用者維護作業
2018-08-27 17:39:27.4598|Treasury.WebControllers.NavigationController|INFO|[NavigationController][MenuByUser]dr[2].ToString():角色權限覆核作業
2018-08-27 17:39:27.4598|Treasury.WebControllers.NavigationController|INFO|[NavigationController][MenuByUser]dr[2].ToString():使用者權限覆核作業
2018-08-27 17:39:27.4598|Treasury.WebControllers.NavigationController|INFO|[NavigationController][MenuByUser]dr[2].ToString():權限報表
2018-08-27 17:39:27.4708|Treasury.WebControllers.NavigationController|INFO|[NavigationController][MenuByUser]dr[2].ToString():金庫物品保管作業
2018-08-27 17:39:27.4708|Treasury.WebControllers.NavigationController|INFO|[NavigationController][MenuByUser]dr[2].ToString():金庫物品存取申請作業
2018-08-27 17:39:27.4708|Treasury.WebControllers.NavigationController|INFO|[NavigationController][MenuByUser]dr[2].ToString():金庫物品存取覆核作業
2018-08-27 17:39:27.4708|Treasury.WebControllers.NavigationController|INFO|[NavigationController][MenuByUser]dr[2].ToString():執行開庫作業
2018-08-27 17:39:27.4708|Treasury.WebControllers.NavigationController|INFO|[NavigationController][MenuByUser]dr[2].ToString():指定時間開庫作業
2018-08-27 17:39:30.6848|Treasury.WebControllers.NavigationController|INFO|[NavigationController][MenuByUser]
2018-08-27 17:39:30.6848|Treasury.WebControllers.NavigationController|INFO|[NavigationController][MenuByUser]UserID:B0542
2018-08-27 17:39:30.6848|Treasury.WebControllers.NavigationController|INFO|[NavigationController][MenuByUser]menuSystem.Collections.Generic.List`1[Treasury.WebViewModels.MenuModel]
2018-08-27 17:42:46.4793|Treasury.Web.MvcApplication|INFO|Application_Start
2018-08-27 17:42:52.9368|Treasury.WebControllers.NavigationController|INFO|[NavigationController][MenuByUser]
2018-08-27 17:42:52.9368|Treasury.WebControllers.NavigationController|INFO|[NavigationController][MenuByUser]UserID:
2018-08-27 17:42:55.6533|Treasury.Web.Controllers.AccountController|INFO|[AccountController][Login]UserId:B0542
2018-08-27 17:42:55.6533|Treasury.Web.Controllers.AccountController|INFO|[AccountController][Login]IsValid
2018-08-27 17:42:57.8832|Treasury.Web.Controllers.AccountController|INFO|[Login]finally：B0542
2018-08-27 17:42:58.1160|Treasury.WebControllers.NavigationController|INFO|[NavigationController][MenuByUser]
2018-08-27 17:42:58.1160|Treasury.WebControllers.NavigationController|INFO|[NavigationController][MenuByUser]UserID:B0542
2018-08-27 17:42:58.1160|Treasury.WebControllers.NavigationController|INFO|[NavigationController][MenuByUser]dr[2].ToString():管理作業
2018-08-27 17:42:58.1210|Treasury.WebControllers.NavigationController|INFO|[NavigationController][MenuByUser]dr[2].ToString():系統功能維護作業
2018-08-27 17:42:58.1210|Treasury.WebControllers.NavigationController|INFO|[NavigationController][MenuByUser]dr[2].ToString():角色維護作業
2018-08-27 17:42:58.1210|Treasury.WebControllers.NavigationController|INFO|[NavigationController][MenuByUser]dr[2].ToString():使用者維護作業
2018-08-27 17:42:58.1210|Treasury.WebControllers.NavigationController|INFO|[NavigationController][MenuByUser]dr[2].ToString():角色權限覆核作業
2018-08-27 17:42:58.1210|Treasury.WebControllers.NavigationController|INFO|[NavigationController][MenuByUser]dr[2].ToString():使用者權限覆核作業
2018-08-27 17:42:58.1210|Treasury.WebControllers.NavigationController|INFO|[NavigationController][MenuByUser]dr[2].ToString():權限報表
2018-08-27 17:42:58.1210|Treasury.WebControllers.NavigationController|INFO|[NavigationController][MenuByUser]dr[2].ToString():金庫物品保管作業
2018-08-27 17:42:58.1210|Treasury.WebControllers.NavigationController|INFO|[NavigationController][MenuByUser]dr[2].ToString():金庫物品存取申請作業
2018-08-27 17:42:58.1210|Treasury.WebControllers.NavigationController|INFO|[NavigationController][MenuByUser]dr[2].ToString():金庫物品存取覆核作業
2018-08-27 17:42:58.1210|Treasury.WebControllers.NavigationController|INFO|[NavigationController][MenuByUser]dr[2].ToString():執行開庫作業
2018-08-27 17:42:58.1210|Treasury.WebControllers.NavigationController|INFO|[NavigationController][MenuByUser]dr[2].ToString():指定時間開庫作業
2018-08-27 17:43:00.5896|Treasury.WebControllers.NavigationController|INFO|[NavigationController][MenuByUser]
2018-08-27 17:43:00.5896|Treasury.WebControllers.NavigationController|INFO|[NavigationController][MenuByUser]UserID:B0542
2018-08-27 17:43:00.5896|Treasury.WebControllers.NavigationController|INFO|[NavigationController][MenuByUser]menuSystem.Collections.Generic.List`1[Treasury.WebViewModels.MenuModel]
2018-08-27 17:50:36.5343|Treasury.Web.MvcApplication|INFO|Application_Start
2018-08-27 17:50:42.9527|Treasury.WebControllers.NavigationController|INFO|[NavigationController][MenuByUser]
2018-08-27 17:50:42.9527|Treasury.WebControllers.NavigationController|INFO|[NavigationController][MenuByUser]UserID:
2018-08-27 17:50:46.7040|Treasury.Web.Controllers.AccountController|INFO|[AccountController][Login]UserId:B0542
2018-08-27 17:50:46.7040|Treasury.Web.Controllers.AccountController|INFO|[AccountController][Login]IsValid
2018-08-27 17:50:48.9112|Treasury.Web.Controllers.AccountController|INFO|[Login]finally：B0542
2018-08-27 17:50:49.1500|Treasury.WebControllers.NavigationController|INFO|[NavigationController][MenuByUser]
2018-08-27 17:50:49.1500|Treasury.WebControllers.NavigationController|INFO|[NavigationController][MenuByUser]UserID:B0542
2018-08-27 17:50:49.1500|Treasury.WebControllers.NavigationController|INFO|[NavigationController][MenuByUser]dr[2].ToString():管理作業
2018-08-27 17:50:49.1500|Treasury.WebControllers.NavigationController|INFO|[NavigationController][MenuByUser]dr[2].ToString():系統功能維護作業
2018-08-27 17:50:49.1500|Treasury.WebControllers.NavigationController|INFO|[NavigationController][MenuByUser]dr[2].ToString():角色維護作業
2018-08-27 17:50:49.1500|Treasury.WebControllers.NavigationController|INFO|[NavigationController][MenuByUser]dr[2].ToString():使用者維護作業
2018-08-27 17:50:49.1500|Treasury.WebControllers.NavigationController|INFO|[NavigationController][MenuByUser]dr[2].ToString():角色權限覆核作業
2018-08-27 17:50:49.1500|Treasury.WebControllers.NavigationController|INFO|[NavigationController][MenuByUser]dr[2].ToString():使用者權限覆核作業
2018-08-27 17:50:49.1500|Treasury.WebControllers.NavigationController|INFO|[NavigationController][MenuByUser]dr[2].ToString():權限報表
2018-08-27 17:50:49.1500|Treasury.WebControllers.NavigationController|INFO|[NavigationController][MenuByUser]dr[2].ToString():金庫物品保管作業
2018-08-27 17:50:49.1500|Treasury.WebControllers.NavigationController|INFO|[NavigationController][MenuByUser]dr[2].ToString():金庫物品存取申請作業
2018-08-27 17:50:49.1500|Treasury.WebControllers.NavigationController|INFO|[NavigationController][MenuByUser]dr[2].ToString():金庫物品存取覆核作業
2018-08-27 17:50:49.1620|Treasury.WebControllers.NavigationController|INFO|[NavigationController][MenuByUser]dr[2].ToString():執行開庫作業
2018-08-27 17:50:49.1620|Treasury.WebControllers.NavigationController|INFO|[NavigationController][MenuByUser]dr[2].ToString():指定時間開庫作業
2018-08-27 17:50:51.2258|Treasury.WebControllers.NavigationController|INFO|[NavigationController][MenuByUser]
2018-08-27 17:50:51.2258|Treasury.WebControllers.NavigationController|INFO|[NavigationController][MenuByUser]UserID:B0542
2018-08-27 17:50:51.2258|Treasury.WebControllers.NavigationController|INFO|[NavigationController][MenuByUser]menuSystem.Collections.Generic.List`1[Treasury.WebViewModels.MenuModel]
2018-08-27 17:51:05.7955|Treasury.Web.MvcApplication|INFO|Application_Start
2018-08-27 17:51:09.0606|Treasury.WebControllers.NavigationController|INFO|[NavigationController][MenuByUser]
2018-08-27 17:51:09.0606|Treasury.WebControllers.NavigationController|INFO|[NavigationController][MenuByUser]UserID:
2018-08-27 17:51:12.2799|Treasury.Web.Controllers.AccountController|INFO|[AccountController][Login]UserId:B0542
2018-08-27 17:51:12.2799|Treasury.Web.Controllers.AccountController|INFO|[AccountController][Login]IsValid
2018-08-27 17:51:15.0426|Treasury.Web.Controllers.AccountController|INFO|[Login]finally：B0542
2018-08-27 17:51:15.0915|Treasury.WebControllers.NavigationController|INFO|[NavigationController][MenuByUser]
2018-08-27 17:51:15.0915|Treasury.WebControllers.NavigationController|INFO|[NavigationController][MenuByUser]UserID:B0542
2018-08-27 17:51:15.0915|Treasury.WebControllers.NavigationController|INFO|[NavigationController][MenuByUser]dr[2].ToString():管理作業
2018-08-27 17:51:15.0915|Treasury.WebControllers.NavigationController|INFO|[NavigationController][MenuByUser]dr[2].ToString():系統功能維護作業
2018-08-27 17:51:15.0915|Treasury.WebControllers.NavigationController|INFO|[NavigationController][MenuByUser]dr[2].ToString():角色維護作業
2018-08-27 17:51:15.0915|Treasury.WebControllers.NavigationController|INFO|[NavigationController][MenuByUser]dr[2].ToString():使用者維護作業
2018-08-27 17:51:15.0985|Treasury.WebControllers.NavigationController|INFO|[NavigationController][MenuByUser]dr[2].ToString():角色權限覆核作業
2018-08-27 17:51:15.0985|Treasury.WebControllers.NavigationController|INFO|[NavigationController][MenuByUser]dr[2].ToString():使用者權限覆核作業
2018-08-27 17:51:15.0985|Treasury.WebControllers.NavigationController|INFO|[NavigationController][MenuByUser]dr[2].ToString():權限報表
2018-08-27 17:51:15.0985|Treasury.WebControllers.NavigationController|INFO|[NavigationController][MenuByUser]dr[2].ToString():金庫物品保管作業
2018-08-27 17:51:15.0985|Treasury.WebControllers.NavigationController|INFO|[NavigationController][MenuByUser]dr[2].ToString():金庫物品存取申請作業
2018-08-27 17:51:15.0985|Treasury.WebControllers.NavigationController|INFO|[NavigationController][MenuByUser]dr[2].ToString():金庫物品存取覆核作業
2018-08-27 17:51:15.0985|Treasury.WebControllers.NavigationController|INFO|[NavigationController][MenuByUser]dr[2].ToString():執行開庫作業
2018-08-27 17:51:15.0985|Treasury.WebControllers.NavigationController|INFO|[NavigationController][MenuByUser]dr[2].ToString():指定時間開庫作業
2018-08-27 17:51:18.3027|Treasury.WebControllers.NavigationController|INFO|[NavigationController][MenuByUser]
2018-08-27 17:51:18.3027|Treasury.WebControllers.NavigationController|INFO|[NavigationController][MenuByUser]UserID:B0542
2018-08-27 17:51:18.3027|Treasury.WebControllers.NavigationController|INFO|[NavigationController][MenuByUser]menuSystem.Collections.Generic.List`1[Treasury.WebViewModels.MenuModel]
2018-08-27 17:53:27.0491|Treasury.WebControllers.NavigationController|INFO|[NavigationController][MenuByUser]
2018-08-27 17:53:27.0491|Treasury.WebControllers.NavigationController|INFO|[NavigationController][MenuByUser]UserID:B0542
2018-08-27 17:53:27.0491|Treasury.WebControllers.NavigationController|INFO|[NavigationController][MenuByUser]menuSystem.Collections.Generic.List`1[Treasury.WebViewModels.MenuModel]
2018-08-27 17:53:29.1269|Treasury.WebControllers.NavigationController|INFO|[NavigationController][MenuByUser]
2018-08-27 17:53:29.1269|Treasury.WebControllers.NavigationController|INFO|[NavigationController][MenuByUser]UserID:B0542
2018-08-27 17:53:29.1269|Treasury.WebControllers.NavigationController|INFO|[NavigationController][MenuByUser]menuSystem.Collections.Generic.List`1[Treasury.WebViewModels.MenuModel]
2018-08-27 17:53:33.1587|Treasury.WebControllers.NavigationController|INFO|[NavigationController][MenuByUser]
2018-08-27 17:53:33.1587|Treasury.WebControllers.NavigationController|INFO|[NavigationController][MenuByUser]UserID:B0542
2018-08-27 17:53:33.1597|Treasury.WebControllers.NavigationController|INFO|[NavigationController][MenuByUser]menuSystem.Collections.Generic.List`1[Treasury.WebViewModels.MenuModel]
2018-08-27 18:08:28.1165|Treasury.Web.MvcApplication|INFO|Application_Start
2018-08-27 18:08:35.7538|Treasury.WebControllers.NavigationController|INFO|[NavigationController][MenuByUser]
2018-08-27 18:08:35.7538|Treasury.WebControllers.NavigationController|INFO|[NavigationController][MenuByUser]UserID:
2018-08-27 18:09:14.6871|Treasury.WebControllers.NavigationController|INFO|[NavigationController][MenuByUser]
2018-08-27 18:09:14.6871|Treasury.WebControllers.NavigationController|INFO|[NavigationController][MenuByUser]UserID:
2018-08-27 18:10:41.2036|Treasury.WebControllers.NavigationController|INFO|[NavigationController][MenuByUser]
2018-08-27 18:10:41.2036|Treasury.WebControllers.NavigationController|INFO|[NavigationController][MenuByUser]UserID:
2018-08-27 18:11:52.8249|Treasury.WebControllers.NavigationController|INFO|[NavigationController][MenuByUser]
2018-08-27 18:11:52.8249|Treasury.WebControllers.NavigationController|INFO|[NavigationController][MenuByUser]UserID:
2018-08-27 18:11:53.3885|Treasury.WebControllers.NavigationController|INFO|[NavigationController][MenuByUser]
2018-08-27 18:11:53.3885|Treasury.WebControllers.NavigationController|INFO|[NavigationController][MenuByUser]UserID:
2018-08-27 18:12:02.7522|Treasury.WebControllers.NavigationController|INFO|[NavigationController][MenuByUser]
2018-08-27 18:12:02.7522|Treasury.WebControllers.NavigationController|INFO|[NavigationController][MenuByUser]UserID:
2018-08-27 18:33:19.3706|Treasury.Web.MvcApplication|INFO|Application_Start
2018-08-27 18:33:25.2582|Treasury.WebControllers.NavigationController|INFO|[NavigationController][MenuByUser]
2018-08-27 18:33:25.2582|Treasury.WebControllers.NavigationController|INFO|[NavigationController][MenuByUser]UserID:
