2018-06-05 14:14:52.6090|Treasury.Web.MvcApplication|INFO|Application_Start
2018-06-05 14:16:11.7527|Treasury.WebControllers.NavigationController|INFO|[NavigationController][MenuByUser]
2018-06-05 14:16:11.8139|Treasury.WebControllers.NavigationController|INFO|[NavigationController][MenuByUser]UserID:
2018-06-05 14:17:27.4172|Treasury.Web.Controllers.AccountController|INFO|[AccountController][Login]UserId:B0077
2018-06-05 14:17:27.4463|Treasury.Web.Controllers.AccountController|INFO|[AccountController][Login]IsValid
2018-06-05 14:17:36.3892|Treasury.Web.Controllers.AccountController|INFO|[Login]finally：B0077
2018-06-05 14:17:44.5158|Treasury.WebControllers.NavigationController|INFO|[NavigationController][MenuByUser]
2018-06-05 14:17:44.5158|Treasury.WebControllers.NavigationController|INFO|[NavigationController][MenuByUser]UserID:B0077
2018-06-05 14:17:44.5539|Treasury.WebControllers.NavigationController|INFO|[NavigationController][MenuByUser]dr[2].ToString():管理作業
2018-06-05 14:17:44.5539|Treasury.WebControllers.NavigationController|INFO|[NavigationController][MenuByUser]dr[2].ToString():系統功能維護作業
2018-06-05 14:17:44.5609|Treasury.WebControllers.NavigationController|INFO|[NavigationController][MenuByUser]dr[2].ToString():角色維護作業
2018-06-05 14:17:44.5609|Treasury.WebControllers.NavigationController|INFO|[NavigationController][MenuByUser]dr[2].ToString():使用者維護作業
2018-06-05 14:17:44.5609|Treasury.WebControllers.NavigationController|INFO|[NavigationController][MenuByUser]dr[2].ToString():角色權限覆核作業
2018-06-05 14:17:44.5609|Treasury.WebControllers.NavigationController|INFO|[NavigationController][MenuByUser]dr[2].ToString():使用者權限覆核作業
2018-06-05 14:17:44.5759|Treasury.WebControllers.NavigationController|INFO|[NavigationController][MenuByUser]dr[2].ToString():權限報表
2018-06-05 14:17:44.5759|Treasury.WebControllers.NavigationController|INFO|[NavigationController][MenuByUser]dr[2].ToString():金庫物品存取申作業
2018-06-05 14:17:44.5759|Treasury.WebControllers.NavigationController|INFO|[NavigationController][MenuByUser]dr[2].ToString():初始畫面
2018-06-05 14:17:50.8359|Treasury.WebActionFilter.CheckSessionFilterAttribute|INFO|[OnActionExecuting]user:B0077
2018-06-05 14:17:50.8429|Treasury.WebActionFilter.CheckSessionFilterAttribute|INFO|[OnActionExecuting]session.IsNewSession:False
2018-06-05 14:17:54.3060|Treasury.WebControllers.NavigationController|INFO|[NavigationController][MenuByUser]
2018-06-05 14:17:54.3100|Treasury.WebControllers.NavigationController|INFO|[NavigationController][MenuByUser]UserID:B0077
2018-06-05 14:17:54.3100|Treasury.WebControllers.NavigationController|INFO|[NavigationController][MenuByUser]menuSystem.Collections.Generic.List`1[Treasury.WebViewModels.MenuModel]
2018-06-05 14:20:56.0559|Treasury.WebActionFilter.CheckSessionFilterAttribute|INFO|[OnActionExecuting]user:B0077
2018-06-05 14:20:56.0699|Treasury.WebActionFilter.CheckSessionFilterAttribute|INFO|[OnActionExecuting]session.IsNewSession:False
2018-06-05 14:20:57.5010|Treasury.WebControllers.NavigationController|INFO|[NavigationController][MenuByUser]
2018-06-05 14:20:57.5010|Treasury.WebControllers.NavigationController|INFO|[NavigationController][MenuByUser]UserID:B0077
2018-06-05 14:20:57.5010|Treasury.WebControllers.NavigationController|INFO|[NavigationController][MenuByUser]menuSystem.Collections.Generic.List`1[Treasury.WebViewModels.MenuModel]
2018-06-05 14:21:39.1386|Treasury.WebActionFilter.CheckSessionFilterAttribute|INFO|[OnActionExecuting]user:B0077
2018-06-05 14:21:39.1386|Treasury.WebActionFilter.CheckSessionFilterAttribute|INFO|[OnActionExecuting]session.IsNewSession:False
2018-06-05 14:21:40.2069|Treasury.WebControllers.NavigationController|INFO|[NavigationController][MenuByUser]
2018-06-05 14:21:40.2250|Treasury.WebControllers.NavigationController|INFO|[NavigationController][MenuByUser]UserID:B0077
2018-06-05 14:21:40.2250|Treasury.WebControllers.NavigationController|INFO|[NavigationController][MenuByUser]menuSystem.Collections.Generic.List`1[Treasury.WebViewModels.MenuModel]
2018-06-05 14:23:31.6859|Treasury.WebActionFilter.CheckSessionFilterAttribute|INFO|[OnActionExecuting]user:B0077
2018-06-05 14:23:31.6859|Treasury.WebActionFilter.CheckSessionFilterAttribute|INFO|[OnActionExecuting]session.IsNewSession:False
2018-06-05 14:23:32.8817|Treasury.WebControllers.NavigationController|INFO|[NavigationController][MenuByUser]
2018-06-05 14:23:32.8817|Treasury.WebControllers.NavigationController|INFO|[NavigationController][MenuByUser]UserID:B0077
2018-06-05 14:23:32.8857|Treasury.WebControllers.NavigationController|INFO|[NavigationController][MenuByUser]menuSystem.Collections.Generic.List`1[Treasury.WebViewModels.MenuModel]
2018-06-05 14:25:33.2690|Treasury.WebActionFilter.CheckSessionFilterAttribute|INFO|[OnActionExecuting]user:B0077
2018-06-05 14:25:33.3131|Treasury.WebActionFilter.CheckSessionFilterAttribute|INFO|[OnActionExecuting]session.IsNewSession:False
2018-06-05 14:25:33.3432|Treasury.WebControllers.NavigationController|INFO|[NavigationController][MenuByUser]
2018-06-05 14:25:33.3582|Treasury.WebControllers.NavigationController|INFO|[NavigationController][MenuByUser]UserID:B0077
2018-06-05 14:25:33.3582|Treasury.WebControllers.NavigationController|INFO|[NavigationController][MenuByUser]menuSystem.Collections.Generic.List`1[Treasury.WebViewModels.MenuModel]
2018-06-05 14:27:22.7195|Treasury.WebActionFilter.CheckSessionFilterAttribute|INFO|[OnActionExecuting]user:B0077
2018-06-05 14:27:22.7796|Treasury.WebActionFilter.CheckSessionFilterAttribute|INFO|[OnActionExecuting]session.IsNewSession:False
2018-06-05 14:27:22.8498|Treasury.WebControllers.NavigationController|INFO|[NavigationController][MenuByUser]
2018-06-05 14:27:22.8528|Treasury.WebControllers.NavigationController|INFO|[NavigationController][MenuByUser]UserID:B0077
2018-06-05 14:27:22.8528|Treasury.WebControllers.NavigationController|INFO|[NavigationController][MenuByUser]menuSystem.Collections.Generic.List`1[Treasury.WebViewModels.MenuModel]
2018-06-05 14:27:36.6389|Treasury.WebActionFilter.CheckSessionFilterAttribute|INFO|[OnActionExecuting]user:B0077
2018-06-05 14:27:36.6389|Treasury.WebActionFilter.CheckSessionFilterAttribute|INFO|[OnActionExecuting]session.IsNewSession:False
2018-06-05 14:27:36.6710|Treasury.WebControllers.NavigationController|INFO|[NavigationController][MenuByUser]
2018-06-05 14:27:36.6710|Treasury.WebControllers.NavigationController|INFO|[NavigationController][MenuByUser]UserID:B0077
2018-06-05 14:27:36.6710|Treasury.WebControllers.NavigationController|INFO|[NavigationController][MenuByUser]menuSystem.Collections.Generic.List`1[Treasury.WebViewModels.MenuModel]
2018-06-05 14:29:15.2535|Treasury.WebActionFilter.CheckSessionFilterAttribute|INFO|[OnActionExecuting]user:B0077
2018-06-05 14:29:15.2535|Treasury.WebActionFilter.CheckSessionFilterAttribute|INFO|[OnActionExecuting]session.IsNewSession:False
2018-06-05 14:29:42.0002|Treasury.WebControllers.NavigationController|INFO|[NavigationController][MenuByUser]
2018-06-05 14:29:42.0002|Treasury.WebControllers.NavigationController|INFO|[NavigationController][MenuByUser]UserID:B0077
2018-06-05 14:29:42.0163|Treasury.WebControllers.NavigationController|INFO|[NavigationController][MenuByUser]menuSystem.Collections.Generic.List`1[Treasury.WebViewModels.MenuModel]
2018-06-05 14:30:15.2114|Treasury.WebActionFilter.CheckSessionFilterAttribute|INFO|[OnActionExecuting]user:B0077
2018-06-05 14:30:15.2265|Treasury.WebActionFilter.CheckSessionFilterAttribute|INFO|[OnActionExecuting]session.IsNewSession:False
2018-06-05 14:30:15.4330|Treasury.WebControllers.NavigationController|INFO|[NavigationController][MenuByUser]
2018-06-05 14:30:15.4882|Treasury.WebControllers.NavigationController|INFO|[NavigationController][MenuByUser]UserID:B0077
2018-06-05 14:30:15.4882|Treasury.WebControllers.NavigationController|INFO|[NavigationController][MenuByUser]menuSystem.Collections.Generic.List`1[Treasury.WebViewModels.MenuModel]
2018-06-05 14:32:55.0496|Treasury.WebActionFilter.CheckSessionFilterAttribute|INFO|[OnActionExecuting]user:B0077
2018-06-05 14:32:55.0496|Treasury.WebActionFilter.CheckSessionFilterAttribute|INFO|[OnActionExecuting]session.IsNewSession:False
2018-06-05 14:32:55.1419|Treasury.WebControllers.NavigationController|INFO|[NavigationController][MenuByUser]
2018-06-05 14:32:55.1419|Treasury.WebControllers.NavigationController|INFO|[NavigationController][MenuByUser]UserID:B0077
2018-06-05 14:32:55.1419|Treasury.WebControllers.NavigationController|INFO|[NavigationController][MenuByUser]menuSystem.Collections.Generic.List`1[Treasury.WebViewModels.MenuModel]
2018-06-05 14:36:19.6159|Treasury.Web.MvcApplication|INFO|Application_Start
2018-06-05 14:37:07.6437|Treasury.WebControllers.NavigationController|INFO|[NavigationController][MenuByUser]
2018-06-05 14:37:08.5464|Treasury.WebControllers.NavigationController|INFO|[NavigationController][MenuByUser]UserID:
2018-06-05 14:37:54.0045|Treasury.Web.Controllers.AccountController|INFO|[AccountController][Login]UserId:B0077
2018-06-05 14:37:54.0045|Treasury.Web.Controllers.AccountController|INFO|[AccountController][Login]IsValid
2018-06-05 14:38:08.1746|Treasury.Web.Controllers.AccountController|INFO|[Login]finally：B0077
2018-06-05 14:38:17.8087|Treasury.WebControllers.NavigationController|INFO|[NavigationController][MenuByUser]
2018-06-05 14:38:17.8468|Treasury.WebControllers.NavigationController|INFO|[NavigationController][MenuByUser]UserID:B0077
2018-06-05 14:38:17.8819|Treasury.WebControllers.NavigationController|INFO|[NavigationController][MenuByUser]dr[2].ToString():管理作業
2018-06-05 14:38:17.8879|Treasury.WebControllers.NavigationController|INFO|[NavigationController][MenuByUser]dr[2].ToString():系統功能維護作業
2018-06-05 14:38:17.8879|Treasury.WebControllers.NavigationController|INFO|[NavigationController][MenuByUser]dr[2].ToString():角色維護作業
2018-06-05 14:38:17.8879|Treasury.WebControllers.NavigationController|INFO|[NavigationController][MenuByUser]dr[2].ToString():使用者維護作業
2018-06-05 14:38:17.8879|Treasury.WebControllers.NavigationController|INFO|[NavigationController][MenuByUser]dr[2].ToString():角色權限覆核作業
2018-06-05 14:38:17.9060|Treasury.WebControllers.NavigationController|INFO|[NavigationController][MenuByUser]dr[2].ToString():使用者權限覆核作業
2018-06-05 14:38:17.9060|Treasury.WebControllers.NavigationController|INFO|[NavigationController][MenuByUser]dr[2].ToString():權限報表
2018-06-05 14:38:17.9060|Treasury.WebControllers.NavigationController|INFO|[NavigationController][MenuByUser]dr[2].ToString():金庫物品存取申作業
2018-06-05 14:38:17.9060|Treasury.WebControllers.NavigationController|INFO|[NavigationController][MenuByUser]dr[2].ToString():初始畫面
2018-06-05 14:38:23.1940|Treasury.WebActionFilter.CheckSessionFilterAttribute|INFO|[OnActionExecuting]user:B0077
2018-06-05 14:38:23.1940|Treasury.WebActionFilter.CheckSessionFilterAttribute|INFO|[OnActionExecuting]session.IsNewSession:False
2018-06-05 14:38:27.9376|Treasury.WebControllers.NavigationController|INFO|[NavigationController][MenuByUser]
2018-06-05 14:38:27.9376|Treasury.WebControllers.NavigationController|INFO|[NavigationController][MenuByUser]UserID:B0077
2018-06-05 14:38:27.9376|Treasury.WebControllers.NavigationController|INFO|[NavigationController][MenuByUser]menuSystem.Collections.Generic.List`1[Treasury.WebViewModels.MenuModel]
2018-06-05 14:40:20.2218|Treasury.WebActionFilter.CheckSessionFilterAttribute|INFO|[OnActionExecuting]user:B0077
2018-06-05 14:40:20.2920|Treasury.WebActionFilter.CheckSessionFilterAttribute|INFO|[OnActionExecuting]session.IsNewSession:False
2018-06-05 14:40:33.5717|Treasury.WebControllers.NavigationController|INFO|[NavigationController][MenuByUser]
2018-06-05 14:40:33.5767|Treasury.WebControllers.NavigationController|INFO|[NavigationController][MenuByUser]UserID:B0077
2018-06-05 14:40:33.6068|Treasury.WebControllers.NavigationController|INFO|[NavigationController][MenuByUser]menuSystem.Collections.Generic.List`1[Treasury.WebViewModels.MenuModel]
2018-06-05 14:40:55.7691|Treasury.WebActionFilter.CheckSessionFilterAttribute|INFO|[OnActionExecuting]user:B0077
2018-06-05 14:40:55.9044|Treasury.WebActionFilter.CheckSessionFilterAttribute|INFO|[OnActionExecuting]session.IsNewSession:False
2018-06-05 14:40:55.9756|Treasury.WebControllers.NavigationController|INFO|[NavigationController][MenuByUser]
2018-06-05 14:40:55.9756|Treasury.WebControllers.NavigationController|INFO|[NavigationController][MenuByUser]UserID:B0077
2018-06-05 14:40:55.9837|Treasury.WebControllers.NavigationController|INFO|[NavigationController][MenuByUser]menuSystem.Collections.Generic.List`1[Treasury.WebViewModels.MenuModel]
2018-06-05 19:01:57.4557|Treasury.Web.MvcApplication|INFO|Application_Start
2018-06-05 19:02:54.0054|Treasury.WebControllers.NavigationController|INFO|[NavigationController][MenuByUser]
2018-06-05 19:02:54.0194|Treasury.WebControllers.NavigationController|INFO|[NavigationController][MenuByUser]UserID:
2018-06-05 19:04:22.1157|Treasury.Web.Controllers.AccountController|INFO|[AccountController][Login]UserId:B0077
2018-06-05 19:04:22.3006|Treasury.Web.Controllers.AccountController|INFO|[AccountController][Login]IsValid
2018-06-05 19:04:30.2538|Treasury.Web.Controllers.AccountController|INFO|[Login]finally：B0077
2018-06-05 19:04:39.6323|Treasury.WebControllers.NavigationController|INFO|[NavigationController][MenuByUser]
2018-06-05 19:04:39.6363|Treasury.WebControllers.NavigationController|INFO|[NavigationController][MenuByUser]UserID:B0077
2018-06-05 19:04:39.7058|Treasury.WebControllers.NavigationController|INFO|[NavigationController][MenuByUser]dr[2].ToString():管理作業
2018-06-05 19:04:39.7168|Treasury.WebControllers.NavigationController|INFO|[NavigationController][MenuByUser]dr[2].ToString():系統功能維護作業
2018-06-05 19:04:39.7168|Treasury.WebControllers.NavigationController|INFO|[NavigationController][MenuByUser]dr[2].ToString():角色維護作業
2018-06-05 19:04:39.7339|Treasury.WebControllers.NavigationController|INFO|[NavigationController][MenuByUser]dr[2].ToString():使用者維護作業
2018-06-05 19:04:39.7539|Treasury.WebControllers.NavigationController|INFO|[NavigationController][MenuByUser]dr[2].ToString():角色權限覆核作業
2018-06-05 19:04:39.7600|Treasury.WebControllers.NavigationController|INFO|[NavigationController][MenuByUser]dr[2].ToString():使用者權限覆核作業
2018-06-05 19:04:39.8101|Treasury.WebControllers.NavigationController|INFO|[NavigationController][MenuByUser]dr[2].ToString():權限報表
2018-06-05 19:04:39.8101|Treasury.WebControllers.NavigationController|INFO|[NavigationController][MenuByUser]dr[2].ToString():金庫物品存取申作業
2018-06-05 19:04:39.8101|Treasury.WebControllers.NavigationController|INFO|[NavigationController][MenuByUser]dr[2].ToString():初始畫面
2018-06-05 19:04:44.2579|Treasury.WebActionFilter.CheckSessionFilterAttribute|INFO|[OnActionExecuting]user:B0077
2018-06-05 19:04:44.2649|Treasury.WebActionFilter.CheckSessionFilterAttribute|INFO|[OnActionExecuting]session.IsNewSession:False
2018-06-05 19:05:35.1326|Treasury.WebActionFilter.CheckSessionFilterAttribute|INFO|[OnActionExecuting]user:B0077
2018-06-05 19:05:35.2383|Treasury.WebActionFilter.CheckSessionFilterAttribute|INFO|[OnActionExecuting]session.IsNewSession:False
2018-06-05 19:06:45.2741|Treasury.WebActionFilter.CheckSessionFilterAttribute|INFO|[OnActionExecuting]user:B0077
2018-06-05 19:06:45.5720|Treasury.WebActionFilter.CheckSessionFilterAttribute|INFO|[OnActionExecuting]session.IsNewSession:False
2018-06-05 19:11:02.3764|Treasury.Web.MvcApplication|INFO|Application_Start
2018-06-05 19:11:40.6133|Treasury.WebControllers.NavigationController|INFO|[NavigationController][MenuByUser]
2018-06-05 19:11:40.6895|Treasury.WebControllers.NavigationController|INFO|[NavigationController][MenuByUser]UserID:
2018-06-05 19:12:05.5931|Treasury.Web.Controllers.AccountController|INFO|[AccountController][Login]UserId:B0077
2018-06-05 19:12:05.6022|Treasury.Web.Controllers.AccountController|INFO|[AccountController][Login]IsValid
2018-06-05 19:12:12.4812|Treasury.Web.Controllers.AccountController|INFO|[Login]finally：B0077
2018-06-05 19:12:22.7109|Treasury.WebControllers.NavigationController|INFO|[NavigationController][MenuByUser]
2018-06-05 19:12:22.7861|Treasury.WebControllers.NavigationController|INFO|[NavigationController][MenuByUser]UserID:B0077
2018-06-05 19:12:22.8403|Treasury.WebControllers.NavigationController|INFO|[NavigationController][MenuByUser]dr[2].ToString():管理作業
2018-06-05 19:12:22.8523|Treasury.WebControllers.NavigationController|INFO|[NavigationController][MenuByUser]dr[2].ToString():系統功能維護作業
2018-06-05 19:12:22.8523|Treasury.WebControllers.NavigationController|INFO|[NavigationController][MenuByUser]dr[2].ToString():角色維護作業
2018-06-05 19:12:22.9355|Treasury.WebControllers.NavigationController|INFO|[NavigationController][MenuByUser]dr[2].ToString():使用者維護作業
2018-06-05 19:12:22.9496|Treasury.WebControllers.NavigationController|INFO|[NavigationController][MenuByUser]dr[2].ToString():角色權限覆核作業
2018-06-05 19:12:22.9616|Treasury.WebControllers.NavigationController|INFO|[NavigationController][MenuByUser]dr[2].ToString():使用者權限覆核作業
2018-06-05 19:12:22.9616|Treasury.WebControllers.NavigationController|INFO|[NavigationController][MenuByUser]dr[2].ToString():權限報表
2018-06-05 19:12:22.9806|Treasury.WebControllers.NavigationController|INFO|[NavigationController][MenuByUser]dr[2].ToString():金庫物品存取申作業
2018-06-05 19:12:22.9806|Treasury.WebControllers.NavigationController|INFO|[NavigationController][MenuByUser]dr[2].ToString():初始畫面
2018-06-05 19:12:29.7679|Treasury.WebActionFilter.CheckSessionFilterAttribute|INFO|[OnActionExecuting]user:B0077
2018-06-05 19:12:29.7729|Treasury.WebActionFilter.CheckSessionFilterAttribute|INFO|[OnActionExecuting]session.IsNewSession:False
2018-06-05 19:13:11.1107|Treasury.WebControllers.NavigationController|INFO|[NavigationController][MenuByUser]
2018-06-05 19:13:11.1107|Treasury.WebControllers.NavigationController|INFO|[NavigationController][MenuByUser]UserID:B0077
2018-06-05 19:13:11.1197|Treasury.WebControllers.NavigationController|INFO|[NavigationController][MenuByUser]menuSystem.Collections.Generic.List`1[Treasury.WebViewModels.MenuModel]
2018-06-05 19:15:18.9550|Treasury.Web.MvcApplication|INFO|Application_Start
2018-06-05 19:16:09.1111|Treasury.WebControllers.NavigationController|INFO|[NavigationController][MenuByUser]
2018-06-05 19:16:09.1932|Treasury.WebControllers.NavigationController|INFO|[NavigationController][MenuByUser]UserID:
2018-06-05 19:16:31.7659|Treasury.Web.Controllers.AccountController|INFO|[AccountController][Login]UserId:B0077
2018-06-05 19:16:31.7659|Treasury.Web.Controllers.AccountController|INFO|[AccountController][Login]IsValid
2018-06-05 19:16:46.6851|Treasury.Web.Controllers.AccountController|INFO|[Login]finally：B0077
2018-06-05 19:17:05.4819|Treasury.WebControllers.NavigationController|INFO|[NavigationController][MenuByUser]
2018-06-05 19:17:05.5170|Treasury.WebControllers.NavigationController|INFO|[NavigationController][MenuByUser]UserID:B0077
2018-06-05 19:17:05.5872|Treasury.WebControllers.NavigationController|INFO|[NavigationController][MenuByUser]dr[2].ToString():管理作業
2018-06-05 19:17:05.5872|Treasury.WebControllers.NavigationController|INFO|[NavigationController][MenuByUser]dr[2].ToString():系統功能維護作業
2018-06-05 19:17:05.5872|Treasury.WebControllers.NavigationController|INFO|[NavigationController][MenuByUser]dr[2].ToString():角色維護作業
2018-06-05 19:17:05.6022|Treasury.WebControllers.NavigationController|INFO|[NavigationController][MenuByUser]dr[2].ToString():使用者維護作業
2018-06-05 19:17:05.6022|Treasury.WebControllers.NavigationController|INFO|[NavigationController][MenuByUser]dr[2].ToString():角色權限覆核作業
2018-06-05 19:17:05.6022|Treasury.WebControllers.NavigationController|INFO|[NavigationController][MenuByUser]dr[2].ToString():使用者權限覆核作業
2018-06-05 19:17:05.6022|Treasury.WebControllers.NavigationController|INFO|[NavigationController][MenuByUser]dr[2].ToString():權限報表
2018-06-05 19:17:05.6203|Treasury.WebControllers.NavigationController|INFO|[NavigationController][MenuByUser]dr[2].ToString():金庫物品存取申作業
2018-06-05 19:17:05.6203|Treasury.WebControllers.NavigationController|INFO|[NavigationController][MenuByUser]dr[2].ToString():初始畫面
2018-06-05 19:17:24.4901|Treasury.WebActionFilter.CheckSessionFilterAttribute|INFO|[OnActionExecuting]user:B0077
2018-06-05 19:17:24.4951|Treasury.WebActionFilter.CheckSessionFilterAttribute|INFO|[OnActionExecuting]session.IsNewSession:False
2018-06-05 19:17:39.7846|Treasury.WebControllers.NavigationController|INFO|[NavigationController][MenuByUser]
2018-06-05 19:17:39.7895|Treasury.WebControllers.NavigationController|INFO|[NavigationController][MenuByUser]UserID:B0077
2018-06-05 19:17:39.7895|Treasury.WebControllers.NavigationController|INFO|[NavigationController][MenuByUser]menuSystem.Collections.Generic.List`1[Treasury.WebViewModels.MenuModel]
2018-06-05 19:18:45.4854|Treasury.WebActionFilter.CheckSessionFilterAttribute|INFO|[OnActionExecuting]user:B0077
2018-06-05 19:18:45.4914|Treasury.WebActionFilter.CheckSessionFilterAttribute|INFO|[OnActionExecuting]session.IsNewSession:False
2018-06-05 19:21:43.3950|Treasury.WebControllers.NavigationController|INFO|[NavigationController][MenuByUser]
2018-06-05 19:21:43.4031|Treasury.WebControllers.NavigationController|INFO|[NavigationController][MenuByUser]UserID:B0077
2018-06-05 19:21:43.4031|Treasury.WebControllers.NavigationController|INFO|[NavigationController][MenuByUser]menuSystem.Collections.Generic.List`1[Treasury.WebViewModels.MenuModel]
2018-06-05 19:21:46.5494|Treasury.WebActionFilter.CheckSessionFilterAttribute|INFO|[OnActionExecuting]user:B0077
2018-06-05 19:21:46.5754|Treasury.WebActionFilter.CheckSessionFilterAttribute|INFO|[OnActionExecuting]session.IsNewSession:False
2018-06-05 19:24:50.1647|Treasury.Web.MvcApplication|INFO|Application_Start
2018-06-05 19:25:31.7154|Treasury.WebControllers.NavigationController|INFO|[NavigationController][MenuByUser]
2018-06-05 19:25:32.1894|Treasury.WebControllers.NavigationController|INFO|[NavigationController][MenuByUser]UserID:
2018-06-05 19:25:52.1278|Treasury.Web.Controllers.AccountController|INFO|[AccountController][Login]UserId:B0077
2018-06-05 19:25:52.1368|Treasury.Web.Controllers.AccountController|INFO|[AccountController][Login]IsValid
2018-06-05 19:26:05.2496|Treasury.Web.Controllers.AccountController|INFO|[Login]finally：B0077
2018-06-05 19:26:20.6492|Treasury.WebControllers.NavigationController|INFO|[NavigationController][MenuByUser]
2018-06-05 19:26:20.6492|Treasury.WebControllers.NavigationController|INFO|[NavigationController][MenuByUser]UserID:B0077
2018-06-05 19:26:20.6893|Treasury.WebControllers.NavigationController|INFO|[NavigationController][MenuByUser]dr[2].ToString():管理作業
2018-06-05 19:26:20.6953|Treasury.WebControllers.NavigationController|INFO|[NavigationController][MenuByUser]dr[2].ToString():系統功能維護作業
2018-06-05 19:26:20.6953|Treasury.WebControllers.NavigationController|INFO|[NavigationController][MenuByUser]dr[2].ToString():角色維護作業
2018-06-05 19:26:20.7154|Treasury.WebControllers.NavigationController|INFO|[NavigationController][MenuByUser]dr[2].ToString():使用者維護作業
2018-06-05 19:26:20.7154|Treasury.WebControllers.NavigationController|INFO|[NavigationController][MenuByUser]dr[2].ToString():角色權限覆核作業
2018-06-05 19:26:20.7264|Treasury.WebControllers.NavigationController|INFO|[NavigationController][MenuByUser]dr[2].ToString():使用者權限覆核作業
2018-06-05 19:26:20.7264|Treasury.WebControllers.NavigationController|INFO|[NavigationController][MenuByUser]dr[2].ToString():權限報表
2018-06-05 19:26:20.7264|Treasury.WebControllers.NavigationController|INFO|[NavigationController][MenuByUser]dr[2].ToString():金庫物品存取申作業
2018-06-05 19:26:20.7415|Treasury.WebControllers.NavigationController|INFO|[NavigationController][MenuByUser]dr[2].ToString():初始畫面
2018-06-05 19:26:26.7319|Treasury.WebActionFilter.CheckSessionFilterAttribute|INFO|[OnActionExecuting]user:B0077
2018-06-05 19:26:26.7319|Treasury.WebActionFilter.CheckSessionFilterAttribute|INFO|[OnActionExecuting]session.IsNewSession:False
2018-06-05 19:27:14.7612|Treasury.WebControllers.NavigationController|INFO|[NavigationController][MenuByUser]
2018-06-05 19:27:14.8582|Treasury.WebControllers.NavigationController|INFO|[NavigationController][MenuByUser]UserID:B0077
2018-06-05 19:27:14.8752|Treasury.WebControllers.NavigationController|INFO|[NavigationController][MenuByUser]menuSystem.Collections.Generic.List`1[Treasury.WebViewModels.MenuModel]
2018-06-05 19:27:26.4272|Treasury.WebActionFilter.CheckSessionFilterAttribute|INFO|[OnActionExecuting]user:B0077
2018-06-05 19:27:26.5284|Treasury.WebActionFilter.CheckSessionFilterAttribute|INFO|[OnActionExecuting]session.IsNewSession:False
2018-06-05 19:27:31.7673|Treasury.WebActionFilter.CheckSessionFilterAttribute|INFO|[OnActionExecuting]user:B0077
2018-06-05 19:27:31.7733|Treasury.WebActionFilter.CheckSessionFilterAttribute|INFO|[OnActionExecuting]session.IsNewSession:False
2018-06-05 19:27:44.0031|Treasury.WebActionFilter.CheckSessionFilterAttribute|INFO|[OnActionExecuting]user:B0077
2018-06-05 19:27:44.0101|Treasury.WebActionFilter.CheckSessionFilterAttribute|INFO|[OnActionExecuting]session.IsNewSession:False
2018-06-05 19:27:46.7184|Treasury.WebActionFilter.CheckSessionFilterAttribute|INFO|[OnActionExecuting]user:B0077
2018-06-05 19:27:46.7184|Treasury.WebActionFilter.CheckSessionFilterAttribute|INFO|[OnActionExecuting]session.IsNewSession:False
2018-06-05 19:27:50.1438|Treasury.WebActionFilter.CheckSessionFilterAttribute|INFO|[OnActionExecuting]user:B0077
2018-06-05 19:27:50.1698|Treasury.WebActionFilter.CheckSessionFilterAttribute|INFO|[OnActionExecuting]session.IsNewSession:False
2018-06-05 19:27:52.8757|Treasury.WebActionFilter.CheckSessionFilterAttribute|INFO|[OnActionExecuting]user:B0077
2018-06-05 19:27:52.8757|Treasury.WebActionFilter.CheckSessionFilterAttribute|INFO|[OnActionExecuting]session.IsNewSession:False
2018-06-05 19:27:56.1337|Treasury.WebActionFilter.CheckSessionFilterAttribute|INFO|[OnActionExecuting]user:B0077
2018-06-05 19:27:56.1337|Treasury.WebActionFilter.CheckSessionFilterAttribute|INFO|[OnActionExecuting]session.IsNewSession:False
2018-06-05 19:27:59.2545|Treasury.WebActionFilter.CheckSessionFilterAttribute|INFO|[OnActionExecuting]user:B0077
2018-06-05 19:27:59.2616|Treasury.WebActionFilter.CheckSessionFilterAttribute|INFO|[OnActionExecuting]session.IsNewSession:False
2018-06-05 19:28:09.1777|Treasury.WebActionFilter.CheckSessionFilterAttribute|INFO|[OnActionExecuting]user:B0077
2018-06-05 19:28:09.1827|Treasury.WebActionFilter.CheckSessionFilterAttribute|INFO|[OnActionExecuting]session.IsNewSession:False
2018-06-05 19:28:12.8929|Treasury.WebActionFilter.CheckSessionFilterAttribute|INFO|[OnActionExecuting]user:B0077
2018-06-05 19:28:12.8999|Treasury.WebActionFilter.CheckSessionFilterAttribute|INFO|[OnActionExecuting]session.IsNewSession:False
2018-06-05 19:28:15.4635|Treasury.WebActionFilter.CheckSessionFilterAttribute|INFO|[OnActionExecuting]user:B0077
2018-06-05 19:28:15.4635|Treasury.WebActionFilter.CheckSessionFilterAttribute|INFO|[OnActionExecuting]session.IsNewSession:False
2018-06-05 19:28:18.2245|Treasury.WebActionFilter.CheckSessionFilterAttribute|INFO|[OnActionExecuting]user:B0077
2018-06-05 19:28:18.2306|Treasury.WebActionFilter.CheckSessionFilterAttribute|INFO|[OnActionExecuting]session.IsNewSession:False
2018-06-05 19:28:21.7984|Treasury.WebActionFilter.CheckSessionFilterAttribute|INFO|[OnActionExecuting]user:B0077
2018-06-05 19:28:21.7984|Treasury.WebActionFilter.CheckSessionFilterAttribute|INFO|[OnActionExecuting]session.IsNewSession:False
2018-06-05 19:28:24.7702|Treasury.WebActionFilter.CheckSessionFilterAttribute|INFO|[OnActionExecuting]user:B0077
2018-06-05 19:28:24.7762|Treasury.WebActionFilter.CheckSessionFilterAttribute|INFO|[OnActionExecuting]session.IsNewSession:False
2018-06-05 19:31:25.4381|Treasury.WebActionFilter.CheckSessionFilterAttribute|INFO|[OnActionExecuting]user:B0077
2018-06-05 19:31:25.6262|Treasury.WebActionFilter.CheckSessionFilterAttribute|INFO|[OnActionExecuting]session.IsNewSession:False
2018-06-05 19:31:39.0484|Treasury.WebControllers.NavigationController|INFO|[NavigationController][MenuByUser]
2018-06-05 19:31:39.0484|Treasury.WebControllers.NavigationController|INFO|[NavigationController][MenuByUser]UserID:B0077
2018-06-05 19:31:39.0577|Treasury.WebControllers.NavigationController|INFO|[NavigationController][MenuByUser]menuSystem.Collections.Generic.List`1[Treasury.WebViewModels.MenuModel]
2018-06-05 19:33:38.9923|Treasury.WebActionFilter.CheckSessionFilterAttribute|INFO|[OnActionExecuting]user:B0077
2018-06-05 19:33:39.0875|Treasury.WebActionFilter.CheckSessionFilterAttribute|INFO|[OnActionExecuting]session.IsNewSession:False
2018-06-05 19:33:39.6753|Treasury.WebControllers.NavigationController|INFO|[NavigationController][MenuByUser]
2018-06-05 19:33:39.6803|Treasury.WebControllers.NavigationController|INFO|[NavigationController][MenuByUser]UserID:B0077
2018-06-05 19:33:39.6803|Treasury.WebControllers.NavigationController|INFO|[NavigationController][MenuByUser]menuSystem.Collections.Generic.List`1[Treasury.WebViewModels.MenuModel]
2018-06-05 19:35:52.2381|Treasury.WebActionFilter.CheckSessionFilterAttribute|INFO|[OnActionExecuting]user:B0077
2018-06-05 19:35:52.5266|Treasury.WebActionFilter.CheckSessionFilterAttribute|INFO|[OnActionExecuting]session.IsNewSession:False
2018-06-05 19:35:54.6210|Treasury.WebControllers.NavigationController|INFO|[NavigationController][MenuByUser]
2018-06-05 19:35:54.6210|Treasury.WebControllers.NavigationController|INFO|[NavigationController][MenuByUser]UserID:B0077
2018-06-05 19:35:54.6390|Treasury.WebControllers.NavigationController|INFO|[NavigationController][MenuByUser]menuSystem.Collections.Generic.List`1[Treasury.WebViewModels.MenuModel]
2018-06-05 19:37:33.3059|Treasury.WebActionFilter.CheckSessionFilterAttribute|INFO|[OnActionExecuting]user:B0077
2018-06-05 19:37:33.4914|Treasury.WebActionFilter.CheckSessionFilterAttribute|INFO|[OnActionExecuting]session.IsNewSession:False
2018-06-05 19:37:34.1202|Treasury.WebControllers.NavigationController|INFO|[NavigationController][MenuByUser]
2018-06-05 19:37:34.1202|Treasury.WebControllers.NavigationController|INFO|[NavigationController][MenuByUser]UserID:B0077
2018-06-05 19:37:34.1202|Treasury.WebControllers.NavigationController|INFO|[NavigationController][MenuByUser]menuSystem.Collections.Generic.List`1[Treasury.WebViewModels.MenuModel]
2018-06-05 19:39:18.1095|Treasury.WebActionFilter.CheckSessionFilterAttribute|INFO|[OnActionExecuting]user:B0077
2018-06-05 19:39:18.1286|Treasury.WebActionFilter.CheckSessionFilterAttribute|INFO|[OnActionExecuting]session.IsNewSession:False
2018-06-05 19:39:18.5993|Treasury.WebControllers.NavigationController|INFO|[NavigationController][MenuByUser]
2018-06-05 19:39:18.5993|Treasury.WebControllers.NavigationController|INFO|[NavigationController][MenuByUser]UserID:B0077
2018-06-05 19:39:18.6053|Treasury.WebControllers.NavigationController|INFO|[NavigationController][MenuByUser]menuSystem.Collections.Generic.List`1[Treasury.WebViewModels.MenuModel]
2018-06-05 19:40:55.1123|Treasury.WebActionFilter.CheckSessionFilterAttribute|INFO|[OnActionExecuting]user:B0077
2018-06-05 19:40:55.1123|Treasury.WebActionFilter.CheckSessionFilterAttribute|INFO|[OnActionExecuting]session.IsNewSession:False
2018-06-05 19:40:59.7443|Treasury.WebControllers.NavigationController|INFO|[NavigationController][MenuByUser]
2018-06-05 19:40:59.7473|Treasury.WebControllers.NavigationController|INFO|[NavigationController][MenuByUser]UserID:B0077
2018-06-05 19:40:59.7473|Treasury.WebControllers.NavigationController|INFO|[NavigationController][MenuByUser]menuSystem.Collections.Generic.List`1[Treasury.WebViewModels.MenuModel]
