2018-05-18 09:44:06.2209|Treasury.WebControllers.UserMgrController|[procTrackLog]其它錯誤：System.Data.SqlClient.SqlException (0x80131904): 參數化查詢 '(@TRACKING_TYPE nvarchar(1),@ACCESS_ACCOUNT nvarchar(5),@ACCOUNT' 必須有參數 '@ACCOUNT_NAME'，但未提供。
   於 Treasury.Web.Daos.PiaLogMainDao.Insert(PIA_LOG_MAIN piaLogMain, SqlConnection conn, SqlTransaction transaction) 於 D:\需求單\201712120291-00_金庫管理系統\source\Fubon.Treasury\Treasury.Web\Daos\PiaLogMainDao.cs: 行 118
   於 Treasury.WebControllers.UserMgrController.procTrackLog(UserMgrModel userMgrModel, CodeUserDao codeUserDao, Int32 cnt) 於 D:\需求單\201712120291-00_金庫管理系統\source\Fubon.Treasury\Treasury.Web\Controllers\UserMgrController.cs: 行 289
ClientConnectionId:84c387e7-4f90-4974-8676-4a987bd20e88
Error Number:8178,State:1,Class:16
2018-05-18 09:55:59.8141|Treasury.WebControllers.UserMgrController|[procTrackLog]其它錯誤：System.Data.SqlClient.SqlException (0x80131904): 參數化查詢 '(@TRACKING_TYPE nvarchar(1),@ACCESS_ACCOUNT nvarchar(5),@ACCOUNT' 必須有參數 '@ACCOUNT_NAME'，但未提供。
   於 Treasury.Web.Daos.PiaLogMainDao.Insert(PIA_LOG_MAIN piaLogMain, SqlConnection conn, SqlTransaction transaction) 於 D:\需求單\201712120291-00_金庫管理系統\source\Fubon.Treasury\Treasury.Web\Daos\PiaLogMainDao.cs: 行 118
   於 Treasury.WebControllers.UserMgrController.procTrackLog(UserMgrModel userMgrModel, CodeUserDao codeUserDao, Int32 cnt) 於 D:\需求單\201712120291-00_金庫管理系統\source\Fubon.Treasury\Treasury.Web\Controllers\UserMgrController.cs: 行 289
ClientConnectionId:f74fddbf-840d-4ea3-b24d-07a00bd5a92f
Error Number:8178,State:1,Class:16
2018-05-18 09:57:09.6587|Treasury.WebControllers.UserMgrController|[procTrackLog]其它錯誤：System.Data.SqlClient.SqlException (0x80131904): 參數化查詢 '(@TRACKING_TYPE nvarchar(1),@ACCESS_ACCOUNT nvarchar(5),@ACCOUNT' 必須有參數 '@ACCOUNT_NAME'，但未提供。
   於 Treasury.Web.Daos.PiaLogMainDao.Insert(PIA_LOG_MAIN piaLogMain, SqlConnection conn, SqlTransaction transaction) 於 D:\需求單\201712120291-00_金庫管理系統\source\Fubon.Treasury\Treasury.Web\Daos\PiaLogMainDao.cs: 行 118
   於 Treasury.WebControllers.UserMgrController.procTrackLog(UserMgrModel userMgrModel, CodeUserDao codeUserDao, Int32 cnt) 於 D:\需求單\201712120291-00_金庫管理系統\source\Fubon.Treasury\Treasury.Web\Controllers\UserMgrController.cs: 行 289
ClientConnectionId:8061e8fa-c8b6-4599-a5c4-cb6ec8d8bd3d
Error Number:8178,State:1,Class:16
2018-05-18 09:58:25.5082|Treasury.WebControllers.UserMgrController|[procTrackLog]其它錯誤：System.Data.SqlClient.SqlException (0x80131904): 參數化查詢 '(@TRACKING_TYPE nvarchar(1),@ACCESS_ACCOUNT nvarchar(5),@ACCOUNT' 必須有參數 '@ACCOUNT_NAME'，但未提供。
   於 Treasury.Web.Daos.PiaLogMainDao.Insert(PIA_LOG_MAIN piaLogMain, SqlConnection conn, SqlTransaction transaction) 於 D:\需求單\201712120291-00_金庫管理系統\source\Fubon.Treasury\Treasury.Web\Daos\PiaLogMainDao.cs: 行 118
   於 Treasury.WebControllers.UserMgrController.procTrackLog(UserMgrModel userMgrModel, CodeUserDao codeUserDao, Int32 cnt) 於 D:\需求單\201712120291-00_金庫管理系統\source\Fubon.Treasury\Treasury.Web\Controllers\UserMgrController.cs: 行 289
ClientConnectionId:2d1b2198-07d8-49de-85d2-c7dc64ea0281
Error Number:8178,State:1,Class:16
2018-05-18 09:59:00.8396|Treasury.WebControllers.UserMgrController|[procTrackLog]其它錯誤：System.Data.SqlClient.SqlException (0x80131904): 參數化查詢 '(@TRACKING_TYPE nvarchar(1),@ACCESS_ACCOUNT nvarchar(5),@ACCOUNT' 必須有參數 '@ACCOUNT_NAME'，但未提供。
   於 Treasury.Web.Daos.PiaLogMainDao.Insert(PIA_LOG_MAIN piaLogMain, SqlConnection conn, SqlTransaction transaction) 於 D:\需求單\201712120291-00_金庫管理系統\source\Fubon.Treasury\Treasury.Web\Daos\PiaLogMainDao.cs: 行 118
   於 Treasury.WebControllers.UserMgrController.procTrackLog(UserMgrModel userMgrModel, CodeUserDao codeUserDao, Int32 cnt) 於 D:\需求單\201712120291-00_金庫管理系統\source\Fubon.Treasury\Treasury.Web\Controllers\UserMgrController.cs: 行 289
ClientConnectionId:2d1b2198-07d8-49de-85d2-c7dc64ea0281
Error Number:8178,State:1,Class:16
2018-05-18 10:06:10.7619|Treasury.WebControllers.UserMgrController|[procTrackLog]其它錯誤：System.Data.SqlClient.SqlException (0x80131904): 參數化查詢 '(@TRACKING_TYPE nvarchar(1),@ACCESS_ACCOUNT nvarchar(5),@ACCOUNT' 必須有參數 '@ACCOUNT_NAME'，但未提供。
   於 Treasury.Web.Daos.PiaLogMainDao.Insert(PIA_LOG_MAIN piaLogMain, SqlConnection conn, SqlTransaction transaction) 於 D:\需求單\201712120291-00_金庫管理系統\source\Fubon.Treasury\Treasury.Web\Daos\PiaLogMainDao.cs: 行 118
   於 Treasury.WebControllers.UserMgrController.procTrackLog(UserMgrModel userMgrModel, CodeUserDao codeUserDao, Int32 cnt) 於 D:\需求單\201712120291-00_金庫管理系統\source\Fubon.Treasury\Treasury.Web\Controllers\UserMgrController.cs: 行 289
ClientConnectionId:e833d3d5-c6fb-4204-9e46-1c4c085d264b
Error Number:8178,State:1,Class:16
2018-05-18 10:06:19.2442|Treasury.WebControllers.UserMgrController|[qryUserHisData]:System.Collections.Generic.KeyNotFoundException: 指定的索引鍵不在字典中。
   於 System.Collections.Generic.Dictionary`2.get_Item(TKey key)
   於 Treasury.WebControllers.UserMgrController.qryUserHisData(String userId, String apprStatus, String updDateB, String updDateE) 於 D:\需求單\201712120291-00_金庫管理系統\source\Fubon.Treasury\Treasury.Web\Controllers\UserMgrController.cs: 行 737
2018-05-18 10:07:45.7475|Treasury.WebControllers.UserMgrController|[procTrackLog]其它錯誤：System.Data.SqlClient.SqlException (0x80131904): 參數化查詢 '(@TRACKING_TYPE nvarchar(1),@ACCESS_ACCOUNT nvarchar(5),@ACCOUNT' 必須有參數 '@ACCOUNT_NAME'，但未提供。
   於 Treasury.Web.Daos.PiaLogMainDao.Insert(PIA_LOG_MAIN piaLogMain, SqlConnection conn, SqlTransaction transaction) 於 D:\需求單\201712120291-00_金庫管理系統\source\Fubon.Treasury\Treasury.Web\Daos\PiaLogMainDao.cs: 行 118
   於 Treasury.WebControllers.UserMgrController.procTrackLog(UserMgrModel userMgrModel, CodeUserDao codeUserDao, Int32 cnt) 於 D:\需求單\201712120291-00_金庫管理系統\source\Fubon.Treasury\Treasury.Web\Controllers\UserMgrController.cs: 行 289
ClientConnectionId:7751dedc-ba7c-4355-8989-382f01889b2c
Error Number:8178,State:1,Class:16
2018-05-18 10:07:56.9443|Treasury.WebControllers.UserMgrController|[qryUserHisData]:System.Collections.Generic.KeyNotFoundException: 指定的索引鍵不在字典中。
   於 System.Collections.Generic.Dictionary`2.get_Item(TKey key)
   於 Treasury.WebControllers.UserMgrController.qryUserHisData(String userId, String apprStatus, String updDateB, String updDateE) 於 D:\需求單\201712120291-00_金庫管理系統\source\Fubon.Treasury\Treasury.Web\Controllers\UserMgrController.cs: 行 737
2018-05-18 10:09:47.5579|Treasury.WebControllers.UserMgrController|[procTrackLog]其它錯誤：System.Data.SqlClient.SqlException (0x80131904): 參數化查詢 '(@TRACKING_TYPE nvarchar(1),@ACCESS_ACCOUNT nvarchar(5),@ACCOUNT' 必須有參數 '@ACCOUNT_NAME'，但未提供。
   於 Treasury.Web.Daos.PiaLogMainDao.Insert(PIA_LOG_MAIN piaLogMain, SqlConnection conn, SqlTransaction transaction) 於 D:\需求單\201712120291-00_金庫管理系統\source\Fubon.Treasury\Treasury.Web\Daos\PiaLogMainDao.cs: 行 118
   於 Treasury.WebControllers.UserMgrController.procTrackLog(UserMgrModel userMgrModel, CodeUserDao codeUserDao, Int32 cnt) 於 D:\需求單\201712120291-00_金庫管理系統\source\Fubon.Treasury\Treasury.Web\Controllers\UserMgrController.cs: 行 289
ClientConnectionId:2c6b6cfd-11b1-4961-9ec3-5fb218cd4bcc
Error Number:8178,State:1,Class:16
2018-05-18 10:11:48.3059|Treasury.WebControllers.UserMgrController|[procTrackLog]其它錯誤：System.Data.SqlClient.SqlException (0x80131904): 參數化查詢 '(@TRACKING_TYPE nvarchar(1),@ACCESS_ACCOUNT nvarchar(5),@ACCOUNT' 必須有參數 '@ACCOUNT_NAME'，但未提供。
   於 Treasury.Web.Daos.PiaLogMainDao.Insert(PIA_LOG_MAIN piaLogMain, SqlConnection conn, SqlTransaction transaction) 於 D:\需求單\201712120291-00_金庫管理系統\source\Fubon.Treasury\Treasury.Web\Daos\PiaLogMainDao.cs: 行 118
   於 Treasury.WebControllers.UserMgrController.procTrackLog(UserMgrModel userMgrModel, CodeUserDao codeUserDao, Int32 cnt) 於 D:\需求單\201712120291-00_金庫管理系統\source\Fubon.Treasury\Treasury.Web\Controllers\UserMgrController.cs: 行 289
ClientConnectionId:901cf972-ac89-4fb1-b593-c36d1d91b1fa
Error Number:8178,State:1,Class:16
2018-05-18 10:16:52.3223|Treasury.WebControllers.UserMgrController|[procTrackLog]其它錯誤：System.Data.SqlClient.SqlException (0x80131904): 參數化查詢 '(@TRACKING_TYPE nvarchar(1),@ACCESS_ACCOUNT nvarchar(5),@ACCOUNT' 必須有參數 '@ACCOUNT_NAME'，但未提供。
   於 Treasury.Web.Daos.PiaLogMainDao.Insert(PIA_LOG_MAIN piaLogMain, SqlConnection conn, SqlTransaction transaction) 於 D:\需求單\201712120291-00_金庫管理系統\source\Fubon.Treasury\Treasury.Web\Daos\PiaLogMainDao.cs: 行 118
   於 Treasury.WebControllers.UserMgrController.procTrackLog(UserMgrModel userMgrModel, CodeUserDao codeUserDao, Int32 cnt) 於 D:\需求單\201712120291-00_金庫管理系統\source\Fubon.Treasury\Treasury.Web\Controllers\UserMgrController.cs: 行 289
ClientConnectionId:64875c87-8469-449f-9fce-2f90aa3ca0bf
Error Number:8178,State:1,Class:16
2018-05-18 10:25:11.2324|Treasury.WebControllers.UserMgrController|[procTrackLog]其它錯誤：System.Data.SqlClient.SqlException (0x80131904): 參數化查詢 '(@TRACKING_TYPE nvarchar(1),@ACCESS_ACCOUNT nvarchar(5),@ACCOUNT' 必須有參數 '@ACCOUNT_NAME'，但未提供。
   於 Treasury.Web.Daos.PiaLogMainDao.Insert(PIA_LOG_MAIN piaLogMain, SqlConnection conn, SqlTransaction transaction) 於 D:\需求單\201712120291-00_金庫管理系統\source\Fubon.Treasury\Treasury.Web\Daos\PiaLogMainDao.cs: 行 118
   於 Treasury.WebControllers.UserMgrController.procTrackLog(UserMgrModel userMgrModel, CodeUserDao codeUserDao, Int32 cnt) 於 D:\需求單\201712120291-00_金庫管理系統\source\Fubon.Treasury\Treasury.Web\Controllers\UserMgrController.cs: 行 289
ClientConnectionId:1465edb7-bb62-4b2b-afae-60c57a301835
Error Number:8178,State:1,Class:16
