2018-07-12 09:45:33.8031|Treasury.WebControllers.UserMgrController|[procTrackLog]ㄤウ岿~GSystem.Data.SqlClient.SqlException (0x80131904): 把计てd高 '(@TRACKING_TYPE nvarchar(1),@ACCESS_ACCOUNT nvarchar(5),@ACCOUNT' ゲ斗Τ把计 '@ACCOUNT_NAME'Aゼ矗ㄑC
    Treasury.Web.Daos.PiaLogMainDao.Insert(PIA_LOG_MAIN piaLogMain, SqlConnection conn, SqlTransaction transaction)  D:\鳟w恨zt参\Treasury source\Fubon.Treasury\Treasury.Web\Daos\PiaLogMainDao.cs:  118
    Treasury.WebControllers.UserMgrController.procTrackLog(UserMgrModel userMgrModel, CodeUserDao codeUserDao, Int32 cnt)  D:\鳟w恨zt参\Treasury source\Fubon.Treasury\Treasury.Web\Controllers\UserMgrController.cs:  299
ClientConnectionId:0f83bb8c-6f44-4ed0-9d57-9f3eff46c453
Error Number:8178,State:1,Class:16
2018-07-12 09:46:13.1155|Treasury.WebControllers.UserMgrController|[procTrackLog]ㄤウ岿~GSystem.Data.SqlClient.SqlException (0x80131904): 把计てd高 '(@TRACKING_TYPE nvarchar(1),@ACCESS_ACCOUNT nvarchar(5),@ACCOUNT' ゲ斗Τ把计 '@ACCOUNT_NAME'Aゼ矗ㄑC
    Treasury.Web.Daos.PiaLogMainDao.Insert(PIA_LOG_MAIN piaLogMain, SqlConnection conn, SqlTransaction transaction)  D:\鳟w恨zt参\Treasury source\Fubon.Treasury\Treasury.Web\Daos\PiaLogMainDao.cs:  118
    Treasury.WebControllers.UserMgrController.procTrackLog(UserMgrModel userMgrModel, CodeUserDao codeUserDao, Int32 cnt)  D:\鳟w恨zt参\Treasury source\Fubon.Treasury\Treasury.Web\Controllers\UserMgrController.cs:  299
ClientConnectionId:0f83bb8c-6f44-4ed0-9d57-9f3eff46c453
Error Number:8178,State:1,Class:16
2018-07-12 09:50:09.3308|Treasury.WebControllers.UserMgrController|[procTrackLog]ㄤウ岿~GSystem.Data.SqlClient.SqlException (0x80131904): 把计てd高 '(@TRACKING_TYPE nvarchar(1),@ACCESS_ACCOUNT nvarchar(5),@ACCOUNT' ゲ斗Τ把计 '@ACCOUNT_NAME'Aゼ矗ㄑC
    Treasury.Web.Daos.PiaLogMainDao.Insert(PIA_LOG_MAIN piaLogMain, SqlConnection conn, SqlTransaction transaction)  D:\鳟w恨zt参\Treasury source\Fubon.Treasury\Treasury.Web\Daos\PiaLogMainDao.cs:  118
    Treasury.WebControllers.UserMgrController.procTrackLog(UserMgrModel userMgrModel, CodeUserDao codeUserDao, Int32 cnt)  D:\鳟w恨zt参\Treasury source\Fubon.Treasury\Treasury.Web\Controllers\UserMgrController.cs:  299
ClientConnectionId:0f83bb8c-6f44-4ed0-9d57-9f3eff46c453
Error Number:8178,State:1,Class:16
2018-07-12 14:25:40.3121|Treasury.Web.Controllers.AccountController|[Login]ㄤウ岿~GSystem.DirectoryServices.DirectoryServicesCOMException (0x8007052E): ㄏノ苔W嘿┪KXぃタTC

    System.DirectoryServices.DirectoryEntry.Bind(Boolean throwIfFail)
    System.DirectoryServices.DirectoryEntry.Bind()
    System.DirectoryServices.DirectoryEntry.get_AdsObject()
    System.DirectoryServices.PropertyValueCollection.PopulateList()
    System.DirectoryServices.PropertyValueCollection..ctor(DirectoryEntry entry, String propertyName)
    System.DirectoryServices.PropertyCollection.get_Item(String propertyName)
    Treasury.Web.Controllers.AccountController.Login(LoginModel loginModel)  D:\鳟w恨zt参\Treasury source\Fubon.Treasury\Treasury.Web\Controllers\AccountController.cs:  87
2018-07-12 16:20:27.6795|Treasury.Web.Controllers.AccountController|[Login]ㄤウ岿~GSystem.DirectoryServices.DirectoryServicesCOMException (0x8007052E): ㄏノ苔W嘿┪KXぃタTC

    System.DirectoryServices.DirectoryEntry.Bind(Boolean throwIfFail)
    System.DirectoryServices.DirectoryEntry.Bind()
    System.DirectoryServices.DirectoryEntry.get_AdsObject()
    System.DirectoryServices.PropertyValueCollection.PopulateList()
    System.DirectoryServices.PropertyValueCollection..ctor(DirectoryEntry entry, String propertyName)
    System.DirectoryServices.PropertyCollection.get_Item(String propertyName)
    Treasury.Web.Controllers.AccountController.Login(LoginModel loginModel)  D:\鳟w恨zt参\Treasury source\Fubon.Treasury\Treasury.Web\Controllers\AccountController.cs:  87
