2018-05-16 09:50:16.7184|Treasury.Web.Controllers.AccountController|[Login]其它錯誤：System.DirectoryServices.DirectoryServicesCOMException (0x8007052E): 登入失敗: 不明的使用者名稱或錯誤密碼。

   於 System.DirectoryServices.DirectoryEntry.Bind(Boolean throwIfFail)
   於 System.DirectoryServices.DirectoryEntry.Bind()
   於 System.DirectoryServices.DirectoryEntry.get_AdsObject()
   於 System.DirectoryServices.PropertyValueCollection.PopulateList()
   於 System.DirectoryServices.PropertyValueCollection..ctor(DirectoryEntry entry, String propertyName)
   於 System.DirectoryServices.PropertyCollection.get_Item(String propertyName)
   於 Treasury.Web.Controllers.AccountController.Login(LoginModel loginModel) 於 D:\需求單\201712120291-00_金庫管理系統\source\Fubon.Treasury\Treasury.Web\Controllers\AccountController.cs: 行 68
2018-05-16 14:15:46.7769|Treasury.WebControllers.UserApprController|[execReviewR]其它錯誤：System.NullReferenceException: 並未將物件參考設定為物件的執行個體。
   於 Treasury.WebDaos.AuthApprDao.updateStatus(AUTH_APPR authAppr, SqlConnection conn, SqlTransaction transaction) 於 D:\需求單\201712120291-00_金庫管理系統\source\Fubon.Treasury\Treasury.Web\Daos\AuthApprDao.cs: 行 436
   於 Treasury.WebControllers.UserApprController.procAuthAppr(String aplyNo, String appStatus, SqlConnection conn, SqlTransaction transaction) 於 D:\需求單\201712120291-00_金庫管理系統\source\Fubon.Treasury\Treasury.Web\Controllers\UserApprController.cs: 行 1060
   於 Treasury.WebControllers.UserApprController.execReviewU(String aplyNo, String userId, String apprStatus) 於 D:\需求單\201712120291-00_金庫管理系統\source\Fubon.Treasury\Treasury.Web\Controllers\UserApprController.cs: 行 411
2018-05-16 14:20:02.8759|Treasury.WebControllers.UserMgrController|[procTrackLog]其它錯誤：System.Data.SqlClient.SqlException (0x80131904): 參數化查詢 '(@TRACKING_TYPE nvarchar(1),@ACCESS_ACCOUNT nvarchar(5),@ACCOUNT' 必須有參數 '@ACCOUNT_NAME'，但未提供。
   於 Treasury.Web.Daos.PiaLogMainDao.Insert(PIA_LOG_MAIN piaLogMain, SqlConnection conn, SqlTransaction transaction) 於 D:\需求單\201712120291-00_金庫管理系統\source\Fubon.Treasury\Treasury.Web\Daos\PiaLogMainDao.cs: 行 118
   於 Treasury.WebControllers.UserMgrController.procTrackLog(UserMgrModel userMgrModel, CodeUserDao codeUserDao, Int32 cnt) 於 D:\需求單\201712120291-00_金庫管理系統\source\Fubon.Treasury\Treasury.Web\Controllers\UserMgrController.cs: 行 288
ClientConnectionId:80bfbdd4-9193-4bbc-851d-3018990d539f
Error Number:8178,State:1,Class:16
2018-05-16 14:20:52.0179|Treasury.WebControllers.UserMgrController|[procTrackLog]其它錯誤：System.Data.SqlClient.SqlException (0x80131904): 參數化查詢 '(@TRACKING_TYPE nvarchar(1),@ACCESS_ACCOUNT nvarchar(5),@ACCOUNT' 必須有參數 '@ACCOUNT_NAME'，但未提供。
   於 Treasury.Web.Daos.PiaLogMainDao.Insert(PIA_LOG_MAIN piaLogMain, SqlConnection conn, SqlTransaction transaction) 於 D:\需求單\201712120291-00_金庫管理系統\source\Fubon.Treasury\Treasury.Web\Daos\PiaLogMainDao.cs: 行 118
   於 Treasury.WebControllers.UserMgrController.procTrackLog(UserMgrModel userMgrModel, CodeUserDao codeUserDao, Int32 cnt) 於 D:\需求單\201712120291-00_金庫管理系統\source\Fubon.Treasury\Treasury.Web\Controllers\UserMgrController.cs: 行 288
ClientConnectionId:80bfbdd4-9193-4bbc-851d-3018990d539f
Error Number:8178,State:1,Class:16
2018-05-16 14:22:48.8492|Treasury.WebControllers.UserMgrController|[procTrackLog]其它錯誤：System.Data.SqlClient.SqlException (0x80131904): 參數化查詢 '(@TRACKING_TYPE nvarchar(1),@ACCESS_ACCOUNT nvarchar(5),@ACCOUNT' 必須有參數 '@ACCOUNT_NAME'，但未提供。
   於 Treasury.Web.Daos.PiaLogMainDao.Insert(PIA_LOG_MAIN piaLogMain, SqlConnection conn, SqlTransaction transaction) 於 D:\需求單\201712120291-00_金庫管理系統\source\Fubon.Treasury\Treasury.Web\Daos\PiaLogMainDao.cs: 行 118
   於 Treasury.WebControllers.UserMgrController.procTrackLog(UserMgrModel userMgrModel, CodeUserDao codeUserDao, Int32 cnt) 於 D:\需求單\201712120291-00_金庫管理系統\source\Fubon.Treasury\Treasury.Web\Controllers\UserMgrController.cs: 行 288
ClientConnectionId:f11b83d0-3853-44ab-917b-25403cbce499
Error Number:8178,State:1,Class:16
2018-05-16 14:22:52.6380|Treasury.WebControllers.UserMgrController|[procTrackLog]其它錯誤：System.Data.SqlClient.SqlException (0x80131904): 參數化查詢 '(@TRACKING_TYPE nvarchar(1),@ACCESS_ACCOUNT nvarchar(5),@ACCOUNT' 必須有參數 '@ACCOUNT_NAME'，但未提供。
   於 Treasury.Web.Daos.PiaLogMainDao.Insert(PIA_LOG_MAIN piaLogMain, SqlConnection conn, SqlTransaction transaction) 於 D:\需求單\201712120291-00_金庫管理系統\source\Fubon.Treasury\Treasury.Web\Daos\PiaLogMainDao.cs: 行 118
   於 Treasury.WebControllers.UserMgrController.procTrackLog(UserMgrModel userMgrModel, CodeUserDao codeUserDao, Int32 cnt) 於 D:\需求單\201712120291-00_金庫管理系統\source\Fubon.Treasury\Treasury.Web\Controllers\UserMgrController.cs: 行 288
ClientConnectionId:f11b83d0-3853-44ab-917b-25403cbce499
Error Number:8178,State:1,Class:16
2018-05-16 14:27:41.1466|Treasury.WebControllers.UserMgrController|[procTrackLog]其它錯誤：System.Data.SqlClient.SqlException (0x80131904): 參數化查詢 '(@TRACKING_TYPE nvarchar(1),@ACCESS_ACCOUNT nvarchar(5),@ACCOUNT' 必須有參數 '@ACCOUNT_NAME'，但未提供。
   於 Treasury.Web.Daos.PiaLogMainDao.Insert(PIA_LOG_MAIN piaLogMain, SqlConnection conn, SqlTransaction transaction) 於 D:\需求單\201712120291-00_金庫管理系統\source\Fubon.Treasury\Treasury.Web\Daos\PiaLogMainDao.cs: 行 118
   於 Treasury.WebControllers.UserMgrController.procTrackLog(UserMgrModel userMgrModel, CodeUserDao codeUserDao, Int32 cnt) 於 D:\需求單\201712120291-00_金庫管理系統\source\Fubon.Treasury\Treasury.Web\Controllers\UserMgrController.cs: 行 288
ClientConnectionId:b21e079e-43c9-4fca-9120-0230728d0849
Error Number:8178,State:1,Class:16
2018-05-16 14:28:51.9544|Treasury.WebControllers.UserMgrController|[procTrackLog]其它錯誤：System.Data.SqlClient.SqlException (0x80131904): 參數化查詢 '(@TRACKING_TYPE nvarchar(1),@ACCESS_ACCOUNT nvarchar(5),@ACCOUNT' 必須有參數 '@ACCOUNT_NAME'，但未提供。
   於 Treasury.Web.Daos.PiaLogMainDao.Insert(PIA_LOG_MAIN piaLogMain, SqlConnection conn, SqlTransaction transaction) 於 D:\需求單\201712120291-00_金庫管理系統\source\Fubon.Treasury\Treasury.Web\Daos\PiaLogMainDao.cs: 行 118
   於 Treasury.WebControllers.UserMgrController.procTrackLog(UserMgrModel userMgrModel, CodeUserDao codeUserDao, Int32 cnt) 於 D:\需求單\201712120291-00_金庫管理系統\source\Fubon.Treasury\Treasury.Web\Controllers\UserMgrController.cs: 行 288
ClientConnectionId:b21e079e-43c9-4fca-9120-0230728d0849
Error Number:8178,State:1,Class:16
2018-05-16 14:34:50.9573|Treasury.Web.Controllers.AccountController|[Login]其它錯誤：System.DirectoryServices.DirectoryServicesCOMException (0x8007052E): 登入失敗: 不明的使用者名稱或錯誤密碼。

   於 System.DirectoryServices.DirectoryEntry.Bind(Boolean throwIfFail)
   於 System.DirectoryServices.DirectoryEntry.Bind()
   於 System.DirectoryServices.DirectoryEntry.get_AdsObject()
   於 System.DirectoryServices.PropertyValueCollection.PopulateList()
   於 System.DirectoryServices.PropertyValueCollection..ctor(DirectoryEntry entry, String propertyName)
   於 System.DirectoryServices.PropertyCollection.get_Item(String propertyName)
   於 Treasury.Web.Controllers.AccountController.Login(LoginModel loginModel) 於 D:\需求單\201712120291-00_金庫管理系統\source\Fubon.Treasury\Treasury.Web\Controllers\AccountController.cs: 行 68
2018-05-16 14:35:10.8513|Treasury.WebControllers.UserMgrController|[procTrackLog]其它錯誤：System.Data.SqlClient.SqlException (0x80131904): 參數化查詢 '(@TRACKING_TYPE nvarchar(1),@ACCESS_ACCOUNT nvarchar(5),@ACCOUNT' 必須有參數 '@ACCOUNT_NAME'，但未提供。
   於 Treasury.Web.Daos.PiaLogMainDao.Insert(PIA_LOG_MAIN piaLogMain, SqlConnection conn, SqlTransaction transaction) 於 D:\需求單\201712120291-00_金庫管理系統\source\Fubon.Treasury\Treasury.Web\Daos\PiaLogMainDao.cs: 行 118
   於 Treasury.WebControllers.UserMgrController.procTrackLog(UserMgrModel userMgrModel, CodeUserDao codeUserDao, Int32 cnt) 於 D:\需求單\201712120291-00_金庫管理系統\source\Fubon.Treasury\Treasury.Web\Controllers\UserMgrController.cs: 行 288
ClientConnectionId:212807ba-fe4a-4cd8-8c06-7a3503bed067
Error Number:8178,State:1,Class:16
2018-05-16 14:36:31.0503|Treasury.WebControllers.UserMgrController|[procTrackLog]其它錯誤：System.Data.SqlClient.SqlException (0x80131904): 參數化查詢 '(@TRACKING_TYPE nvarchar(1),@ACCESS_ACCOUNT nvarchar(5),@ACCOUNT' 必須有參數 '@ACCOUNT_NAME'，但未提供。
   於 Treasury.Web.Daos.PiaLogMainDao.Insert(PIA_LOG_MAIN piaLogMain, SqlConnection conn, SqlTransaction transaction) 於 D:\需求單\201712120291-00_金庫管理系統\source\Fubon.Treasury\Treasury.Web\Daos\PiaLogMainDao.cs: 行 118
   於 Treasury.WebControllers.UserMgrController.procTrackLog(UserMgrModel userMgrModel, CodeUserDao codeUserDao, Int32 cnt) 於 D:\需求單\201712120291-00_金庫管理系統\source\Fubon.Treasury\Treasury.Web\Controllers\UserMgrController.cs: 行 288
ClientConnectionId:212807ba-fe4a-4cd8-8c06-7a3503bed067
Error Number:8178,State:1,Class:16
2018-05-16 14:38:06.3108|Treasury.WebControllers.UserMgrController|[procTrackLog]其它錯誤：System.Data.SqlClient.SqlException (0x80131904): 參數化查詢 '(@TRACKING_TYPE nvarchar(1),@ACCESS_ACCOUNT nvarchar(5),@ACCOUNT' 必須有參數 '@ACCOUNT_NAME'，但未提供。
   於 Treasury.Web.Daos.PiaLogMainDao.Insert(PIA_LOG_MAIN piaLogMain, SqlConnection conn, SqlTransaction transaction) 於 D:\需求單\201712120291-00_金庫管理系統\source\Fubon.Treasury\Treasury.Web\Daos\PiaLogMainDao.cs: 行 118
   於 Treasury.WebControllers.UserMgrController.procTrackLog(UserMgrModel userMgrModel, CodeUserDao codeUserDao, Int32 cnt) 於 D:\需求單\201712120291-00_金庫管理系統\source\Fubon.Treasury\Treasury.Web\Controllers\UserMgrController.cs: 行 288
ClientConnectionId:c33c4f73-46f8-44a3-adac-851ec37224ee
Error Number:8178,State:1,Class:16
2018-05-16 14:43:09.7923|Treasury.WebControllers.UserMgrController|[procTrackLog]其它錯誤：System.Data.SqlClient.SqlException (0x80131904): 參數化查詢 '(@TRACKING_TYPE nvarchar(1),@ACCESS_ACCOUNT nvarchar(5),@ACCOUNT' 必須有參數 '@ACCOUNT_NAME'，但未提供。
   於 Treasury.Web.Daos.PiaLogMainDao.Insert(PIA_LOG_MAIN piaLogMain, SqlConnection conn, SqlTransaction transaction) 於 D:\需求單\201712120291-00_金庫管理系統\source\Fubon.Treasury\Treasury.Web\Daos\PiaLogMainDao.cs: 行 118
   於 Treasury.WebControllers.UserMgrController.procTrackLog(UserMgrModel userMgrModel, CodeUserDao codeUserDao, Int32 cnt) 於 D:\需求單\201712120291-00_金庫管理系統\source\Fubon.Treasury\Treasury.Web\Controllers\UserMgrController.cs: 行 288
ClientConnectionId:2db2f3f5-99af-40ed-8a31-c6b9a18db457
Error Number:8178,State:1,Class:16
2018-05-16 15:22:55.1377|Treasury.WebControllers.UserMgrController|[procTrackLog]其它錯誤：System.Data.SqlClient.SqlException (0x80131904): 參數化查詢 '(@TRACKING_TYPE nvarchar(1),@ACCESS_ACCOUNT nvarchar(5),@ACCOUNT' 必須有參數 '@ACCOUNT_NAME'，但未提供。
   於 Treasury.Web.Daos.PiaLogMainDao.Insert(PIA_LOG_MAIN piaLogMain, SqlConnection conn, SqlTransaction transaction) 於 D:\需求單\201712120291-00_金庫管理系統\source\Fubon.Treasury\Treasury.Web\Daos\PiaLogMainDao.cs: 行 118
   於 Treasury.WebControllers.UserMgrController.procTrackLog(UserMgrModel userMgrModel, CodeUserDao codeUserDao, Int32 cnt) 於 D:\需求單\201712120291-00_金庫管理系統\source\Fubon.Treasury\Treasury.Web\Controllers\UserMgrController.cs: 行 288
ClientConnectionId:3dd06aa8-6459-42c8-9ee5-56ea2de5d759
Error Number:8178,State:1,Class:16
2018-05-16 15:25:44.4406|Treasury.WebControllers.UserMgrController|[procTrackLog]其它錯誤：System.Data.SqlClient.SqlException (0x80131904): 參數化查詢 '(@TRACKING_TYPE nvarchar(1),@ACCESS_ACCOUNT nvarchar(5),@ACCOUNT' 必須有參數 '@ACCOUNT_NAME'，但未提供。
   於 Treasury.Web.Daos.PiaLogMainDao.Insert(PIA_LOG_MAIN piaLogMain, SqlConnection conn, SqlTransaction transaction) 於 D:\需求單\201712120291-00_金庫管理系統\source\Fubon.Treasury\Treasury.Web\Daos\PiaLogMainDao.cs: 行 118
   於 Treasury.WebControllers.UserMgrController.procTrackLog(UserMgrModel userMgrModel, CodeUserDao codeUserDao, Int32 cnt) 於 D:\需求單\201712120291-00_金庫管理系統\source\Fubon.Treasury\Treasury.Web\Controllers\UserMgrController.cs: 行 288
ClientConnectionId:247122da-c5d6-4448-8fe1-5a54b9f0cb77
Error Number:8178,State:1,Class:16
2018-05-16 15:27:08.2090|Treasury.WebControllers.UserMgrController|[procTrackLog]其它錯誤：System.Data.SqlClient.SqlException (0x80131904): 參數化查詢 '(@TRACKING_TYPE nvarchar(1),@ACCESS_ACCOUNT nvarchar(5),@ACCOUNT' 必須有參數 '@ACCOUNT_NAME'，但未提供。
   於 Treasury.Web.Daos.PiaLogMainDao.Insert(PIA_LOG_MAIN piaLogMain, SqlConnection conn, SqlTransaction transaction) 於 D:\需求單\201712120291-00_金庫管理系統\source\Fubon.Treasury\Treasury.Web\Daos\PiaLogMainDao.cs: 行 118
   於 Treasury.WebControllers.UserMgrController.procTrackLog(UserMgrModel userMgrModel, CodeUserDao codeUserDao, Int32 cnt) 於 D:\需求單\201712120291-00_金庫管理系統\source\Fubon.Treasury\Treasury.Web\Controllers\UserMgrController.cs: 行 288
ClientConnectionId:08b85a90-8b6c-4838-82dc-7b9ec5580f9d
Error Number:8178,State:1,Class:16
2018-05-16 15:28:03.3285|Treasury.WebControllers.UserMgrController|[procTrackLog]其它錯誤：System.Data.SqlClient.SqlException (0x80131904): 參數化查詢 '(@TRACKING_TYPE nvarchar(1),@ACCESS_ACCOUNT nvarchar(5),@ACCOUNT' 必須有參數 '@ACCOUNT_NAME'，但未提供。
   於 Treasury.Web.Daos.PiaLogMainDao.Insert(PIA_LOG_MAIN piaLogMain, SqlConnection conn, SqlTransaction transaction) 於 D:\需求單\201712120291-00_金庫管理系統\source\Fubon.Treasury\Treasury.Web\Daos\PiaLogMainDao.cs: 行 118
   於 Treasury.WebControllers.UserMgrController.procTrackLog(UserMgrModel userMgrModel, CodeUserDao codeUserDao, Int32 cnt) 於 D:\需求單\201712120291-00_金庫管理系統\source\Fubon.Treasury\Treasury.Web\Controllers\UserMgrController.cs: 行 288
ClientConnectionId:08b85a90-8b6c-4838-82dc-7b9ec5580f9d
Error Number:8178,State:1,Class:16
2018-05-16 15:32:46.4832|Treasury.WebControllers.UserMgrController|[procTrackLog]其它錯誤：System.Data.SqlClient.SqlException (0x80131904): 參數化查詢 '(@TRACKING_TYPE nvarchar(1),@ACCESS_ACCOUNT nvarchar(5),@ACCOUNT' 必須有參數 '@ACCOUNT_NAME'，但未提供。
   於 Treasury.Web.Daos.PiaLogMainDao.Insert(PIA_LOG_MAIN piaLogMain, SqlConnection conn, SqlTransaction transaction) 於 D:\需求單\201712120291-00_金庫管理系統\source\Fubon.Treasury\Treasury.Web\Daos\PiaLogMainDao.cs: 行 118
   於 Treasury.WebControllers.UserMgrController.procTrackLog(UserMgrModel userMgrModel, CodeUserDao codeUserDao, Int32 cnt) 於 D:\需求單\201712120291-00_金庫管理系統\source\Fubon.Treasury\Treasury.Web\Controllers\UserMgrController.cs: 行 288
ClientConnectionId:cc6d8767-1464-496f-a661-03cefe4d989c
Error Number:8178,State:1,Class:16
2018-05-16 15:38:59.1995|Treasury.WebControllers.UserMgrController|[procTrackLog]其它錯誤：System.Data.SqlClient.SqlException (0x80131904): 參數化查詢 '(@TRACKING_TYPE nvarchar(1),@ACCESS_ACCOUNT nvarchar(5),@ACCOUNT' 必須有參數 '@ACCOUNT_NAME'，但未提供。
   於 Treasury.Web.Daos.PiaLogMainDao.Insert(PIA_LOG_MAIN piaLogMain, SqlConnection conn, SqlTransaction transaction) 於 D:\需求單\201712120291-00_金庫管理系統\source\Fubon.Treasury\Treasury.Web\Daos\PiaLogMainDao.cs: 行 118
   於 Treasury.WebControllers.UserMgrController.procTrackLog(UserMgrModel userMgrModel, CodeUserDao codeUserDao, Int32 cnt) 於 D:\需求單\201712120291-00_金庫管理系統\source\Fubon.Treasury\Treasury.Web\Controllers\UserMgrController.cs: 行 288
ClientConnectionId:6a328283-405c-4731-adcf-40b53ca06db2
Error Number:8178,State:1,Class:16
2018-05-16 15:39:57.0855|Treasury.WebControllers.UserMgrController|[procTrackLog]其它錯誤：System.Data.SqlClient.SqlException (0x80131904): 參數化查詢 '(@TRACKING_TYPE nvarchar(1),@ACCESS_ACCOUNT nvarchar(5),@ACCOUNT' 必須有參數 '@ACCOUNT_NAME'，但未提供。
   於 Treasury.Web.Daos.PiaLogMainDao.Insert(PIA_LOG_MAIN piaLogMain, SqlConnection conn, SqlTransaction transaction) 於 D:\需求單\201712120291-00_金庫管理系統\source\Fubon.Treasury\Treasury.Web\Daos\PiaLogMainDao.cs: 行 118
   於 Treasury.WebControllers.UserMgrController.procTrackLog(UserMgrModel userMgrModel, CodeUserDao codeUserDao, Int32 cnt) 於 D:\需求單\201712120291-00_金庫管理系統\source\Fubon.Treasury\Treasury.Web\Controllers\UserMgrController.cs: 行 288
ClientConnectionId:6a328283-405c-4731-adcf-40b53ca06db2
Error Number:8178,State:1,Class:16
2018-05-16 15:41:20.1545|Treasury.WebControllers.UserMgrController|[procTrackLog]其它錯誤：System.Data.SqlClient.SqlException (0x80131904): 參數化查詢 '(@TRACKING_TYPE nvarchar(1),@ACCESS_ACCOUNT nvarchar(5),@ACCOUNT' 必須有參數 '@ACCOUNT_NAME'，但未提供。
   於 Treasury.Web.Daos.PiaLogMainDao.Insert(PIA_LOG_MAIN piaLogMain, SqlConnection conn, SqlTransaction transaction) 於 D:\需求單\201712120291-00_金庫管理系統\source\Fubon.Treasury\Treasury.Web\Daos\PiaLogMainDao.cs: 行 118
   於 Treasury.WebControllers.UserMgrController.procTrackLog(UserMgrModel userMgrModel, CodeUserDao codeUserDao, Int32 cnt) 於 D:\需求單\201712120291-00_金庫管理系統\source\Fubon.Treasury\Treasury.Web\Controllers\UserMgrController.cs: 行 288
ClientConnectionId:1e08f2c3-825b-40fe-bca1-13005582295d
Error Number:8178,State:1,Class:16
2018-05-16 17:20:38.9558|Treasury.WebControllers.RoleMgrController|[qryEquip]:System.Collections.Generic.KeyNotFoundException: 指定的索引鍵不在字典中。
   於 System.Collections.Generic.Dictionary`2.get_Item(TKey key)
   於 Treasury.WebControllers.RoleMgrController.qryRoleHisData(String cRoleID, String apprStatus, String updDateB, String updDateE) 於 D:\需求單\201712120291-00_金庫管理系統\source\Fubon.Treasury\Treasury.Web\Controllers\RoleMgrController.cs: 行 1054
2018-05-16 17:34:22.6887|Treasury.Web.Controllers.AccountController|[Login]其它錯誤：System.DirectoryServices.DirectoryServicesCOMException (0x8007052E): 登入失敗: 不明的使用者名稱或錯誤密碼。

   於 System.DirectoryServices.DirectoryEntry.Bind(Boolean throwIfFail)
   於 System.DirectoryServices.DirectoryEntry.Bind()
   於 System.DirectoryServices.DirectoryEntry.get_AdsObject()
   於 System.DirectoryServices.PropertyValueCollection.PopulateList()
   於 System.DirectoryServices.PropertyValueCollection..ctor(DirectoryEntry entry, String propertyName)
   於 System.DirectoryServices.PropertyCollection.get_Item(String propertyName)
   於 Treasury.Web.Controllers.AccountController.Login(LoginModel loginModel) 於 D:\需求單\201712120291-00_金庫管理系統\source\Fubon.Treasury\Treasury.Web\Controllers\AccountController.cs: 行 68
2018-05-16 17:38:34.2533|Treasury.Web.Controllers.AccountController|[Login]其它錯誤：System.DirectoryServices.DirectoryServicesCOMException (0x8007052E): 登入失敗: 不明的使用者名稱或錯誤密碼。

   於 System.DirectoryServices.DirectoryEntry.Bind(Boolean throwIfFail)
   於 System.DirectoryServices.DirectoryEntry.Bind()
   於 System.DirectoryServices.DirectoryEntry.get_AdsObject()
   於 System.DirectoryServices.PropertyValueCollection.PopulateList()
   於 System.DirectoryServices.PropertyValueCollection..ctor(DirectoryEntry entry, String propertyName)
   於 System.DirectoryServices.PropertyCollection.get_Item(String propertyName)
   於 Treasury.Web.Controllers.AccountController.Login(LoginModel loginModel) 於 D:\需求單\201712120291-00_金庫管理系統\source\Fubon.Treasury\Treasury.Web\Controllers\AccountController.cs: 行 68
