2018-08-21 16:42:37.8894|Treasury.Web.Controllers.AccountController|[Login]其它錯誤：System.Runtime.InteropServices.COMException (0x8007203A): 無法操作伺服器。

   於 System.DirectoryServices.DirectoryEntry.Bind(Boolean throwIfFail)
   於 System.DirectoryServices.DirectoryEntry.Bind()
   於 System.DirectoryServices.DirectoryEntry.get_AdsObject()
   於 System.DirectoryServices.PropertyValueCollection.PopulateList()
   於 System.DirectoryServices.PropertyValueCollection..ctor(DirectoryEntry entry, String propertyName)
   於 System.DirectoryServices.PropertyCollection.get_Item(String propertyName)
   於 Treasury.Web.Controllers.AccountController.Login(LoginModel loginModel) 於 D:\Work\Fubon\Financial Actuarial System\Treasury\Treasury\Treasury.Web\Controllers\AccountController.cs: 行 87
2018-08-21 16:53:01.7107|Treasury.Web.Controllers.AccountController|[Login]其它錯誤：System.Runtime.InteropServices.COMException (0x8007203A): 無法操作伺服器。

   於 System.DirectoryServices.DirectoryEntry.Bind(Boolean throwIfFail)
   於 System.DirectoryServices.DirectoryEntry.Bind()
   於 System.DirectoryServices.DirectoryEntry.get_AdsObject()
   於 System.DirectoryServices.PropertyValueCollection.PopulateList()
   於 System.DirectoryServices.PropertyValueCollection..ctor(DirectoryEntry entry, String propertyName)
   於 System.DirectoryServices.PropertyCollection.get_Item(String propertyName)
   於 Treasury.Web.Controllers.AccountController.Login(LoginModel loginModel) 於 D:\Work\Fubon\Financial Actuarial System\Treasury\Treasury\Treasury.Web\Controllers\AccountController.cs: 行 87
2018-08-21 16:57:37.6926|Treasury.Web.Controllers.AccountController|[Login]其它錯誤：System.Runtime.InteropServices.COMException (0x8007203A): 無法操作伺服器。

   於 System.DirectoryServices.DirectoryEntry.Bind(Boolean throwIfFail)
   於 System.DirectoryServices.DirectoryEntry.Bind()
   於 System.DirectoryServices.DirectoryEntry.get_AdsObject()
   於 System.DirectoryServices.PropertyValueCollection.PopulateList()
   於 System.DirectoryServices.PropertyValueCollection..ctor(DirectoryEntry entry, String propertyName)
   於 System.DirectoryServices.PropertyCollection.get_Item(String propertyName)
   於 Treasury.Web.Controllers.AccountController.Login(LoginModel loginModel) 於 D:\Work\Fubon\Financial Actuarial System\Treasury\Treasury\Treasury.Web\Controllers\AccountController.cs: 行 87
2018-08-21 17:02:56.5428|Treasury.Web.Controllers.AccountController|[Login]其它錯誤：System.Runtime.InteropServices.COMException (0x8007203A): 無法操作伺服器。

   於 System.DirectoryServices.DirectoryEntry.Bind(Boolean throwIfFail)
   於 System.DirectoryServices.DirectoryEntry.Bind()
   於 System.DirectoryServices.DirectoryEntry.get_AdsObject()
   於 System.DirectoryServices.PropertyValueCollection.PopulateList()
   於 System.DirectoryServices.PropertyValueCollection..ctor(DirectoryEntry entry, String propertyName)
   於 System.DirectoryServices.PropertyCollection.get_Item(String propertyName)
   於 Treasury.Web.Controllers.AccountController.Login(LoginModel loginModel) 於 D:\Work\Fubon\Financial Actuarial System\Treasury\Treasury\Treasury.Web\Controllers\AccountController.cs: 行 87
2018-08-21 17:10:21.5441|Treasury.Web.Controllers.AccountController|[Login]其它錯誤：System.Runtime.InteropServices.COMException (0x8007203A): 無法操作伺服器。

   於 System.DirectoryServices.DirectoryEntry.Bind(Boolean throwIfFail)
   於 System.DirectoryServices.DirectoryEntry.Bind()
   於 System.DirectoryServices.DirectoryEntry.get_AdsObject()
   於 System.DirectoryServices.PropertyValueCollection.PopulateList()
   於 System.DirectoryServices.PropertyValueCollection..ctor(DirectoryEntry entry, String propertyName)
   於 System.DirectoryServices.PropertyCollection.get_Item(String propertyName)
   於 Treasury.Web.Controllers.AccountController.Login(LoginModel loginModel) 於 D:\Work\Fubon\Financial Actuarial System\Treasury\Treasury\Treasury.Web\Controllers\AccountController.cs: 行 87
2018-08-21 17:14:01.6652|Treasury.Web.Controllers.AccountController|[Login]其它錯誤：System.Runtime.InteropServices.COMException (0x8007203A): 無法操作伺服器。

   於 System.DirectoryServices.DirectoryEntry.Bind(Boolean throwIfFail)
   於 System.DirectoryServices.DirectoryEntry.Bind()
   於 System.DirectoryServices.DirectoryEntry.get_AdsObject()
   於 System.DirectoryServices.PropertyValueCollection.PopulateList()
   於 System.DirectoryServices.PropertyValueCollection..ctor(DirectoryEntry entry, String propertyName)
   於 System.DirectoryServices.PropertyCollection.get_Item(String propertyName)
   於 Treasury.Web.Controllers.AccountController.Login(LoginModel loginModel) 於 D:\Work\Fubon\Financial Actuarial System\Treasury\Treasury\Treasury.Web\Controllers\AccountController.cs: 行 87
2018-08-21 17:16:08.0193|Treasury.Web.Controllers.AccountController|[Login]其它錯誤：System.Runtime.InteropServices.COMException (0x8007203A): 無法操作伺服器。

   於 System.DirectoryServices.DirectoryEntry.Bind(Boolean throwIfFail)
   於 System.DirectoryServices.DirectoryEntry.Bind()
   於 System.DirectoryServices.DirectoryEntry.get_AdsObject()
   於 System.DirectoryServices.PropertyValueCollection.PopulateList()
   於 System.DirectoryServices.PropertyValueCollection..ctor(DirectoryEntry entry, String propertyName)
   於 System.DirectoryServices.PropertyCollection.get_Item(String propertyName)
   於 Treasury.Web.Controllers.AccountController.Login(LoginModel loginModel) 於 D:\Work\Fubon\Financial Actuarial System\Treasury\Treasury\Treasury.Web\Controllers\AccountController.cs: 行 87
2018-08-21 17:17:33.1612|Treasury.Web.Controllers.AccountController|[Login]其它錯誤：System.Runtime.InteropServices.COMException (0x8007203A): 無法操作伺服器。

   於 System.DirectoryServices.DirectoryEntry.Bind(Boolean throwIfFail)
   於 System.DirectoryServices.DirectoryEntry.Bind()
   於 System.DirectoryServices.DirectoryEntry.get_AdsObject()
   於 System.DirectoryServices.PropertyValueCollection.PopulateList()
   於 System.DirectoryServices.PropertyValueCollection..ctor(DirectoryEntry entry, String propertyName)
   於 System.DirectoryServices.PropertyCollection.get_Item(String propertyName)
   於 Treasury.Web.Controllers.AccountController.Login(LoginModel loginModel) 於 D:\Work\Fubon\Financial Actuarial System\Treasury\Treasury\Treasury.Web\Controllers\AccountController.cs: 行 87
2018-08-21 17:21:50.6540|Treasury.Web.Controllers.AccountController|[Login]其它錯誤：System.Runtime.InteropServices.COMException (0x8007203A): 無法操作伺服器。

   於 System.DirectoryServices.DirectoryEntry.Bind(Boolean throwIfFail)
   於 System.DirectoryServices.DirectoryEntry.Bind()
   於 System.DirectoryServices.DirectoryEntry.get_AdsObject()
   於 System.DirectoryServices.PropertyValueCollection.PopulateList()
   於 System.DirectoryServices.PropertyValueCollection..ctor(DirectoryEntry entry, String propertyName)
   於 System.DirectoryServices.PropertyCollection.get_Item(String propertyName)
   於 Treasury.Web.Controllers.AccountController.Login(LoginModel loginModel) 於 D:\Work\Fubon\Financial Actuarial System\Treasury\Treasury\Treasury.Web\Controllers\AccountController.cs: 行 87
2018-08-21 17:23:37.6733|Treasury.Web.Controllers.AccountController|[Login]其它錯誤：System.Runtime.InteropServices.COMException (0x8007203A): 無法操作伺服器。

   於 System.DirectoryServices.DirectoryEntry.Bind(Boolean throwIfFail)
   於 System.DirectoryServices.DirectoryEntry.Bind()
   於 System.DirectoryServices.DirectoryEntry.get_AdsObject()
   於 System.DirectoryServices.PropertyValueCollection.PopulateList()
   於 System.DirectoryServices.PropertyValueCollection..ctor(DirectoryEntry entry, String propertyName)
   於 System.DirectoryServices.PropertyCollection.get_Item(String propertyName)
   於 Treasury.Web.Controllers.AccountController.Login(LoginModel loginModel) 於 D:\Work\Fubon\Financial Actuarial System\Treasury\Treasury\Treasury.Web\Controllers\AccountController.cs: 行 87
2018-08-21 17:26:06.3915|Treasury.Web.Controllers.AccountController|[Login]其它錯誤：System.Runtime.InteropServices.COMException (0x8007203A): 無法操作伺服器。

   於 System.DirectoryServices.DirectoryEntry.Bind(Boolean throwIfFail)
   於 System.DirectoryServices.DirectoryEntry.Bind()
   於 System.DirectoryServices.DirectoryEntry.get_AdsObject()
   於 System.DirectoryServices.PropertyValueCollection.PopulateList()
   於 System.DirectoryServices.PropertyValueCollection..ctor(DirectoryEntry entry, String propertyName)
   於 System.DirectoryServices.PropertyCollection.get_Item(String propertyName)
   於 Treasury.Web.Controllers.AccountController.Login(LoginModel loginModel) 於 D:\Work\Fubon\Financial Actuarial System\Treasury\Treasury\Treasury.Web\Controllers\AccountController.cs: 行 87
