2018-05-17 15:42:25.4737|Treasury.WebControllers.RoleMgrController|[qryEquip]:System.InvalidOperationException: 無法完成作業，因為 DbContext 已被處置了。
   於 System.Data.Entity.Internal.LazyInternalContext.InitializeContext()
   於 System.Data.Entity.Internal.InternalContext.GetEntitySetAndBaseTypeForType(Type entityType)
   於 System.Data.Entity.Internal.Linq.InternalSet`1.Initialize()
   於 System.Data.Entity.Internal.Linq.InternalSet`1.get_InternalContext()
   於 System.Data.Entity.Infrastructure.DbQuery`1.System.Linq.IQueryable.get_Provider()
   於 System.Linq.Queryable.GroupJoin[TOuter,TInner,TKey,TResult](IQueryable`1 outer, IEnumerable`1 inner, Expression`1 outerKeySelector, Expression`1 innerKeySelector, Expression`1 resultSelector)
   於 Treasury.WebDaos.CodeRoleFuncHisDao.qryForRoleMgrHis(dbTreasuryEntities db, String cRoleID, String apprStatus, String updDateB, String updDateE) 於 D:\需求單\201712120291-00_金庫管理系統\source\Fubon.Treasury\Treasury.Web\Daos\CodeRoleFuncHisDao.cs: 行 47
   於 Treasury.WebControllers.RoleMgrController.qryRoleHisData(String cRoleID, String apprStatus, String updDateB, String updDateE) 於 D:\需求單\201712120291-00_金庫管理系統\source\Fubon.Treasury\Treasury.Web\Controllers\RoleMgrController.cs: 行 1045
2018-05-17 15:46:33.2566|Treasury.WebControllers.RoleMgrController|[qryEquip]:System.InvalidOperationException: 無法完成作業，因為 DbContext 已被處置了。
   於 System.Data.Entity.Internal.LazyInternalContext.InitializeContext()
   於 System.Data.Entity.Internal.InternalContext.GetEntitySetAndBaseTypeForType(Type entityType)
   於 System.Data.Entity.Internal.Linq.InternalSet`1.Initialize()
   於 System.Data.Entity.Internal.Linq.InternalSet`1.get_InternalContext()
   於 System.Data.Entity.Infrastructure.DbQuery`1.System.Linq.IQueryable.get_Provider()
   於 System.Linq.Queryable.GroupJoin[TOuter,TInner,TKey,TResult](IQueryable`1 outer, IEnumerable`1 inner, Expression`1 outerKeySelector, Expression`1 innerKeySelector, Expression`1 resultSelector)
   於 Treasury.WebDaos.CodeRoleFuncHisDao.qryForRoleMgrHis(dbTreasuryEntities db, String cRoleID, String apprStatus, String updDateB, String updDateE) 於 D:\需求單\201712120291-00_金庫管理系統\source\Fubon.Treasury\Treasury.Web\Daos\CodeRoleFuncHisDao.cs: 行 47
   於 Treasury.WebControllers.RoleMgrController.qryRoleHisData(String cRoleID, String apprStatus, String updDateB, String updDateE) 於 D:\需求單\201712120291-00_金庫管理系統\source\Fubon.Treasury\Treasury.Web\Controllers\RoleMgrController.cs: 行 1045
2018-05-17 15:46:38.2166|Treasury.WebControllers.RoleMgrController|[qryEquip]:System.InvalidOperationException: 無法完成作業，因為 DbContext 已被處置了。
   於 System.Data.Entity.Internal.LazyInternalContext.InitializeContext()
   於 System.Data.Entity.Internal.InternalContext.GetEntitySetAndBaseTypeForType(Type entityType)
   於 System.Data.Entity.Internal.Linq.InternalSet`1.Initialize()
   於 System.Data.Entity.Internal.Linq.InternalSet`1.get_InternalContext()
   於 System.Data.Entity.Infrastructure.DbQuery`1.System.Linq.IQueryable.get_Provider()
   於 System.Linq.Queryable.GroupJoin[TOuter,TInner,TKey,TResult](IQueryable`1 outer, IEnumerable`1 inner, Expression`1 outerKeySelector, Expression`1 innerKeySelector, Expression`1 resultSelector)
   於 Treasury.WebDaos.CodeRoleFuncHisDao.qryForRoleMgrHis(dbTreasuryEntities db, String cRoleID, String apprStatus, String updDateB, String updDateE) 於 D:\需求單\201712120291-00_金庫管理系統\source\Fubon.Treasury\Treasury.Web\Daos\CodeRoleFuncHisDao.cs: 行 47
   於 Treasury.WebControllers.RoleMgrController.qryRoleHisData(String cRoleID, String apprStatus, String updDateB, String updDateE) 於 D:\需求單\201712120291-00_金庫管理系統\source\Fubon.Treasury\Treasury.Web\Controllers\RoleMgrController.cs: 行 1045
2018-05-17 16:32:33.5882|Treasury.WebControllers.UserMgrController|[procTrackLog]其它錯誤：System.Data.SqlClient.SqlException (0x80131904): 參數化查詢 '(@TRACKING_TYPE nvarchar(1),@ACCESS_ACCOUNT nvarchar(5),@ACCOUNT' 必須有參數 '@ACCOUNT_NAME'，但未提供。
   於 Treasury.Web.Daos.PiaLogMainDao.Insert(PIA_LOG_MAIN piaLogMain, SqlConnection conn, SqlTransaction transaction) 於 D:\需求單\201712120291-00_金庫管理系統\source\Fubon.Treasury\Treasury.Web\Daos\PiaLogMainDao.cs: 行 118
   於 Treasury.WebControllers.UserMgrController.procTrackLog(UserMgrModel userMgrModel, CodeUserDao codeUserDao, Int32 cnt) 於 D:\需求單\201712120291-00_金庫管理系統\source\Fubon.Treasury\Treasury.Web\Controllers\UserMgrController.cs: 行 288
ClientConnectionId:313a63b1-1318-454d-a302-f547aa4dc165
Error Number:8178,State:1,Class:16
2018-05-17 17:46:19.8684|Treasury.WebControllers.AuthRptController|[printFuncRole]其它錯誤：System.InvalidCastException: 無法將類型 'Grouping[<>f__AnonymousType8`2[System.String,System.String],Treasury.WebViewModels.FuncRoleModel]' 的物件轉換為類型 'Treasury.WebViewModels.FuncRoleModel'。
   於 Treasury.WebControllers.AuthRptController.genRptRoleFunc(List`1 rptData) 於 D:\需求單\201712120291-00_金庫管理系統\source\Fubon.Treasury\Treasury.Web\Controllers\AuthRptController.cs: 行 233
   於 Treasury.WebControllers.AuthRptController.printRoleFunc() 於 D:\需求單\201712120291-00_金庫管理系統\source\Fubon.Treasury\Treasury.Web\Controllers\AuthRptController.cs: 行 113
2018-05-17 17:51:27.3701|Treasury.WebControllers.UserMgrController|[procTrackLog]其它錯誤：System.Data.SqlClient.SqlException (0x80131904): 參數化查詢 '(@TRACKING_TYPE nvarchar(1),@ACCESS_ACCOUNT nvarchar(5),@ACCOUNT' 必須有參數 '@ACCOUNT_NAME'，但未提供。
   於 Treasury.Web.Daos.PiaLogMainDao.Insert(PIA_LOG_MAIN piaLogMain, SqlConnection conn, SqlTransaction transaction) 於 D:\需求單\201712120291-00_金庫管理系統\source\Fubon.Treasury\Treasury.Web\Daos\PiaLogMainDao.cs: 行 118
   於 Treasury.WebControllers.UserMgrController.procTrackLog(UserMgrModel userMgrModel, CodeUserDao codeUserDao, Int32 cnt) 於 D:\需求單\201712120291-00_金庫管理系統\source\Fubon.Treasury\Treasury.Web\Controllers\UserMgrController.cs: 行 288
ClientConnectionId:f42eaae4-afac-4233-aea3-85967a763f70
Error Number:8178,State:1,Class:16
