2018-08-22 09:56:27.6106|Treasury.WebControllers.UserMgrController|[procTrackLog]ㄤウ岿~GSystem.Data.SqlClient.SqlException (0x80131904): 把计てd高 '(@TRACKING_TYPE nvarchar(1),@ACCESS_ACCOUNT nvarchar(5),@ACCOUNT' ゲ斗Τ把计 '@ACCOUNT_NAME'Aゼ矗ㄑC
    Treasury.Web.Daos.PiaLogMainDao.Insert(PIA_LOG_MAIN piaLogMain, SqlConnection conn, SqlTransaction transaction)  D:\Work\Fubon\Financial Actuarial System\Treasury\Treasury\Treasury.Web\Daos\PiaLogMainDao.cs:  118
    Treasury.WebControllers.UserMgrController.procTrackLog(UserMgrModel userMgrModel, CodeUserDao codeUserDao, Int32 cnt)  D:\Work\Fubon\Financial Actuarial System\Treasury\Treasury\Treasury.Web\Controllers\UserMgrController.cs:  299
ClientConnectionId:7a8192b7-6f49-4dc2-9aa6-37014471ad4c
Error Number:8178,State:1,Class:16
2018-08-22 09:56:37.8613|Treasury.WebControllers.UserMgrController|[procTrackLog]ㄤウ岿~GSystem.Data.SqlClient.SqlException (0x80131904): 把计てd高 '(@TRACKING_TYPE nvarchar(1),@ACCESS_ACCOUNT nvarchar(5),@ACCOUNT' ゲ斗Τ把计 '@ACCOUNT_NAME'Aゼ矗ㄑC
    Treasury.Web.Daos.PiaLogMainDao.Insert(PIA_LOG_MAIN piaLogMain, SqlConnection conn, SqlTransaction transaction)  D:\Work\Fubon\Financial Actuarial System\Treasury\Treasury\Treasury.Web\Daos\PiaLogMainDao.cs:  118
    Treasury.WebControllers.UserMgrController.procTrackLog(UserMgrModel userMgrModel, CodeUserDao codeUserDao, Int32 cnt)  D:\Work\Fubon\Financial Actuarial System\Treasury\Treasury\Treasury.Web\Controllers\UserMgrController.cs:  299
ClientConnectionId:7a8192b7-6f49-4dc2-9aa6-37014471ad4c
Error Number:8178,State:1,Class:16
2018-08-22 09:57:53.2202|Treasury.WebControllers.UserMgrController|[procTrackLog]ㄤウ岿~GSystem.Data.SqlClient.SqlException (0x80131904): 把计てd高 '(@TRACKING_TYPE nvarchar(1),@ACCESS_ACCOUNT nvarchar(5),@ACCOUNT' ゲ斗Τ把计 '@ACCOUNT_NAME'Aゼ矗ㄑC
    Treasury.Web.Daos.PiaLogMainDao.Insert(PIA_LOG_MAIN piaLogMain, SqlConnection conn, SqlTransaction transaction)  D:\Work\Fubon\Financial Actuarial System\Treasury\Treasury\Treasury.Web\Daos\PiaLogMainDao.cs:  118
    Treasury.WebControllers.UserMgrController.procTrackLog(UserMgrModel userMgrModel, CodeUserDao codeUserDao, Int32 cnt)  D:\Work\Fubon\Financial Actuarial System\Treasury\Treasury\Treasury.Web\Controllers\UserMgrController.cs:  299
ClientConnectionId:7a8192b7-6f49-4dc2-9aa6-37014471ad4c
Error Number:8178,State:1,Class:16
2018-08-22 09:58:47.5418|Treasury.WebControllers.UserMgrController|[procTrackLog]ㄤウ岿~GSystem.Data.SqlClient.SqlException (0x80131904): 把计てd高 '(@TRACKING_TYPE nvarchar(1),@ACCESS_ACCOUNT nvarchar(5),@ACCOUNT' ゲ斗Τ把计 '@ACCOUNT_NAME'Aゼ矗ㄑC
    Treasury.Web.Daos.PiaLogMainDao.Insert(PIA_LOG_MAIN piaLogMain, SqlConnection conn, SqlTransaction transaction)  D:\Work\Fubon\Financial Actuarial System\Treasury\Treasury\Treasury.Web\Daos\PiaLogMainDao.cs:  118
    Treasury.WebControllers.UserMgrController.procTrackLog(UserMgrModel userMgrModel, CodeUserDao codeUserDao, Int32 cnt)  D:\Work\Fubon\Financial Actuarial System\Treasury\Treasury\Treasury.Web\Controllers\UserMgrController.cs:  299
ClientConnectionId:7a8192b7-6f49-4dc2-9aa6-37014471ad4c
Error Number:8178,State:1,Class:16
2018-08-22 10:00:42.9631|Treasury.WebControllers.UserMgrController|[procTrackLog]ㄤウ岿~GSystem.Data.SqlClient.SqlException (0x80131904): 把计てd高 '(@TRACKING_TYPE nvarchar(1),@ACCESS_ACCOUNT nvarchar(5),@ACCOUNT' ゲ斗Τ把计 '@ACCOUNT_NAME'Aゼ矗ㄑC
    Treasury.Web.Daos.PiaLogMainDao.Insert(PIA_LOG_MAIN piaLogMain, SqlConnection conn, SqlTransaction transaction)  D:\Work\Fubon\Financial Actuarial System\Treasury\Treasury\Treasury.Web\Daos\PiaLogMainDao.cs:  118
    Treasury.WebControllers.UserMgrController.procTrackLog(UserMgrModel userMgrModel, CodeUserDao codeUserDao, Int32 cnt)  D:\Work\Fubon\Financial Actuarial System\Treasury\Treasury\Treasury.Web\Controllers\UserMgrController.cs:  299
ClientConnectionId:7a8192b7-6f49-4dc2-9aa6-37014471ad4c
Error Number:8178,State:1,Class:16
2018-08-22 10:01:43.1372|Treasury.WebControllers.UserMgrController|[procTrackLog]ㄤウ岿~GSystem.Data.SqlClient.SqlException (0x80131904): 把计てd高 '(@TRACKING_TYPE nvarchar(1),@ACCESS_ACCOUNT nvarchar(5),@ACCOUNT' ゲ斗Τ把计 '@ACCOUNT_NAME'Aゼ矗ㄑC
    Treasury.Web.Daos.PiaLogMainDao.Insert(PIA_LOG_MAIN piaLogMain, SqlConnection conn, SqlTransaction transaction)  D:\Work\Fubon\Financial Actuarial System\Treasury\Treasury\Treasury.Web\Daos\PiaLogMainDao.cs:  118
    Treasury.WebControllers.UserMgrController.procTrackLog(UserMgrModel userMgrModel, CodeUserDao codeUserDao, Int32 cnt)  D:\Work\Fubon\Financial Actuarial System\Treasury\Treasury\Treasury.Web\Controllers\UserMgrController.cs:  299
ClientConnectionId:7a8192b7-6f49-4dc2-9aa6-37014471ad4c
Error Number:8178,State:1,Class:16
2018-08-22 10:05:32.4115|Treasury.WebControllers.UserMgrController|[procTrackLog]ㄤウ岿~GSystem.Data.SqlClient.SqlException (0x80131904): 把计てd高 '(@TRACKING_TYPE nvarchar(1),@ACCESS_ACCOUNT nvarchar(5),@ACCOUNT' ゲ斗Τ把计 '@ACCOUNT_NAME'Aゼ矗ㄑC
    Treasury.Web.Daos.PiaLogMainDao.Insert(PIA_LOG_MAIN piaLogMain, SqlConnection conn, SqlTransaction transaction)  D:\Work\Fubon\Financial Actuarial System\Treasury\Treasury\Treasury.Web\Daos\PiaLogMainDao.cs:  118
    Treasury.WebControllers.UserMgrController.procTrackLog(UserMgrModel userMgrModel, CodeUserDao codeUserDao, Int32 cnt)  D:\Work\Fubon\Financial Actuarial System\Treasury\Treasury\Treasury.Web\Controllers\UserMgrController.cs:  299
ClientConnectionId:ac49cec1-8096-4b77-bef2-d72ed7e482cd
Error Number:8178,State:1,Class:16
2018-08-22 10:05:42.4544|Treasury.WebControllers.UserMgrController|[procTrackLog]ㄤウ岿~GSystem.Data.SqlClient.SqlException (0x80131904): 把计てd高 '(@TRACKING_TYPE nvarchar(1),@ACCESS_ACCOUNT nvarchar(5),@ACCOUNT' ゲ斗Τ把计 '@ACCOUNT_NAME'Aゼ矗ㄑC
    Treasury.Web.Daos.PiaLogMainDao.Insert(PIA_LOG_MAIN piaLogMain, SqlConnection conn, SqlTransaction transaction)  D:\Work\Fubon\Financial Actuarial System\Treasury\Treasury\Treasury.Web\Daos\PiaLogMainDao.cs:  118
    Treasury.WebControllers.UserMgrController.procTrackLog(UserMgrModel userMgrModel, CodeUserDao codeUserDao, Int32 cnt)  D:\Work\Fubon\Financial Actuarial System\Treasury\Treasury\Treasury.Web\Controllers\UserMgrController.cs:  299
ClientConnectionId:ac49cec1-8096-4b77-bef2-d72ed7e482cd
Error Number:8178,State:1,Class:16
2018-08-22 10:05:53.2649|Treasury.WebControllers.UserMgrController|[procTrackLog]ㄤウ岿~GSystem.Data.SqlClient.SqlException (0x80131904): 把计てd高 '(@TRACKING_TYPE nvarchar(1),@ACCESS_ACCOUNT nvarchar(5),@ACCOUNT' ゲ斗Τ把计 '@ACCOUNT_NAME'Aゼ矗ㄑC
    Treasury.Web.Daos.PiaLogMainDao.Insert(PIA_LOG_MAIN piaLogMain, SqlConnection conn, SqlTransaction transaction)  D:\Work\Fubon\Financial Actuarial System\Treasury\Treasury\Treasury.Web\Daos\PiaLogMainDao.cs:  118
    Treasury.WebControllers.UserMgrController.procTrackLog(UserMgrModel userMgrModel, CodeUserDao codeUserDao, Int32 cnt)  D:\Work\Fubon\Financial Actuarial System\Treasury\Treasury\Treasury.Web\Controllers\UserMgrController.cs:  299
ClientConnectionId:ac49cec1-8096-4b77-bef2-d72ed7e482cd
Error Number:8178,State:1,Class:16
2018-08-22 10:05:56.7105|Treasury.WebControllers.UserMgrController|[procTrackLog]ㄤウ岿~GSystem.Data.SqlClient.SqlException (0x80131904): 把计てd高 '(@TRACKING_TYPE nvarchar(1),@ACCESS_ACCOUNT nvarchar(5),@ACCOUNT' ゲ斗Τ把计 '@ACCOUNT_NAME'Aゼ矗ㄑC
    Treasury.Web.Daos.PiaLogMainDao.Insert(PIA_LOG_MAIN piaLogMain, SqlConnection conn, SqlTransaction transaction)  D:\Work\Fubon\Financial Actuarial System\Treasury\Treasury\Treasury.Web\Daos\PiaLogMainDao.cs:  118
    Treasury.WebControllers.UserMgrController.procTrackLog(UserMgrModel userMgrModel, CodeUserDao codeUserDao, Int32 cnt)  D:\Work\Fubon\Financial Actuarial System\Treasury\Treasury\Treasury.Web\Controllers\UserMgrController.cs:  299
ClientConnectionId:ac49cec1-8096-4b77-bef2-d72ed7e482cd
Error Number:8178,State:1,Class:16
2018-08-22 10:06:01.9333|Treasury.WebControllers.UserMgrController|[procTrackLog]ㄤウ岿~GSystem.Data.SqlClient.SqlException (0x80131904): 把计てd高 '(@TRACKING_TYPE nvarchar(1),@ACCESS_ACCOUNT nvarchar(5),@ACCOUNT' ゲ斗Τ把计 '@ACCOUNT_NAME'Aゼ矗ㄑC
    Treasury.Web.Daos.PiaLogMainDao.Insert(PIA_LOG_MAIN piaLogMain, SqlConnection conn, SqlTransaction transaction)  D:\Work\Fubon\Financial Actuarial System\Treasury\Treasury\Treasury.Web\Daos\PiaLogMainDao.cs:  118
    Treasury.WebControllers.UserMgrController.procTrackLog(UserMgrModel userMgrModel, CodeUserDao codeUserDao, Int32 cnt)  D:\Work\Fubon\Financial Actuarial System\Treasury\Treasury\Treasury.Web\Controllers\UserMgrController.cs:  299
ClientConnectionId:ac49cec1-8096-4b77-bef2-d72ed7e482cd
Error Number:8178,State:1,Class:16
2018-08-22 10:06:06.3265|Treasury.WebControllers.UserMgrController|[procTrackLog]ㄤウ岿~GSystem.Data.SqlClient.SqlException (0x80131904): 把计てd高 '(@TRACKING_TYPE nvarchar(1),@ACCESS_ACCOUNT nvarchar(5),@ACCOUNT' ゲ斗Τ把计 '@ACCOUNT_NAME'Aゼ矗ㄑC
    Treasury.Web.Daos.PiaLogMainDao.Insert(PIA_LOG_MAIN piaLogMain, SqlConnection conn, SqlTransaction transaction)  D:\Work\Fubon\Financial Actuarial System\Treasury\Treasury\Treasury.Web\Daos\PiaLogMainDao.cs:  118
    Treasury.WebControllers.UserMgrController.procTrackLog(UserMgrModel userMgrModel, CodeUserDao codeUserDao, Int32 cnt)  D:\Work\Fubon\Financial Actuarial System\Treasury\Treasury\Treasury.Web\Controllers\UserMgrController.cs:  299
ClientConnectionId:ac49cec1-8096-4b77-bef2-d72ed7e482cd
Error Number:8178,State:1,Class:16
2018-08-22 10:06:28.6053|Treasury.WebControllers.UserMgrController|[procTrackLog]ㄤウ岿~GSystem.Data.SqlClient.SqlException (0x80131904): 把计てd高 '(@TRACKING_TYPE nvarchar(1),@ACCESS_ACCOUNT nvarchar(5),@ACCOUNT' ゲ斗Τ把计 '@ACCOUNT_NAME'Aゼ矗ㄑC
    Treasury.Web.Daos.PiaLogMainDao.Insert(PIA_LOG_MAIN piaLogMain, SqlConnection conn, SqlTransaction transaction)  D:\Work\Fubon\Financial Actuarial System\Treasury\Treasury\Treasury.Web\Daos\PiaLogMainDao.cs:  118
    Treasury.WebControllers.UserMgrController.procTrackLog(UserMgrModel userMgrModel, CodeUserDao codeUserDao, Int32 cnt)  D:\Work\Fubon\Financial Actuarial System\Treasury\Treasury\Treasury.Web\Controllers\UserMgrController.cs:  299
ClientConnectionId:ac49cec1-8096-4b77-bef2-d72ed7e482cd
Error Number:8178,State:1,Class:16
2018-08-22 10:06:41.1211|Treasury.WebControllers.UserMgrController|[procTrackLog]ㄤウ岿~GSystem.Data.SqlClient.SqlException (0x80131904): 把计てd高 '(@TRACKING_TYPE nvarchar(1),@ACCESS_ACCOUNT nvarchar(5),@ACCOUNT' ゲ斗Τ把计 '@ACCOUNT_NAME'Aゼ矗ㄑC
    Treasury.Web.Daos.PiaLogMainDao.Insert(PIA_LOG_MAIN piaLogMain, SqlConnection conn, SqlTransaction transaction)  D:\Work\Fubon\Financial Actuarial System\Treasury\Treasury\Treasury.Web\Daos\PiaLogMainDao.cs:  118
    Treasury.WebControllers.UserMgrController.procTrackLog(UserMgrModel userMgrModel, CodeUserDao codeUserDao, Int32 cnt)  D:\Work\Fubon\Financial Actuarial System\Treasury\Treasury\Treasury.Web\Controllers\UserMgrController.cs:  299
ClientConnectionId:ac49cec1-8096-4b77-bef2-d72ed7e482cd
Error Number:8178,State:1,Class:16
