2018-12-22 11:47:17.9204|FastRemit.Service1|INFO|lastIndex:20
2018-12-22 11:47:18.7574|FastRemit.Service1|INFO|input:REMITOMS|A  |PS |51  
2018-12-22 11:47:19.2675|FastRemit.RemitOms|INFO|KEY:REMITOMS|A  |PS |51  ==>postData.sysType:A  
2018-12-22 11:47:19.2675|FastRemit.RemitOms|INFO|KEY:REMITOMS|A  |PS |51  ==>postData.srceFrom:PS 
2018-12-22 11:47:19.2675|FastRemit.RemitOms|INFO|KEY:REMITOMS|A  |PS |51  ==>postData.srceKind:51  
2018-12-22 11:47:22.5086|FastRemit.RemitOms|INFO|KEY:REMITOMS|A  |PS |51  ==>mailTo:
2018-12-22 11:47:22.5086|FastRemit.RemitOms|INFO|KEY:REMITOMS|A  |PS |51  ==>rtnCode:1
2018-12-22 11:47:22.5176|FastRemit.RemitOms|INFO|KEY:REMITOMS|A  |PS |51  ==>errorMsg:查無建立人員及MAIL群組資訊!!
2018-12-22 11:49:29.7159|FastRemit.Service1|INFO|lastIndex:20
2018-12-22 11:49:32.8161|FastRemit.Service1|INFO|input:REMITOMS|F  |ML |    
2018-12-22 11:49:50.2401|FastRemit.RemitOms|INFO|KEY:REMITOMS|F  |ML |    ==>postData.sysType:F  
2018-12-22 11:49:50.5951|FastRemit.RemitOms|INFO|KEY:REMITOMS|F  |ML |    ==>postData.srceFrom:ML 
2018-12-22 11:49:50.9002|FastRemit.RemitOms|INFO|KEY:REMITOMS|F  |ML |    ==>postData.srceKind:    
2018-12-22 11:50:05.1820|FastRemit.RemitOms|INFO|KEY:REMITOMS|F  |ML |    ==>mailTo:A2140|A7617|
2018-12-22 11:50:05.7670|FastRemit.RemitOms|INFO|KEY:REMITOMS|F  |ML |    ==>rtnCode:0
2018-12-22 11:50:06.1300|FastRemit.RemitOms|INFO|KEY:REMITOMS|F  |ML |    ==>errorMsg:
2018-12-22 11:51:07.2765|FastRemit.Service1|INFO|lastIndex:20
2018-12-22 11:51:08.5816|FastRemit.Service1|INFO|input:REMITOMS|F  |ML |    
2018-12-22 11:51:14.7240|FastRemit.RemitOms|INFO|KEY:REMITOMS|F  |ML |    ==>postData.sysType:F  
2018-12-22 11:51:15.0000|FastRemit.RemitOms|INFO|KEY:REMITOMS|F  |ML |    ==>postData.srceFrom:ML 
2018-12-22 11:51:15.3420|FastRemit.RemitOms|INFO|KEY:REMITOMS|F  |ML |    ==>postData.srceKind:    
2018-12-22 11:51:27.1087|FastRemit.RemitOms|INFO|KEY:REMITOMS|F  |ML |    ==>mailTo:A2140|A7617|
2018-12-22 11:51:28.2377|FastRemit.RemitOms|INFO|KEY:REMITOMS|F  |ML |    ==>rtnCode:0
2018-12-22 11:51:28.8458|FastRemit.RemitOms|INFO|KEY:REMITOMS|F  |ML |    ==>errorMsg:
2018-12-22 11:54:43.6929|FastRemit.Service1|INFO|lastIndex:20
2018-12-22 11:54:46.2821|FastRemit.Service1|INFO|input:REMITOMS|A  |PS |51  
2018-12-22 11:54:48.1562|FastRemit.RemitOms|INFO|KEY:REMITOMS|A  |PS |51  ==>postData.sysType:A  
2018-12-22 11:54:48.1562|FastRemit.RemitOms|INFO|KEY:REMITOMS|A  |PS |51  ==>postData.srceFrom:PS 
2018-12-22 11:54:48.2012|FastRemit.RemitOms|INFO|KEY:REMITOMS|A  |PS |51  ==>postData.srceKind:51  
2018-12-22 11:54:53.8985|FastRemit.RemitOms|INFO|KEY:REMITOMS|A  |PS |51  ==>mailTo:
2018-12-22 11:54:54.1965|FastRemit.RemitOms|INFO|KEY:REMITOMS|A  |PS |51  ==>rtnCode:1
2018-12-22 11:54:55.5456|FastRemit.RemitOms|INFO|KEY:REMITOMS|A  |PS |51  ==>errorMsg:查無建立人員及MAIL群組資訊!!
2018-12-22 11:58:03.4184|FastRemit.Service1|INFO|lastIndex:20
2018-12-22 11:58:03.7314|FastRemit.Service1|INFO|input:REMITOMS|A  |PS |51  
2018-12-22 11:58:04.1544|FastRemit.RemitOms|INFO|KEY:REMITOMS|A  |PS |51  ==>postData.sysType:A  
2018-12-22 11:58:04.1724|FastRemit.RemitOms|INFO|KEY:REMITOMS|A  |PS |51  ==>postData.srceFrom:PS 
2018-12-22 11:58:04.1904|FastRemit.RemitOms|INFO|KEY:REMITOMS|A  |PS |51  ==>postData.srceKind:51  
2018-12-22 11:58:04.8625|FastRemit.RemitOms|INFO|KEY:REMITOMS|A  |PS |51  ==>mailTo:
2018-12-22 11:58:04.8755|FastRemit.RemitOms|INFO|KEY:REMITOMS|A  |PS |51  ==>rtnCode:1
2018-12-22 11:58:04.8755|FastRemit.RemitOms|INFO|KEY:REMITOMS|A  |PS |51  ==>errorMsg:查無建立人員及MAIL群組資訊!!
2018-12-22 13:30:06.8066|FastRemit.Service1|INFO|lastIndex:19
2018-12-22 13:30:08.4377|FastRemit.Service1|INFO|input:REMITOMS| F | ML |  
2018-12-22 13:30:09.6698|FastRemit.RemitOms|INFO|KEY:REMITOMS| F | ML |  ==>postData.sysType: F 
2018-12-22 13:30:09.6698|FastRemit.RemitOms|INFO|KEY:REMITOMS| F | ML |  ==>postData.srceFrom: ML 
2018-12-22 13:30:09.6698|FastRemit.RemitOms|INFO|KEY:REMITOMS| F | ML |  ==>postData.srceKind:  
2018-12-22 13:30:15.1571|FastRemit.RemitOms|INFO|KEY:REMITOMS| F | ML |  ==>mailTo:A2140|A7617|
2018-12-22 13:30:15.1611|FastRemit.RemitOms|INFO|KEY:REMITOMS| F | ML |  ==>rtnCode:0
2018-12-22 13:30:15.1611|FastRemit.RemitOms|INFO|KEY:REMITOMS| F | ML |  ==>errorMsg:
