2018-12-17 10:58:14.8865|FastRemit.Service1|INFO|lastIndex:15
2018-12-17 10:58:40.1956|FastRemit.Service1|INFO|input:REMITOMS|F|ML|51
2018-12-17 10:59:07.4218|FastRemit.RemitOms|INFO|KEY:REMITOMS|F|ML|51==>postData.sysType:F
2018-12-17 10:59:08.3879|FastRemit.RemitOms|INFO|KEY:REMITOMS|F|ML|51==>postData.srceFrom:ML
2018-12-17 10:59:21.7945|FastRemit.RemitOms|INFO|KEY:REMITOMS|F|ML|51==>postData.srceKind:51
2018-12-17 11:01:07.3832|FastRemit.RemitOms|ERROR|Newtonsoft.Json.JsonReaderException: Unexpected character encountered while parsing value: <. Path '', line 0, position 0.
    Newtonsoft.Json.JsonTextReader.ParseValue()
    Newtonsoft.Json.JsonTextReader.Read()
    Newtonsoft.Json.JsonReader.ReadForType(JsonContract contract, Boolean hasConverter)
    Newtonsoft.Json.Serialization.JsonSerializerInternalReader.Deserialize(JsonReader reader, Type objectType, Boolean checkAdditionalContent)
    Newtonsoft.Json.JsonSerializer.DeserializeInternal(JsonReader reader, Type objectType)
    Newtonsoft.Json.JsonConvert.DeserializeObject(String value, Type type, JsonSerializerSettings settings)
    Newtonsoft.Json.JsonConvert.DeserializeObject[T](String value, JsonSerializerSettings settings)
    Newtonsoft.Json.JsonConvert.DeserializeObject[T](String value)
    FastRemit.RemitOms.<FastRemitApi>d__2.MoveNext()  D:\daiyu\FastRemit\FastRemit\RemitOms.cs:  69
2018-12-17 11:28:25.3049|FastRemit.Service1|INFO|lastIndex:15
2018-12-17 11:28:29.2971|FastRemit.Service1|INFO|input:REMITOMS|F|ML|51
2018-12-17 11:28:35.3393|FastRemit.RemitOms|INFO|KEY:REMITOMS|F|ML|51==>postData.sysType:F
2018-12-17 11:28:35.3413|FastRemit.RemitOms|INFO|KEY:REMITOMS|F|ML|51==>postData.srceFrom:ML
2018-12-17 11:28:35.3413|FastRemit.RemitOms|INFO|KEY:REMITOMS|F|ML|51==>postData.srceKind:51
2018-12-17 11:28:59.1094|FastRemit.RemitOms|ERROR|System.ArgumentNullException: SΤN String 把σ]w String 喊酽姝优椤C
把计W嘿: s
    System.Text.Encoding.GetBytes(String s)
    FastRemit.RemitOms.<FastRemitApi>d__2.MoveNext()  D:\daiyu\FastRemit\FastRemit\RemitOms.cs:  77
2018-12-17 11:29:32.9499|FastRemit.Service1|INFO|lastIndex:15
2018-12-17 11:29:33.9130|FastRemit.Service1|INFO|input:REMITOMS|F|ML|51
2018-12-17 11:29:35.5880|FastRemit.RemitOms|INFO|KEY:REMITOMS|F|ML|51==>postData.sysType:F
2018-12-17 11:29:35.5910|FastRemit.RemitOms|INFO|KEY:REMITOMS|F|ML|51==>postData.srceFrom:ML
2018-12-17 11:29:35.5910|FastRemit.RemitOms|INFO|KEY:REMITOMS|F|ML|51==>postData.srceKind:51
2018-12-17 11:30:00.3061|FastRemit.RemitOms|ERROR|System.ArgumentNullException: SΤN String 把σ]w String 喊酽姝优椤C
把计W嘿: s
    System.Text.Encoding.GetBytes(String s)
    FastRemit.RemitOms.<FastRemitApi>d__2.MoveNext()  D:\daiyu\FastRemit\FastRemit\RemitOms.cs:  77
2018-12-17 11:30:37.8778|FastRemit.Service1|INFO|lastIndex:15
2018-12-17 11:30:41.2660|FastRemit.Service1|INFO|input:REMITOMS|F|ML|51
2018-12-17 11:30:45.7622|FastRemit.RemitOms|INFO|KEY:REMITOMS|F|ML|51==>postData.sysType:F
2018-12-17 11:30:45.7622|FastRemit.RemitOms|INFO|KEY:REMITOMS|F|ML|51==>postData.srceFrom:ML
2018-12-17 11:30:45.7622|FastRemit.RemitOms|INFO|KEY:REMITOMS|F|ML|51==>postData.srceKind:51
2018-12-17 11:31:07.8142|FastRemit.RemitOms|ERROR|System.ArgumentNullException: SΤN String 把σ]w String 喊酽姝优椤C
把计W嘿: s
    System.Text.Encoding.GetBytes(String s)
    FastRemit.RemitOms.<FastRemitApi>d__2.MoveNext()  D:\daiyu\FastRemit\FastRemit\RemitOms.cs:  77
2018-12-17 12:05:06.2638|FastRemit.Service1|INFO|lastIndex:15
2018-12-17 12:05:09.9510|FastRemit.Service1|INFO|input:REMITOMS|F|ML|51
2018-12-17 12:05:10.1020|FastRemit.RemitOms|INFO|KEY:REMITOMS|F|ML|51==>postData.sysType:F
2018-12-17 12:05:10.1020|FastRemit.RemitOms|INFO|KEY:REMITOMS|F|ML|51==>postData.srceFrom:ML
2018-12-17 12:05:10.1020|FastRemit.RemitOms|INFO|KEY:REMITOMS|F|ML|51==>postData.srceKind:51
2018-12-17 12:05:15.4932|FastRemit.RemitOms|ERROR|System.ArgumentNullException: SΤN String 把σ]w String 喊酽姝优椤C
把计W嘿: s
    System.Text.Encoding.GetBytes(String s)
    FastRemit.RemitOms.<FastRemitApi>d__2.MoveNext()  D:\daiyu\FastRemit\FastRemit\RemitOms.cs:  77
2018-12-17 12:07:30.8703|FastRemit.Service1|INFO|lastIndex:15
2018-12-17 12:07:31.9254|FastRemit.Service1|INFO|input:REMITOMS|F|ML|51
2018-12-17 12:07:34.3845|FastRemit.RemitOms|INFO|KEY:REMITOMS|F|ML|51==>postData.sysType:F
2018-12-17 12:07:34.3995|FastRemit.RemitOms|INFO|KEY:REMITOMS|F|ML|51==>postData.srceFrom:ML
2018-12-17 12:07:34.3995|FastRemit.RemitOms|INFO|KEY:REMITOMS|F|ML|51==>postData.srceKind:51
2018-12-17 12:07:47.8761|FastRemit.RemitOms|INFO|KEY:REMITOMS|F|ML|51==>mailTo:A2140|A7617|
2018-12-17 12:07:48.3321|FastRemit.RemitOms|INFO|KEY:REMITOMS|F|ML|51==>rtnCode:0
2018-12-17 12:07:48.8381|FastRemit.RemitOms|INFO|KEY:REMITOMS|F|ML|51==>errorMsg:
2018-12-17 12:11:59.0324|FastRemit.Service1|INFO|lastIndex:14
2018-12-17 12:12:01.7535|FastRemit.Service1|INFO|input:REMITOMS|F|ML|5
2018-12-17 12:12:02.5955|FastRemit.RemitOms|INFO|KEY:REMITOMS|F|ML|5==>postData.sysType:F
2018-12-17 12:12:02.5955|FastRemit.RemitOms|INFO|KEY:REMITOMS|F|ML|5==>postData.srceFrom:ML
2018-12-17 12:12:02.5955|FastRemit.RemitOms|INFO|KEY:REMITOMS|F|ML|5==>postData.srceKind:5
2018-12-17 12:12:04.8176|FastRemit.RemitOms|INFO|KEY:REMITOMS|F|ML|5==>mailTo:A2140|A7617|
2018-12-17 12:12:04.8176|FastRemit.RemitOms|INFO|KEY:REMITOMS|F|ML|5==>rtnCode:0
2018-12-17 12:12:04.8247|FastRemit.RemitOms|INFO|KEY:REMITOMS|F|ML|5==>errorMsg:
